07-Jun-2022 23:55:03.411 WARNING [main] org.apache.tomcat.util.digester.SetPropertiesRule.begin Match [Server/Service/Connector] failed to set property [Connector] to [org.apache.coyote.http11.Http11NioProtocol]
07-Jun-2022 23:55:03.468 INFO [main] org.apache.catalina.startup.VersionLoggerListener.log Server version name:   Apache Tomcat/9.0.62
07-Jun-2022 23:55:03.468 INFO [main] org.apache.catalina.startup.VersionLoggerListener.log Server built:          Mar 31 2022 14:34:15 UTC
07-Jun-2022 23:55:03.469 INFO [main] org.apache.catalina.startup.VersionLoggerListener.log Server version number: 9.0.62.0
07-Jun-2022 23:55:03.469 INFO [main] org.apache.catalina.startup.VersionLoggerListener.log OS Name:               Mac OS X
07-Jun-2022 23:55:03.469 INFO [main] org.apache.catalina.startup.VersionLoggerListener.log OS Version:            12.3.1
07-Jun-2022 23:55:03.469 INFO [main] org.apache.catalina.startup.VersionLoggerListener.log Architecture:          x86_64
07-Jun-2022 23:55:03.469 INFO [main] org.apache.catalina.startup.VersionLoggerListener.log Java Home:             /Library/Java/JavaVirtualMachines/ibm-semeru-open-8.jdk/Contents/Home/jre
07-Jun-2022 23:55:03.469 INFO [main] org.apache.catalina.startup.VersionLoggerListener.log JVM Version:           1.8.0_322-b06
07-Jun-2022 23:55:03.469 INFO [main] org.apache.catalina.startup.VersionLoggerListener.log JVM Vendor:            Eclipse OpenJ9
07-Jun-2022 23:55:03.469 INFO [main] org.apache.catalina.startup.VersionLoggerListener.log CATALINA_BASE:         /Users/moloko/Desktop/tomcat/apache-tomcat-9.0.62
07-Jun-2022 23:55:03.469 INFO [main] org.apache.catalina.startup.VersionLoggerListener.log CATALINA_HOME:         /Users/moloko/Desktop/tomcat/apache-tomcat-9.0.62
07-Jun-2022 23:55:03.470 INFO [main] org.apache.catalina.startup.VersionLoggerListener.log Command line argument: -Xoptionsfile=/Library/Java/JavaVirtualMachines/ibm-semeru-open-8.jdk/Contents/Home/jre/lib/default/options.default
07-Jun-2022 23:55:03.470 INFO [main] org.apache.catalina.startup.VersionLoggerListener.log Command line argument: -Xlockword:mode=default,noLockword=java/lang/String,noLockword=java/util/MapEntry,noLockword=java/util/HashMap$Entry,noLockword=org/apache/harmony/luni/util/ModifiedMap$Entry,noLockword=java/util/Hashtable$Entry,noLockword=java/lang/invoke/MethodType,noLockword=java/lang/invoke/MethodHandle,noLockword=java/lang/invoke/CollectHandle,noLockword=java/lang/invoke/ConstructorHandle,noLockword=java/lang/invoke/ConvertHandle,noLockword=java/lang/invoke/ArgumentConversionHandle,noLockword=java/lang/invoke/AsTypeHandle,noLockword=java/lang/invoke/ExplicitCastHandle,noLockword=java/lang/invoke/FilterReturnHandle,noLockword=java/lang/invoke/DirectHandle,noLockword=java/lang/invoke/ReceiverBoundHandle,noLockword=java/lang/invoke/DynamicInvokerHandle,noLockword=java/lang/invoke/FieldHandle,noLockword=java/lang/invoke/FieldGetterHandle,noLockword=java/lang/invoke/FieldSetterHandle,noLockword=java/lang/invoke/StaticFieldGetterHandle,noLockword=java/lang/invoke/StaticFieldSetterHandle,noLockword=java/lang/invoke/IndirectHandle,noLockword=java/lang/invoke/InterfaceHandle,noLockword=java/lang/invoke/VirtualHandle,noLockword=java/lang/invoke/PrimitiveHandle,noLockword=java/lang/invoke/InvokeExactHandle,noLockword=java/lang/invoke/InvokeGenericHandle,noLockword=java/lang/invoke/VarargsCollectorHandle,noLockword=java/lang/invoke/ThunkTuple
07-Jun-2022 23:55:03.470 INFO [main] org.apache.catalina.startup.VersionLoggerListener.log Command line argument: -Xjcl:jclse29
07-Jun-2022 23:55:03.470 INFO [main] org.apache.catalina.startup.VersionLoggerListener.log Command line argument: -Dcom.ibm.oti.vm.bootstrap.library.path=/Library/Java/JavaVirtualMachines/ibm-semeru-open-8.jdk/Contents/Home/jre/lib/default:/Library/Java/JavaVirtualMachines/ibm-semeru-open-8.jdk/Contents/Home/jre/lib
07-Jun-2022 23:55:03.470 INFO [main] org.apache.catalina.startup.VersionLoggerListener.log Command line argument: -Dsun.boot.library.path=/Library/Java/JavaVirtualMachines/ibm-semeru-open-8.jdk/Contents/Home/jre/lib/default:/Library/Java/JavaVirtualMachines/ibm-semeru-open-8.jdk/Contents/Home/jre/lib
07-Jun-2022 23:55:03.470 INFO [main] org.apache.catalina.startup.VersionLoggerListener.log Command line argument: -Djava.library.path=/Library/Java/JavaVirtualMachines/ibm-semeru-open-8.jdk/Contents/Home/jre/lib/default:/Library/Java/JavaVirtualMachines/ibm-semeru-open-8.jdk/Contents/Home/jre/lib:/usr/lib
07-Jun-2022 23:55:03.470 INFO [main] org.apache.catalina.startup.VersionLoggerListener.log Command line argument: -Djava.home=/Library/Java/JavaVirtualMachines/ibm-semeru-open-8.jdk/Contents/Home/jre
07-Jun-2022 23:55:03.470 INFO [main] org.apache.catalina.startup.VersionLoggerListener.log Command line argument: -Djava.ext.dirs=/Library/Java/JavaVirtualMachines/ibm-semeru-open-8.jdk/Contents/Home/jre/lib/ext
07-Jun-2022 23:55:03.470 INFO [main] org.apache.catalina.startup.VersionLoggerListener.log Command line argument: -Duser.dir=/Users/moloko/Desktop/tomcat/apache-tomcat-9.0.62/bin
07-Jun-2022 23:55:03.471 INFO [main] org.apache.catalina.startup.VersionLoggerListener.log Command line argument: -Djava.class.path=.
07-Jun-2022 23:55:03.471 INFO [main] org.apache.catalina.startup.VersionLoggerListener.log Command line argument: -Djava.util.logging.config.file=/Users/moloko/Desktop/tomcat/apache-tomcat-9.0.62/conf/logging.properties
07-Jun-2022 23:55:03.471 INFO [main] org.apache.catalina.startup.VersionLoggerListener.log Command line argument: -Djava.util.logging.manager=org.apache.juli.ClassLoaderLogManager
07-Jun-2022 23:55:03.471 INFO [main] org.apache.catalina.startup.VersionLoggerListener.log Command line argument: -server
07-Jun-2022 23:55:03.471 INFO [main] org.apache.catalina.startup.VersionLoggerListener.log Command line argument: -Xms1g
07-Jun-2022 23:55:03.471 INFO [main] org.apache.catalina.startup.VersionLoggerListener.log Command line argument: -Xmx2g
07-Jun-2022 23:55:03.471 INFO [main] org.apache.catalina.startup.VersionLoggerListener.log Command line argument: -Djava.awt.headless=true
07-Jun-2022 23:55:03.471 INFO [main] org.apache.catalina.startup.VersionLoggerListener.log Command line argument: -XX:+UseCompressedOops
07-Jun-2022 23:55:03.471 INFO [main] org.apache.catalina.startup.VersionLoggerListener.log Command line argument: -XX:+UseConcMarkSweepGC
07-Jun-2022 23:55:03.471 INFO [main] org.apache.catalina.startup.VersionLoggerListener.log Command line argument: -XX:+DisableExplicitGC
07-Jun-2022 23:55:03.471 INFO [main] org.apache.catalina.startup.VersionLoggerListener.log Command line argument: -Dhttp.agent=Sakai
07-Jun-2022 23:55:03.471 INFO [main] org.apache.catalina.startup.VersionLoggerListener.log Command line argument: -Dorg.apache.jasper.compiler.Parser.STRICT_QUOTE_ESCAPING=false
07-Jun-2022 23:55:03.471 INFO [main] org.apache.catalina.startup.VersionLoggerListener.log Command line argument: -Djava.util.Arrays.useLegacyMergeSort=true
07-Jun-2022 23:55:03.471 INFO [main] org.apache.catalina.startup.VersionLoggerListener.log Command line argument: -Dsakai.security=/Users/moloko/Desktop/tomcat/apache-tomcat-9.0.62/sakai/
07-Jun-2022 23:55:03.471 INFO [main] org.apache.catalina.startup.VersionLoggerListener.log Command line argument: -Duser.timezone=US/Eastern
07-Jun-2022 23:55:03.471 INFO [main] org.apache.catalina.startup.VersionLoggerListener.log Command line argument: -Dsakai.cookieName=SAKAI2SESSIONID
07-Jun-2022 23:55:03.472 INFO [main] org.apache.catalina.startup.VersionLoggerListener.log Command line argument: -Dcom.sun.management.jmxremote
07-Jun-2022 23:55:03.472 INFO [main] org.apache.catalina.startup.VersionLoggerListener.log Command line argument: -Dcom.sun.management.jmxremote.port=8089
07-Jun-2022 23:55:03.472 INFO [main] org.apache.catalina.startup.VersionLoggerListener.log Command line argument: -Dcom.sun.management.jmxremote.local.only=false
07-Jun-2022 23:55:03.472 INFO [main] org.apache.catalina.startup.VersionLoggerListener.log Command line argument: -Dcom.sun.management.jmxremote.authenticate=false
07-Jun-2022 23:55:03.472 INFO [main] org.apache.catalina.startup.VersionLoggerListener.log Command line argument: -Dcom.sun.management.jmxremote.ssl=false
07-Jun-2022 23:55:03.472 INFO [main] org.apache.catalina.startup.VersionLoggerListener.log Command line argument: -Djdk.tls.ephemeralDHKeySize=2048
07-Jun-2022 23:55:03.472 INFO [main] org.apache.catalina.startup.VersionLoggerListener.log Command line argument: -Djava.protocol.handler.pkgs=org.apache.catalina.webresources
07-Jun-2022 23:55:03.472 INFO [main] org.apache.catalina.startup.VersionLoggerListener.log Command line argument: -Dorg.apache.catalina.security.SecurityListener.UMASK=0027
07-Jun-2022 23:55:03.472 INFO [main] org.apache.catalina.startup.VersionLoggerListener.log Command line argument: -Djava.endorsed.dirs=/Users/moloko/Desktop/tomcat/apache-tomcat-9.0.62/endorsed
07-Jun-2022 23:55:03.472 INFO [main] org.apache.catalina.startup.VersionLoggerListener.log Command line argument: -Djava.class.path=/Users/moloko/Desktop/tomcat/apache-tomcat-9.0.62/bin/bootstrap.jar:/Users/moloko/Desktop/tomcat/apache-tomcat-9.0.62/bin/tomcat-juli.jar
07-Jun-2022 23:55:03.472 INFO [main] org.apache.catalina.startup.VersionLoggerListener.log Command line argument: -Dcatalina.base=/Users/moloko/Desktop/tomcat/apache-tomcat-9.0.62
07-Jun-2022 23:55:03.472 INFO [main] org.apache.catalina.startup.VersionLoggerListener.log Command line argument: -Dcatalina.home=/Users/moloko/Desktop/tomcat/apache-tomcat-9.0.62
07-Jun-2022 23:55:03.472 INFO [main] org.apache.catalina.startup.VersionLoggerListener.log Command line argument: -Djava.io.tmpdir=/Users/moloko/Desktop/tomcat/apache-tomcat-9.0.62/temp
07-Jun-2022 23:55:03.472 INFO [main] org.apache.catalina.startup.VersionLoggerListener.log Command line argument: -Dsun.java.command=org.apache.catalina.startup.Bootstrap start
07-Jun-2022 23:55:03.472 INFO [main] org.apache.catalina.startup.VersionLoggerListener.log Command line argument: -Dsun.java.launcher=SUN_STANDARD
07-Jun-2022 23:55:03.484 INFO [main] org.apache.catalina.core.AprLifecycleListener.lifecycleEvent The Apache Tomcat Native library which allows using OpenSSL was not found on the java.library.path: [/Library/Java/JavaVirtualMachines/ibm-semeru-open-8.jdk/Contents/Home/jre/lib/default:/Library/Java/JavaVirtualMachines/ibm-semeru-open-8.jdk/Contents/Home/jre/lib:/usr/lib]
07-Jun-2022 23:55:03.719 INFO [main] org.apache.coyote.AbstractProtocol.init Initializing ProtocolHandler ["http-nio-8080"]
07-Jun-2022 23:55:03.737 INFO [main] org.apache.catalina.startup.Catalina.load Server initialization in [482] milliseconds
07-Jun-2022 23:55:03.763 INFO [main] org.apache.catalina.core.StandardService.startInternal Starting service [Catalina]
07-Jun-2022 23:55:03.763 INFO [main] org.apache.catalina.core.StandardEngine.startInternal Starting Servlet engine: [Apache Tomcat/9.0.62]
07-Jun-2022 23:55:03.794 INFO [main] org.apache.catalina.startup.HostConfig.deployWAR Deploying web application archive [/Users/moloko/Desktop/tomcat/apache-tomcat-9.0.62/webapps/providers.war]
07-Jun-2022 23:55:04.286 INFO [main] org.apache.jasper.servlet.TldScanner.scanJars At least one JAR was scanned for TLDs yet contained no TLDs. Enable debug logging for this logger for a complete list of JARs that were scanned but no TLDs were found in them. Skipping unneeded JARs during scanning can improve startup time and JSP compilation time.
07-Jun-2022 23:55:30.721 INFO [main] org.apache.catalina.startup.HostConfig.deployWAR Deployment of web application archive [/Users/moloko/Desktop/tomcat/apache-tomcat-9.0.62/webapps/providers.war] has finished in [26,929] ms
07-Jun-2022 23:55:30.724 INFO [main] org.apache.catalina.startup.HostConfig.deployWAR Deploying web application archive [/Users/moloko/Desktop/tomcat/apache-tomcat-9.0.62/webapps/userauditservice-tool.war]
07-Jun-2022 23:55:31.000 INFO [main] org.apache.jasper.servlet.TldScanner.scanJars At least one JAR was scanned for TLDs yet contained no TLDs. Enable debug logging for this logger for a complete list of JARs that were scanned but no TLDs were found in them. Skipping unneeded JARs during scanning can improve startup time and JSP compilation time.
07-Jun-2022 23:55:31.496 INFO [main] org.apache.catalina.startup.HostConfig.deployWAR Deployment of web application archive [/Users/moloko/Desktop/tomcat/apache-tomcat-9.0.62/webapps/userauditservice-tool.war] has finished in [772] ms
07-Jun-2022 23:55:31.501 INFO [main] org.apache.catalina.startup.HostConfig.deployWAR Deploying web application archive [/Users/moloko/Desktop/tomcat/apache-tomcat-9.0.62/webapps/mailsender-tool.war]
07-Jun-2022 23:55:31.662 INFO [main] org.apache.jasper.servlet.TldScanner.scanJars At least one JAR was scanned for TLDs yet contained no TLDs. Enable debug logging for this logger for a complete list of JARs that were scanned but no TLDs were found in them. Skipping unneeded JARs during scanning can improve startup time and JSP compilation time.
07-Jun-2022 23:55:32.559 INFO [main] org.apache.catalina.startup.HostConfig.deployWAR Deployment of web application archive [/Users/moloko/Desktop/tomcat/apache-tomcat-9.0.62/webapps/mailsender-tool.war] has finished in [1,058] ms
07-Jun-2022 23:55:32.563 INFO [main] org.apache.catalina.startup.HostConfig.deployWAR Deploying web application archive [/Users/moloko/Desktop/tomcat/apache-tomcat-9.0.62/webapps/sakai-user-tool-admin-prefs.war]
07-Jun-2022 23:55:32.727 INFO [main] org.apache.jasper.servlet.TldScanner.scanJars At least one JAR was scanned for TLDs yet contained no TLDs. Enable debug logging for this logger for a complete list of JARs that were scanned but no TLDs were found in them. Skipping unneeded JARs during scanning can improve startup time and JSP compilation time.
07-Jun-2022 23:55:33.097 INFO [main] org.apache.catalina.startup.HostConfig.deployWAR Deployment of web application archive [/Users/moloko/Desktop/tomcat/apache-tomcat-9.0.62/webapps/sakai-user-tool-admin-prefs.war] has finished in [534] ms
07-Jun-2022 23:55:33.100 INFO [main] org.apache.catalina.startup.HostConfig.deployWAR Deploying web application archive [/Users/moloko/Desktop/tomcat/apache-tomcat-9.0.62/webapps/admin-tool-su.war]
07-Jun-2022 23:55:33.245 INFO [main] org.apache.jasper.servlet.TldScanner.scanJars At least one JAR was scanned for TLDs yet contained no TLDs. Enable debug logging for this logger for a complete list of JARs that were scanned but no TLDs were found in them. Skipping unneeded JARs during scanning can improve startup time and JSP compilation time.
07-Jun-2022 23:55:33.579 INFO [main] org.apache.catalina.startup.HostConfig.deployWAR Deployment of web application archive [/Users/moloko/Desktop/tomcat/apache-tomcat-9.0.62/webapps/admin-tool-su.war] has finished in [479] ms
07-Jun-2022 23:55:33.583 INFO [main] org.apache.catalina.startup.HostConfig.deployWAR Deploying web application archive [/Users/moloko/Desktop/tomcat/apache-tomcat-9.0.62/webapps/sakai-assignment-tool.war]
07-Jun-2022 23:55:33.833 INFO [main] org.apache.jasper.servlet.TldScanner.scanJars At least one JAR was scanned for TLDs yet contained no TLDs. Enable debug logging for this logger for a complete list of JARs that were scanned but no TLDs were found in them. Skipping unneeded JARs during scanning can improve startup time and JSP compilation time.
07-Jun-2022 23:55:34.041 INFO [main] org.apache.catalina.startup.HostConfig.deployWAR Deployment of web application archive [/Users/moloko/Desktop/tomcat/apache-tomcat-9.0.62/webapps/sakai-assignment-tool.war] has finished in [458] ms
07-Jun-2022 23:55:34.044 INFO [main] org.apache.catalina.startup.HostConfig.deployWAR Deploying web application archive [/Users/moloko/Desktop/tomcat/apache-tomcat-9.0.62/webapps/login-render-engine-impl.war]
07-Jun-2022 23:55:34.132 INFO [main] org.apache.jasper.servlet.TldScanner.scanJars At least one JAR was scanned for TLDs yet contained no TLDs. Enable debug logging for this logger for a complete list of JARs that were scanned but no TLDs were found in them. Skipping unneeded JARs during scanning can improve startup time and JSP compilation time.
07-Jun-2022 23:55:34.203 INFO [main] org.apache.catalina.startup.HostConfig.deployWAR Deployment of web application archive [/Users/moloko/Desktop/tomcat/apache-tomcat-9.0.62/webapps/login-render-engine-impl.war] has finished in [159] ms
07-Jun-2022 23:55:34.206 INFO [main] org.apache.catalina.startup.HostConfig.deployWAR Deploying web application archive [/Users/moloko/Desktop/tomcat/apache-tomcat-9.0.62/webapps/sakai-message-bundle-manager-tool.war]
07-Jun-2022 23:55:34.310 INFO [main] org.apache.jasper.servlet.TldScanner.scanJars At least one JAR was scanned for TLDs yet contained no TLDs. Enable debug logging for this logger for a complete list of JARs that were scanned but no TLDs were found in them. Skipping unneeded JARs during scanning can improve startup time and JSP compilation time.
07-Jun-2022 23:55:34.997 INFO [main] org.apache.catalina.startup.HostConfig.deployWAR Deployment of web application archive [/Users/moloko/Desktop/tomcat/apache-tomcat-9.0.62/webapps/sakai-message-bundle-manager-tool.war] has finished in [791] ms
07-Jun-2022 23:55:35.000 INFO [main] org.apache.catalina.startup.HostConfig.deployWAR Deploying web application archive [/Users/moloko/Desktop/tomcat/apache-tomcat-9.0.62/webapps/sakai-login-tool.war]
07-Jun-2022 23:55:35.157 INFO [main] org.apache.jasper.servlet.TldScanner.scanJars At least one JAR was scanned for TLDs yet contained no TLDs. Enable debug logging for this logger for a complete list of JARs that were scanned but no TLDs were found in them. Skipping unneeded JARs during scanning can improve startup time and JSP compilation time.
07-Jun-2022 23:55:35.172 INFO [main] org.apache.catalina.startup.HostConfig.deployWAR Deployment of web application archive [/Users/moloko/Desktop/tomcat/apache-tomcat-9.0.62/webapps/sakai-login-tool.war] has finished in [172] ms
07-Jun-2022 23:55:35.176 INFO [main] org.apache.catalina.startup.HostConfig.deployWAR Deploying web application archive [/Users/moloko/Desktop/tomcat/apache-tomcat-9.0.62/webapps/sakai-announcement-tool.war]
07-Jun-2022 23:55:35.345 INFO [main] org.apache.jasper.servlet.TldScanner.scanJars At least one JAR was scanned for TLDs yet contained no TLDs. Enable debug logging for this logger for a complete list of JARs that were scanned but no TLDs were found in them. Skipping unneeded JARs during scanning can improve startup time and JSP compilation time.
07-Jun-2022 23:55:35.501 INFO [main] org.apache.catalina.startup.HostConfig.deployWAR Deployment of web application archive [/Users/moloko/Desktop/tomcat/apache-tomcat-9.0.62/webapps/sakai-announcement-tool.war] has finished in [325] ms
07-Jun-2022 23:55:35.504 INFO [main] org.apache.catalina.startup.HostConfig.deployWAR Deploying web application archive [/Users/moloko/Desktop/tomcat/apache-tomcat-9.0.62/webapps/sakai-site-manage-participant-helper.war]
07-Jun-2022 23:55:35.652 INFO [main] org.apache.jasper.servlet.TldScanner.scanJars At least one JAR was scanned for TLDs yet contained no TLDs. Enable debug logging for this logger for a complete list of JARs that were scanned but no TLDs were found in them. Skipping unneeded JARs during scanning can improve startup time and JSP compilation time.
07-Jun-2022 23:55:36.323 INFO [main] org.apache.catalina.startup.HostConfig.deployWAR Deployment of web application archive [/Users/moloko/Desktop/tomcat/apache-tomcat-9.0.62/webapps/sakai-site-manage-participant-helper.war] has finished in [818] ms
07-Jun-2022 23:55:36.327 INFO [main] org.apache.catalina.startup.HostConfig.deployWAR Deploying web application archive [/Users/moloko/Desktop/tomcat/apache-tomcat-9.0.62/webapps/sakai-roster2-tool.war]
07-Jun-2022 23:55:36.543 INFO [main] org.apache.jasper.servlet.TldScanner.scanJars At least one JAR was scanned for TLDs yet contained no TLDs. Enable debug logging for this logger for a complete list of JARs that were scanned but no TLDs were found in them. Skipping unneeded JARs during scanning can improve startup time and JSP compilation time.
07-Jun-2022 23:55:36.604 INFO [main] org.apache.catalina.startup.HostConfig.deployWAR Deployment of web application archive [/Users/moloko/Desktop/tomcat/apache-tomcat-9.0.62/webapps/sakai-roster2-tool.war] has finished in [277] ms
07-Jun-2022 23:55:36.608 INFO [main] org.apache.catalina.startup.HostConfig.deployWAR Deploying web application archive [/Users/moloko/Desktop/tomcat/apache-tomcat-9.0.62/webapps/sakai-acadtermmanage-tool.war]
07-Jun-2022 23:55:36.835 INFO [main] org.apache.jasper.servlet.TldScanner.scanJars At least one JAR was scanned for TLDs yet contained no TLDs. Enable debug logging for this logger for a complete list of JARs that were scanned but no TLDs were found in them. Skipping unneeded JARs during scanning can improve startup time and JSP compilation time.
07-Jun-2022 23:55:37.070 INFO [main] org.apache.catalina.startup.HostConfig.deployWAR Deployment of web application archive [/Users/moloko/Desktop/tomcat/apache-tomcat-9.0.62/webapps/sakai-acadtermmanage-tool.war] has finished in [462] ms
07-Jun-2022 23:55:37.075 INFO [main] org.apache.catalina.startup.HostConfig.deployWAR Deploying web application archive [/Users/moloko/Desktop/tomcat/apache-tomcat-9.0.62/webapps/sitestats-tool.war]
07-Jun-2022 23:55:37.599 INFO [main] org.apache.jasper.servlet.TldScanner.scanJars At least one JAR was scanned for TLDs yet contained no TLDs. Enable debug logging for this logger for a complete list of JARs that were scanned but no TLDs were found in them. Skipping unneeded JARs during scanning can improve startup time and JSP compilation time.
07-Jun-2022 23:55:37.746 INFO [main] org.apache.catalina.startup.HostConfig.deployWAR Deployment of web application archive [/Users/moloko/Desktop/tomcat/apache-tomcat-9.0.62/webapps/sitestats-tool.war] has finished in [671] ms
07-Jun-2022 23:55:37.752 INFO [main] org.apache.catalina.startup.HostConfig.deployWAR Deploying web application archive [/Users/moloko/Desktop/tomcat/apache-tomcat-9.0.62/webapps/dav.war]
07-Jun-2022 23:55:37.871 INFO [main] org.apache.jasper.servlet.TldScanner.scanJars At least one JAR was scanned for TLDs yet contained no TLDs. Enable debug logging for this logger for a complete list of JARs that were scanned but no TLDs were found in them. Skipping unneeded JARs during scanning can improve startup time and JSP compilation time.
07-Jun-2022 23:55:37.877 INFO [main] org.apache.catalina.startup.HostConfig.deployWAR Deployment of web application archive [/Users/moloko/Desktop/tomcat/apache-tomcat-9.0.62/webapps/dav.war] has finished in [124] ms
07-Jun-2022 23:55:37.880 INFO [main] org.apache.catalina.startup.HostConfig.deployWAR Deploying web application archive [/Users/moloko/Desktop/tomcat/apache-tomcat-9.0.62/webapps/sakai-onedrive-tool.war]
07-Jun-2022 23:55:37.976 INFO [main] org.apache.jasper.servlet.TldScanner.scanJars At least one JAR was scanned for TLDs yet contained no TLDs. Enable debug logging for this logger for a complete list of JARs that were scanned but no TLDs were found in them. Skipping unneeded JARs during scanning can improve startup time and JSP compilation time.
07-Jun-2022 23:55:38.341 INFO [main] org.apache.catalina.startup.HostConfig.deployWAR Deployment of web application archive [/Users/moloko/Desktop/tomcat/apache-tomcat-9.0.62/webapps/sakai-onedrive-tool.war] has finished in [461] ms
07-Jun-2022 23:55:38.345 INFO [main] org.apache.catalina.startup.HostConfig.deployWAR Deploying web application archive [/Users/moloko/Desktop/tomcat/apache-tomcat-9.0.62/webapps/direct.war]
07-Jun-2022 23:55:38.435 INFO [main] org.apache.jasper.servlet.TldScanner.scanJars At least one JAR was scanned for TLDs yet contained no TLDs. Enable debug logging for this logger for a complete list of JARs that were scanned but no TLDs were found in them. Skipping unneeded JARs during scanning can improve startup time and JSP compilation time.
07-Jun-2022 23:55:38.462 INFO [main] org.apache.catalina.startup.HostConfig.deployWAR Deployment of web application archive [/Users/moloko/Desktop/tomcat/apache-tomcat-9.0.62/webapps/direct.war] has finished in [117] ms
07-Jun-2022 23:55:38.465 INFO [main] org.apache.catalina.startup.HostConfig.deployWAR Deploying web application archive [/Users/moloko/Desktop/tomcat/apache-tomcat-9.0.62/webapps/elfinder-connector.war]
07-Jun-2022 23:55:38.570 INFO [main] org.apache.jasper.servlet.TldScanner.scanJars At least one JAR was scanned for TLDs yet contained no TLDs. Enable debug logging for this logger for a complete list of JARs that were scanned but no TLDs were found in them. Skipping unneeded JARs during scanning can improve startup time and JSP compilation time.
07-Jun-2022 23:55:38.623 INFO [main] org.apache.catalina.startup.HostConfig.deployWAR Deployment of web application archive [/Users/moloko/Desktop/tomcat/apache-tomcat-9.0.62/webapps/elfinder-connector.war] has finished in [157] ms
07-Jun-2022 23:55:38.626 INFO [main] org.apache.catalina.startup.HostConfig.deployWAR Deploying web application archive [/Users/moloko/Desktop/tomcat/apache-tomcat-9.0.62/webapps/portal-chat.war]
07-Jun-2022 23:55:38.731 INFO [main] org.apache.jasper.servlet.TldScanner.scanJars At least one JAR was scanned for TLDs yet contained no TLDs. Enable debug logging for this logger for a complete list of JARs that were scanned but no TLDs were found in them. Skipping unneeded JARs during scanning can improve startup time and JSP compilation time.
07-Jun-2022 23:55:38.772 INFO [main] org.apache.catalina.startup.HostConfig.deployWAR Deployment of web application archive [/Users/moloko/Desktop/tomcat/apache-tomcat-9.0.62/webapps/portal-chat.war] has finished in [146] ms
07-Jun-2022 23:55:38.777 INFO [main] org.apache.catalina.startup.HostConfig.deployWAR Deploying web application archive [/Users/moloko/Desktop/tomcat/apache-tomcat-9.0.62/webapps/jsf-resource.war]
07-Jun-2022 23:55:38.843 INFO [main] org.apache.jasper.servlet.TldScanner.scanJars At least one JAR was scanned for TLDs yet contained no TLDs. Enable debug logging for this logger for a complete list of JARs that were scanned but no TLDs were found in them. Skipping unneeded JARs during scanning can improve startup time and JSP compilation time.
07-Jun-2022 23:55:38.845 INFO [main] org.apache.catalina.startup.HostConfig.deployWAR Deployment of web application archive [/Users/moloko/Desktop/tomcat/apache-tomcat-9.0.62/webapps/jsf-resource.war] has finished in [68] ms
07-Jun-2022 23:55:38.848 INFO [main] org.apache.catalina.startup.HostConfig.deployWAR Deploying web application archive [/Users/moloko/Desktop/tomcat/apache-tomcat-9.0.62/webapps/sakai-message-tool.war]
07-Jun-2022 23:55:38.959 INFO [main] org.apache.jasper.servlet.TldScanner.scanJars At least one JAR was scanned for TLDs yet contained no TLDs. Enable debug logging for this logger for a complete list of JARs that were scanned but no TLDs were found in them. Skipping unneeded JARs during scanning can improve startup time and JSP compilation time.
07-Jun-2022 23:55:39.088 INFO [main] org.apache.catalina.startup.HostConfig.deployWAR Deployment of web application archive [/Users/moloko/Desktop/tomcat/apache-tomcat-9.0.62/webapps/sakai-message-tool.war] has finished in [240] ms
07-Jun-2022 23:55:39.094 INFO [main] org.apache.catalina.startup.HostConfig.deployWAR Deploying web application archive [/Users/moloko/Desktop/tomcat/apache-tomcat-9.0.62/webapps/portal.war]
07-Jun-2022 23:55:39.202 INFO [main] org.apache.jasper.servlet.TldScanner.scanJars At least one JAR was scanned for TLDs yet contained no TLDs. Enable debug logging for this logger for a complete list of JARs that were scanned but no TLDs were found in them. Skipping unneeded JARs during scanning can improve startup time and JSP compilation time.
07-Jun-2022 23:55:39.341 INFO [main] org.apache.catalina.startup.HostConfig.deployWAR Deployment of web application archive [/Users/moloko/Desktop/tomcat/apache-tomcat-9.0.62/webapps/portal.war] has finished in [247] ms
07-Jun-2022 23:55:39.345 INFO [main] org.apache.catalina.startup.HostConfig.deployWAR Deploying web application archive [/Users/moloko/Desktop/tomcat/apache-tomcat-9.0.62/webapps/gradebookng-tool.war]
07-Jun-2022 23:55:39.965 INFO [main] org.apache.jasper.servlet.TldScanner.scanJars At least one JAR was scanned for TLDs yet contained no TLDs. Enable debug logging for this logger for a complete list of JARs that were scanned but no TLDs were found in them. Skipping unneeded JARs during scanning can improve startup time and JSP compilation time.
07-Jun-2022 23:55:40.250 INFO [main] org.webjars.servlet.WebjarsServlet.init WebjarsServlet initialization completed
07-Jun-2022 23:55:40.252 INFO [main] org.apache.catalina.startup.HostConfig.deployWAR Deployment of web application archive [/Users/moloko/Desktop/tomcat/apache-tomcat-9.0.62/webapps/gradebookng-tool.war] has finished in [906] ms
07-Jun-2022 23:55:40.255 INFO [main] org.apache.catalina.startup.HostConfig.deployWAR Deploying web application archive [/Users/moloko/Desktop/tomcat/apache-tomcat-9.0.62/webapps/lessonbuilder-tool.war]
07-Jun-2022 23:55:40.594 INFO [main] org.apache.jasper.servlet.TldScanner.scanJars At least one JAR was scanned for TLDs yet contained no TLDs. Enable debug logging for this logger for a complete list of JARs that were scanned but no TLDs were found in them. Skipping unneeded JARs during scanning can improve startup time and JSP compilation time.
07-Jun-2022 23:55:41.524 INFO [main] org.apache.catalina.startup.HostConfig.deployWAR Deployment of web application archive [/Users/moloko/Desktop/tomcat/apache-tomcat-9.0.62/webapps/lessonbuilder-tool.war] has finished in [1,269] ms
07-Jun-2022 23:55:41.528 INFO [main] org.apache.catalina.startup.HostConfig.deployWAR Deploying web application archive [/Users/moloko/Desktop/tomcat/apache-tomcat-9.0.62/webapps/simple-rss-portlet.war]
07-Jun-2022 23:55:41.662 INFO [main] org.apache.jasper.servlet.TldScanner.scanJars At least one JAR was scanned for TLDs yet contained no TLDs. Enable debug logging for this logger for a complete list of JARs that were scanned but no TLDs were found in them. Skipping unneeded JARs during scanning can improve startup time and JSP compilation time.
07-Jun-2022 23:55:41.915 INFO [main] org.apache.catalina.startup.HostConfig.deployWAR Deployment of web application archive [/Users/moloko/Desktop/tomcat/apache-tomcat-9.0.62/webapps/simple-rss-portlet.war] has finished in [386] ms
07-Jun-2022 23:55:41.919 INFO [main] org.apache.catalina.startup.HostConfig.deployWAR Deploying web application archive [/Users/moloko/Desktop/tomcat/apache-tomcat-9.0.62/webapps/imsoidc.war]
07-Jun-2022 23:55:42.039 INFO [main] org.apache.jasper.servlet.TldScanner.scanJars At least one JAR was scanned for TLDs yet contained no TLDs. Enable debug logging for this logger for a complete list of JARs that were scanned but no TLDs were found in them. Skipping unneeded JARs during scanning can improve startup time and JSP compilation time.
07-Jun-2022 23:55:42.047 INFO [main] org.apache.catalina.startup.HostConfig.deployWAR Deployment of web application archive [/Users/moloko/Desktop/tomcat/apache-tomcat-9.0.62/webapps/imsoidc.war] has finished in [127] ms
07-Jun-2022 23:55:42.050 INFO [main] org.apache.catalina.startup.HostConfig.deployWAR Deploying web application archive [/Users/moloko/Desktop/tomcat/apache-tomcat-9.0.62/webapps/admin-tools.war]
07-Jun-2022 23:55:42.224 INFO [main] org.apache.jasper.servlet.TldScanner.scanJars At least one JAR was scanned for TLDs yet contained no TLDs. Enable debug logging for this logger for a complete list of JARs that were scanned but no TLDs were found in them. Skipping unneeded JARs during scanning can improve startup time and JSP compilation time.
07-Jun-2022 23:55:42.370 INFO [main] org.apache.catalina.startup.HostConfig.deployWAR Deployment of web application archive [/Users/moloko/Desktop/tomcat/apache-tomcat-9.0.62/webapps/admin-tools.war] has finished in [319] ms
07-Jun-2022 23:55:42.373 INFO [main] org.apache.catalina.startup.HostConfig.deployWAR Deploying web application archive [/Users/moloko/Desktop/tomcat/apache-tomcat-9.0.62/webapps/sakai-site-datemanager-helper.war]
07-Jun-2022 23:55:42.486 INFO [main] org.apache.jasper.servlet.TldScanner.scanJars At least one JAR was scanned for TLDs yet contained no TLDs. Enable debug logging for this logger for a complete list of JARs that were scanned but no TLDs were found in them. Skipping unneeded JARs during scanning can improve startup time and JSP compilation time.
07-Jun-2022 23:55:42.851 INFO [main] org.apache.catalina.startup.HostConfig.deployWAR Deployment of web application archive [/Users/moloko/Desktop/tomcat/apache-tomcat-9.0.62/webapps/sakai-site-datemanager-helper.war] has finished in [477] ms
07-Jun-2022 23:55:42.854 INFO [main] org.apache.catalina.startup.HostConfig.deployWAR Deploying web application archive [/Users/moloko/Desktop/tomcat/apache-tomcat-9.0.62/webapps/sakai-site-manage-link-helper.war]
07-Jun-2022 23:55:42.980 INFO [main] org.apache.jasper.servlet.TldScanner.scanJars At least one JAR was scanned for TLDs yet contained no TLDs. Enable debug logging for this logger for a complete list of JARs that were scanned but no TLDs were found in them. Skipping unneeded JARs during scanning can improve startup time and JSP compilation time.
07-Jun-2022 23:55:43.122 INFO [main] org.apache.catalina.startup.HostConfig.deployWAR Deployment of web application archive [/Users/moloko/Desktop/tomcat/apache-tomcat-9.0.62/webapps/sakai-site-manage-link-helper.war] has finished in [268] ms
07-Jun-2022 23:55:43.126 INFO [main] org.apache.catalina.startup.HostConfig.deployWAR Deploying web application archive [/Users/moloko/Desktop/tomcat/apache-tomcat-9.0.62/webapps/sakai-reset-pass.war]
07-Jun-2022 23:55:43.236 INFO [main] org.apache.jasper.servlet.TldScanner.scanJars At least one JAR was scanned for TLDs yet contained no TLDs. Enable debug logging for this logger for a complete list of JARs that were scanned but no TLDs were found in them. Skipping unneeded JARs during scanning can improve startup time and JSP compilation time.
07-Jun-2022 23:55:43.898 INFO [main] org.apache.catalina.startup.HostConfig.deployWAR Deployment of web application archive [/Users/moloko/Desktop/tomcat/apache-tomcat-9.0.62/webapps/sakai-reset-pass.war] has finished in [772] ms
07-Jun-2022 23:55:43.902 INFO [main] org.apache.catalina.startup.HostConfig.deployWAR Deploying web application archive [/Users/moloko/Desktop/tomcat/apache-tomcat-9.0.62/webapps/sakai-site-manage-tool.war]
07-Jun-2022 23:55:44.129 INFO [main] org.apache.jasper.servlet.TldScanner.scanJars At least one JAR was scanned for TLDs yet contained no TLDs. Enable debug logging for this logger for a complete list of JARs that were scanned but no TLDs were found in them. Skipping unneeded JARs during scanning can improve startup time and JSP compilation time.
07-Jun-2022 23:55:44.272 INFO [main] org.apache.catalina.startup.HostConfig.deployWAR Deployment of web application archive [/Users/moloko/Desktop/tomcat/apache-tomcat-9.0.62/webapps/sakai-site-manage-tool.war] has finished in [370] ms
07-Jun-2022 23:55:44.276 INFO [main] org.apache.catalina.startup.HostConfig.deployWAR Deploying web application archive [/Users/moloko/Desktop/tomcat/apache-tomcat-9.0.62/webapps/web.war]
07-Jun-2022 23:55:44.380 INFO [main] org.apache.jasper.servlet.TldScanner.scanJars At least one JAR was scanned for TLDs yet contained no TLDs. Enable debug logging for this logger for a complete list of JARs that were scanned but no TLDs were found in them. Skipping unneeded JARs during scanning can improve startup time and JSP compilation time.
07-Jun-2022 23:55:44.512 INFO [main] org.apache.catalina.startup.HostConfig.deployWAR Deployment of web application archive [/Users/moloko/Desktop/tomcat/apache-tomcat-9.0.62/webapps/web.war] has finished in [236] ms
07-Jun-2022 23:55:44.516 INFO [main] org.apache.catalina.startup.HostConfig.deployWAR Deploying web application archive [/Users/moloko/Desktop/tomcat/apache-tomcat-9.0.62/webapps/mycalendar.war]
07-Jun-2022 23:55:44.670 INFO [main] org.apache.jasper.servlet.TldScanner.scanJars At least one JAR was scanned for TLDs yet contained no TLDs. Enable debug logging for this logger for a complete list of JARs that were scanned but no TLDs were found in them. Skipping unneeded JARs during scanning can improve startup time and JSP compilation time.
07-Jun-2022 23:55:44.916 INFO [main] org.apache.catalina.startup.HostConfig.deployWAR Deployment of web application archive [/Users/moloko/Desktop/tomcat/apache-tomcat-9.0.62/webapps/mycalendar.war] has finished in [400] ms
07-Jun-2022 23:55:44.919 INFO [main] org.apache.catalina.startup.HostConfig.deployWAR Deploying web application archive [/Users/moloko/Desktop/tomcat/apache-tomcat-9.0.62/webapps/sakai-podcasts.war]
07-Jun-2022 23:55:45.109 INFO [main] org.apache.jasper.servlet.TldScanner.scanJars At least one JAR was scanned for TLDs yet contained no TLDs. Enable debug logging for this logger for a complete list of JARs that were scanned but no TLDs were found in them. Skipping unneeded JARs during scanning can improve startup time and JSP compilation time.
07-Jun-2022 23:55:45.291 INFO [main] org.apache.catalina.startup.HostConfig.deployWAR Deployment of web application archive [/Users/moloko/Desktop/tomcat/apache-tomcat-9.0.62/webapps/sakai-podcasts.war] has finished in [372] ms
07-Jun-2022 23:55:45.294 INFO [main] org.apache.catalina.startup.HostConfig.deployWAR Deploying web application archive [/Users/moloko/Desktop/tomcat/apache-tomcat-9.0.62/webapps/sakai-search-tool.war]
07-Jun-2022 23:55:45.410 INFO [main] org.apache.jasper.servlet.TldScanner.scanJars At least one JAR was scanned for TLDs yet contained no TLDs. Enable debug logging for this logger for a complete list of JARs that were scanned but no TLDs were found in them. Skipping unneeded JARs during scanning can improve startup time and JSP compilation time.
07-Jun-2022 23:55:45.499 INFO [main] org.apache.catalina.startup.HostConfig.deployWAR Deployment of web application archive [/Users/moloko/Desktop/tomcat/apache-tomcat-9.0.62/webapps/sakai-search-tool.war] has finished in [205] ms
07-Jun-2022 23:55:45.503 INFO [main] org.apache.catalina.startup.HostConfig.deployWAR Deploying web application archive [/Users/moloko/Desktop/tomcat/apache-tomcat-9.0.62/webapps/sakai-presence-tool.war]
07-Jun-2022 23:55:45.624 INFO [main] org.apache.jasper.servlet.TldScanner.scanJars At least one JAR was scanned for TLDs yet contained no TLDs. Enable debug logging for this logger for a complete list of JARs that were scanned but no TLDs were found in them. Skipping unneeded JARs during scanning can improve startup time and JSP compilation time.
07-Jun-2022 23:55:45.763 INFO [main] org.apache.catalina.startup.HostConfig.deployWAR Deployment of web application archive [/Users/moloko/Desktop/tomcat/apache-tomcat-9.0.62/webapps/sakai-presence-tool.war] has finished in [260] ms
07-Jun-2022 23:55:45.766 INFO [main] org.apache.catalina.startup.HostConfig.deployWAR Deploying web application archive [/Users/moloko/Desktop/tomcat/apache-tomcat-9.0.62/webapps/sakai-user-tool-prefs.war]
07-Jun-2022 23:55:46.064 INFO [main] org.apache.jasper.servlet.TldScanner.scanJars At least one JAR was scanned for TLDs yet contained no TLDs. Enable debug logging for this logger for a complete list of JARs that were scanned but no TLDs were found in them. Skipping unneeded JARs during scanning can improve startup time and JSP compilation time.
07-Jun-2022 23:55:47.066 INFO [main] org.apache.catalina.startup.HostConfig.deployWAR Deployment of web application archive [/Users/moloko/Desktop/tomcat/apache-tomcat-9.0.62/webapps/sakai-user-tool-prefs.war] has finished in [1,300] ms
07-Jun-2022 23:55:47.070 INFO [main] org.apache.catalina.startup.HostConfig.deployWAR Deploying web application archive [/Users/moloko/Desktop/tomcat/apache-tomcat-9.0.62/webapps/sakai-googledrive-tool.war]
07-Jun-2022 23:55:47.171 INFO [main] org.apache.jasper.servlet.TldScanner.scanJars At least one JAR was scanned for TLDs yet contained no TLDs. Enable debug logging for this logger for a complete list of JARs that were scanned but no TLDs were found in them. Skipping unneeded JARs during scanning can improve startup time and JSP compilation time.
07-Jun-2022 23:55:47.524 INFO [main] org.apache.catalina.startup.HostConfig.deployWAR Deployment of web application archive [/Users/moloko/Desktop/tomcat/apache-tomcat-9.0.62/webapps/sakai-googledrive-tool.war] has finished in [455] ms
07-Jun-2022 23:55:47.528 INFO [main] org.apache.catalina.startup.HostConfig.deployWAR Deploying web application archive [/Users/moloko/Desktop/tomcat/apache-tomcat-9.0.62/webapps/tags-tool.war]
07-Jun-2022 23:55:47.633 INFO [main] org.apache.jasper.servlet.TldScanner.scanJars At least one JAR was scanned for TLDs yet contained no TLDs. Enable debug logging for this logger for a complete list of JARs that were scanned but no TLDs were found in them. Skipping unneeded JARs during scanning can improve startup time and JSP compilation time.
07-Jun-2022 23:55:47.638 INFO [main] org.apache.catalina.startup.HostConfig.deployWAR Deployment of web application archive [/Users/moloko/Desktop/tomcat/apache-tomcat-9.0.62/webapps/tags-tool.war] has finished in [110] ms
07-Jun-2022 23:55:47.642 INFO [main] org.apache.catalina.startup.HostConfig.deployWAR Deploying web application archive [/Users/moloko/Desktop/tomcat/apache-tomcat-9.0.62/webapps/content-review-tool.war]
07-Jun-2022 23:55:47.719 INFO [main] org.apache.jasper.servlet.TldScanner.scanJars At least one JAR was scanned for TLDs yet contained no TLDs. Enable debug logging for this logger for a complete list of JARs that were scanned but no TLDs were found in them. Skipping unneeded JARs during scanning can improve startup time and JSP compilation time.
07-Jun-2022 23:55:47.860 INFO [main] org.apache.catalina.startup.HostConfig.deployWAR Deployment of web application archive [/Users/moloko/Desktop/tomcat/apache-tomcat-9.0.62/webapps/content-review-tool.war] has finished in [218] ms
07-Jun-2022 23:55:47.872 INFO [main] org.apache.catalina.startup.HostConfig.deployWAR Deploying web application archive [/Users/moloko/Desktop/tomcat/apache-tomcat-9.0.62/webapps/webcomponents.war]
07-Jun-2022 23:55:47.975 INFO [main] org.apache.jasper.servlet.TldScanner.scanJars At least one JAR was scanned for TLDs yet contained no TLDs. Enable debug logging for this logger for a complete list of JARs that were scanned but no TLDs were found in them. Skipping unneeded JARs during scanning can improve startup time and JSP compilation time.
07-Jun-2022 23:55:47.999 INFO [main] org.apache.catalina.startup.HostConfig.deployWAR Deployment of web application archive [/Users/moloko/Desktop/tomcat/apache-tomcat-9.0.62/webapps/webcomponents.war] has finished in [127] ms
07-Jun-2022 23:55:48.003 INFO [main] org.apache.catalina.startup.HostConfig.deployWAR Deploying web application archive [/Users/moloko/Desktop/tomcat/apache-tomcat-9.0.62/webapps/sakai-calendar-tool.war]
07-Jun-2022 23:55:48.167 INFO [main] org.apache.jasper.servlet.TldScanner.scanJars At least one JAR was scanned for TLDs yet contained no TLDs. Enable debug logging for this logger for a complete list of JARs that were scanned but no TLDs were found in them. Skipping unneeded JARs during scanning can improve startup time and JSP compilation time.
07-Jun-2022 23:55:48.322 INFO [main] org.apache.catalina.startup.HostConfig.deployWAR Deployment of web application archive [/Users/moloko/Desktop/tomcat/apache-tomcat-9.0.62/webapps/sakai-calendar-tool.war] has finished in [320] ms
07-Jun-2022 23:55:48.325 INFO [main] org.apache.catalina.startup.HostConfig.deployWAR Deploying web application archive [/Users/moloko/Desktop/tomcat/apache-tomcat-9.0.62/webapps/delegatedaccess-tool.war]
07-Jun-2022 23:55:48.632 INFO [main] org.apache.jasper.servlet.TldScanner.scanJars At least one JAR was scanned for TLDs yet contained no TLDs. Enable debug logging for this logger for a complete list of JARs that were scanned but no TLDs were found in them. Skipping unneeded JARs during scanning can improve startup time and JSP compilation time.
07-Jun-2022 23:55:48.873 INFO [main] org.apache.catalina.startup.HostConfig.deployWAR Deployment of web application archive [/Users/moloko/Desktop/tomcat/apache-tomcat-9.0.62/webapps/delegatedaccess-tool.war] has finished in [548] ms
07-Jun-2022 23:55:48.876 INFO [main] org.apache.catalina.startup.HostConfig.deployWAR Deploying web application archive [/Users/moloko/Desktop/tomcat/apache-tomcat-9.0.62/webapps/sakai-web-tool.war]
07-Jun-2022 23:55:49.003 INFO [main] org.apache.jasper.servlet.TldScanner.scanJars At least one JAR was scanned for TLDs yet contained no TLDs. Enable debug logging for this logger for a complete list of JARs that were scanned but no TLDs were found in them. Skipping unneeded JARs during scanning can improve startup time and JSP compilation time.
07-Jun-2022 23:55:49.151 INFO [main] org.apache.catalina.startup.HostConfig.deployWAR Deployment of web application archive [/Users/moloko/Desktop/tomcat/apache-tomcat-9.0.62/webapps/sakai-web-tool.war] has finished in [275] ms
07-Jun-2022 23:55:49.154 INFO [main] org.apache.catalina.startup.HostConfig.deployWAR Deploying web application archive [/Users/moloko/Desktop/tomcat/apache-tomcat-9.0.62/webapps/sakai-postem-tool.war]
07-Jun-2022 23:55:49.361 INFO [main] org.apache.jasper.servlet.TldScanner.scanJars At least one JAR was scanned for TLDs yet contained no TLDs. Enable debug logging for this logger for a complete list of JARs that were scanned but no TLDs were found in them. Skipping unneeded JARs during scanning can improve startup time and JSP compilation time.
07-Jun-2022 23:55:49.832 INFO [main] org.apache.catalina.startup.HostConfig.deployWAR Deployment of web application archive [/Users/moloko/Desktop/tomcat/apache-tomcat-9.0.62/webapps/sakai-postem-tool.war] has finished in [677] ms
07-Jun-2022 23:55:49.835 INFO [main] org.apache.catalina.startup.HostConfig.deployWAR Deploying web application archive [/Users/moloko/Desktop/tomcat/apache-tomcat-9.0.62/webapps/sakai-citations-servlet.war]
07-Jun-2022 23:55:49.964 INFO [main] org.apache.jasper.servlet.TldScanner.scanJars At least one JAR was scanned for TLDs yet contained no TLDs. Enable debug logging for this logger for a complete list of JARs that were scanned but no TLDs were found in them. Skipping unneeded JARs during scanning can improve startup time and JSP compilation time.
07-Jun-2022 23:55:50.094 INFO [main] org.apache.catalina.startup.HostConfig.deployWAR Deployment of web application archive [/Users/moloko/Desktop/tomcat/apache-tomcat-9.0.62/webapps/sakai-citations-servlet.war] has finished in [259] ms
07-Jun-2022 23:55:50.097 INFO [main] org.apache.catalina.startup.HostConfig.deployWAR Deploying web application archive [/Users/moloko/Desktop/tomcat/apache-tomcat-9.0.62/webapps/polls-tool.war]
07-Jun-2022 23:55:50.328 INFO [main] org.apache.jasper.servlet.TldScanner.scanJars At least one JAR was scanned for TLDs yet contained no TLDs. Enable debug logging for this logger for a complete list of JARs that were scanned but no TLDs were found in them. Skipping unneeded JARs during scanning can improve startup time and JSP compilation time.
07-Jun-2022 23:55:51.120 INFO [main] org.apache.catalina.startup.HostConfig.deployWAR Deployment of web application archive [/Users/moloko/Desktop/tomcat/apache-tomcat-9.0.62/webapps/polls-tool.war] has finished in [1,023] ms
07-Jun-2022 23:55:51.131 INFO [main] org.apache.catalina.startup.HostConfig.deployWAR Deploying web application archive [/Users/moloko/Desktop/tomcat/apache-tomcat-9.0.62/webapps/library.war]
07-Jun-2022 23:55:51.352 INFO [main] org.apache.jasper.servlet.TldScanner.scanJars At least one JAR was scanned for TLDs yet contained no TLDs. Enable debug logging for this logger for a complete list of JARs that were scanned but no TLDs were found in them. Skipping unneeded JARs during scanning can improve startup time and JSP compilation time.
07-Jun-2022 23:55:51.389 INFO [main] org.apache.catalina.startup.HostConfig.deployWAR Deployment of web application archive [/Users/moloko/Desktop/tomcat/apache-tomcat-9.0.62/webapps/library.war] has finished in [257] ms
07-Jun-2022 23:55:51.392 INFO [main] org.apache.catalina.startup.HostConfig.deployWAR Deploying web application archive [/Users/moloko/Desktop/tomcat/apache-tomcat-9.0.62/webapps/sakai-calendar-summary-tool.war]
07-Jun-2022 23:55:51.550 INFO [main] org.apache.jasper.servlet.TldScanner.scanJars At least one JAR was scanned for TLDs yet contained no TLDs. Enable debug logging for this logger for a complete list of JARs that were scanned but no TLDs were found in them. Skipping unneeded JARs during scanning can improve startup time and JSP compilation time.
07-Jun-2022 23:55:51.786 INFO [main] org.apache.catalina.startup.HostConfig.deployWAR Deployment of web application archive [/Users/moloko/Desktop/tomcat/apache-tomcat-9.0.62/webapps/sakai-calendar-summary-tool.war] has finished in [394] ms
07-Jun-2022 23:55:51.791 INFO [main] org.apache.catalina.startup.HostConfig.deployWAR Deploying web application archive [/Users/moloko/Desktop/tomcat/apache-tomcat-9.0.62/webapps/emailtemplateservice-tool.war]
07-Jun-2022 23:55:51.906 INFO [main] org.apache.jasper.servlet.TldScanner.scanJars At least one JAR was scanned for TLDs yet contained no TLDs. Enable debug logging for this logger for a complete list of JARs that were scanned but no TLDs were found in them. Skipping unneeded JARs during scanning can improve startup time and JSP compilation time.
07-Jun-2022 23:55:52.574 INFO [main] org.apache.catalina.startup.HostConfig.deployWAR Deployment of web application archive [/Users/moloko/Desktop/tomcat/apache-tomcat-9.0.62/webapps/emailtemplateservice-tool.war] has finished in [782] ms
07-Jun-2022 23:55:52.579 INFO [main] org.apache.catalina.startup.HostConfig.deployWAR Deploying web application archive [/Users/moloko/Desktop/tomcat/apache-tomcat-9.0.62/webapps/sakai-help-tool.war]
07-Jun-2022 23:55:52.753 INFO [main] org.apache.jasper.servlet.TldScanner.scanJars At least one JAR was scanned for TLDs yet contained no TLDs. Enable debug logging for this logger for a complete list of JARs that were scanned but no TLDs were found in them. Skipping unneeded JARs during scanning can improve startup time and JSP compilation time.
07-Jun-2022 23:55:53.131 INFO [main] org.apache.catalina.startup.HostConfig.deployWAR Deployment of web application archive [/Users/moloko/Desktop/tomcat/apache-tomcat-9.0.62/webapps/sakai-help-tool.war] has finished in [552] ms
07-Jun-2022 23:55:53.134 INFO [main] org.apache.catalina.startup.HostConfig.deployWAR Deploying web application archive [/Users/moloko/Desktop/tomcat/apache-tomcat-9.0.62/webapps/sakai-usermembership-tool.war]
07-Jun-2022 23:55:53.367 INFO [main] org.apache.jasper.servlet.TldScanner.scanJars At least one JAR was scanned for TLDs yet contained no TLDs. Enable debug logging for this logger for a complete list of JARs that were scanned but no TLDs were found in them. Skipping unneeded JARs during scanning can improve startup time and JSP compilation time.
07-Jun-2022 23:55:53.826 INFO [main] org.apache.catalina.startup.HostConfig.deployWAR Deployment of web application archive [/Users/moloko/Desktop/tomcat/apache-tomcat-9.0.62/webapps/sakai-usermembership-tool.war] has finished in [692] ms
07-Jun-2022 23:55:53.833 INFO [main] org.apache.catalina.startup.HostConfig.deployWAR Deploying web application archive [/Users/moloko/Desktop/tomcat/apache-tomcat-9.0.62/webapps/sakai-chat-tool.war]
07-Jun-2022 23:55:54.085 INFO [main] org.apache.jasper.servlet.TldScanner.scanJars At least one JAR was scanned for TLDs yet contained no TLDs. Enable debug logging for this logger for a complete list of JARs that were scanned but no TLDs were found in them. Skipping unneeded JARs during scanning can improve startup time and JSP compilation time.
07-Jun-2022 23:55:54.230 WARNING [main] org.jboss.weld.util.ServiceLoader.loadClass Could not load service class org.springframework.data.jpa.repository.cdi.JpaRepositoryExtension
07-Jun-2022 23:55:55.022 INFO [main] com.sun.faces.config.ConfigureListener.contextInitialized Initializing Mojarra 2.3.9 ( 20190401-1936 77894020e94a338c9701619b7ef6e9871c5a9079) for context '/sakai-chat-tool'
07-Jun-2022 23:55:55.319 INFO [main] com.sun.faces.spi.InjectionProviderFactory.createInstance JSF1048: PostConstruct/PreDestroy annotations present.  ManagedBeans methods marked with these annotations will have said annotations processed.
07-Jun-2022 23:55:56.297 INFO [main] org.apache.catalina.startup.HostConfig.deployWAR Deployment of web application archive [/Users/moloko/Desktop/tomcat/apache-tomcat-9.0.62/webapps/sakai-chat-tool.war] has finished in [2,464] ms
07-Jun-2022 23:55:56.301 INFO [main] org.apache.catalina.startup.HostConfig.deployWAR Deploying web application archive [/Users/moloko/Desktop/tomcat/apache-tomcat-9.0.62/webapps/sakai-fck-connector.war]
07-Jun-2022 23:55:56.383 INFO [main] org.apache.jasper.servlet.TldScanner.scanJars At least one JAR was scanned for TLDs yet contained no TLDs. Enable debug logging for this logger for a complete list of JARs that were scanned but no TLDs were found in them. Skipping unneeded JARs during scanning can improve startup time and JSP compilation time.
07-Jun-2022 23:55:56.388 INFO [main] org.apache.catalina.startup.HostConfig.deployWAR Deployment of web application archive [/Users/moloko/Desktop/tomcat/apache-tomcat-9.0.62/webapps/sakai-fck-connector.war] has finished in [86] ms
07-Jun-2022 23:55:56.394 INFO [main] org.apache.catalina.startup.HostConfig.deployWAR Deploying web application archive [/Users/moloko/Desktop/tomcat/apache-tomcat-9.0.62/webapps/accountvalidator.war]
07-Jun-2022 23:55:56.531 INFO [main] org.apache.jasper.servlet.TldScanner.scanJars At least one JAR was scanned for TLDs yet contained no TLDs. Enable debug logging for this logger for a complete list of JARs that were scanned but no TLDs were found in them. Skipping unneeded JARs during scanning can improve startup time and JSP compilation time.
07-Jun-2022 23:55:57.215 INFO [main] org.apache.catalina.startup.HostConfig.deployWAR Deployment of web application archive [/Users/moloko/Desktop/tomcat/apache-tomcat-9.0.62/webapps/accountvalidator.war] has finished in [822] ms
07-Jun-2022 23:55:57.221 INFO [main] org.apache.catalina.startup.HostConfig.deployWAR Deploying web application archive [/Users/moloko/Desktop/tomcat/apache-tomcat-9.0.62/webapps/sakai-syllabus-tool.war]
07-Jun-2022 23:55:57.472 INFO [main] org.apache.jasper.servlet.TldScanner.scanJars At least one JAR was scanned for TLDs yet contained no TLDs. Enable debug logging for this logger for a complete list of JARs that were scanned but no TLDs were found in them. Skipping unneeded JARs during scanning can improve startup time and JSP compilation time.
07-Jun-2022 23:55:57.575 INFO [main] com.sun.faces.config.ConfigureListener.contextInitialized Initializing Mojarra (1.2_15-06-20180412-SNAPSHOT) for context '/sakai-syllabus-tool'
07-Jun-2022 23:55:57.577 WARNING [main] com.sun.faces.config.ConfigureListener.contextInitialized JSF1059: WARNING!  The com.sun.faces.verifyObjects feature is to aid developers not using tools.  It shouldn''t be enabled if using an IDE, or if this application is being deployed for production as it will impact application start times.
07-Jun-2022 23:55:57.795 INFO [main] com.sun.faces.spi.InjectionProviderFactory.createInstance JSF1048: PostConstruct/PreDestroy annotations present.  ManagedBeans methods marked with these annotations will have said annotations processed.
07-Jun-2022 23:55:58.170 INFO [main] org.apache.catalina.startup.HostConfig.deployWAR Deployment of web application archive [/Users/moloko/Desktop/tomcat/apache-tomcat-9.0.62/webapps/sakai-syllabus-tool.war] has finished in [949] ms
07-Jun-2022 23:55:58.177 INFO [main] org.apache.catalina.startup.HostConfig.deployWAR Deploying web application archive [/Users/moloko/Desktop/tomcat/apache-tomcat-9.0.62/webapps/pasystem-tool.war]
07-Jun-2022 23:55:58.291 INFO [main] org.apache.jasper.servlet.TldScanner.scanJars At least one JAR was scanned for TLDs yet contained no TLDs. Enable debug logging for this logger for a complete list of JARs that were scanned but no TLDs were found in them. Skipping unneeded JARs during scanning can improve startup time and JSP compilation time.
07-Jun-2022 23:55:58.297 INFO [main] org.apache.catalina.startup.HostConfig.deployWAR Deployment of web application archive [/Users/moloko/Desktop/tomcat/apache-tomcat-9.0.62/webapps/pasystem-tool.war] has finished in [120] ms
07-Jun-2022 23:55:58.301 INFO [main] org.apache.catalina.startup.HostConfig.deployWAR Deploying web application archive [/Users/moloko/Desktop/tomcat/apache-tomcat-9.0.62/webapps/scheduler-tool.war]
07-Jun-2022 23:55:58.452 INFO [main] org.apache.jasper.servlet.TldScanner.scanJars At least one JAR was scanned for TLDs yet contained no TLDs. Enable debug logging for this logger for a complete list of JARs that were scanned but no TLDs were found in them. Skipping unneeded JARs during scanning can improve startup time and JSP compilation time.
07-Jun-2022 23:55:58.828 INFO [main] org.apache.catalina.startup.HostConfig.deployWAR Deployment of web application archive [/Users/moloko/Desktop/tomcat/apache-tomcat-9.0.62/webapps/scheduler-tool.war] has finished in [526] ms
07-Jun-2022 23:55:58.835 INFO [main] org.apache.catalina.startup.HostConfig.deployWAR Deploying web application archive [/Users/moloko/Desktop/tomcat/apache-tomcat-9.0.62/webapps/sakai-signup-tool.war]
07-Jun-2022 23:55:59.243 INFO [main] org.apache.jasper.servlet.TldScanner.scanJars At least one JAR was scanned for TLDs yet contained no TLDs. Enable debug logging for this logger for a complete list of JARs that were scanned but no TLDs were found in them. Skipping unneeded JARs during scanning can improve startup time and JSP compilation time.
07-Jun-2022 23:55:59.351 INFO [main] com.sun.faces.config.ConfigureListener.contextInitialized Initializing Mojarra (1.2_15-06-20180412-SNAPSHOT) for context '/sakai-signup-tool'
07-Jun-2022 23:55:59.457 INFO [main] com.sun.faces.spi.InjectionProviderFactory.createInstance JSF1048: PostConstruct/PreDestroy annotations present.  ManagedBeans methods marked with these annotations will have said annotations processed.
07-Jun-2022 23:55:59.735 INFO [main] org.apache.catalina.startup.HostConfig.deployWAR Deployment of web application archive [/Users/moloko/Desktop/tomcat/apache-tomcat-9.0.62/webapps/sakai-signup-tool.war] has finished in [900] ms
07-Jun-2022 23:55:59.738 INFO [main] org.apache.catalina.startup.HostConfig.deployWAR Deploying web application archive [/Users/moloko/Desktop/tomcat/apache-tomcat-9.0.62/webapps/sakai-web-portlet.war]
07-Jun-2022 23:55:59.847 INFO [main] org.apache.jasper.servlet.TldScanner.scanJars At least one JAR was scanned for TLDs yet contained no TLDs. Enable debug logging for this logger for a complete list of JARs that were scanned but no TLDs were found in them. Skipping unneeded JARs during scanning can improve startup time and JSP compilation time.
07-Jun-2022 23:55:59.972 INFO [main] org.apache.catalina.startup.HostConfig.deployWAR Deployment of web application archive [/Users/moloko/Desktop/tomcat/apache-tomcat-9.0.62/webapps/sakai-web-portlet.war] has finished in [233] ms
07-Jun-2022 23:55:59.977 INFO [main] org.apache.catalina.startup.HostConfig.deployWAR Deploying web application archive [/Users/moloko/Desktop/tomcat/apache-tomcat-9.0.62/webapps/sakai-ws.war]
07-Jun-2022 23:56:00.258 INFO [main] org.apache.jasper.servlet.TldScanner.scanJars At least one JAR was scanned for TLDs yet contained no TLDs. Enable debug logging for this logger for a complete list of JARs that were scanned but no TLDs were found in them. Skipping unneeded JARs during scanning can improve startup time and JSP compilation time.
07-Jun-2022 23:56:02.298 INFO [main] org.apache.catalina.startup.HostConfig.deployWAR Deployment of web application archive [/Users/moloko/Desktop/tomcat/apache-tomcat-9.0.62/webapps/sakai-ws.war] has finished in [2,321] ms
07-Jun-2022 23:56:02.303 INFO [main] org.apache.catalina.startup.HostConfig.deployWAR Deploying web application archive [/Users/moloko/Desktop/tomcat/apache-tomcat-9.0.62/webapps/sakai-sections-tool.war]
07-Jun-2022 23:56:02.694 INFO [main] org.apache.jasper.servlet.TldScanner.scanJars At least one JAR was scanned for TLDs yet contained no TLDs. Enable debug logging for this logger for a complete list of JARs that were scanned but no TLDs were found in them. Skipping unneeded JARs during scanning can improve startup time and JSP compilation time.
07-Jun-2022 23:56:03.581 INFO [main] org.apache.catalina.startup.HostConfig.deployWAR Deployment of web application archive [/Users/moloko/Desktop/tomcat/apache-tomcat-9.0.62/webapps/sakai-sections-tool.war] has finished in [1,279] ms
07-Jun-2022 23:56:03.588 INFO [main] org.apache.catalina.startup.HostConfig.deployWAR Deploying web application archive [/Users/moloko/Desktop/tomcat/apache-tomcat-9.0.62/webapps/imsblis.war]
07-Jun-2022 23:56:03.779 INFO [main] org.apache.jasper.servlet.TldScanner.scanJars At least one JAR was scanned for TLDs yet contained no TLDs. Enable debug logging for this logger for a complete list of JARs that were scanned but no TLDs were found in them. Skipping unneeded JARs during scanning can improve startup time and JSP compilation time.
07-Jun-2022 23:56:03.822 INFO [main] org.apache.catalina.startup.HostConfig.deployWAR Deployment of web application archive [/Users/moloko/Desktop/tomcat/apache-tomcat-9.0.62/webapps/imsblis.war] has finished in [234] ms
07-Jun-2022 23:56:03.826 INFO [main] org.apache.catalina.startup.HostConfig.deployWAR Deploying web application archive [/Users/moloko/Desktop/tomcat/apache-tomcat-9.0.62/webapps/sakai-calendar-connector.war]
07-Jun-2022 23:56:03.973 INFO [main] org.apache.jasper.servlet.TldScanner.scanJars At least one JAR was scanned for TLDs yet contained no TLDs. Enable debug logging for this logger for a complete list of JARs that were scanned but no TLDs were found in them. Skipping unneeded JARs during scanning can improve startup time and JSP compilation time.
07-Jun-2022 23:56:04.003 INFO [main] org.apache.catalina.startup.HostConfig.deployWAR Deployment of web application archive [/Users/moloko/Desktop/tomcat/apache-tomcat-9.0.62/webapps/sakai-calendar-connector.war] has finished in [177] ms
07-Jun-2022 23:56:04.008 INFO [main] org.apache.catalina.startup.HostConfig.deployWAR Deploying web application archive [/Users/moloko/Desktop/tomcat/apache-tomcat-9.0.62/webapps/sakai-content-tool.war]
07-Jun-2022 23:56:04.240 INFO [main] org.apache.jasper.servlet.TldScanner.scanJars At least one JAR was scanned for TLDs yet contained no TLDs. Enable debug logging for this logger for a complete list of JARs that were scanned but no TLDs were found in them. Skipping unneeded JARs during scanning can improve startup time and JSP compilation time.
07-Jun-2022 23:56:04.476 INFO [main] org.apache.catalina.startup.HostConfig.deployWAR Deployment of web application archive [/Users/moloko/Desktop/tomcat/apache-tomcat-9.0.62/webapps/sakai-content-tool.war] has finished in [468] ms
07-Jun-2022 23:56:04.480 INFO [main] org.apache.catalina.startup.HostConfig.deployWAR Deploying web application archive [/Users/moloko/Desktop/tomcat/apache-tomcat-9.0.62/webapps/sakai-web-portlet-basiclti.war]
07-Jun-2022 23:56:04.582 INFO [main] org.apache.jasper.servlet.TldScanner.scanJars At least one JAR was scanned for TLDs yet contained no TLDs. Enable debug logging for this logger for a complete list of JARs that were scanned but no TLDs were found in them. Skipping unneeded JARs during scanning can improve startup time and JSP compilation time.
07-Jun-2022 23:56:04.679 INFO [main] org.apache.catalina.startup.HostConfig.deployWAR Deployment of web application archive [/Users/moloko/Desktop/tomcat/apache-tomcat-9.0.62/webapps/sakai-web-portlet-basiclti.war] has finished in [199] ms
07-Jun-2022 23:56:04.684 INFO [main] org.apache.catalina.startup.HostConfig.deployWAR Deploying web application archive [/Users/moloko/Desktop/tomcat/apache-tomcat-9.0.62/webapps/sakai-site-group-manager.war]
07-Jun-2022 23:56:04.804 INFO [main] org.apache.jasper.servlet.TldScanner.scanJars At least one JAR was scanned for TLDs yet contained no TLDs. Enable debug logging for this logger for a complete list of JARs that were scanned but no TLDs were found in them. Skipping unneeded JARs during scanning can improve startup time and JSP compilation time.
07-Jun-2022 23:56:05.379 INFO [main] org.apache.catalina.startup.HostConfig.deployWAR Deployment of web application archive [/Users/moloko/Desktop/tomcat/apache-tomcat-9.0.62/webapps/sakai-site-group-manager.war] has finished in [695] ms
07-Jun-2022 23:56:05.383 INFO [main] org.apache.catalina.startup.HostConfig.deployWAR Deploying web application archive [/Users/moloko/Desktop/tomcat/apache-tomcat-9.0.62/webapps/sakai-citations-tool.war]
07-Jun-2022 23:56:05.558 INFO [main] org.apache.jasper.servlet.TldScanner.scanJars At least one JAR was scanned for TLDs yet contained no TLDs. Enable debug logging for this logger for a complete list of JARs that were scanned but no TLDs were found in them. Skipping unneeded JARs during scanning can improve startup time and JSP compilation time.
07-Jun-2022 23:56:05.743 INFO [main] org.apache.catalina.startup.HostConfig.deployWAR Deployment of web application archive [/Users/moloko/Desktop/tomcat/apache-tomcat-9.0.62/webapps/sakai-citations-tool.war] has finished in [360] ms
07-Jun-2022 23:56:05.747 INFO [main] org.apache.catalina.startup.HostConfig.deployWAR Deploying web application archive [/Users/moloko/Desktop/tomcat/apache-tomcat-9.0.62/webapps/imsblti.war]
07-Jun-2022 23:56:05.863 INFO [main] org.apache.jasper.servlet.TldScanner.scanJars At least one JAR was scanned for TLDs yet contained no TLDs. Enable debug logging for this logger for a complete list of JARs that were scanned but no TLDs were found in them. Skipping unneeded JARs during scanning can improve startup time and JSP compilation time.
07-Jun-2022 23:56:05.912 INFO [main] org.apache.catalina.startup.HostConfig.deployWAR Deployment of web application archive [/Users/moloko/Desktop/tomcat/apache-tomcat-9.0.62/webapps/imsblti.war] has finished in [165] ms
07-Jun-2022 23:56:05.916 INFO [main] org.apache.catalina.startup.HostConfig.deployWAR Deploying web application archive [/Users/moloko/Desktop/tomcat/apache-tomcat-9.0.62/webapps/courier.war]
07-Jun-2022 23:56:06.007 INFO [main] org.apache.jasper.servlet.TldScanner.scanJars At least one JAR was scanned for TLDs yet contained no TLDs. Enable debug logging for this logger for a complete list of JARs that were scanned but no TLDs were found in them. Skipping unneeded JARs during scanning can improve startup time and JSP compilation time.
07-Jun-2022 23:56:06.010 INFO [main] org.apache.catalina.startup.HostConfig.deployWAR Deployment of web application archive [/Users/moloko/Desktop/tomcat/apache-tomcat-9.0.62/webapps/courier.war] has finished in [95] ms
07-Jun-2022 23:56:06.016 INFO [main] org.apache.catalina.startup.HostConfig.deployWAR Deploying web application archive [/Users/moloko/Desktop/tomcat/apache-tomcat-9.0.62/webapps/authn.war]
07-Jun-2022 23:56:06.150 INFO [main] org.apache.jasper.servlet.TldScanner.scanJars At least one JAR was scanned for TLDs yet contained no TLDs. Enable debug logging for this logger for a complete list of JARs that were scanned but no TLDs were found in them. Skipping unneeded JARs during scanning can improve startup time and JSP compilation time.
07-Jun-2022 23:56:06.156 INFO [main] org.apache.catalina.startup.HostConfig.deployWAR Deployment of web application archive [/Users/moloko/Desktop/tomcat/apache-tomcat-9.0.62/webapps/authn.war] has finished in [139] ms
07-Jun-2022 23:56:06.160 INFO [main] org.apache.catalina.startup.HostConfig.deployWAR Deploying web application archive [/Users/moloko/Desktop/tomcat/apache-tomcat-9.0.62/webapps/sakai-site-pageorder-helper.war]
07-Jun-2022 23:56:06.271 INFO [main] org.apache.jasper.servlet.TldScanner.scanJars At least one JAR was scanned for TLDs yet contained no TLDs. Enable debug logging for this logger for a complete list of JARs that were scanned but no TLDs were found in them. Skipping unneeded JARs during scanning can improve startup time and JSP compilation time.
07-Jun-2022 23:56:06.952 INFO [main] org.apache.catalina.startup.HostConfig.deployWAR Deployment of web application archive [/Users/moloko/Desktop/tomcat/apache-tomcat-9.0.62/webapps/sakai-site-pageorder-helper.war] has finished in [793] ms
07-Jun-2022 23:56:06.961 INFO [main] org.apache.catalina.startup.HostConfig.deployWAR Deploying web application archive [/Users/moloko/Desktop/tomcat/apache-tomcat-9.0.62/webapps/messageforums-tool.war]
07-Jun-2022 23:56:07.439 INFO [main] org.apache.jasper.servlet.TldScanner.scanJars At least one JAR was scanned for TLDs yet contained no TLDs. Enable debug logging for this logger for a complete list of JARs that were scanned but no TLDs were found in them. Skipping unneeded JARs during scanning can improve startup time and JSP compilation time.
07-Jun-2022 23:56:07.560 WARNING [main] org.jboss.weld.util.ServiceLoader.loadClass Could not load service class org.springframework.data.jpa.repository.cdi.JpaRepositoryExtension
07-Jun-2022 23:56:08.662 INFO [main] com.sun.faces.config.ConfigureListener.contextInitialized Initializing Mojarra 2.3.9 ( 20190401-1936 77894020e94a338c9701619b7ef6e9871c5a9079) for context '/messageforums-tool'
07-Jun-2022 23:56:08.941 INFO [main] com.sun.faces.spi.InjectionProviderFactory.createInstance JSF1048: PostConstruct/PreDestroy annotations present.  ManagedBeans methods marked with these annotations will have said annotations processed.
07-Jun-2022 23:56:10.200 INFO [main] org.apache.catalina.startup.HostConfig.deployWAR Deployment of web application archive [/Users/moloko/Desktop/tomcat/apache-tomcat-9.0.62/webapps/messageforums-tool.war] has finished in [3,239] ms
07-Jun-2022 23:56:10.205 INFO [main] org.apache.catalina.startup.HostConfig.deployWAR Deploying web application archive [/Users/moloko/Desktop/tomcat/apache-tomcat-9.0.62/webapps/access.war]
07-Jun-2022 23:56:10.322 INFO [main] org.apache.jasper.servlet.TldScanner.scanJars At least one JAR was scanned for TLDs yet contained no TLDs. Enable debug logging for this logger for a complete list of JARs that were scanned but no TLDs were found in them. Skipping unneeded JARs during scanning can improve startup time and JSP compilation time.
07-Jun-2022 23:56:10.477 INFO [main] org.apache.catalina.startup.HostConfig.deployWAR Deployment of web application archive [/Users/moloko/Desktop/tomcat/apache-tomcat-9.0.62/webapps/access.war] has finished in [272] ms
07-Jun-2022 23:56:10.482 INFO [main] org.apache.catalina.startup.HostConfig.deployWAR Deploying web application archive [/Users/moloko/Desktop/tomcat/apache-tomcat-9.0.62/webapps/tool.war]
07-Jun-2022 23:56:10.586 INFO [main] org.apache.jasper.servlet.TldScanner.scanJars At least one JAR was scanned for TLDs yet contained no TLDs. Enable debug logging for this logger for a complete list of JARs that were scanned but no TLDs were found in them. Skipping unneeded JARs during scanning can improve startup time and JSP compilation time.
07-Jun-2022 23:56:10.589 INFO [main] org.apache.catalina.startup.HostConfig.deployWAR Deployment of web application archive [/Users/moloko/Desktop/tomcat/apache-tomcat-9.0.62/webapps/tool.war] has finished in [108] ms
07-Jun-2022 23:56:10.593 INFO [main] org.apache.catalina.startup.HostConfig.deployWAR Deploying web application archive [/Users/moloko/Desktop/tomcat/apache-tomcat-9.0.62/webapps/adminsiteperms.war]
07-Jun-2022 23:56:10.758 INFO [main] org.apache.jasper.servlet.TldScanner.scanJars At least one JAR was scanned for TLDs yet contained no TLDs. Enable debug logging for this logger for a complete list of JARs that were scanned but no TLDs were found in them. Skipping unneeded JARs during scanning can improve startup time and JSP compilation time.
07-Jun-2022 23:56:10.886 INFO [main] org.apache.catalina.startup.HostConfig.deployWAR Deployment of web application archive [/Users/moloko/Desktop/tomcat/apache-tomcat-9.0.62/webapps/adminsiteperms.war] has finished in [293] ms
07-Jun-2022 23:56:10.892 INFO [main] org.apache.catalina.startup.HostConfig.deployWAR Deploying web application archive [/Users/moloko/Desktop/tomcat/apache-tomcat-9.0.62/webapps/commons-tool.war]
07-Jun-2022 23:56:11.019 INFO [main] org.apache.jasper.servlet.TldScanner.scanJars At least one JAR was scanned for TLDs yet contained no TLDs. Enable debug logging for this logger for a complete list of JARs that were scanned but no TLDs were found in them. Skipping unneeded JARs during scanning can improve startup time and JSP compilation time.
07-Jun-2022 23:56:11.055 INFO [main] org.apache.catalina.startup.HostConfig.deployWAR Deployment of web application archive [/Users/moloko/Desktop/tomcat/apache-tomcat-9.0.62/webapps/commons-tool.war] has finished in [163] ms
07-Jun-2022 23:56:11.060 INFO [main] org.apache.catalina.startup.HostConfig.deployWAR Deploying web application archive [/Users/moloko/Desktop/tomcat/apache-tomcat-9.0.62/webapps/rubrics-service.war]
07-Jun-2022 23:56:11.274 INFO [main] org.apache.jasper.servlet.TldScanner.scanJars At least one JAR was scanned for TLDs yet contained no TLDs. Enable debug logging for this logger for a complete list of JARs that were scanned but no TLDs were found in them. Skipping unneeded JARs during scanning can improve startup time and JSP compilation time.
07-Jun-2022 23:56:21.697 INFO [main] org.apache.catalina.startup.HostConfig.deployWAR Deployment of web application archive [/Users/moloko/Desktop/tomcat/apache-tomcat-9.0.62/webapps/rubrics-service.war] has finished in [10,637] ms
07-Jun-2022 23:56:21.701 INFO [main] org.apache.catalina.startup.HostConfig.deployWAR Deploying web application archive [/Users/moloko/Desktop/tomcat/apache-tomcat-9.0.62/webapps/basiclti-admin-tool.war]
07-Jun-2022 23:56:21.861 INFO [main] org.apache.jasper.servlet.TldScanner.scanJars At least one JAR was scanned for TLDs yet contained no TLDs. Enable debug logging for this logger for a complete list of JARs that were scanned but no TLDs were found in them. Skipping unneeded JARs during scanning can improve startup time and JSP compilation time.
07-Jun-2022 23:56:22.065 INFO [main] org.apache.catalina.startup.HostConfig.deployWAR Deployment of web application archive [/Users/moloko/Desktop/tomcat/apache-tomcat-9.0.62/webapps/basiclti-admin-tool.war] has finished in [363] ms
07-Jun-2022 23:56:22.068 INFO [main] org.apache.catalina.startup.HostConfig.deployWAR Deploying web application archive [/Users/moloko/Desktop/tomcat/apache-tomcat-9.0.62/webapps/podcasts.war]
07-Jun-2022 23:56:22.198 INFO [main] org.apache.jasper.servlet.TldScanner.scanJars At least one JAR was scanned for TLDs yet contained no TLDs. Enable debug logging for this logger for a complete list of JARs that were scanned but no TLDs were found in them. Skipping unneeded JARs during scanning can improve startup time and JSP compilation time.
07-Jun-2022 23:56:22.202 INFO [main] org.apache.catalina.startup.HostConfig.deployWAR Deployment of web application archive [/Users/moloko/Desktop/tomcat/apache-tomcat-9.0.62/webapps/podcasts.war] has finished in [134] ms
07-Jun-2022 23:56:22.206 INFO [main] org.apache.catalina.startup.HostConfig.deployWAR Deploying web application archive [/Users/moloko/Desktop/tomcat/apache-tomcat-9.0.62/webapps/sakai-portal-render-engine-impl.war]
07-Jun-2022 23:56:22.352 INFO [main] org.apache.jasper.servlet.TldScanner.scanJars At least one JAR was scanned for TLDs yet contained no TLDs. Enable debug logging for this logger for a complete list of JARs that were scanned but no TLDs were found in them. Skipping unneeded JARs during scanning can improve startup time and JSP compilation time.
07-Jun-2022 23:56:22.448 INFO [main] org.apache.catalina.startup.HostConfig.deployWAR Deployment of web application archive [/Users/moloko/Desktop/tomcat/apache-tomcat-9.0.62/webapps/sakai-portal-render-engine-impl.war] has finished in [243] ms
07-Jun-2022 23:56:22.451 INFO [main] org.apache.catalina.startup.HostConfig.deployWAR Deploying web application archive [/Users/moloko/Desktop/tomcat/apache-tomcat-9.0.62/webapps/x.war]
07-Jun-2022 23:56:22.547 INFO [main] org.apache.jasper.servlet.TldScanner.scanJars At least one JAR was scanned for TLDs yet contained no TLDs. Enable debug logging for this logger for a complete list of JARs that were scanned but no TLDs were found in them. Skipping unneeded JARs during scanning can improve startup time and JSP compilation time.
07-Jun-2022 23:56:22.550 INFO [main] org.apache.catalina.startup.HostConfig.deployWAR Deployment of web application archive [/Users/moloko/Desktop/tomcat/apache-tomcat-9.0.62/webapps/x.war] has finished in [99] ms
07-Jun-2022 23:56:22.556 INFO [main] org.apache.catalina.startup.HostConfig.deployWAR Deploying web application archive [/Users/moloko/Desktop/tomcat/apache-tomcat-9.0.62/webapps/feedback-tool.war]
07-Jun-2022 23:56:22.707 INFO [main] org.apache.jasper.servlet.TldScanner.scanJars At least one JAR was scanned for TLDs yet contained no TLDs. Enable debug logging for this logger for a complete list of JARs that were scanned but no TLDs were found in them. Skipping unneeded JARs during scanning can improve startup time and JSP compilation time.
07-Jun-2022 23:56:22.761 INFO [main] org.apache.catalina.startup.HostConfig.deployWAR Deployment of web application archive [/Users/moloko/Desktop/tomcat/apache-tomcat-9.0.62/webapps/feedback-tool.war] has finished in [205] ms
07-Jun-2022 23:56:22.764 INFO [main] org.apache.catalina.startup.HostConfig.deployWAR Deploying web application archive [/Users/moloko/Desktop/tomcat/apache-tomcat-9.0.62/webapps/sakai-editor.war]
07-Jun-2022 23:56:22.847 INFO [main] org.apache.jasper.servlet.TldScanner.scanJars At least one JAR was scanned for TLDs yet contained no TLDs. Enable debug logging for this logger for a complete list of JARs that were scanned but no TLDs were found in them. Skipping unneeded JARs during scanning can improve startup time and JSP compilation time.
07-Jun-2022 23:56:22.850 INFO [main] org.apache.catalina.startup.HostConfig.deployWAR Deployment of web application archive [/Users/moloko/Desktop/tomcat/apache-tomcat-9.0.62/webapps/sakai-editor.war] has finished in [86] ms
07-Jun-2022 23:56:22.855 INFO [main] org.apache.catalina.startup.HostConfig.deployWAR Deploying web application archive [/Users/moloko/Desktop/tomcat/apache-tomcat-9.0.62/webapps/sakai-rwiki-tool.war]
07-Jun-2022 23:56:23.105 INFO [main] org.apache.jasper.servlet.TldScanner.scanJars At least one JAR was scanned for TLDs yet contained no TLDs. Enable debug logging for this logger for a complete list of JARs that were scanned but no TLDs were found in them. Skipping unneeded JARs during scanning can improve startup time and JSP compilation time.
07-Jun-2022 23:56:23.344 INFO [main] org.apache.catalina.startup.HostConfig.deployWAR Deployment of web application archive [/Users/moloko/Desktop/tomcat/apache-tomcat-9.0.62/webapps/sakai-rwiki-tool.war] has finished in [489] ms
07-Jun-2022 23:56:23.355 INFO [main] org.apache.catalina.startup.HostConfig.deployWAR Deploying web application archive [/Users/moloko/Desktop/tomcat/apache-tomcat-9.0.62/webapps/samigo-app.war]
07-Jun-2022 23:56:24.090 INFO [main] org.apache.jasper.servlet.TldScanner.scanJars At least one JAR was scanned for TLDs yet contained no TLDs. Enable debug logging for this logger for a complete list of JARs that were scanned but no TLDs were found in them. Skipping unneeded JARs during scanning can improve startup time and JSP compilation time.
07-Jun-2022 23:56:24.254 WARNING [main] org.jboss.weld.util.ServiceLoader.loadClass Could not load service class org.springframework.data.jpa.repository.cdi.JpaRepositoryExtension
07-Jun-2022 23:56:27.967 INFO [main] com.sun.faces.config.ConfigureListener.contextInitialized Initializing Mojarra 2.3.9 ( 20190401-1936 77894020e94a338c9701619b7ef6e9871c5a9079) for context '/samigo-app'
07-Jun-2022 23:56:28.477 INFO [main] com.sun.faces.spi.InjectionProviderFactory.createInstance JSF1048: PostConstruct/PreDestroy annotations present.  ManagedBeans methods marked with these annotations will have said annotations processed.
07-Jun-2022 23:56:29.748 INFO [main] org.apache.catalina.startup.HostConfig.deployWAR Deployment of web application archive [/Users/moloko/Desktop/tomcat/apache-tomcat-9.0.62/webapps/samigo-app.war] has finished in [6,392] ms
07-Jun-2022 23:56:29.755 INFO [main] org.apache.catalina.startup.HostConfig.deployWAR Deploying web application archive [/Users/moloko/Desktop/tomcat/apache-tomcat-9.0.62/webapps/profile2-tool.war]
07-Jun-2022 23:56:30.175 INFO [main] org.apache.jasper.servlet.TldScanner.scanJars At least one JAR was scanned for TLDs yet contained no TLDs. Enable debug logging for this logger for a complete list of JARs that were scanned but no TLDs were found in them. Skipping unneeded JARs during scanning can improve startup time and JSP compilation time.
07-Jun-2022 23:56:30.653 INFO [main] org.apache.catalina.startup.HostConfig.deployWAR Deployment of web application archive [/Users/moloko/Desktop/tomcat/apache-tomcat-9.0.62/webapps/profile2-tool.war] has finished in [897] ms
07-Jun-2022 23:56:30.660 INFO [main] org.apache.catalina.startup.HostConfig.deployWAR Deploying web application archive [/Users/moloko/Desktop/tomcat/apache-tomcat-9.0.62/webapps/myconnections.war]
07-Jun-2022 23:56:30.868 INFO [main] org.apache.jasper.servlet.TldScanner.scanJars At least one JAR was scanned for TLDs yet contained no TLDs. Enable debug logging for this logger for a complete list of JARs that were scanned but no TLDs were found in them. Skipping unneeded JARs during scanning can improve startup time and JSP compilation time.
07-Jun-2022 23:56:31.198 INFO [main] org.apache.catalina.startup.HostConfig.deployWAR Deployment of web application archive [/Users/moloko/Desktop/tomcat/apache-tomcat-9.0.62/webapps/myconnections.war] has finished in [538] ms
07-Jun-2022 23:56:31.204 INFO [main] org.apache.catalina.startup.HostConfig.deployWAR Deploying web application archive [/Users/moloko/Desktop/tomcat/apache-tomcat-9.0.62/webapps/oauth-tool.war]
07-Jun-2022 23:56:31.359 INFO [main] org.apache.jasper.servlet.TldScanner.scanJars At least one JAR was scanned for TLDs yet contained no TLDs. Enable debug logging for this logger for a complete list of JARs that were scanned but no TLDs were found in them. Skipping unneeded JARs during scanning can improve startup time and JSP compilation time.
07-Jun-2022 23:56:31.621 INFO [main] org.apache.catalina.startup.HostConfig.deployWAR Deployment of web application archive [/Users/moloko/Desktop/tomcat/apache-tomcat-9.0.62/webapps/oauth-tool.war] has finished in [417] ms
07-Jun-2022 23:56:31.624 INFO [main] org.apache.catalina.startup.HostConfig.deployWAR Deploying web application archive [/Users/moloko/Desktop/tomcat/apache-tomcat-9.0.62/webapps/wiki.war]
07-Jun-2022 23:56:31.711 INFO [main] org.apache.jasper.servlet.TldScanner.scanJars At least one JAR was scanned for TLDs yet contained no TLDs. Enable debug logging for this logger for a complete list of JARs that were scanned but no TLDs were found in them. Skipping unneeded JARs during scanning can improve startup time and JSP compilation time.
07-Jun-2022 23:56:31.715 INFO [main] org.apache.catalina.startup.HostConfig.deployWAR Deployment of web application archive [/Users/moloko/Desktop/tomcat/apache-tomcat-9.0.62/webapps/wiki.war] has finished in [91] ms
07-Jun-2022 23:56:31.718 INFO [main] org.apache.catalina.startup.HostConfig.deployWAR Deploying web application archive [/Users/moloko/Desktop/tomcat/apache-tomcat-9.0.62/webapps/sakai-mailarchive-tool.war]
07-Jun-2022 23:56:31.864 INFO [main] org.apache.jasper.servlet.TldScanner.scanJars At least one JAR was scanned for TLDs yet contained no TLDs. Enable debug logging for this logger for a complete list of JARs that were scanned but no TLDs were found in them. Skipping unneeded JARs during scanning can improve startup time and JSP compilation time.
07-Jun-2022 23:56:32.048 INFO [main] org.apache.catalina.startup.HostConfig.deployWAR Deployment of web application archive [/Users/moloko/Desktop/tomcat/apache-tomcat-9.0.62/webapps/sakai-mailarchive-tool.war] has finished in [330] ms
07-Jun-2022 23:56:32.056 INFO [main] org.apache.catalina.startup.HostConfig.deployDirectory Deploying web application directory [/Users/moloko/Desktop/tomcat/apache-tomcat-9.0.62/webapps/docs]
07-Jun-2022 23:56:32.137 INFO [main] org.apache.jasper.servlet.TldScanner.scanJars At least one JAR was scanned for TLDs yet contained no TLDs. Enable debug logging for this logger for a complete list of JARs that were scanned but no TLDs were found in them. Skipping unneeded JARs during scanning can improve startup time and JSP compilation time.
07-Jun-2022 23:56:32.139 INFO [main] org.apache.catalina.startup.HostConfig.deployDirectory Deployment of web application directory [/Users/moloko/Desktop/tomcat/apache-tomcat-9.0.62/webapps/docs] has finished in [83] ms
07-Jun-2022 23:56:32.141 INFO [main] org.apache.catalina.startup.HostConfig.deployDirectory Deploying web application directory [/Users/moloko/Desktop/tomcat/apache-tomcat-9.0.62/webapps/manager]
07-Jun-2022 23:56:32.271 INFO [main] org.apache.jasper.servlet.TldScanner.scanJars At least one JAR was scanned for TLDs yet contained no TLDs. Enable debug logging for this logger for a complete list of JARs that were scanned but no TLDs were found in them. Skipping unneeded JARs during scanning can improve startup time and JSP compilation time.
07-Jun-2022 23:56:32.282 INFO [main] org.apache.catalina.startup.HostConfig.deployDirectory Deployment of web application directory [/Users/moloko/Desktop/tomcat/apache-tomcat-9.0.62/webapps/manager] has finished in [141] ms
07-Jun-2022 23:56:32.284 INFO [main] org.apache.catalina.startup.HostConfig.deployDirectory Deploying web application directory [/Users/moloko/Desktop/tomcat/apache-tomcat-9.0.62/webapps/examples]
07-Jun-2022 23:56:32.507 INFO [main] org.apache.jasper.servlet.TldScanner.scanJars At least one JAR was scanned for TLDs yet contained no TLDs. Enable debug logging for this logger for a complete list of JARs that were scanned but no TLDs were found in them. Skipping unneeded JARs during scanning can improve startup time and JSP compilation time.
07-Jun-2022 23:56:32.519 INFO [main] org.apache.catalina.startup.HostConfig.deployDirectory Deployment of web application directory [/Users/moloko/Desktop/tomcat/apache-tomcat-9.0.62/webapps/examples] has finished in [235] ms
07-Jun-2022 23:56:32.520 INFO [main] org.apache.catalina.startup.HostConfig.deployDirectory Deploying web application directory [/Users/moloko/Desktop/tomcat/apache-tomcat-9.0.62/webapps/ROOT]
07-Jun-2022 23:56:32.598 INFO [main] org.apache.jasper.servlet.TldScanner.scanJars At least one JAR was scanned for TLDs yet contained no TLDs. Enable debug logging for this logger for a complete list of JARs that were scanned but no TLDs were found in them. Skipping unneeded JARs during scanning can improve startup time and JSP compilation time.
07-Jun-2022 23:56:32.600 INFO [main] org.apache.catalina.startup.HostConfig.deployDirectory Deployment of web application directory [/Users/moloko/Desktop/tomcat/apache-tomcat-9.0.62/webapps/ROOT] has finished in [79] ms
07-Jun-2022 23:56:32.601 INFO [main] org.apache.catalina.startup.HostConfig.deployDirectory Deploying web application directory [/Users/moloko/Desktop/tomcat/apache-tomcat-9.0.62/webapps/host-manager]
07-Jun-2022 23:56:32.684 INFO [main] org.apache.jasper.servlet.TldScanner.scanJars At least one JAR was scanned for TLDs yet contained no TLDs. Enable debug logging for this logger for a complete list of JARs that were scanned but no TLDs were found in them. Skipping unneeded JARs during scanning can improve startup time and JSP compilation time.
07-Jun-2022 23:56:32.686 INFO [main] org.apache.catalina.startup.HostConfig.deployDirectory Deployment of web application directory [/Users/moloko/Desktop/tomcat/apache-tomcat-9.0.62/webapps/host-manager] has finished in [85] ms
07-Jun-2022 23:56:32.700 INFO [main] org.apache.coyote.AbstractProtocol.start Starting ProtocolHandler ["http-nio-8080"]
07-Jun-2022 23:56:32.721 INFO [main] org.apache.catalina.startup.Catalina.start Server startup in [88984] milliseconds
