24-May-2022 06:35:09.529 WARNING [main] org.apache.tomcat.util.digester.SetPropertiesRule.begin Match [Server/Service/Connector] failed to set property [Connector] to [org.apache.coyote.http11.Http11NioProtocol]
24-May-2022 06:35:09.585 INFO [main] org.apache.catalina.startup.VersionLoggerListener.log Server version name:   Apache Tomcat/9.0.62
24-May-2022 06:35:09.585 INFO [main] org.apache.catalina.startup.VersionLoggerListener.log Server built:          Mar 31 2022 14:34:15 UTC
24-May-2022 06:35:09.585 INFO [main] org.apache.catalina.startup.VersionLoggerListener.log Server version number: 9.0.62.0
24-May-2022 06:35:09.585 INFO [main] org.apache.catalina.startup.VersionLoggerListener.log OS Name:               Mac OS X
24-May-2022 06:35:09.585 INFO [main] org.apache.catalina.startup.VersionLoggerListener.log OS Version:            12.3.1
24-May-2022 06:35:09.585 INFO [main] org.apache.catalina.startup.VersionLoggerListener.log Architecture:          x86_64
24-May-2022 06:35:09.586 INFO [main] org.apache.catalina.startup.VersionLoggerListener.log Java Home:             /Library/Java/JavaVirtualMachines/ibm-semeru-open-8.jdk/Contents/Home/jre
24-May-2022 06:35:09.586 INFO [main] org.apache.catalina.startup.VersionLoggerListener.log JVM Version:           1.8.0_322-b06
24-May-2022 06:35:09.586 INFO [main] org.apache.catalina.startup.VersionLoggerListener.log JVM Vendor:            Eclipse OpenJ9
24-May-2022 06:35:09.586 INFO [main] org.apache.catalina.startup.VersionLoggerListener.log CATALINA_BASE:         /Users/moloko/Desktop/tomcat/apache-tomcat-9.0.62
24-May-2022 06:35:09.586 INFO [main] org.apache.catalina.startup.VersionLoggerListener.log CATALINA_HOME:         /Users/moloko/Desktop/tomcat/apache-tomcat-9.0.62
24-May-2022 06:35:09.586 INFO [main] org.apache.catalina.startup.VersionLoggerListener.log Command line argument: -Xoptionsfile=/Library/Java/JavaVirtualMachines/ibm-semeru-open-8.jdk/Contents/Home/jre/lib/default/options.default
24-May-2022 06:35:09.586 INFO [main] org.apache.catalina.startup.VersionLoggerListener.log Command line argument: -Xlockword:mode=default,noLockword=java/lang/String,noLockword=java/util/MapEntry,noLockword=java/util/HashMap$Entry,noLockword=org/apache/harmony/luni/util/ModifiedMap$Entry,noLockword=java/util/Hashtable$Entry,noLockword=java/lang/invoke/MethodType,noLockword=java/lang/invoke/MethodHandle,noLockword=java/lang/invoke/CollectHandle,noLockword=java/lang/invoke/ConstructorHandle,noLockword=java/lang/invoke/ConvertHandle,noLockword=java/lang/invoke/ArgumentConversionHandle,noLockword=java/lang/invoke/AsTypeHandle,noLockword=java/lang/invoke/ExplicitCastHandle,noLockword=java/lang/invoke/FilterReturnHandle,noLockword=java/lang/invoke/DirectHandle,noLockword=java/lang/invoke/ReceiverBoundHandle,noLockword=java/lang/invoke/DynamicInvokerHandle,noLockword=java/lang/invoke/FieldHandle,noLockword=java/lang/invoke/FieldGetterHandle,noLockword=java/lang/invoke/FieldSetterHandle,noLockword=java/lang/invoke/StaticFieldGetterHandle,noLockword=java/lang/invoke/StaticFieldSetterHandle,noLockword=java/lang/invoke/IndirectHandle,noLockword=java/lang/invoke/InterfaceHandle,noLockword=java/lang/invoke/VirtualHandle,noLockword=java/lang/invoke/PrimitiveHandle,noLockword=java/lang/invoke/InvokeExactHandle,noLockword=java/lang/invoke/InvokeGenericHandle,noLockword=java/lang/invoke/VarargsCollectorHandle,noLockword=java/lang/invoke/ThunkTuple
24-May-2022 06:35:09.587 INFO [main] org.apache.catalina.startup.VersionLoggerListener.log Command line argument: -Xjcl:jclse29
24-May-2022 06:35:09.587 INFO [main] org.apache.catalina.startup.VersionLoggerListener.log Command line argument: -Dcom.ibm.oti.vm.bootstrap.library.path=/Library/Java/JavaVirtualMachines/ibm-semeru-open-8.jdk/Contents/Home/jre/lib/default:/Library/Java/JavaVirtualMachines/ibm-semeru-open-8.jdk/Contents/Home/jre/lib
24-May-2022 06:35:09.587 INFO [main] org.apache.catalina.startup.VersionLoggerListener.log Command line argument: -Dsun.boot.library.path=/Library/Java/JavaVirtualMachines/ibm-semeru-open-8.jdk/Contents/Home/jre/lib/default:/Library/Java/JavaVirtualMachines/ibm-semeru-open-8.jdk/Contents/Home/jre/lib
24-May-2022 06:35:09.587 INFO [main] org.apache.catalina.startup.VersionLoggerListener.log Command line argument: -Djava.library.path=/Library/Java/JavaVirtualMachines/ibm-semeru-open-8.jdk/Contents/Home/jre/lib/default:/Library/Java/JavaVirtualMachines/ibm-semeru-open-8.jdk/Contents/Home/jre/lib:/usr/lib
24-May-2022 06:35:09.587 INFO [main] org.apache.catalina.startup.VersionLoggerListener.log Command line argument: -Djava.home=/Library/Java/JavaVirtualMachines/ibm-semeru-open-8.jdk/Contents/Home/jre
24-May-2022 06:35:09.587 INFO [main] org.apache.catalina.startup.VersionLoggerListener.log Command line argument: -Djava.ext.dirs=/Library/Java/JavaVirtualMachines/ibm-semeru-open-8.jdk/Contents/Home/jre/lib/ext
24-May-2022 06:35:09.587 INFO [main] org.apache.catalina.startup.VersionLoggerListener.log Command line argument: -Duser.dir=/Users/moloko/Desktop/tomcat/apache-tomcat-9.0.62/bin
24-May-2022 06:35:09.587 INFO [main] org.apache.catalina.startup.VersionLoggerListener.log Command line argument: -Djava.class.path=.
24-May-2022 06:35:09.587 INFO [main] org.apache.catalina.startup.VersionLoggerListener.log Command line argument: -Djava.util.logging.config.file=/Users/moloko/Desktop/tomcat/apache-tomcat-9.0.62/conf/logging.properties
24-May-2022 06:35:09.587 INFO [main] org.apache.catalina.startup.VersionLoggerListener.log Command line argument: -Djava.util.logging.manager=org.apache.juli.ClassLoaderLogManager
24-May-2022 06:35:09.587 INFO [main] org.apache.catalina.startup.VersionLoggerListener.log Command line argument: -server
24-May-2022 06:35:09.588 INFO [main] org.apache.catalina.startup.VersionLoggerListener.log Command line argument: -Xms1g
24-May-2022 06:35:09.588 INFO [main] org.apache.catalina.startup.VersionLoggerListener.log Command line argument: -Xmx2g
24-May-2022 06:35:09.588 INFO [main] org.apache.catalina.startup.VersionLoggerListener.log Command line argument: -Djava.awt.headless=true
24-May-2022 06:35:09.588 INFO [main] org.apache.catalina.startup.VersionLoggerListener.log Command line argument: -XX:+UseCompressedOops
24-May-2022 06:35:09.588 INFO [main] org.apache.catalina.startup.VersionLoggerListener.log Command line argument: -XX:+UseConcMarkSweepGC
24-May-2022 06:35:09.588 INFO [main] org.apache.catalina.startup.VersionLoggerListener.log Command line argument: -XX:+DisableExplicitGC
24-May-2022 06:35:09.588 INFO [main] org.apache.catalina.startup.VersionLoggerListener.log Command line argument: -Dhttp.agent=Sakai
24-May-2022 06:35:09.588 INFO [main] org.apache.catalina.startup.VersionLoggerListener.log Command line argument: -Dorg.apache.jasper.compiler.Parser.STRICT_QUOTE_ESCAPING=false
24-May-2022 06:35:09.588 INFO [main] org.apache.catalina.startup.VersionLoggerListener.log Command line argument: -Djava.util.Arrays.useLegacyMergeSort=true
24-May-2022 06:35:09.588 INFO [main] org.apache.catalina.startup.VersionLoggerListener.log Command line argument: -Dsakai.security=/Users/moloko/Desktop/tomcat/apache-tomcat-9.0.62/sakai/
24-May-2022 06:35:09.588 INFO [main] org.apache.catalina.startup.VersionLoggerListener.log Command line argument: -Duser.timezone=US/Eastern
24-May-2022 06:35:09.588 INFO [main] org.apache.catalina.startup.VersionLoggerListener.log Command line argument: -Dsakai.cookieName=SAKAI2SESSIONID
24-May-2022 06:35:09.588 INFO [main] org.apache.catalina.startup.VersionLoggerListener.log Command line argument: -Dcom.sun.management.jmxremote
24-May-2022 06:35:09.588 INFO [main] org.apache.catalina.startup.VersionLoggerListener.log Command line argument: -Dcom.sun.management.jmxremote.port=8089
24-May-2022 06:35:09.588 INFO [main] org.apache.catalina.startup.VersionLoggerListener.log Command line argument: -Dcom.sun.management.jmxremote.local.only=false
24-May-2022 06:35:09.588 INFO [main] org.apache.catalina.startup.VersionLoggerListener.log Command line argument: -Dcom.sun.management.jmxremote.authenticate=false
24-May-2022 06:35:09.589 INFO [main] org.apache.catalina.startup.VersionLoggerListener.log Command line argument: -Dcom.sun.management.jmxremote.ssl=false
24-May-2022 06:35:09.589 INFO [main] org.apache.catalina.startup.VersionLoggerListener.log Command line argument: -Djdk.tls.ephemeralDHKeySize=2048
24-May-2022 06:35:09.589 INFO [main] org.apache.catalina.startup.VersionLoggerListener.log Command line argument: -Djava.protocol.handler.pkgs=org.apache.catalina.webresources
24-May-2022 06:35:09.589 INFO [main] org.apache.catalina.startup.VersionLoggerListener.log Command line argument: -Dorg.apache.catalina.security.SecurityListener.UMASK=0027
24-May-2022 06:35:09.589 INFO [main] org.apache.catalina.startup.VersionLoggerListener.log Command line argument: -Djava.endorsed.dirs=/Users/moloko/Desktop/tomcat/apache-tomcat-9.0.62/endorsed
24-May-2022 06:35:09.589 INFO [main] org.apache.catalina.startup.VersionLoggerListener.log Command line argument: -Djava.class.path=/Users/moloko/Desktop/tomcat/apache-tomcat-9.0.62/bin/bootstrap.jar:/Users/moloko/Desktop/tomcat/apache-tomcat-9.0.62/bin/tomcat-juli.jar
24-May-2022 06:35:09.589 INFO [main] org.apache.catalina.startup.VersionLoggerListener.log Command line argument: -Dcatalina.base=/Users/moloko/Desktop/tomcat/apache-tomcat-9.0.62
24-May-2022 06:35:09.589 INFO [main] org.apache.catalina.startup.VersionLoggerListener.log Command line argument: -Dcatalina.home=/Users/moloko/Desktop/tomcat/apache-tomcat-9.0.62
24-May-2022 06:35:09.589 INFO [main] org.apache.catalina.startup.VersionLoggerListener.log Command line argument: -Djava.io.tmpdir=/Users/moloko/Desktop/tomcat/apache-tomcat-9.0.62/temp
24-May-2022 06:35:09.589 INFO [main] org.apache.catalina.startup.VersionLoggerListener.log Command line argument: -Dsun.java.command=org.apache.catalina.startup.Bootstrap start
24-May-2022 06:35:09.589 INFO [main] org.apache.catalina.startup.VersionLoggerListener.log Command line argument: -Dsun.java.launcher=SUN_STANDARD
24-May-2022 06:35:09.604 INFO [main] org.apache.catalina.core.AprLifecycleListener.lifecycleEvent The Apache Tomcat Native library which allows using OpenSSL was not found on the java.library.path: [/Library/Java/JavaVirtualMachines/ibm-semeru-open-8.jdk/Contents/Home/jre/lib/default:/Library/Java/JavaVirtualMachines/ibm-semeru-open-8.jdk/Contents/Home/jre/lib:/usr/lib]
24-May-2022 06:35:09.933 INFO [main] org.apache.coyote.AbstractProtocol.init Initializing ProtocolHandler ["http-nio-8080"]
24-May-2022 06:35:09.963 INFO [main] org.apache.catalina.startup.Catalina.load Server initialization in [621] milliseconds
24-May-2022 06:35:09.996 INFO [main] org.apache.catalina.core.StandardService.startInternal Starting service [Catalina]
24-May-2022 06:35:09.996 INFO [main] org.apache.catalina.core.StandardEngine.startInternal Starting Servlet engine: [Apache Tomcat/9.0.62]
24-May-2022 06:35:10.023 INFO [main] org.apache.catalina.startup.HostConfig.deployWAR Deploying web application archive [/Users/moloko/Desktop/tomcat/apache-tomcat-9.0.62/webapps/providers.war]
24-May-2022 06:35:10.498 INFO [main] org.apache.jasper.servlet.TldScanner.scanJars At least one JAR was scanned for TLDs yet contained no TLDs. Enable debug logging for this logger for a complete list of JARs that were scanned but no TLDs were found in them. Skipping unneeded JARs during scanning can improve startup time and JSP compilation time.
24-May-2022 06:35:37.632 INFO [main] org.apache.catalina.startup.HostConfig.deployWAR Deployment of web application archive [/Users/moloko/Desktop/tomcat/apache-tomcat-9.0.62/webapps/providers.war] has finished in [27,609] ms
24-May-2022 06:35:37.634 INFO [main] org.apache.catalina.startup.HostConfig.deployWAR Deploying web application archive [/Users/moloko/Desktop/tomcat/apache-tomcat-9.0.62/webapps/userauditservice-tool.war]
24-May-2022 06:35:37.992 INFO [main] org.apache.jasper.servlet.TldScanner.scanJars At least one JAR was scanned for TLDs yet contained no TLDs. Enable debug logging for this logger for a complete list of JARs that were scanned but no TLDs were found in them. Skipping unneeded JARs during scanning can improve startup time and JSP compilation time.
24-May-2022 06:35:38.743 INFO [main] org.apache.catalina.startup.HostConfig.deployWAR Deployment of web application archive [/Users/moloko/Desktop/tomcat/apache-tomcat-9.0.62/webapps/userauditservice-tool.war] has finished in [1,109] ms
24-May-2022 06:35:38.746 INFO [main] org.apache.catalina.startup.HostConfig.deployWAR Deploying web application archive [/Users/moloko/Desktop/tomcat/apache-tomcat-9.0.62/webapps/mailsender-tool.war]
24-May-2022 06:35:38.941 INFO [main] org.apache.jasper.servlet.TldScanner.scanJars At least one JAR was scanned for TLDs yet contained no TLDs. Enable debug logging for this logger for a complete list of JARs that were scanned but no TLDs were found in them. Skipping unneeded JARs during scanning can improve startup time and JSP compilation time.
24-May-2022 06:35:40.038 INFO [main] org.apache.catalina.startup.HostConfig.deployWAR Deployment of web application archive [/Users/moloko/Desktop/tomcat/apache-tomcat-9.0.62/webapps/mailsender-tool.war] has finished in [1,292] ms
24-May-2022 06:35:40.040 INFO [main] org.apache.catalina.startup.HostConfig.deployWAR Deploying web application archive [/Users/moloko/Desktop/tomcat/apache-tomcat-9.0.62/webapps/sakai-user-tool-admin-prefs.war]
24-May-2022 06:35:40.223 INFO [main] org.apache.jasper.servlet.TldScanner.scanJars At least one JAR was scanned for TLDs yet contained no TLDs. Enable debug logging for this logger for a complete list of JARs that were scanned but no TLDs were found in them. Skipping unneeded JARs during scanning can improve startup time and JSP compilation time.
24-May-2022 06:35:40.618 INFO [main] org.apache.catalina.startup.HostConfig.deployWAR Deployment of web application archive [/Users/moloko/Desktop/tomcat/apache-tomcat-9.0.62/webapps/sakai-user-tool-admin-prefs.war] has finished in [578] ms
24-May-2022 06:35:40.620 INFO [main] org.apache.catalina.startup.HostConfig.deployWAR Deploying web application archive [/Users/moloko/Desktop/tomcat/apache-tomcat-9.0.62/webapps/admin-tool-su.war]
24-May-2022 06:35:40.791 INFO [main] org.apache.jasper.servlet.TldScanner.scanJars At least one JAR was scanned for TLDs yet contained no TLDs. Enable debug logging for this logger for a complete list of JARs that were scanned but no TLDs were found in them. Skipping unneeded JARs during scanning can improve startup time and JSP compilation time.
24-May-2022 06:35:41.265 INFO [main] org.apache.catalina.startup.HostConfig.deployWAR Deployment of web application archive [/Users/moloko/Desktop/tomcat/apache-tomcat-9.0.62/webapps/admin-tool-su.war] has finished in [645] ms
24-May-2022 06:35:41.268 INFO [main] org.apache.catalina.startup.HostConfig.deployWAR Deploying web application archive [/Users/moloko/Desktop/tomcat/apache-tomcat-9.0.62/webapps/sakai-assignment-tool.war]
24-May-2022 06:35:41.538 INFO [main] org.apache.jasper.servlet.TldScanner.scanJars At least one JAR was scanned for TLDs yet contained no TLDs. Enable debug logging for this logger for a complete list of JARs that were scanned but no TLDs were found in them. Skipping unneeded JARs during scanning can improve startup time and JSP compilation time.
24-May-2022 06:35:41.776 INFO [main] org.apache.catalina.startup.HostConfig.deployWAR Deployment of web application archive [/Users/moloko/Desktop/tomcat/apache-tomcat-9.0.62/webapps/sakai-assignment-tool.war] has finished in [508] ms
24-May-2022 06:35:41.778 INFO [main] org.apache.catalina.startup.HostConfig.deployWAR Deploying web application archive [/Users/moloko/Desktop/tomcat/apache-tomcat-9.0.62/webapps/login-render-engine-impl.war]
24-May-2022 06:35:41.887 INFO [main] org.apache.jasper.servlet.TldScanner.scanJars At least one JAR was scanned for TLDs yet contained no TLDs. Enable debug logging for this logger for a complete list of JARs that were scanned but no TLDs were found in them. Skipping unneeded JARs during scanning can improve startup time and JSP compilation time.
24-May-2022 06:35:41.979 INFO [main] org.apache.catalina.startup.HostConfig.deployWAR Deployment of web application archive [/Users/moloko/Desktop/tomcat/apache-tomcat-9.0.62/webapps/login-render-engine-impl.war] has finished in [202] ms
24-May-2022 06:35:41.981 INFO [main] org.apache.catalina.startup.HostConfig.deployWAR Deploying web application archive [/Users/moloko/Desktop/tomcat/apache-tomcat-9.0.62/webapps/sakai-message-bundle-manager-tool.war]
24-May-2022 06:35:42.108 INFO [main] org.apache.jasper.servlet.TldScanner.scanJars At least one JAR was scanned for TLDs yet contained no TLDs. Enable debug logging for this logger for a complete list of JARs that were scanned but no TLDs were found in them. Skipping unneeded JARs during scanning can improve startup time and JSP compilation time.
24-May-2022 06:35:43.091 INFO [main] org.apache.catalina.startup.HostConfig.deployWAR Deployment of web application archive [/Users/moloko/Desktop/tomcat/apache-tomcat-9.0.62/webapps/sakai-message-bundle-manager-tool.war] has finished in [1,110] ms
24-May-2022 06:35:43.094 INFO [main] org.apache.catalina.startup.HostConfig.deployWAR Deploying web application archive [/Users/moloko/Desktop/tomcat/apache-tomcat-9.0.62/webapps/sakai-login-tool.war]
24-May-2022 06:35:43.285 INFO [main] org.apache.jasper.servlet.TldScanner.scanJars At least one JAR was scanned for TLDs yet contained no TLDs. Enable debug logging for this logger for a complete list of JARs that were scanned but no TLDs were found in them. Skipping unneeded JARs during scanning can improve startup time and JSP compilation time.
24-May-2022 06:35:43.302 INFO [main] org.apache.catalina.startup.HostConfig.deployWAR Deployment of web application archive [/Users/moloko/Desktop/tomcat/apache-tomcat-9.0.62/webapps/sakai-login-tool.war] has finished in [208] ms
24-May-2022 06:35:43.304 INFO [main] org.apache.catalina.startup.HostConfig.deployWAR Deploying web application archive [/Users/moloko/Desktop/tomcat/apache-tomcat-9.0.62/webapps/sakai-announcement-tool.war]
24-May-2022 06:35:43.491 INFO [main] org.apache.jasper.servlet.TldScanner.scanJars At least one JAR was scanned for TLDs yet contained no TLDs. Enable debug logging for this logger for a complete list of JARs that were scanned but no TLDs were found in them. Skipping unneeded JARs during scanning can improve startup time and JSP compilation time.
24-May-2022 06:35:43.677 INFO [main] org.apache.catalina.startup.HostConfig.deployWAR Deployment of web application archive [/Users/moloko/Desktop/tomcat/apache-tomcat-9.0.62/webapps/sakai-announcement-tool.war] has finished in [373] ms
24-May-2022 06:35:43.680 INFO [main] org.apache.catalina.startup.HostConfig.deployWAR Deploying web application archive [/Users/moloko/Desktop/tomcat/apache-tomcat-9.0.62/webapps/sakai-site-manage-participant-helper.war]
24-May-2022 06:35:43.849 INFO [main] org.apache.jasper.servlet.TldScanner.scanJars At least one JAR was scanned for TLDs yet contained no TLDs. Enable debug logging for this logger for a complete list of JARs that were scanned but no TLDs were found in them. Skipping unneeded JARs during scanning can improve startup time and JSP compilation time.
24-May-2022 06:35:44.655 INFO [main] org.apache.catalina.startup.HostConfig.deployWAR Deployment of web application archive [/Users/moloko/Desktop/tomcat/apache-tomcat-9.0.62/webapps/sakai-site-manage-participant-helper.war] has finished in [975] ms
24-May-2022 06:35:44.658 INFO [main] org.apache.catalina.startup.HostConfig.deployWAR Deploying web application archive [/Users/moloko/Desktop/tomcat/apache-tomcat-9.0.62/webapps/sakai-roster2-tool.war]
24-May-2022 06:35:44.883 INFO [main] org.apache.jasper.servlet.TldScanner.scanJars At least one JAR was scanned for TLDs yet contained no TLDs. Enable debug logging for this logger for a complete list of JARs that were scanned but no TLDs were found in them. Skipping unneeded JARs during scanning can improve startup time and JSP compilation time.
24-May-2022 06:35:44.955 INFO [main] org.apache.catalina.startup.HostConfig.deployWAR Deployment of web application archive [/Users/moloko/Desktop/tomcat/apache-tomcat-9.0.62/webapps/sakai-roster2-tool.war] has finished in [297] ms
24-May-2022 06:35:44.957 INFO [main] org.apache.catalina.startup.HostConfig.deployWAR Deploying web application archive [/Users/moloko/Desktop/tomcat/apache-tomcat-9.0.62/webapps/sakai-acadtermmanage-tool.war]
24-May-2022 06:35:45.152 INFO [main] org.apache.jasper.servlet.TldScanner.scanJars At least one JAR was scanned for TLDs yet contained no TLDs. Enable debug logging for this logger for a complete list of JARs that were scanned but no TLDs were found in them. Skipping unneeded JARs during scanning can improve startup time and JSP compilation time.
24-May-2022 06:35:45.501 INFO [main] org.apache.catalina.startup.HostConfig.deployWAR Deployment of web application archive [/Users/moloko/Desktop/tomcat/apache-tomcat-9.0.62/webapps/sakai-acadtermmanage-tool.war] has finished in [544] ms
24-May-2022 06:35:45.505 INFO [main] org.apache.catalina.startup.HostConfig.deployWAR Deploying web application archive [/Users/moloko/Desktop/tomcat/apache-tomcat-9.0.62/webapps/sitestats-tool.war]
24-May-2022 06:35:46.122 INFO [main] org.apache.jasper.servlet.TldScanner.scanJars At least one JAR was scanned for TLDs yet contained no TLDs. Enable debug logging for this logger for a complete list of JARs that were scanned but no TLDs were found in them. Skipping unneeded JARs during scanning can improve startup time and JSP compilation time.
24-May-2022 06:35:46.271 INFO [main] org.apache.catalina.startup.HostConfig.deployWAR Deployment of web application archive [/Users/moloko/Desktop/tomcat/apache-tomcat-9.0.62/webapps/sitestats-tool.war] has finished in [766] ms
24-May-2022 06:35:46.275 INFO [main] org.apache.catalina.startup.HostConfig.deployWAR Deploying web application archive [/Users/moloko/Desktop/tomcat/apache-tomcat-9.0.62/webapps/dav.war]
24-May-2022 06:35:46.410 INFO [main] org.apache.jasper.servlet.TldScanner.scanJars At least one JAR was scanned for TLDs yet contained no TLDs. Enable debug logging for this logger for a complete list of JARs that were scanned but no TLDs were found in them. Skipping unneeded JARs during scanning can improve startup time and JSP compilation time.
24-May-2022 06:35:46.419 INFO [main] org.apache.catalina.startup.HostConfig.deployWAR Deployment of web application archive [/Users/moloko/Desktop/tomcat/apache-tomcat-9.0.62/webapps/dav.war] has finished in [144] ms
24-May-2022 06:35:46.422 INFO [main] org.apache.catalina.startup.HostConfig.deployWAR Deploying web application archive [/Users/moloko/Desktop/tomcat/apache-tomcat-9.0.62/webapps/sakai-onedrive-tool.war]
24-May-2022 06:35:46.549 INFO [main] org.apache.jasper.servlet.TldScanner.scanJars At least one JAR was scanned for TLDs yet contained no TLDs. Enable debug logging for this logger for a complete list of JARs that were scanned but no TLDs were found in them. Skipping unneeded JARs during scanning can improve startup time and JSP compilation time.
24-May-2022 06:35:46.989 INFO [main] org.apache.catalina.startup.HostConfig.deployWAR Deployment of web application archive [/Users/moloko/Desktop/tomcat/apache-tomcat-9.0.62/webapps/sakai-onedrive-tool.war] has finished in [567] ms
24-May-2022 06:35:46.991 INFO [main] org.apache.catalina.startup.HostConfig.deployWAR Deploying web application archive [/Users/moloko/Desktop/tomcat/apache-tomcat-9.0.62/webapps/direct.war]
24-May-2022 06:35:47.090 INFO [main] org.apache.jasper.servlet.TldScanner.scanJars At least one JAR was scanned for TLDs yet contained no TLDs. Enable debug logging for this logger for a complete list of JARs that were scanned but no TLDs were found in them. Skipping unneeded JARs during scanning can improve startup time and JSP compilation time.
24-May-2022 06:35:47.117 INFO [main] org.apache.catalina.startup.HostConfig.deployWAR Deployment of web application archive [/Users/moloko/Desktop/tomcat/apache-tomcat-9.0.62/webapps/direct.war] has finished in [125] ms
24-May-2022 06:35:47.119 INFO [main] org.apache.catalina.startup.HostConfig.deployWAR Deploying web application archive [/Users/moloko/Desktop/tomcat/apache-tomcat-9.0.62/webapps/elfinder-connector.war]
24-May-2022 06:35:47.237 INFO [main] org.apache.jasper.servlet.TldScanner.scanJars At least one JAR was scanned for TLDs yet contained no TLDs. Enable debug logging for this logger for a complete list of JARs that were scanned but no TLDs were found in them. Skipping unneeded JARs during scanning can improve startup time and JSP compilation time.
24-May-2022 06:35:47.279 INFO [main] org.apache.catalina.startup.HostConfig.deployWAR Deployment of web application archive [/Users/moloko/Desktop/tomcat/apache-tomcat-9.0.62/webapps/elfinder-connector.war] has finished in [160] ms
24-May-2022 06:35:47.281 INFO [main] org.apache.catalina.startup.HostConfig.deployWAR Deploying web application archive [/Users/moloko/Desktop/tomcat/apache-tomcat-9.0.62/webapps/portal-chat.war]
24-May-2022 06:35:47.418 INFO [main] org.apache.jasper.servlet.TldScanner.scanJars At least one JAR was scanned for TLDs yet contained no TLDs. Enable debug logging for this logger for a complete list of JARs that were scanned but no TLDs were found in them. Skipping unneeded JARs during scanning can improve startup time and JSP compilation time.
24-May-2022 06:35:47.456 INFO [main] org.apache.catalina.startup.HostConfig.deployWAR Deployment of web application archive [/Users/moloko/Desktop/tomcat/apache-tomcat-9.0.62/webapps/portal-chat.war] has finished in [175] ms
24-May-2022 06:35:47.459 INFO [main] org.apache.catalina.startup.HostConfig.deployWAR Deploying web application archive [/Users/moloko/Desktop/tomcat/apache-tomcat-9.0.62/webapps/jsf-resource.war]
24-May-2022 06:35:47.542 INFO [main] org.apache.jasper.servlet.TldScanner.scanJars At least one JAR was scanned for TLDs yet contained no TLDs. Enable debug logging for this logger for a complete list of JARs that were scanned but no TLDs were found in them. Skipping unneeded JARs during scanning can improve startup time and JSP compilation time.
24-May-2022 06:35:47.543 INFO [main] org.apache.catalina.startup.HostConfig.deployWAR Deployment of web application archive [/Users/moloko/Desktop/tomcat/apache-tomcat-9.0.62/webapps/jsf-resource.war] has finished in [84] ms
24-May-2022 06:35:47.545 INFO [main] org.apache.catalina.startup.HostConfig.deployWAR Deploying web application archive [/Users/moloko/Desktop/tomcat/apache-tomcat-9.0.62/webapps/sakai-message-tool.war]
24-May-2022 06:35:47.673 INFO [main] org.apache.jasper.servlet.TldScanner.scanJars At least one JAR was scanned for TLDs yet contained no TLDs. Enable debug logging for this logger for a complete list of JARs that were scanned but no TLDs were found in them. Skipping unneeded JARs during scanning can improve startup time and JSP compilation time.
24-May-2022 06:35:47.838 INFO [main] org.apache.catalina.startup.HostConfig.deployWAR Deployment of web application archive [/Users/moloko/Desktop/tomcat/apache-tomcat-9.0.62/webapps/sakai-message-tool.war] has finished in [293] ms
24-May-2022 06:35:47.841 INFO [main] org.apache.catalina.startup.HostConfig.deployWAR Deploying web application archive [/Users/moloko/Desktop/tomcat/apache-tomcat-9.0.62/webapps/portal.war]
24-May-2022 06:35:47.955 INFO [main] org.apache.jasper.servlet.TldScanner.scanJars At least one JAR was scanned for TLDs yet contained no TLDs. Enable debug logging for this logger for a complete list of JARs that were scanned but no TLDs were found in them. Skipping unneeded JARs during scanning can improve startup time and JSP compilation time.
24-May-2022 06:35:48.110 INFO [main] org.apache.catalina.startup.HostConfig.deployWAR Deployment of web application archive [/Users/moloko/Desktop/tomcat/apache-tomcat-9.0.62/webapps/portal.war] has finished in [269] ms
24-May-2022 06:35:48.114 INFO [main] org.apache.catalina.startup.HostConfig.deployWAR Deploying web application archive [/Users/moloko/Desktop/tomcat/apache-tomcat-9.0.62/webapps/gradebookng-tool.war]
24-May-2022 06:35:48.707 INFO [main] org.apache.jasper.servlet.TldScanner.scanJars At least one JAR was scanned for TLDs yet contained no TLDs. Enable debug logging for this logger for a complete list of JARs that were scanned but no TLDs were found in them. Skipping unneeded JARs during scanning can improve startup time and JSP compilation time.
24-May-2022 06:35:49.143 INFO [main] org.webjars.servlet.WebjarsServlet.init WebjarsServlet initialization completed
24-May-2022 06:35:49.146 INFO [main] org.apache.catalina.startup.HostConfig.deployWAR Deployment of web application archive [/Users/moloko/Desktop/tomcat/apache-tomcat-9.0.62/webapps/gradebookng-tool.war] has finished in [1,032] ms
24-May-2022 06:35:49.149 INFO [main] org.apache.catalina.startup.HostConfig.deployWAR Deploying web application archive [/Users/moloko/Desktop/tomcat/apache-tomcat-9.0.62/webapps/lessonbuilder-tool.war]
24-May-2022 06:35:49.505 INFO [main] org.apache.jasper.servlet.TldScanner.scanJars At least one JAR was scanned for TLDs yet contained no TLDs. Enable debug logging for this logger for a complete list of JARs that were scanned but no TLDs were found in them. Skipping unneeded JARs during scanning can improve startup time and JSP compilation time.
24-May-2022 06:35:50.629 INFO [main] org.apache.catalina.startup.HostConfig.deployWAR Deployment of web application archive [/Users/moloko/Desktop/tomcat/apache-tomcat-9.0.62/webapps/lessonbuilder-tool.war] has finished in [1,480] ms
24-May-2022 06:35:50.631 INFO [main] org.apache.catalina.startup.HostConfig.deployWAR Deploying web application archive [/Users/moloko/Desktop/tomcat/apache-tomcat-9.0.62/webapps/simple-rss-portlet.war]
24-May-2022 06:35:50.784 INFO [main] org.apache.jasper.servlet.TldScanner.scanJars At least one JAR was scanned for TLDs yet contained no TLDs. Enable debug logging for this logger for a complete list of JARs that were scanned but no TLDs were found in them. Skipping unneeded JARs during scanning can improve startup time and JSP compilation time.
24-May-2022 06:35:50.988 INFO [main] org.apache.catalina.startup.HostConfig.deployWAR Deployment of web application archive [/Users/moloko/Desktop/tomcat/apache-tomcat-9.0.62/webapps/simple-rss-portlet.war] has finished in [357] ms
24-May-2022 06:35:50.990 INFO [main] org.apache.catalina.startup.HostConfig.deployWAR Deploying web application archive [/Users/moloko/Desktop/tomcat/apache-tomcat-9.0.62/webapps/imsoidc.war]
24-May-2022 06:35:51.112 INFO [main] org.apache.jasper.servlet.TldScanner.scanJars At least one JAR was scanned for TLDs yet contained no TLDs. Enable debug logging for this logger for a complete list of JARs that were scanned but no TLDs were found in them. Skipping unneeded JARs during scanning can improve startup time and JSP compilation time.
24-May-2022 06:35:51.124 INFO [main] org.apache.catalina.startup.HostConfig.deployWAR Deployment of web application archive [/Users/moloko/Desktop/tomcat/apache-tomcat-9.0.62/webapps/imsoidc.war] has finished in [134] ms
24-May-2022 06:35:51.126 INFO [main] org.apache.catalina.startup.HostConfig.deployWAR Deploying web application archive [/Users/moloko/Desktop/tomcat/apache-tomcat-9.0.62/webapps/admin-tools.war]
24-May-2022 06:35:51.346 INFO [main] org.apache.jasper.servlet.TldScanner.scanJars At least one JAR was scanned for TLDs yet contained no TLDs. Enable debug logging for this logger for a complete list of JARs that were scanned but no TLDs were found in them. Skipping unneeded JARs during scanning can improve startup time and JSP compilation time.
24-May-2022 06:35:51.522 INFO [main] org.apache.catalina.startup.HostConfig.deployWAR Deployment of web application archive [/Users/moloko/Desktop/tomcat/apache-tomcat-9.0.62/webapps/admin-tools.war] has finished in [396] ms
24-May-2022 06:35:51.524 INFO [main] org.apache.catalina.startup.HostConfig.deployWAR Deploying web application archive [/Users/moloko/Desktop/tomcat/apache-tomcat-9.0.62/webapps/sakai-site-datemanager-helper.war]
24-May-2022 06:35:51.640 INFO [main] org.apache.jasper.servlet.TldScanner.scanJars At least one JAR was scanned for TLDs yet contained no TLDs. Enable debug logging for this logger for a complete list of JARs that were scanned but no TLDs were found in them. Skipping unneeded JARs during scanning can improve startup time and JSP compilation time.
24-May-2022 06:35:52.095 INFO [main] org.apache.catalina.startup.HostConfig.deployWAR Deployment of web application archive [/Users/moloko/Desktop/tomcat/apache-tomcat-9.0.62/webapps/sakai-site-datemanager-helper.war] has finished in [571] ms
24-May-2022 06:35:52.097 INFO [main] org.apache.catalina.startup.HostConfig.deployWAR Deploying web application archive [/Users/moloko/Desktop/tomcat/apache-tomcat-9.0.62/webapps/sakai-site-manage-link-helper.war]
24-May-2022 06:35:52.254 INFO [main] org.apache.jasper.servlet.TldScanner.scanJars At least one JAR was scanned for TLDs yet contained no TLDs. Enable debug logging for this logger for a complete list of JARs that were scanned but no TLDs were found in them. Skipping unneeded JARs during scanning can improve startup time and JSP compilation time.
24-May-2022 06:35:52.415 INFO [main] org.apache.catalina.startup.HostConfig.deployWAR Deployment of web application archive [/Users/moloko/Desktop/tomcat/apache-tomcat-9.0.62/webapps/sakai-site-manage-link-helper.war] has finished in [317] ms
24-May-2022 06:35:52.418 INFO [main] org.apache.catalina.startup.HostConfig.deployWAR Deploying web application archive [/Users/moloko/Desktop/tomcat/apache-tomcat-9.0.62/webapps/sakai-reset-pass.war]
24-May-2022 06:35:52.544 INFO [main] org.apache.jasper.servlet.TldScanner.scanJars At least one JAR was scanned for TLDs yet contained no TLDs. Enable debug logging for this logger for a complete list of JARs that were scanned but no TLDs were found in them. Skipping unneeded JARs during scanning can improve startup time and JSP compilation time.
24-May-2022 06:35:53.375 INFO [main] org.apache.catalina.startup.HostConfig.deployWAR Deployment of web application archive [/Users/moloko/Desktop/tomcat/apache-tomcat-9.0.62/webapps/sakai-reset-pass.war] has finished in [957] ms
24-May-2022 06:35:53.378 INFO [main] org.apache.catalina.startup.HostConfig.deployWAR Deploying web application archive [/Users/moloko/Desktop/tomcat/apache-tomcat-9.0.62/webapps/sakai-site-manage-tool.war]
24-May-2022 06:35:53.681 INFO [main] org.apache.jasper.servlet.TldScanner.scanJars At least one JAR was scanned for TLDs yet contained no TLDs. Enable debug logging for this logger for a complete list of JARs that were scanned but no TLDs were found in them. Skipping unneeded JARs during scanning can improve startup time and JSP compilation time.
24-May-2022 06:35:53.902 INFO [main] org.apache.catalina.startup.HostConfig.deployWAR Deployment of web application archive [/Users/moloko/Desktop/tomcat/apache-tomcat-9.0.62/webapps/sakai-site-manage-tool.war] has finished in [524] ms
24-May-2022 06:35:53.905 INFO [main] org.apache.catalina.startup.HostConfig.deployWAR Deploying web application archive [/Users/moloko/Desktop/tomcat/apache-tomcat-9.0.62/webapps/web.war]
24-May-2022 06:35:54.016 INFO [main] org.apache.jasper.servlet.TldScanner.scanJars At least one JAR was scanned for TLDs yet contained no TLDs. Enable debug logging for this logger for a complete list of JARs that were scanned but no TLDs were found in them. Skipping unneeded JARs during scanning can improve startup time and JSP compilation time.
24-May-2022 06:35:54.175 INFO [main] org.apache.catalina.startup.HostConfig.deployWAR Deployment of web application archive [/Users/moloko/Desktop/tomcat/apache-tomcat-9.0.62/webapps/web.war] has finished in [270] ms
24-May-2022 06:35:54.178 INFO [main] org.apache.catalina.startup.HostConfig.deployWAR Deploying web application archive [/Users/moloko/Desktop/tomcat/apache-tomcat-9.0.62/webapps/mycalendar.war]
24-May-2022 06:35:54.327 INFO [main] org.apache.jasper.servlet.TldScanner.scanJars At least one JAR was scanned for TLDs yet contained no TLDs. Enable debug logging for this logger for a complete list of JARs that were scanned but no TLDs were found in them. Skipping unneeded JARs during scanning can improve startup time and JSP compilation time.
24-May-2022 06:35:54.573 INFO [main] org.apache.catalina.startup.HostConfig.deployWAR Deployment of web application archive [/Users/moloko/Desktop/tomcat/apache-tomcat-9.0.62/webapps/mycalendar.war] has finished in [394] ms
24-May-2022 06:35:54.575 INFO [main] org.apache.catalina.startup.HostConfig.deployWAR Deploying web application archive [/Users/moloko/Desktop/tomcat/apache-tomcat-9.0.62/webapps/sakai-podcasts.war]
24-May-2022 06:35:54.798 INFO [main] org.apache.jasper.servlet.TldScanner.scanJars At least one JAR was scanned for TLDs yet contained no TLDs. Enable debug logging for this logger for a complete list of JARs that were scanned but no TLDs were found in them. Skipping unneeded JARs during scanning can improve startup time and JSP compilation time.
24-May-2022 06:35:55.010 INFO [main] org.apache.catalina.startup.HostConfig.deployWAR Deployment of web application archive [/Users/moloko/Desktop/tomcat/apache-tomcat-9.0.62/webapps/sakai-podcasts.war] has finished in [435] ms
24-May-2022 06:35:55.012 INFO [main] org.apache.catalina.startup.HostConfig.deployWAR Deploying web application archive [/Users/moloko/Desktop/tomcat/apache-tomcat-9.0.62/webapps/sakai-search-tool.war]
24-May-2022 06:35:55.137 INFO [main] org.apache.jasper.servlet.TldScanner.scanJars At least one JAR was scanned for TLDs yet contained no TLDs. Enable debug logging for this logger for a complete list of JARs that were scanned but no TLDs were found in them. Skipping unneeded JARs during scanning can improve startup time and JSP compilation time.
24-May-2022 06:35:55.239 INFO [main] org.apache.catalina.startup.HostConfig.deployWAR Deployment of web application archive [/Users/moloko/Desktop/tomcat/apache-tomcat-9.0.62/webapps/sakai-search-tool.war] has finished in [226] ms
24-May-2022 06:35:55.241 INFO [main] org.apache.catalina.startup.HostConfig.deployWAR Deploying web application archive [/Users/moloko/Desktop/tomcat/apache-tomcat-9.0.62/webapps/sakai-presence-tool.war]
24-May-2022 06:35:55.372 INFO [main] org.apache.jasper.servlet.TldScanner.scanJars At least one JAR was scanned for TLDs yet contained no TLDs. Enable debug logging for this logger for a complete list of JARs that were scanned but no TLDs were found in them. Skipping unneeded JARs during scanning can improve startup time and JSP compilation time.
24-May-2022 06:35:55.533 INFO [main] org.apache.catalina.startup.HostConfig.deployWAR Deployment of web application archive [/Users/moloko/Desktop/tomcat/apache-tomcat-9.0.62/webapps/sakai-presence-tool.war] has finished in [292] ms
24-May-2022 06:35:55.535 INFO [main] org.apache.catalina.startup.HostConfig.deployWAR Deploying web application archive [/Users/moloko/Desktop/tomcat/apache-tomcat-9.0.62/webapps/sakai-user-tool-prefs.war]
24-May-2022 06:35:55.837 INFO [main] org.apache.jasper.servlet.TldScanner.scanJars At least one JAR was scanned for TLDs yet contained no TLDs. Enable debug logging for this logger for a complete list of JARs that were scanned but no TLDs were found in them. Skipping unneeded JARs during scanning can improve startup time and JSP compilation time.
24-May-2022 06:35:57.095 INFO [main] org.apache.catalina.startup.HostConfig.deployWAR Deployment of web application archive [/Users/moloko/Desktop/tomcat/apache-tomcat-9.0.62/webapps/sakai-user-tool-prefs.war] has finished in [1,560] ms
24-May-2022 06:35:57.097 INFO [main] org.apache.catalina.startup.HostConfig.deployWAR Deploying web application archive [/Users/moloko/Desktop/tomcat/apache-tomcat-9.0.62/webapps/sakai-googledrive-tool.war]
24-May-2022 06:35:57.215 INFO [main] org.apache.jasper.servlet.TldScanner.scanJars At least one JAR was scanned for TLDs yet contained no TLDs. Enable debug logging for this logger for a complete list of JARs that were scanned but no TLDs were found in them. Skipping unneeded JARs during scanning can improve startup time and JSP compilation time.
24-May-2022 06:35:57.630 INFO [main] org.apache.catalina.startup.HostConfig.deployWAR Deployment of web application archive [/Users/moloko/Desktop/tomcat/apache-tomcat-9.0.62/webapps/sakai-googledrive-tool.war] has finished in [532] ms
24-May-2022 06:35:57.632 INFO [main] org.apache.catalina.startup.HostConfig.deployWAR Deploying web application archive [/Users/moloko/Desktop/tomcat/apache-tomcat-9.0.62/webapps/tags-tool.war]
24-May-2022 06:35:57.777 INFO [main] org.apache.jasper.servlet.TldScanner.scanJars At least one JAR was scanned for TLDs yet contained no TLDs. Enable debug logging for this logger for a complete list of JARs that were scanned but no TLDs were found in them. Skipping unneeded JARs during scanning can improve startup time and JSP compilation time.
24-May-2022 06:35:57.784 INFO [main] org.apache.catalina.startup.HostConfig.deployWAR Deployment of web application archive [/Users/moloko/Desktop/tomcat/apache-tomcat-9.0.62/webapps/tags-tool.war] has finished in [152] ms
24-May-2022 06:35:57.786 INFO [main] org.apache.catalina.startup.HostConfig.deployWAR Deploying web application archive [/Users/moloko/Desktop/tomcat/apache-tomcat-9.0.62/webapps/content-review-tool.war]
24-May-2022 06:35:57.860 INFO [main] org.apache.jasper.servlet.TldScanner.scanJars At least one JAR was scanned for TLDs yet contained no TLDs. Enable debug logging for this logger for a complete list of JARs that were scanned but no TLDs were found in them. Skipping unneeded JARs during scanning can improve startup time and JSP compilation time.
24-May-2022 06:35:58.034 INFO [main] org.apache.catalina.startup.HostConfig.deployWAR Deployment of web application archive [/Users/moloko/Desktop/tomcat/apache-tomcat-9.0.62/webapps/content-review-tool.war] has finished in [249] ms
24-May-2022 06:35:58.040 INFO [main] org.apache.catalina.startup.HostConfig.deployWAR Deploying web application archive [/Users/moloko/Desktop/tomcat/apache-tomcat-9.0.62/webapps/webcomponents.war]
24-May-2022 06:35:58.138 INFO [main] org.apache.jasper.servlet.TldScanner.scanJars At least one JAR was scanned for TLDs yet contained no TLDs. Enable debug logging for this logger for a complete list of JARs that were scanned but no TLDs were found in them. Skipping unneeded JARs during scanning can improve startup time and JSP compilation time.
24-May-2022 06:35:58.160 INFO [main] org.apache.catalina.startup.HostConfig.deployWAR Deployment of web application archive [/Users/moloko/Desktop/tomcat/apache-tomcat-9.0.62/webapps/webcomponents.war] has finished in [119] ms
24-May-2022 06:35:58.162 INFO [main] org.apache.catalina.startup.HostConfig.deployWAR Deploying web application archive [/Users/moloko/Desktop/tomcat/apache-tomcat-9.0.62/webapps/sakai-calendar-tool.war]
24-May-2022 06:35:58.351 INFO [main] org.apache.jasper.servlet.TldScanner.scanJars At least one JAR was scanned for TLDs yet contained no TLDs. Enable debug logging for this logger for a complete list of JARs that were scanned but no TLDs were found in them. Skipping unneeded JARs during scanning can improve startup time and JSP compilation time.
24-May-2022 06:35:58.606 INFO [main] org.apache.catalina.startup.HostConfig.deployWAR Deployment of web application archive [/Users/moloko/Desktop/tomcat/apache-tomcat-9.0.62/webapps/sakai-calendar-tool.war] has finished in [444] ms
24-May-2022 06:35:58.609 INFO [main] org.apache.catalina.startup.HostConfig.deployWAR Deploying web application archive [/Users/moloko/Desktop/tomcat/apache-tomcat-9.0.62/webapps/delegatedaccess-tool.war]
24-May-2022 06:35:58.929 INFO [main] org.apache.jasper.servlet.TldScanner.scanJars At least one JAR was scanned for TLDs yet contained no TLDs. Enable debug logging for this logger for a complete list of JARs that were scanned but no TLDs were found in them. Skipping unneeded JARs during scanning can improve startup time and JSP compilation time.
24-May-2022 06:35:59.211 INFO [main] org.apache.catalina.startup.HostConfig.deployWAR Deployment of web application archive [/Users/moloko/Desktop/tomcat/apache-tomcat-9.0.62/webapps/delegatedaccess-tool.war] has finished in [602] ms
24-May-2022 06:35:59.214 INFO [main] org.apache.catalina.startup.HostConfig.deployWAR Deploying web application archive [/Users/moloko/Desktop/tomcat/apache-tomcat-9.0.62/webapps/sakai-web-tool.war]
24-May-2022 06:35:59.352 INFO [main] org.apache.jasper.servlet.TldScanner.scanJars At least one JAR was scanned for TLDs yet contained no TLDs. Enable debug logging for this logger for a complete list of JARs that were scanned but no TLDs were found in them. Skipping unneeded JARs during scanning can improve startup time and JSP compilation time.
24-May-2022 06:35:59.540 INFO [main] org.apache.catalina.startup.HostConfig.deployWAR Deployment of web application archive [/Users/moloko/Desktop/tomcat/apache-tomcat-9.0.62/webapps/sakai-web-tool.war] has finished in [326] ms
24-May-2022 06:35:59.543 INFO [main] org.apache.catalina.startup.HostConfig.deployWAR Deploying web application archive [/Users/moloko/Desktop/tomcat/apache-tomcat-9.0.62/webapps/sakai-postem-tool.war]
24-May-2022 06:35:59.838 INFO [main] org.apache.jasper.servlet.TldScanner.scanJars At least one JAR was scanned for TLDs yet contained no TLDs. Enable debug logging for this logger for a complete list of JARs that were scanned but no TLDs were found in them. Skipping unneeded JARs during scanning can improve startup time and JSP compilation time.
24-May-2022 06:36:00.588 INFO [main] org.apache.catalina.startup.HostConfig.deployWAR Deployment of web application archive [/Users/moloko/Desktop/tomcat/apache-tomcat-9.0.62/webapps/sakai-postem-tool.war] has finished in [1,046] ms
24-May-2022 06:36:00.591 INFO [main] org.apache.catalina.startup.HostConfig.deployWAR Deploying web application archive [/Users/moloko/Desktop/tomcat/apache-tomcat-9.0.62/webapps/sakai-citations-servlet.war]
24-May-2022 06:36:00.751 INFO [main] org.apache.jasper.servlet.TldScanner.scanJars At least one JAR was scanned for TLDs yet contained no TLDs. Enable debug logging for this logger for a complete list of JARs that were scanned but no TLDs were found in them. Skipping unneeded JARs during scanning can improve startup time and JSP compilation time.
24-May-2022 06:36:00.895 INFO [main] org.apache.catalina.startup.HostConfig.deployWAR Deployment of web application archive [/Users/moloko/Desktop/tomcat/apache-tomcat-9.0.62/webapps/sakai-citations-servlet.war] has finished in [305] ms
24-May-2022 06:36:00.898 INFO [main] org.apache.catalina.startup.HostConfig.deployWAR Deploying web application archive [/Users/moloko/Desktop/tomcat/apache-tomcat-9.0.62/webapps/polls-tool.war]
24-May-2022 06:36:01.124 INFO [main] org.apache.jasper.servlet.TldScanner.scanJars At least one JAR was scanned for TLDs yet contained no TLDs. Enable debug logging for this logger for a complete list of JARs that were scanned but no TLDs were found in them. Skipping unneeded JARs during scanning can improve startup time and JSP compilation time.
24-May-2022 06:36:02.064 INFO [main] org.apache.catalina.startup.HostConfig.deployWAR Deployment of web application archive [/Users/moloko/Desktop/tomcat/apache-tomcat-9.0.62/webapps/polls-tool.war] has finished in [1,166] ms
24-May-2022 06:36:02.081 INFO [main] org.apache.catalina.startup.HostConfig.deployWAR Deploying web application archive [/Users/moloko/Desktop/tomcat/apache-tomcat-9.0.62/webapps/library.war]
24-May-2022 06:36:02.308 INFO [main] org.apache.jasper.servlet.TldScanner.scanJars At least one JAR was scanned for TLDs yet contained no TLDs. Enable debug logging for this logger for a complete list of JARs that were scanned but no TLDs were found in them. Skipping unneeded JARs during scanning can improve startup time and JSP compilation time.
24-May-2022 06:36:02.350 INFO [main] org.apache.catalina.startup.HostConfig.deployWAR Deployment of web application archive [/Users/moloko/Desktop/tomcat/apache-tomcat-9.0.62/webapps/library.war] has finished in [269] ms
24-May-2022 06:36:02.352 INFO [main] org.apache.catalina.startup.HostConfig.deployWAR Deploying web application archive [/Users/moloko/Desktop/tomcat/apache-tomcat-9.0.62/webapps/sakai-calendar-summary-tool.war]
24-May-2022 06:36:02.524 INFO [main] org.apache.jasper.servlet.TldScanner.scanJars At least one JAR was scanned for TLDs yet contained no TLDs. Enable debug logging for this logger for a complete list of JARs that were scanned but no TLDs were found in them. Skipping unneeded JARs during scanning can improve startup time and JSP compilation time.
24-May-2022 06:36:02.821 INFO [main] org.apache.catalina.startup.HostConfig.deployWAR Deployment of web application archive [/Users/moloko/Desktop/tomcat/apache-tomcat-9.0.62/webapps/sakai-calendar-summary-tool.war] has finished in [469] ms
24-May-2022 06:36:02.824 INFO [main] org.apache.catalina.startup.HostConfig.deployWAR Deploying web application archive [/Users/moloko/Desktop/tomcat/apache-tomcat-9.0.62/webapps/emailtemplateservice-tool.war]
24-May-2022 06:36:02.979 INFO [main] org.apache.jasper.servlet.TldScanner.scanJars At least one JAR was scanned for TLDs yet contained no TLDs. Enable debug logging for this logger for a complete list of JARs that were scanned but no TLDs were found in them. Skipping unneeded JARs during scanning can improve startup time and JSP compilation time.
24-May-2022 06:36:03.791 INFO [main] org.apache.catalina.startup.HostConfig.deployWAR Deployment of web application archive [/Users/moloko/Desktop/tomcat/apache-tomcat-9.0.62/webapps/emailtemplateservice-tool.war] has finished in [967] ms
24-May-2022 06:36:03.796 INFO [main] org.apache.catalina.startup.HostConfig.deployWAR Deploying web application archive [/Users/moloko/Desktop/tomcat/apache-tomcat-9.0.62/webapps/sakai-help-tool.war]
24-May-2022 06:36:03.994 INFO [main] org.apache.jasper.servlet.TldScanner.scanJars At least one JAR was scanned for TLDs yet contained no TLDs. Enable debug logging for this logger for a complete list of JARs that were scanned but no TLDs were found in them. Skipping unneeded JARs during scanning can improve startup time and JSP compilation time.
24-May-2022 06:36:04.515 INFO [main] org.apache.catalina.startup.HostConfig.deployWAR Deployment of web application archive [/Users/moloko/Desktop/tomcat/apache-tomcat-9.0.62/webapps/sakai-help-tool.war] has finished in [719] ms
24-May-2022 06:36:04.517 INFO [main] org.apache.catalina.startup.HostConfig.deployWAR Deploying web application archive [/Users/moloko/Desktop/tomcat/apache-tomcat-9.0.62/webapps/sakai-usermembership-tool.war]
24-May-2022 06:36:04.772 INFO [main] org.apache.jasper.servlet.TldScanner.scanJars At least one JAR was scanned for TLDs yet contained no TLDs. Enable debug logging for this logger for a complete list of JARs that were scanned but no TLDs were found in them. Skipping unneeded JARs during scanning can improve startup time and JSP compilation time.
24-May-2022 06:36:05.414 INFO [main] org.apache.catalina.startup.HostConfig.deployWAR Deployment of web application archive [/Users/moloko/Desktop/tomcat/apache-tomcat-9.0.62/webapps/sakai-usermembership-tool.war] has finished in [897] ms
24-May-2022 06:36:05.419 INFO [main] org.apache.catalina.startup.HostConfig.deployWAR Deploying web application archive [/Users/moloko/Desktop/tomcat/apache-tomcat-9.0.62/webapps/sakai-chat-tool.war]
24-May-2022 06:36:05.725 INFO [main] org.apache.jasper.servlet.TldScanner.scanJars At least one JAR was scanned for TLDs yet contained no TLDs. Enable debug logging for this logger for a complete list of JARs that were scanned but no TLDs were found in them. Skipping unneeded JARs during scanning can improve startup time and JSP compilation time.
24-May-2022 06:36:05.941 WARNING [main] org.jboss.weld.util.ServiceLoader.loadClass Could not load service class org.springframework.data.jpa.repository.cdi.JpaRepositoryExtension
24-May-2022 06:36:06.963 INFO [main] com.sun.faces.config.ConfigureListener.contextInitialized Initializing Mojarra 2.3.9 ( 20190401-1936 77894020e94a338c9701619b7ef6e9871c5a9079) for context '/sakai-chat-tool'
24-May-2022 06:36:07.318 INFO [main] com.sun.faces.spi.InjectionProviderFactory.createInstance JSF1048: PostConstruct/PreDestroy annotations present.  ManagedBeans methods marked with these annotations will have said annotations processed.
24-May-2022 06:36:08.533 INFO [main] org.apache.catalina.startup.HostConfig.deployWAR Deployment of web application archive [/Users/moloko/Desktop/tomcat/apache-tomcat-9.0.62/webapps/sakai-chat-tool.war] has finished in [3,114] ms
24-May-2022 06:36:08.535 INFO [main] org.apache.catalina.startup.HostConfig.deployWAR Deploying web application archive [/Users/moloko/Desktop/tomcat/apache-tomcat-9.0.62/webapps/sakai-fck-connector.war]
24-May-2022 06:36:08.636 INFO [main] org.apache.jasper.servlet.TldScanner.scanJars At least one JAR was scanned for TLDs yet contained no TLDs. Enable debug logging for this logger for a complete list of JARs that were scanned but no TLDs were found in them. Skipping unneeded JARs during scanning can improve startup time and JSP compilation time.
24-May-2022 06:36:08.641 INFO [main] org.apache.catalina.startup.HostConfig.deployWAR Deployment of web application archive [/Users/moloko/Desktop/tomcat/apache-tomcat-9.0.62/webapps/sakai-fck-connector.war] has finished in [106] ms
24-May-2022 06:36:08.644 INFO [main] org.apache.catalina.startup.HostConfig.deployWAR Deploying web application archive [/Users/moloko/Desktop/tomcat/apache-tomcat-9.0.62/webapps/accountvalidator.war]
24-May-2022 06:36:08.804 INFO [main] org.apache.jasper.servlet.TldScanner.scanJars At least one JAR was scanned for TLDs yet contained no TLDs. Enable debug logging for this logger for a complete list of JARs that were scanned but no TLDs were found in them. Skipping unneeded JARs during scanning can improve startup time and JSP compilation time.
24-May-2022 06:36:09.547 INFO [main] org.apache.catalina.startup.HostConfig.deployWAR Deployment of web application archive [/Users/moloko/Desktop/tomcat/apache-tomcat-9.0.62/webapps/accountvalidator.war] has finished in [903] ms
24-May-2022 06:36:09.550 INFO [main] org.apache.catalina.startup.HostConfig.deployWAR Deploying web application archive [/Users/moloko/Desktop/tomcat/apache-tomcat-9.0.62/webapps/sakai-syllabus-tool.war]
24-May-2022 06:36:09.830 INFO [main] org.apache.jasper.servlet.TldScanner.scanJars At least one JAR was scanned for TLDs yet contained no TLDs. Enable debug logging for this logger for a complete list of JARs that were scanned but no TLDs were found in them. Skipping unneeded JARs during scanning can improve startup time and JSP compilation time.
24-May-2022 06:36:09.941 INFO [main] com.sun.faces.config.ConfigureListener.contextInitialized Initializing Mojarra (1.2_15-06-20180412-SNAPSHOT) for context '/sakai-syllabus-tool'
24-May-2022 06:36:09.942 WARNING [main] com.sun.faces.config.ConfigureListener.contextInitialized JSF1059: WARNING!  The com.sun.faces.verifyObjects feature is to aid developers not using tools.  It shouldn''t be enabled if using an IDE, or if this application is being deployed for production as it will impact application start times.
24-May-2022 06:36:10.183 INFO [main] com.sun.faces.spi.InjectionProviderFactory.createInstance JSF1048: PostConstruct/PreDestroy annotations present.  ManagedBeans methods marked with these annotations will have said annotations processed.
24-May-2022 06:36:10.681 INFO [main] org.apache.catalina.startup.HostConfig.deployWAR Deployment of web application archive [/Users/moloko/Desktop/tomcat/apache-tomcat-9.0.62/webapps/sakai-syllabus-tool.war] has finished in [1,131] ms
24-May-2022 06:36:10.683 INFO [main] org.apache.catalina.startup.HostConfig.deployWAR Deploying web application archive [/Users/moloko/Desktop/tomcat/apache-tomcat-9.0.62/webapps/pasystem-tool.war]
24-May-2022 06:36:10.787 INFO [main] org.apache.jasper.servlet.TldScanner.scanJars At least one JAR was scanned for TLDs yet contained no TLDs. Enable debug logging for this logger for a complete list of JARs that were scanned but no TLDs were found in them. Skipping unneeded JARs during scanning can improve startup time and JSP compilation time.
24-May-2022 06:36:10.794 INFO [main] org.apache.catalina.startup.HostConfig.deployWAR Deployment of web application archive [/Users/moloko/Desktop/tomcat/apache-tomcat-9.0.62/webapps/pasystem-tool.war] has finished in [111] ms
24-May-2022 06:36:10.796 INFO [main] org.apache.catalina.startup.HostConfig.deployWAR Deploying web application archive [/Users/moloko/Desktop/tomcat/apache-tomcat-9.0.62/webapps/scheduler-tool.war]
24-May-2022 06:36:10.954 INFO [main] org.apache.jasper.servlet.TldScanner.scanJars At least one JAR was scanned for TLDs yet contained no TLDs. Enable debug logging for this logger for a complete list of JARs that were scanned but no TLDs were found in them. Skipping unneeded JARs during scanning can improve startup time and JSP compilation time.
24-May-2022 06:36:11.357 INFO [main] org.apache.catalina.startup.HostConfig.deployWAR Deployment of web application archive [/Users/moloko/Desktop/tomcat/apache-tomcat-9.0.62/webapps/scheduler-tool.war] has finished in [561] ms
24-May-2022 06:36:11.360 INFO [main] org.apache.catalina.startup.HostConfig.deployWAR Deploying web application archive [/Users/moloko/Desktop/tomcat/apache-tomcat-9.0.62/webapps/sakai-signup-tool.war]
24-May-2022 06:36:11.761 INFO [main] org.apache.jasper.servlet.TldScanner.scanJars At least one JAR was scanned for TLDs yet contained no TLDs. Enable debug logging for this logger for a complete list of JARs that were scanned but no TLDs were found in them. Skipping unneeded JARs during scanning can improve startup time and JSP compilation time.
24-May-2022 06:36:11.871 INFO [main] com.sun.faces.config.ConfigureListener.contextInitialized Initializing Mojarra (1.2_15-06-20180412-SNAPSHOT) for context '/sakai-signup-tool'
24-May-2022 06:36:11.985 INFO [main] com.sun.faces.spi.InjectionProviderFactory.createInstance JSF1048: PostConstruct/PreDestroy annotations present.  ManagedBeans methods marked with these annotations will have said annotations processed.
24-May-2022 06:36:12.279 INFO [main] org.apache.catalina.startup.HostConfig.deployWAR Deployment of web application archive [/Users/moloko/Desktop/tomcat/apache-tomcat-9.0.62/webapps/sakai-signup-tool.war] has finished in [919] ms
24-May-2022 06:36:12.281 INFO [main] org.apache.catalina.startup.HostConfig.deployWAR Deploying web application archive [/Users/moloko/Desktop/tomcat/apache-tomcat-9.0.62/webapps/sakai-web-portlet.war]
24-May-2022 06:36:12.391 INFO [main] org.apache.jasper.servlet.TldScanner.scanJars At least one JAR was scanned for TLDs yet contained no TLDs. Enable debug logging for this logger for a complete list of JARs that were scanned but no TLDs were found in them. Skipping unneeded JARs during scanning can improve startup time and JSP compilation time.
24-May-2022 06:36:12.501 INFO [main] org.apache.catalina.startup.HostConfig.deployWAR Deployment of web application archive [/Users/moloko/Desktop/tomcat/apache-tomcat-9.0.62/webapps/sakai-web-portlet.war] has finished in [220] ms
24-May-2022 06:36:12.503 INFO [main] org.apache.catalina.startup.HostConfig.deployWAR Deploying web application archive [/Users/moloko/Desktop/tomcat/apache-tomcat-9.0.62/webapps/sakai-ws.war]
24-May-2022 06:36:12.693 INFO [main] org.apache.jasper.servlet.TldScanner.scanJars At least one JAR was scanned for TLDs yet contained no TLDs. Enable debug logging for this logger for a complete list of JARs that were scanned but no TLDs were found in them. Skipping unneeded JARs during scanning can improve startup time and JSP compilation time.
24-May-2022 06:36:14.476 INFO [main] org.apache.catalina.startup.HostConfig.deployWAR Deployment of web application archive [/Users/moloko/Desktop/tomcat/apache-tomcat-9.0.62/webapps/sakai-ws.war] has finished in [1,973] ms
24-May-2022 06:36:14.480 INFO [main] org.apache.catalina.startup.HostConfig.deployWAR Deploying web application archive [/Users/moloko/Desktop/tomcat/apache-tomcat-9.0.62/webapps/sakai-sections-tool.war]
24-May-2022 06:36:14.860 INFO [main] org.apache.jasper.servlet.TldScanner.scanJars At least one JAR was scanned for TLDs yet contained no TLDs. Enable debug logging for this logger for a complete list of JARs that were scanned but no TLDs were found in them. Skipping unneeded JARs during scanning can improve startup time and JSP compilation time.
24-May-2022 06:36:15.514 INFO [main] org.apache.catalina.startup.HostConfig.deployWAR Deployment of web application archive [/Users/moloko/Desktop/tomcat/apache-tomcat-9.0.62/webapps/sakai-sections-tool.war] has finished in [1,033] ms
24-May-2022 06:36:15.517 INFO [main] org.apache.catalina.startup.HostConfig.deployWAR Deploying web application archive [/Users/moloko/Desktop/tomcat/apache-tomcat-9.0.62/webapps/imsblis.war]
24-May-2022 06:36:15.726 INFO [main] org.apache.jasper.servlet.TldScanner.scanJars At least one JAR was scanned for TLDs yet contained no TLDs. Enable debug logging for this logger for a complete list of JARs that were scanned but no TLDs were found in them. Skipping unneeded JARs during scanning can improve startup time and JSP compilation time.
24-May-2022 06:36:15.763 INFO [main] org.apache.catalina.startup.HostConfig.deployWAR Deployment of web application archive [/Users/moloko/Desktop/tomcat/apache-tomcat-9.0.62/webapps/imsblis.war] has finished in [245] ms
24-May-2022 06:36:15.765 INFO [main] org.apache.catalina.startup.HostConfig.deployWAR Deploying web application archive [/Users/moloko/Desktop/tomcat/apache-tomcat-9.0.62/webapps/sakai-calendar-connector.war]
24-May-2022 06:36:15.841 INFO [main] org.apache.jasper.servlet.TldScanner.scanJars At least one JAR was scanned for TLDs yet contained no TLDs. Enable debug logging for this logger for a complete list of JARs that were scanned but no TLDs were found in them. Skipping unneeded JARs during scanning can improve startup time and JSP compilation time.
24-May-2022 06:36:15.858 INFO [main] org.apache.catalina.startup.HostConfig.deployWAR Deployment of web application archive [/Users/moloko/Desktop/tomcat/apache-tomcat-9.0.62/webapps/sakai-calendar-connector.war] has finished in [93] ms
24-May-2022 06:36:15.861 INFO [main] org.apache.catalina.startup.HostConfig.deployWAR Deploying web application archive [/Users/moloko/Desktop/tomcat/apache-tomcat-9.0.62/webapps/sakai-content-tool.war]
24-May-2022 06:36:16.115 INFO [main] org.apache.jasper.servlet.TldScanner.scanJars At least one JAR was scanned for TLDs yet contained no TLDs. Enable debug logging for this logger for a complete list of JARs that were scanned but no TLDs were found in them. Skipping unneeded JARs during scanning can improve startup time and JSP compilation time.
24-May-2022 06:36:16.382 INFO [main] org.apache.catalina.startup.HostConfig.deployWAR Deployment of web application archive [/Users/moloko/Desktop/tomcat/apache-tomcat-9.0.62/webapps/sakai-content-tool.war] has finished in [521] ms
24-May-2022 06:36:16.384 INFO [main] org.apache.catalina.startup.HostConfig.deployWAR Deploying web application archive [/Users/moloko/Desktop/tomcat/apache-tomcat-9.0.62/webapps/sakai-web-portlet-basiclti.war]
24-May-2022 06:36:16.492 INFO [main] org.apache.jasper.servlet.TldScanner.scanJars At least one JAR was scanned for TLDs yet contained no TLDs. Enable debug logging for this logger for a complete list of JARs that were scanned but no TLDs were found in them. Skipping unneeded JARs during scanning can improve startup time and JSP compilation time.
24-May-2022 06:36:16.605 INFO [main] org.apache.catalina.startup.HostConfig.deployWAR Deployment of web application archive [/Users/moloko/Desktop/tomcat/apache-tomcat-9.0.62/webapps/sakai-web-portlet-basiclti.war] has finished in [221] ms
24-May-2022 06:36:16.607 INFO [main] org.apache.catalina.startup.HostConfig.deployWAR Deploying web application archive [/Users/moloko/Desktop/tomcat/apache-tomcat-9.0.62/webapps/sakai-site-group-manager.war]
24-May-2022 06:36:16.750 INFO [main] org.apache.jasper.servlet.TldScanner.scanJars At least one JAR was scanned for TLDs yet contained no TLDs. Enable debug logging for this logger for a complete list of JARs that were scanned but no TLDs were found in them. Skipping unneeded JARs during scanning can improve startup time and JSP compilation time.
24-May-2022 06:36:17.246 INFO [main] org.apache.catalina.startup.HostConfig.deployWAR Deployment of web application archive [/Users/moloko/Desktop/tomcat/apache-tomcat-9.0.62/webapps/sakai-site-group-manager.war] has finished in [639] ms
24-May-2022 06:36:17.248 INFO [main] org.apache.catalina.startup.HostConfig.deployWAR Deploying web application archive [/Users/moloko/Desktop/tomcat/apache-tomcat-9.0.62/webapps/sakai-citations-tool.war]
24-May-2022 06:36:17.449 INFO [main] org.apache.jasper.servlet.TldScanner.scanJars At least one JAR was scanned for TLDs yet contained no TLDs. Enable debug logging for this logger for a complete list of JARs that were scanned but no TLDs were found in them. Skipping unneeded JARs during scanning can improve startup time and JSP compilation time.
24-May-2022 06:36:17.692 INFO [main] org.apache.catalina.startup.HostConfig.deployWAR Deployment of web application archive [/Users/moloko/Desktop/tomcat/apache-tomcat-9.0.62/webapps/sakai-citations-tool.war] has finished in [444] ms
24-May-2022 06:36:17.694 INFO [main] org.apache.catalina.startup.HostConfig.deployWAR Deploying web application archive [/Users/moloko/Desktop/tomcat/apache-tomcat-9.0.62/webapps/imsblti.war]
24-May-2022 06:36:17.852 INFO [main] org.apache.jasper.servlet.TldScanner.scanJars At least one JAR was scanned for TLDs yet contained no TLDs. Enable debug logging for this logger for a complete list of JARs that were scanned but no TLDs were found in them. Skipping unneeded JARs during scanning can improve startup time and JSP compilation time.
24-May-2022 06:36:17.919 INFO [main] org.apache.catalina.startup.HostConfig.deployWAR Deployment of web application archive [/Users/moloko/Desktop/tomcat/apache-tomcat-9.0.62/webapps/imsblti.war] has finished in [225] ms
24-May-2022 06:36:17.921 INFO [main] org.apache.catalina.startup.HostConfig.deployWAR Deploying web application archive [/Users/moloko/Desktop/tomcat/apache-tomcat-9.0.62/webapps/courier.war]
24-May-2022 06:36:18.052 INFO [main] org.apache.jasper.servlet.TldScanner.scanJars At least one JAR was scanned for TLDs yet contained no TLDs. Enable debug logging for this logger for a complete list of JARs that were scanned but no TLDs were found in them. Skipping unneeded JARs during scanning can improve startup time and JSP compilation time.
24-May-2022 06:36:18.055 INFO [main] org.apache.catalina.startup.HostConfig.deployWAR Deployment of web application archive [/Users/moloko/Desktop/tomcat/apache-tomcat-9.0.62/webapps/courier.war] has finished in [134] ms
24-May-2022 06:36:18.057 INFO [main] org.apache.catalina.startup.HostConfig.deployWAR Deploying web application archive [/Users/moloko/Desktop/tomcat/apache-tomcat-9.0.62/webapps/authn.war]
24-May-2022 06:36:18.145 INFO [main] org.apache.jasper.servlet.TldScanner.scanJars At least one JAR was scanned for TLDs yet contained no TLDs. Enable debug logging for this logger for a complete list of JARs that were scanned but no TLDs were found in them. Skipping unneeded JARs during scanning can improve startup time and JSP compilation time.
24-May-2022 06:36:18.150 INFO [main] org.apache.catalina.startup.HostConfig.deployWAR Deployment of web application archive [/Users/moloko/Desktop/tomcat/apache-tomcat-9.0.62/webapps/authn.war] has finished in [93] ms
24-May-2022 06:36:18.152 INFO [main] org.apache.catalina.startup.HostConfig.deployWAR Deploying web application archive [/Users/moloko/Desktop/tomcat/apache-tomcat-9.0.62/webapps/sakai-site-pageorder-helper.war]
24-May-2022 06:36:18.281 INFO [main] org.apache.jasper.servlet.TldScanner.scanJars At least one JAR was scanned for TLDs yet contained no TLDs. Enable debug logging for this logger for a complete list of JARs that were scanned but no TLDs were found in them. Skipping unneeded JARs during scanning can improve startup time and JSP compilation time.
24-May-2022 06:36:19.055 INFO [main] org.apache.catalina.startup.HostConfig.deployWAR Deployment of web application archive [/Users/moloko/Desktop/tomcat/apache-tomcat-9.0.62/webapps/sakai-site-pageorder-helper.war] has finished in [903] ms
24-May-2022 06:36:19.058 INFO [main] org.apache.catalina.startup.HostConfig.deployWAR Deploying web application archive [/Users/moloko/Desktop/tomcat/apache-tomcat-9.0.62/webapps/messageforums-tool.war]
24-May-2022 06:36:19.485 INFO [main] org.apache.jasper.servlet.TldScanner.scanJars At least one JAR was scanned for TLDs yet contained no TLDs. Enable debug logging for this logger for a complete list of JARs that were scanned but no TLDs were found in them. Skipping unneeded JARs during scanning can improve startup time and JSP compilation time.
24-May-2022 06:36:19.617 WARNING [main] org.jboss.weld.util.ServiceLoader.loadClass Could not load service class org.springframework.data.jpa.repository.cdi.JpaRepositoryExtension
24-May-2022 06:36:21.024 INFO [main] com.sun.faces.config.ConfigureListener.contextInitialized Initializing Mojarra 2.3.9 ( 20190401-1936 77894020e94a338c9701619b7ef6e9871c5a9079) for context '/messageforums-tool'
24-May-2022 06:36:21.497 INFO [main] com.sun.faces.spi.InjectionProviderFactory.createInstance JSF1048: PostConstruct/PreDestroy annotations present.  ManagedBeans methods marked with these annotations will have said annotations processed.
24-May-2022 06:36:22.641 INFO [main] org.apache.catalina.startup.HostConfig.deployWAR Deployment of web application archive [/Users/moloko/Desktop/tomcat/apache-tomcat-9.0.62/webapps/messageforums-tool.war] has finished in [3,583] ms
24-May-2022 06:36:22.643 INFO [main] org.apache.catalina.startup.HostConfig.deployWAR Deploying web application archive [/Users/moloko/Desktop/tomcat/apache-tomcat-9.0.62/webapps/access.war]
24-May-2022 06:36:22.768 INFO [main] org.apache.jasper.servlet.TldScanner.scanJars At least one JAR was scanned for TLDs yet contained no TLDs. Enable debug logging for this logger for a complete list of JARs that were scanned but no TLDs were found in them. Skipping unneeded JARs during scanning can improve startup time and JSP compilation time.
24-May-2022 06:36:22.968 INFO [main] org.apache.catalina.startup.HostConfig.deployWAR Deployment of web application archive [/Users/moloko/Desktop/tomcat/apache-tomcat-9.0.62/webapps/access.war] has finished in [325] ms
24-May-2022 06:36:22.970 INFO [main] org.apache.catalina.startup.HostConfig.deployWAR Deploying web application archive [/Users/moloko/Desktop/tomcat/apache-tomcat-9.0.62/webapps/tool.war]
24-May-2022 06:36:23.051 INFO [main] org.apache.jasper.servlet.TldScanner.scanJars At least one JAR was scanned for TLDs yet contained no TLDs. Enable debug logging for this logger for a complete list of JARs that were scanned but no TLDs were found in them. Skipping unneeded JARs during scanning can improve startup time and JSP compilation time.
24-May-2022 06:36:23.055 INFO [main] org.apache.catalina.startup.HostConfig.deployWAR Deployment of web application archive [/Users/moloko/Desktop/tomcat/apache-tomcat-9.0.62/webapps/tool.war] has finished in [85] ms
24-May-2022 06:36:23.057 INFO [main] org.apache.catalina.startup.HostConfig.deployWAR Deploying web application archive [/Users/moloko/Desktop/tomcat/apache-tomcat-9.0.62/webapps/adminsiteperms.war]
24-May-2022 06:36:23.245 INFO [main] org.apache.jasper.servlet.TldScanner.scanJars At least one JAR was scanned for TLDs yet contained no TLDs. Enable debug logging for this logger for a complete list of JARs that were scanned but no TLDs were found in them. Skipping unneeded JARs during scanning can improve startup time and JSP compilation time.
24-May-2022 06:36:23.418 INFO [main] org.apache.catalina.startup.HostConfig.deployWAR Deployment of web application archive [/Users/moloko/Desktop/tomcat/apache-tomcat-9.0.62/webapps/adminsiteperms.war] has finished in [361] ms
24-May-2022 06:36:23.424 INFO [main] org.apache.catalina.startup.HostConfig.deployWAR Deploying web application archive [/Users/moloko/Desktop/tomcat/apache-tomcat-9.0.62/webapps/commons-tool.war]
24-May-2022 06:36:23.600 INFO [main] org.apache.jasper.servlet.TldScanner.scanJars At least one JAR was scanned for TLDs yet contained no TLDs. Enable debug logging for this logger for a complete list of JARs that were scanned but no TLDs were found in them. Skipping unneeded JARs during scanning can improve startup time and JSP compilation time.
24-May-2022 06:36:23.634 INFO [main] org.apache.catalina.startup.HostConfig.deployWAR Deployment of web application archive [/Users/moloko/Desktop/tomcat/apache-tomcat-9.0.62/webapps/commons-tool.war] has finished in [211] ms
24-May-2022 06:36:23.636 INFO [main] org.apache.catalina.startup.HostConfig.deployWAR Deploying web application archive [/Users/moloko/Desktop/tomcat/apache-tomcat-9.0.62/webapps/rubrics-service.war]
24-May-2022 06:36:23.835 INFO [main] org.apache.jasper.servlet.TldScanner.scanJars At least one JAR was scanned for TLDs yet contained no TLDs. Enable debug logging for this logger for a complete list of JARs that were scanned but no TLDs were found in them. Skipping unneeded JARs during scanning can improve startup time and JSP compilation time.
24-May-2022 06:36:34.551 INFO [main] org.apache.catalina.startup.HostConfig.deployWAR Deployment of web application archive [/Users/moloko/Desktop/tomcat/apache-tomcat-9.0.62/webapps/rubrics-service.war] has finished in [10,915] ms
24-May-2022 06:36:34.553 INFO [main] org.apache.catalina.startup.HostConfig.deployWAR Deploying web application archive [/Users/moloko/Desktop/tomcat/apache-tomcat-9.0.62/webapps/basiclti-admin-tool.war]
24-May-2022 06:36:34.702 INFO [main] org.apache.jasper.servlet.TldScanner.scanJars At least one JAR was scanned for TLDs yet contained no TLDs. Enable debug logging for this logger for a complete list of JARs that were scanned but no TLDs were found in them. Skipping unneeded JARs during scanning can improve startup time and JSP compilation time.
24-May-2022 06:36:34.886 INFO [main] org.apache.catalina.startup.HostConfig.deployWAR Deployment of web application archive [/Users/moloko/Desktop/tomcat/apache-tomcat-9.0.62/webapps/basiclti-admin-tool.war] has finished in [333] ms
24-May-2022 06:36:34.888 INFO [main] org.apache.catalina.startup.HostConfig.deployWAR Deploying web application archive [/Users/moloko/Desktop/tomcat/apache-tomcat-9.0.62/webapps/podcasts.war]
24-May-2022 06:36:34.992 INFO [main] org.apache.jasper.servlet.TldScanner.scanJars At least one JAR was scanned for TLDs yet contained no TLDs. Enable debug logging for this logger for a complete list of JARs that were scanned but no TLDs were found in them. Skipping unneeded JARs during scanning can improve startup time and JSP compilation time.
24-May-2022 06:36:34.995 INFO [main] org.apache.catalina.startup.HostConfig.deployWAR Deployment of web application archive [/Users/moloko/Desktop/tomcat/apache-tomcat-9.0.62/webapps/podcasts.war] has finished in [107] ms
24-May-2022 06:36:34.998 INFO [main] org.apache.catalina.startup.HostConfig.deployWAR Deploying web application archive [/Users/moloko/Desktop/tomcat/apache-tomcat-9.0.62/webapps/sakai-portal-render-engine-impl.war]
24-May-2022 06:36:35.137 INFO [main] org.apache.jasper.servlet.TldScanner.scanJars At least one JAR was scanned for TLDs yet contained no TLDs. Enable debug logging for this logger for a complete list of JARs that were scanned but no TLDs were found in them. Skipping unneeded JARs during scanning can improve startup time and JSP compilation time.
24-May-2022 06:36:35.211 INFO [main] org.apache.catalina.startup.HostConfig.deployWAR Deployment of web application archive [/Users/moloko/Desktop/tomcat/apache-tomcat-9.0.62/webapps/sakai-portal-render-engine-impl.war] has finished in [213] ms
24-May-2022 06:36:35.213 INFO [main] org.apache.catalina.startup.HostConfig.deployWAR Deploying web application archive [/Users/moloko/Desktop/tomcat/apache-tomcat-9.0.62/webapps/x.war]
24-May-2022 06:36:35.314 INFO [main] org.apache.jasper.servlet.TldScanner.scanJars At least one JAR was scanned for TLDs yet contained no TLDs. Enable debug logging for this logger for a complete list of JARs that were scanned but no TLDs were found in them. Skipping unneeded JARs during scanning can improve startup time and JSP compilation time.
24-May-2022 06:36:35.317 INFO [main] org.apache.catalina.startup.HostConfig.deployWAR Deployment of web application archive [/Users/moloko/Desktop/tomcat/apache-tomcat-9.0.62/webapps/x.war] has finished in [105] ms
24-May-2022 06:36:35.322 INFO [main] org.apache.catalina.startup.HostConfig.deployWAR Deploying web application archive [/Users/moloko/Desktop/tomcat/apache-tomcat-9.0.62/webapps/feedback-tool.war]
24-May-2022 06:36:35.478 INFO [main] org.apache.jasper.servlet.TldScanner.scanJars At least one JAR was scanned for TLDs yet contained no TLDs. Enable debug logging for this logger for a complete list of JARs that were scanned but no TLDs were found in them. Skipping unneeded JARs during scanning can improve startup time and JSP compilation time.
24-May-2022 06:36:35.525 INFO [main] org.apache.catalina.startup.HostConfig.deployWAR Deployment of web application archive [/Users/moloko/Desktop/tomcat/apache-tomcat-9.0.62/webapps/feedback-tool.war] has finished in [203] ms
24-May-2022 06:36:35.527 INFO [main] org.apache.catalina.startup.HostConfig.deployWAR Deploying web application archive [/Users/moloko/Desktop/tomcat/apache-tomcat-9.0.62/webapps/sakai-editor.war]
24-May-2022 06:36:35.609 INFO [main] org.apache.jasper.servlet.TldScanner.scanJars At least one JAR was scanned for TLDs yet contained no TLDs. Enable debug logging for this logger for a complete list of JARs that were scanned but no TLDs were found in them. Skipping unneeded JARs during scanning can improve startup time and JSP compilation time.
24-May-2022 06:36:35.613 INFO [main] org.apache.catalina.startup.HostConfig.deployWAR Deployment of web application archive [/Users/moloko/Desktop/tomcat/apache-tomcat-9.0.62/webapps/sakai-editor.war] has finished in [85] ms
24-May-2022 06:36:35.616 INFO [main] org.apache.catalina.startup.HostConfig.deployWAR Deploying web application archive [/Users/moloko/Desktop/tomcat/apache-tomcat-9.0.62/webapps/sakai-rwiki-tool.war]
24-May-2022 06:36:35.865 INFO [main] org.apache.jasper.servlet.TldScanner.scanJars At least one JAR was scanned for TLDs yet contained no TLDs. Enable debug logging for this logger for a complete list of JARs that were scanned but no TLDs were found in them. Skipping unneeded JARs during scanning can improve startup time and JSP compilation time.
24-May-2022 06:36:36.127 INFO [main] org.apache.catalina.startup.HostConfig.deployWAR Deployment of web application archive [/Users/moloko/Desktop/tomcat/apache-tomcat-9.0.62/webapps/sakai-rwiki-tool.war] has finished in [510] ms
24-May-2022 06:36:36.133 INFO [main] org.apache.catalina.startup.HostConfig.deployWAR Deploying web application archive [/Users/moloko/Desktop/tomcat/apache-tomcat-9.0.62/webapps/samigo-app.war]
24-May-2022 06:36:36.961 INFO [main] org.apache.jasper.servlet.TldScanner.scanJars At least one JAR was scanned for TLDs yet contained no TLDs. Enable debug logging for this logger for a complete list of JARs that were scanned but no TLDs were found in them. Skipping unneeded JARs during scanning can improve startup time and JSP compilation time.
24-May-2022 06:36:37.105 WARNING [main] org.jboss.weld.util.ServiceLoader.loadClass Could not load service class org.springframework.data.jpa.repository.cdi.JpaRepositoryExtension
24-May-2022 06:36:39.966 INFO [main] com.sun.faces.config.ConfigureListener.contextInitialized Initializing Mojarra 2.3.9 ( 20190401-1936 77894020e94a338c9701619b7ef6e9871c5a9079) for context '/samigo-app'
24-May-2022 06:36:40.328 INFO [main] com.sun.faces.spi.InjectionProviderFactory.createInstance JSF1048: PostConstruct/PreDestroy annotations present.  ManagedBeans methods marked with these annotations will have said annotations processed.
24-May-2022 06:36:41.553 INFO [main] org.apache.catalina.startup.HostConfig.deployWAR Deployment of web application archive [/Users/moloko/Desktop/tomcat/apache-tomcat-9.0.62/webapps/samigo-app.war] has finished in [5,420] ms
24-May-2022 06:36:41.556 INFO [main] org.apache.catalina.startup.HostConfig.deployWAR Deploying web application archive [/Users/moloko/Desktop/tomcat/apache-tomcat-9.0.62/webapps/profile2-tool.war]
24-May-2022 06:36:41.971 INFO [main] org.apache.jasper.servlet.TldScanner.scanJars At least one JAR was scanned for TLDs yet contained no TLDs. Enable debug logging for this logger for a complete list of JARs that were scanned but no TLDs were found in them. Skipping unneeded JARs during scanning can improve startup time and JSP compilation time.
24-May-2022 06:36:42.390 INFO [main] org.apache.catalina.startup.HostConfig.deployWAR Deployment of web application archive [/Users/moloko/Desktop/tomcat/apache-tomcat-9.0.62/webapps/profile2-tool.war] has finished in [834] ms
24-May-2022 06:36:42.394 INFO [main] org.apache.catalina.startup.HostConfig.deployWAR Deploying web application archive [/Users/moloko/Desktop/tomcat/apache-tomcat-9.0.62/webapps/myconnections.war]
24-May-2022 06:36:42.623 INFO [main] org.apache.jasper.servlet.TldScanner.scanJars At least one JAR was scanned for TLDs yet contained no TLDs. Enable debug logging for this logger for a complete list of JARs that were scanned but no TLDs were found in them. Skipping unneeded JARs during scanning can improve startup time and JSP compilation time.
24-May-2022 06:36:43.032 INFO [main] org.apache.catalina.startup.HostConfig.deployWAR Deployment of web application archive [/Users/moloko/Desktop/tomcat/apache-tomcat-9.0.62/webapps/myconnections.war] has finished in [638] ms
24-May-2022 06:36:43.035 INFO [main] org.apache.catalina.startup.HostConfig.deployWAR Deploying web application archive [/Users/moloko/Desktop/tomcat/apache-tomcat-9.0.62/webapps/oauth-tool.war]
24-May-2022 06:36:43.249 INFO [main] org.apache.jasper.servlet.TldScanner.scanJars At least one JAR was scanned for TLDs yet contained no TLDs. Enable debug logging for this logger for a complete list of JARs that were scanned but no TLDs were found in them. Skipping unneeded JARs during scanning can improve startup time and JSP compilation time.
24-May-2022 06:36:43.506 INFO [main] org.apache.catalina.startup.HostConfig.deployWAR Deployment of web application archive [/Users/moloko/Desktop/tomcat/apache-tomcat-9.0.62/webapps/oauth-tool.war] has finished in [470] ms
24-May-2022 06:36:43.509 INFO [main] org.apache.catalina.startup.HostConfig.deployWAR Deploying web application archive [/Users/moloko/Desktop/tomcat/apache-tomcat-9.0.62/webapps/wiki.war]
24-May-2022 06:36:43.601 INFO [main] org.apache.jasper.servlet.TldScanner.scanJars At least one JAR was scanned for TLDs yet contained no TLDs. Enable debug logging for this logger for a complete list of JARs that were scanned but no TLDs were found in them. Skipping unneeded JARs during scanning can improve startup time and JSP compilation time.
24-May-2022 06:36:43.604 INFO [main] org.apache.catalina.startup.HostConfig.deployWAR Deployment of web application archive [/Users/moloko/Desktop/tomcat/apache-tomcat-9.0.62/webapps/wiki.war] has finished in [96] ms
24-May-2022 06:36:43.607 INFO [main] org.apache.catalina.startup.HostConfig.deployWAR Deploying web application archive [/Users/moloko/Desktop/tomcat/apache-tomcat-9.0.62/webapps/sakai-mailarchive-tool.war]
24-May-2022 06:36:43.763 INFO [main] org.apache.jasper.servlet.TldScanner.scanJars At least one JAR was scanned for TLDs yet contained no TLDs. Enable debug logging for this logger for a complete list of JARs that were scanned but no TLDs were found in them. Skipping unneeded JARs during scanning can improve startup time and JSP compilation time.
24-May-2022 06:36:43.946 INFO [main] org.apache.catalina.startup.HostConfig.deployWAR Deployment of web application archive [/Users/moloko/Desktop/tomcat/apache-tomcat-9.0.62/webapps/sakai-mailarchive-tool.war] has finished in [338] ms
24-May-2022 06:36:43.950 INFO [main] org.apache.catalina.startup.HostConfig.deployDirectory Deploying web application directory [/Users/moloko/Desktop/tomcat/apache-tomcat-9.0.62/webapps/docs]
24-May-2022 06:36:44.032 INFO [main] org.apache.jasper.servlet.TldScanner.scanJars At least one JAR was scanned for TLDs yet contained no TLDs. Enable debug logging for this logger for a complete list of JARs that were scanned but no TLDs were found in them. Skipping unneeded JARs during scanning can improve startup time and JSP compilation time.
24-May-2022 06:36:44.034 INFO [main] org.apache.catalina.startup.HostConfig.deployDirectory Deployment of web application directory [/Users/moloko/Desktop/tomcat/apache-tomcat-9.0.62/webapps/docs] has finished in [83] ms
24-May-2022 06:36:44.035 INFO [main] org.apache.catalina.startup.HostConfig.deployDirectory Deploying web application directory [/Users/moloko/Desktop/tomcat/apache-tomcat-9.0.62/webapps/manager]
24-May-2022 06:36:44.145 INFO [main] org.apache.jasper.servlet.TldScanner.scanJars At least one JAR was scanned for TLDs yet contained no TLDs. Enable debug logging for this logger for a complete list of JARs that were scanned but no TLDs were found in them. Skipping unneeded JARs during scanning can improve startup time and JSP compilation time.
24-May-2022 06:36:44.155 INFO [main] org.apache.catalina.startup.HostConfig.deployDirectory Deployment of web application directory [/Users/moloko/Desktop/tomcat/apache-tomcat-9.0.62/webapps/manager] has finished in [119] ms
24-May-2022 06:36:44.155 INFO [main] org.apache.catalina.startup.HostConfig.deployDirectory Deploying web application directory [/Users/moloko/Desktop/tomcat/apache-tomcat-9.0.62/webapps/examples]
24-May-2022 06:36:44.403 INFO [main] org.apache.jasper.servlet.TldScanner.scanJars At least one JAR was scanned for TLDs yet contained no TLDs. Enable debug logging for this logger for a complete list of JARs that were scanned but no TLDs were found in them. Skipping unneeded JARs during scanning can improve startup time and JSP compilation time.
24-May-2022 06:36:44.415 INFO [main] org.apache.catalina.startup.HostConfig.deployDirectory Deployment of web application directory [/Users/moloko/Desktop/tomcat/apache-tomcat-9.0.62/webapps/examples] has finished in [259] ms
24-May-2022 06:36:44.415 INFO [main] org.apache.catalina.startup.HostConfig.deployDirectory Deploying web application directory [/Users/moloko/Desktop/tomcat/apache-tomcat-9.0.62/webapps/ROOT]
24-May-2022 06:36:44.490 INFO [main] org.apache.jasper.servlet.TldScanner.scanJars At least one JAR was scanned for TLDs yet contained no TLDs. Enable debug logging for this logger for a complete list of JARs that were scanned but no TLDs were found in them. Skipping unneeded JARs during scanning can improve startup time and JSP compilation time.
24-May-2022 06:36:44.491 INFO [main] org.apache.catalina.startup.HostConfig.deployDirectory Deployment of web application directory [/Users/moloko/Desktop/tomcat/apache-tomcat-9.0.62/webapps/ROOT] has finished in [76] ms
24-May-2022 06:36:44.492 INFO [main] org.apache.catalina.startup.HostConfig.deployDirectory Deploying web application directory [/Users/moloko/Desktop/tomcat/apache-tomcat-9.0.62/webapps/host-manager]
24-May-2022 06:36:44.576 INFO [main] org.apache.jasper.servlet.TldScanner.scanJars At least one JAR was scanned for TLDs yet contained no TLDs. Enable debug logging for this logger for a complete list of JARs that were scanned but no TLDs were found in them. Skipping unneeded JARs during scanning can improve startup time and JSP compilation time.
24-May-2022 06:36:44.577 INFO [main] org.apache.catalina.startup.HostConfig.deployDirectory Deployment of web application directory [/Users/moloko/Desktop/tomcat/apache-tomcat-9.0.62/webapps/host-manager] has finished in [85] ms
24-May-2022 06:36:44.583 INFO [main] org.apache.coyote.AbstractProtocol.start Starting ProtocolHandler ["http-nio-8080"]
24-May-2022 06:36:44.600 INFO [main] org.apache.catalina.startup.Catalina.start Server startup in [94638] milliseconds
