04-Apr-2022 23:45:51.449 INFO [main] org.apache.catalina.startup.VersionLoggerListener.log Server version name:   Apache Tomcat/9.0.62
04-Apr-2022 23:45:51.453 INFO [main] org.apache.catalina.startup.VersionLoggerListener.log Server built:          Mar 31 2022 14:34:15 UTC
04-Apr-2022 23:45:51.453 INFO [main] org.apache.catalina.startup.VersionLoggerListener.log Server version number: 9.0.62.0
04-Apr-2022 23:45:51.454 INFO [main] org.apache.catalina.startup.VersionLoggerListener.log OS Name:               Mac OS X
04-Apr-2022 23:45:51.454 INFO [main] org.apache.catalina.startup.VersionLoggerListener.log OS Version:            12.3.1
04-Apr-2022 23:45:51.454 INFO [main] org.apache.catalina.startup.VersionLoggerListener.log Architecture:          x86_64
04-Apr-2022 23:45:51.454 INFO [main] org.apache.catalina.startup.VersionLoggerListener.log Java Home:             /Library/Internet Plug-Ins/JavaAppletPlugin.plugin/Contents/Home
04-Apr-2022 23:45:51.454 INFO [main] org.apache.catalina.startup.VersionLoggerListener.log JVM Version:           1.8.0_321-b07
04-Apr-2022 23:45:51.454 INFO [main] org.apache.catalina.startup.VersionLoggerListener.log JVM Vendor:            Oracle Corporation
04-Apr-2022 23:45:51.454 INFO [main] org.apache.catalina.startup.VersionLoggerListener.log CATALINA_BASE:         /Users/moloko/Desktop/tomcat/apache-tomcat-9.0.62
04-Apr-2022 23:45:51.454 INFO [main] org.apache.catalina.startup.VersionLoggerListener.log CATALINA_HOME:         /Users/moloko/Desktop/tomcat/apache-tomcat-9.0.62
04-Apr-2022 23:45:51.468 INFO [main] org.apache.catalina.startup.VersionLoggerListener.log Command line argument: -Djava.util.logging.config.file=/Users/moloko/Desktop/tomcat/apache-tomcat-9.0.62/conf/logging.properties
04-Apr-2022 23:45:51.468 INFO [main] org.apache.catalina.startup.VersionLoggerListener.log Command line argument: -Djava.util.logging.manager=org.apache.juli.ClassLoaderLogManager
04-Apr-2022 23:45:51.468 INFO [main] org.apache.catalina.startup.VersionLoggerListener.log Command line argument: -Djdk.tls.ephemeralDHKeySize=2048
04-Apr-2022 23:45:51.468 INFO [main] org.apache.catalina.startup.VersionLoggerListener.log Command line argument: -Djava.protocol.handler.pkgs=org.apache.catalina.webresources
04-Apr-2022 23:45:51.468 INFO [main] org.apache.catalina.startup.VersionLoggerListener.log Command line argument: -Dorg.apache.catalina.security.SecurityListener.UMASK=0027
04-Apr-2022 23:45:51.469 INFO [main] org.apache.catalina.startup.VersionLoggerListener.log Command line argument: -Dignore.endorsed.dirs=
04-Apr-2022 23:45:51.469 INFO [main] org.apache.catalina.startup.VersionLoggerListener.log Command line argument: -Dcatalina.base=/Users/moloko/Desktop/tomcat/apache-tomcat-9.0.62
04-Apr-2022 23:45:51.469 INFO [main] org.apache.catalina.startup.VersionLoggerListener.log Command line argument: -Dcatalina.home=/Users/moloko/Desktop/tomcat/apache-tomcat-9.0.62
04-Apr-2022 23:45:51.469 INFO [main] org.apache.catalina.startup.VersionLoggerListener.log Command line argument: -Djava.io.tmpdir=/Users/moloko/Desktop/tomcat/apache-tomcat-9.0.62/temp
04-Apr-2022 23:45:51.471 INFO [main] org.apache.catalina.core.AprLifecycleListener.lifecycleEvent The Apache Tomcat Native library which allows using OpenSSL was not found on the java.library.path: [/Users/moloko/Library/Java/Extensions:/Library/Java/Extensions:/Network/Library/Java/Extensions:/System/Library/Java/Extensions:/usr/lib/java:.]
04-Apr-2022 23:45:51.933 INFO [main] org.apache.coyote.AbstractProtocol.init Initializing ProtocolHandler ["http-nio-8080"]
04-Apr-2022 23:45:51.973 INFO [main] org.apache.catalina.startup.Catalina.load Server initialization in [738] milliseconds
04-Apr-2022 23:45:52.015 INFO [main] org.apache.catalina.core.StandardService.startInternal Starting service [Catalina]
04-Apr-2022 23:45:52.016 INFO [main] org.apache.catalina.core.StandardEngine.startInternal Starting Servlet engine: [Apache Tomcat/9.0.62]
04-Apr-2022 23:45:52.023 INFO [main] org.apache.catalina.startup.HostConfig.deployDirectory Deploying web application directory [/Users/moloko/Desktop/tomcat/apache-tomcat-9.0.62/webapps/docs]
04-Apr-2022 23:45:52.256 INFO [main] org.apache.catalina.startup.HostConfig.deployDirectory Deployment of web application directory [/Users/moloko/Desktop/tomcat/apache-tomcat-9.0.62/webapps/docs] has finished in [233] ms
04-Apr-2022 23:45:52.257 INFO [main] org.apache.catalina.startup.HostConfig.deployDirectory Deploying web application directory [/Users/moloko/Desktop/tomcat/apache-tomcat-9.0.62/webapps/manager]
04-Apr-2022 23:45:52.286 INFO [main] org.apache.catalina.startup.HostConfig.deployDirectory Deployment of web application directory [/Users/moloko/Desktop/tomcat/apache-tomcat-9.0.62/webapps/manager] has finished in [29] ms
04-Apr-2022 23:45:52.286 INFO [main] org.apache.catalina.startup.HostConfig.deployDirectory Deploying web application directory [/Users/moloko/Desktop/tomcat/apache-tomcat-9.0.62/webapps/examples]
04-Apr-2022 23:45:52.508 INFO [main] org.apache.catalina.startup.HostConfig.deployDirectory Deployment of web application directory [/Users/moloko/Desktop/tomcat/apache-tomcat-9.0.62/webapps/examples] has finished in [221] ms
04-Apr-2022 23:45:52.508 INFO [main] org.apache.catalina.startup.HostConfig.deployDirectory Deploying web application directory [/Users/moloko/Desktop/tomcat/apache-tomcat-9.0.62/webapps/ROOT]
04-Apr-2022 23:45:52.523 INFO [main] org.apache.catalina.startup.HostConfig.deployDirectory Deployment of web application directory [/Users/moloko/Desktop/tomcat/apache-tomcat-9.0.62/webapps/ROOT] has finished in [15] ms
04-Apr-2022 23:45:52.524 INFO [main] org.apache.catalina.startup.HostConfig.deployDirectory Deploying web application directory [/Users/moloko/Desktop/tomcat/apache-tomcat-9.0.62/webapps/host-manager]
04-Apr-2022 23:45:52.542 INFO [main] org.apache.catalina.startup.HostConfig.deployDirectory Deployment of web application directory [/Users/moloko/Desktop/tomcat/apache-tomcat-9.0.62/webapps/host-manager] has finished in [18] ms
04-Apr-2022 23:45:52.545 INFO [main] org.apache.coyote.AbstractProtocol.start Starting ProtocolHandler ["http-nio-8080"]
04-Apr-2022 23:45:52.560 INFO [main] org.apache.catalina.startup.Catalina.start Server startup in [587] milliseconds
04-Apr-2022 23:47:06.207 INFO [Thread-3] org.apache.coyote.AbstractProtocol.pause Pausing ProtocolHandler ["http-nio-8080"]
04-Apr-2022 23:47:06.214 INFO [Thread-3] org.apache.catalina.core.StandardService.stopInternal Stopping service [Catalina]
04-Apr-2022 23:47:06.236 INFO [Thread-3] org.apache.coyote.AbstractProtocol.stop Stopping ProtocolHandler ["http-nio-8080"]
04-Apr-2022 23:47:06.241 INFO [Thread-3] org.apache.coyote.AbstractProtocol.destroy Destroying ProtocolHandler ["http-nio-8080"]
