22-Apr-2022 10:15:30.372 INFO [Thread-20] org.apache.coyote.AbstractProtocol.pause Pausing ProtocolHandler ["http-nio-8080"]
22-Apr-2022 10:15:30.393 INFO [Thread-20] org.apache.catalina.core.StandardService.stopInternal Stopping service [Catalina]
22-Apr-2022 10:15:30.780 SEVERE [Thread-20] org.apache.catalina.loader.WebappClassLoaderBase.checkThreadLocalMapForLeaks The web application [mailsender-tool] created a ThreadLocal with key of type [uk.org.ponder.saxalizer.support.SAXalXMLProvider$1] (value [uk.org.ponder.saxalizer.support.SAXalXMLProvider$1@b3f63bc1]) and a value of type [uk.org.ponder.saxalizer.SAXalizerHelper] (value [uk.org.ponder.saxalizer.SAXalizerHelper@e9bc1a43]) but failed to remove it when the web application was stopped. Threads are going to be renewed over time to try and avoid a probable memory leak.
22-Apr-2022 10:15:31.078 WARNING [Thread-20] org.apache.catalina.loader.WebappClassLoaderBase.clearReferencesThreads The web application [providers] appears to have started a thread named [helpCP connection adder] but has failed to stop it. This is very likely to create a memory leak. Stack trace of thread:
 sun.misc.Unsafe.park(Native Method)
 java.util.concurrent.locks.LockSupport.parkNanos(LockSupport.java:215)
 java.util.concurrent.locks.AbstractQueuedSynchronizer$ConditionObject.awaitNanos(AbstractQueuedSynchronizer.java:2078)
 java.util.concurrent.LinkedBlockingQueue.poll(LinkedBlockingQueue.java:467)
 java.util.concurrent.ThreadPoolExecutor.getTask(ThreadPoolExecutor.java:1073)
 java.util.concurrent.ThreadPoolExecutor.runWorker(ThreadPoolExecutor.java:1134)
 java.util.concurrent.ThreadPoolExecutor$Worker.run(ThreadPoolExecutor.java:624)
 java.lang.Thread.run(Thread.java:827)
22-Apr-2022 10:15:31.078 WARNING [Thread-20] org.apache.catalina.loader.WebappClassLoaderBase.clearReferencesThreads The web application [providers] appears to have started a thread named [helpCP connection closer] but has failed to stop it. This is very likely to create a memory leak. Stack trace of thread:
 sun.misc.Unsafe.park(Native Method)
 java.util.concurrent.locks.LockSupport.parkNanos(LockSupport.java:215)
 java.util.concurrent.locks.AbstractQueuedSynchronizer$ConditionObject.awaitNanos(AbstractQueuedSynchronizer.java:2078)
 java.util.concurrent.LinkedBlockingQueue.poll(LinkedBlockingQueue.java:467)
 java.util.concurrent.ThreadPoolExecutor.getTask(ThreadPoolExecutor.java:1073)
 java.util.concurrent.ThreadPoolExecutor.runWorker(ThreadPoolExecutor.java:1134)
 java.util.concurrent.ThreadPoolExecutor$Worker.run(ThreadPoolExecutor.java:624)
 java.lang.Thread.run(Thread.java:827)
22-Apr-2022 10:15:31.079 WARNING [Thread-20] org.apache.catalina.loader.WebappClassLoaderBase.clearReferencesThreads The web application [providers] appears to have started a thread named [sakai connection adder] but has failed to stop it. This is very likely to create a memory leak. Stack trace of thread:
 java.lang.Thread.sleep(Native Method)
 java.lang.Thread.sleep(Thread.java:958)
 com.zaxxer.hikari.util.UtilityElf.quietlySleep(UtilityElf.java:49)
 com.zaxxer.hikari.pool.HikariPool$PoolEntryCreator.call(HikariPool.java:730)
 com.zaxxer.hikari.pool.HikariPool$PoolEntryCreator.call(HikariPool.java:705)
 java.util.concurrent.FutureTask.run(FutureTask.java:266)
 java.util.concurrent.ThreadPoolExecutor.runWorker(ThreadPoolExecutor.java:1149)
 java.util.concurrent.ThreadPoolExecutor$Worker.run(ThreadPoolExecutor.java:624)
 java.lang.Thread.run(Thread.java:827)
22-Apr-2022 10:15:31.079 WARNING [Thread-20] org.apache.catalina.loader.WebappClassLoaderBase.clearReferencesThreads The web application [providers] appears to have started a thread named [QuartzScheduler_QuartzScheduler-Molokos-MacBook-Air.local_MisfireHandler] but has failed to stop it. This is very likely to create a memory leak. Stack trace of thread:
 java.lang.Thread.sleep(Native Method)
 java.lang.Thread.sleep(Thread.java:958)
 org.quartz.impl.jdbcjobstore.JobStoreSupport$MisfireHandler.run(JobStoreSupport.java:4053)
22-Apr-2022 10:15:31.083 WARNING [Thread-20] org.apache.catalina.loader.WebappClassLoaderBase.clearReferencesThreads The web application [providers] appears to have started a thread named [org.subethamail.smtp.server.ServerThread *:8025] but has failed to stop it. This is very likely to create a memory leak. Stack trace of thread:
 java.net.PlainSocketImpl.socketAccept(Native Method)
 java.net.AbstractPlainSocketImpl.accept(AbstractPlainSocketImpl.java:409)
 java.net.ServerSocket.implAccept(ServerSocket.java:560)
 java.net.ServerSocket.accept(ServerSocket.java:528)
 org.subethamail.smtp.server.ServerThread.runAcceptLoop(ServerThread.java:110)
 org.subethamail.smtp.server.ServerThread.run(ServerThread.java:71)
22-Apr-2022 10:15:31.083 WARNING [Thread-20] org.apache.catalina.loader.WebappClassLoaderBase.clearReferencesThreads The web application [providers] appears to have started a thread named [SakaiClusterService.Maintenance] but has failed to stop it. This is very likely to create a memory leak. Stack trace of thread:
 java.lang.Thread.sleep(Native Method)
 java.lang.Thread.sleep(Thread.java:958)
 org.sakaiproject.cluster.impl.SakaiClusterService$Maintenance.run(SakaiClusterService.java:501)
 java.lang.Thread.run(Thread.java:827)
22-Apr-2022 10:15:31.084 WARNING [Thread-20] org.apache.catalina.loader.WebappClassLoaderBase.clearReferencesThreads The web application [providers] appears to have started a thread named [Sakai.BasicCourierService.Maintenance] but has failed to stop it. This is very likely to create a memory leak. Stack trace of thread:
 sun.misc.Unsafe.park(Native Method)
 java.util.concurrent.locks.LockSupport.parkNanos(LockSupport.java:215)
 java.util.concurrent.locks.AbstractQueuedSynchronizer$ConditionObject.awaitNanos(AbstractQueuedSynchronizer.java:2078)
 java.util.concurrent.ScheduledThreadPoolExecutor$DelayedWorkQueue.take(ScheduledThreadPoolExecutor.java:1093)
 java.util.concurrent.ScheduledThreadPoolExecutor$DelayedWorkQueue.take(ScheduledThreadPoolExecutor.java:809)
 java.util.concurrent.ThreadPoolExecutor.getTask(ThreadPoolExecutor.java:1074)
 java.util.concurrent.ThreadPoolExecutor.runWorker(ThreadPoolExecutor.java:1134)
 java.util.concurrent.ThreadPoolExecutor$Worker.run(ThreadPoolExecutor.java:624)
 java.lang.Thread.run(Thread.java:827)
22-Apr-2022 10:15:31.084 WARNING [Thread-20] org.apache.catalina.loader.WebappClassLoaderBase.clearReferencesThreads The web application [providers] appears to have started a thread named [External calendar preloading] but has failed to stop it. This is very likely to create a memory leak. Stack trace of thread:
 java.lang.Object.wait(Native Method)
 java.lang.Object.wait(Object.java:189)
 java.util.TimerThread.mainLoop(Timer.java:526)
 java.util.TimerThread.run(Timer.java:505)
22-Apr-2022 10:15:31.085 WARNING [Thread-20] org.apache.catalina.loader.WebappClassLoaderBase.clearReferencesThreads The web application [providers] appears to have started a thread named [org.sakaiproject.sitestats.impl.StatsUpdateManagerImpl] but has failed to stop it. This is very likely to create a memory leak. Stack trace of thread:
 java.lang.Object.wait(Native Method)
 java.lang.Object.wait(Object.java:218)
 org.sakaiproject.sitestats.impl.StatsUpdateManagerImpl.run(StatsUpdateManagerImpl.java:436)
 java.lang.Thread.run(Thread.java:827)
22-Apr-2022 10:15:31.085 WARNING [Thread-20] org.apache.catalina.loader.WebappClassLoaderBase.clearReferencesThreads The web application [providers] appears to have started a thread named [Timer-2] but has failed to stop it. This is very likely to create a memory leak. Stack trace of thread:
 java.lang.Object.wait(Native Method)
 java.lang.Object.wait(Object.java:218)
 java.util.TimerThread.mainLoop(Timer.java:552)
 java.util.TimerThread.run(Timer.java:505)
22-Apr-2022 10:15:31.085 WARNING [Thread-20] org.apache.catalina.loader.WebappClassLoaderBase.clearReferencesThreads The web application [providers] appears to have started a thread named [helpCP housekeeper] but has failed to stop it. This is very likely to create a memory leak. Stack trace of thread:
 sun.misc.Unsafe.park(Native Method)
 java.util.concurrent.locks.LockSupport.parkNanos(LockSupport.java:215)
 java.util.concurrent.locks.AbstractQueuedSynchronizer$ConditionObject.awaitNanos(AbstractQueuedSynchronizer.java:2078)
 java.util.concurrent.ScheduledThreadPoolExecutor$DelayedWorkQueue.take(ScheduledThreadPoolExecutor.java:1093)
 java.util.concurrent.ScheduledThreadPoolExecutor$DelayedWorkQueue.take(ScheduledThreadPoolExecutor.java:809)
 java.util.concurrent.ThreadPoolExecutor.getTask(ThreadPoolExecutor.java:1074)
 java.util.concurrent.ThreadPoolExecutor.runWorker(ThreadPoolExecutor.java:1134)
 java.util.concurrent.ThreadPoolExecutor$Worker.run(ThreadPoolExecutor.java:624)
 java.lang.Thread.run(Thread.java:827)
22-Apr-2022 10:15:31.086 WARNING [Thread-20] org.apache.catalina.loader.WebappClassLoaderBase.clearReferencesThreads The web application [providers] appears to have started a thread named [SakaiPresenceService.Maintenance] but has failed to stop it. This is very likely to create a memory leak. Stack trace of thread:
 java.lang.Thread.sleep(Native Method)
 java.lang.Thread.sleep(Thread.java:958)
 org.sakaiproject.presence.impl.BasePresenceService$Maintenance.run(BasePresenceService.java:795)
 java.lang.Thread.run(Thread.java:827)
22-Apr-2022 10:15:31.086 WARNING [Thread-20] org.apache.catalina.loader.WebappClassLoaderBase.clearReferencesThreads The web application [providers] appears to have started a thread named [QuartzScheduler_Worker-5] but has failed to stop it. This is very likely to create a memory leak. Stack trace of thread:
 java.lang.Object.wait(Native Method)
 java.lang.Object.wait(Object.java:218)
 org.quartz.simpl.SimpleThreadPool$WorkerThread.run(SimpleThreadPool.java:568)
22-Apr-2022 10:15:31.086 WARNING [Thread-20] org.apache.catalina.loader.WebappClassLoaderBase.clearReferencesThreads The web application [providers] appears to have started a thread named [QuartzScheduler_Worker-4] but has failed to stop it. This is very likely to create a memory leak. Stack trace of thread:
 java.lang.Object.wait(Native Method)
 java.lang.Object.wait(Object.java:218)
 org.quartz.simpl.SimpleThreadPool$WorkerThread.run(SimpleThreadPool.java:568)
22-Apr-2022 10:15:31.086 WARNING [Thread-20] org.apache.catalina.loader.WebappClassLoaderBase.clearReferencesThreads The web application [providers] appears to have started a thread named [QuartzScheduler_Worker-3] but has failed to stop it. This is very likely to create a memory leak. Stack trace of thread:
 java.lang.Object.wait(Native Method)
 java.lang.Object.wait(Object.java:218)
 org.quartz.simpl.SimpleThreadPool$WorkerThread.run(SimpleThreadPool.java:568)
22-Apr-2022 10:15:31.086 WARNING [Thread-20] org.apache.catalina.loader.WebappClassLoaderBase.clearReferencesThreads The web application [providers] appears to have started a thread named [QuartzScheduler_Worker-2] but has failed to stop it. This is very likely to create a memory leak. Stack trace of thread:
 java.lang.Object.wait(Native Method)
 java.lang.Object.wait(Object.java:218)
 org.quartz.simpl.SimpleThreadPool$WorkerThread.run(SimpleThreadPool.java:568)
22-Apr-2022 10:15:31.086 WARNING [Thread-20] org.apache.catalina.loader.WebappClassLoaderBase.clearReferencesThreads The web application [providers] appears to have started a thread named [QuartzScheduler_Worker-1] but has failed to stop it. This is very likely to create a memory leak. Stack trace of thread:
 java.lang.Object.wait(Native Method)
 java.lang.Object.wait(Object.java:218)
 org.quartz.simpl.SimpleThreadPool$WorkerThread.run(SimpleThreadPool.java:568)
22-Apr-2022 10:15:31.087 WARNING [Thread-20] org.apache.catalina.loader.WebappClassLoaderBase.clearReferencesThreads The web application [providers] appears to have started a thread named [Timer-1] but has failed to stop it. This is very likely to create a memory leak. Stack trace of thread:
 java.lang.Object.wait(Native Method)
 java.lang.Object.wait(Object.java:218)
 java.util.TimerThread.mainLoop(Timer.java:552)
 java.util.TimerThread.run(Timer.java:505)
22-Apr-2022 10:15:31.087 WARNING [Thread-20] org.apache.catalina.loader.WebappClassLoaderBase.clearReferencesThreads The web application [providers] appears to have started a thread named [Timer-0] but has failed to stop it. This is very likely to create a memory leak. Stack trace of thread:
 java.lang.Object.wait(Native Method)
 java.lang.Object.wait(Object.java:218)
 java.util.TimerThread.mainLoop(Timer.java:552)
 java.util.TimerThread.run(Timer.java:505)
22-Apr-2022 10:15:31.087 WARNING [Thread-20] org.apache.catalina.loader.WebappClassLoaderBase.clearReferencesThreads The web application [providers] appears to have started a thread named [pool-2-thread-1] but has failed to stop it. This is very likely to create a memory leak. Stack trace of thread:
 sun.misc.Unsafe.park(Native Method)
 java.util.concurrent.locks.LockSupport.parkNanos(LockSupport.java:215)
 java.util.concurrent.locks.AbstractQueuedSynchronizer$ConditionObject.awaitNanos(AbstractQueuedSynchronizer.java:2078)
 java.util.concurrent.ScheduledThreadPoolExecutor$DelayedWorkQueue.take(ScheduledThreadPoolExecutor.java:1093)
 java.util.concurrent.ScheduledThreadPoolExecutor$DelayedWorkQueue.take(ScheduledThreadPoolExecutor.java:809)
 java.util.concurrent.ThreadPoolExecutor.getTask(ThreadPoolExecutor.java:1074)
 java.util.concurrent.ThreadPoolExecutor.runWorker(ThreadPoolExecutor.java:1134)
 java.util.concurrent.ThreadPoolExecutor$Worker.run(ThreadPoolExecutor.java:624)
 java.lang.Thread.run(Thread.java:827)
22-Apr-2022 10:15:31.089 WARNING [Thread-20] org.apache.catalina.loader.WebappClassLoaderBase.clearReferencesThreads The web application [providers] appears to have started a thread named [org.azeckoski.reflectutils.refmap.Finalizer] but has failed to stop it. This is very likely to create a memory leak. Stack trace of thread:
 java.lang.Object.wait(Native Method)
 java.lang.Object.wait(Object.java:218)
 java.lang.ref.ReferenceQueue.remove(ReferenceQueue.java:138)
 java.lang.ref.ReferenceQueue.remove(ReferenceQueue.java:110)
 org.azeckoski.reflectutils.refmap.Finalizer.run(Finalizer.java:127)
22-Apr-2022 10:15:31.091 WARNING [Thread-20] org.apache.catalina.loader.WebappClassLoaderBase.clearReferencesThreads The web application [providers] appears to have started a thread named [org.sakaiproject.event.impl.ClusterEventTracking$$EnhancerBySpringCGLIB$$6178efa6] but has failed to stop it. This is very likely to create a memory leak. Stack trace of thread:
 sun.misc.Unsafe.park(Native Method)
 java.util.concurrent.locks.LockSupport.parkNanos(LockSupport.java:215)
 java.util.concurrent.SynchronousQueue$TransferQueue.awaitFulfill(SynchronousQueue.java:764)
 java.util.concurrent.SynchronousQueue$TransferQueue.transfer(SynchronousQueue.java:695)
 java.util.concurrent.SynchronousQueue.poll(SynchronousQueue.java:941)
 com.zaxxer.hikari.util.ConcurrentBag.borrow(ConcurrentBag.java:157)
 com.zaxxer.hikari.pool.HikariPool.getConnection(HikariPool.java:179)
 com.zaxxer.hikari.pool.HikariPool.getConnection(HikariPool.java:161)
 com.zaxxer.hikari.HikariDataSource.getConnection(HikariDataSource.java:128)
 org.sakaiproject.db.impl.BasicSqlService.borrowConnection(BasicSqlService.java:258)
 org.sakaiproject.db.impl.BasicSqlService.dbRead(BasicSqlService.java:538)
 org.sakaiproject.db.impl.BasicSqlService.dbRead(BasicSqlService.java:469)
 org.sakaiproject.event.impl.ClusterEventTracking.run(ClusterEventTracking.java:599)
 java.util.concurrent.Executors$RunnableAdapter.call(Executors.java:511)
 java.util.concurrent.FutureTask.runAndReset(FutureTask.java:308)
 java.util.concurrent.ScheduledThreadPoolExecutor$ScheduledFutureTask.access$301(ScheduledThreadPoolExecutor.java:180)
 java.util.concurrent.ScheduledThreadPoolExecutor$ScheduledFutureTask.run(ScheduledThreadPoolExecutor.java:294)
 java.util.concurrent.ThreadPoolExecutor.runWorker(ThreadPoolExecutor.java:1149)
 java.util.concurrent.ThreadPoolExecutor$Worker.run(ThreadPoolExecutor.java:624)
 java.lang.Thread.run(Thread.java:827)
22-Apr-2022 10:15:31.092 WARNING [Thread-20] org.apache.catalina.loader.WebappClassLoaderBase.clearReferencesThreads The web application [providers] appears to have started a thread named [Sakai] but has failed to stop it. This is very likely to create a memory leak. Stack trace of thread:
 java.lang.Object.wait(Native Method)
 java.lang.Object.wait(Object.java:218)
 java.util.TimerThread.mainLoop(Timer.java:552)
 java.util.TimerThread.run(Timer.java:505)
22-Apr-2022 10:15:31.092 WARNING [Thread-20] org.apache.catalina.loader.WebappClassLoaderBase.clearReferencesThreads The web application [providers] appears to have started a thread named [daily precache users] but has failed to stop it. This is very likely to create a memory leak. Stack trace of thread:
 java.lang.Object.wait(Native Method)
 java.lang.Object.wait(Object.java:189)
 java.util.TimerThread.mainLoop(Timer.java:526)
 java.util.TimerThread.run(Timer.java:505)
22-Apr-2022 10:15:31.092 WARNING [Thread-20] org.apache.catalina.loader.WebappClassLoaderBase.clearReferencesThreads The web application [providers] appears to have started a thread named [boot precache users] but has failed to stop it. This is very likely to create a memory leak. Stack trace of thread:
 java.lang.Object.wait(Native Method)
 java.lang.Object.wait(Object.java:189)
 java.util.TimerThread.mainLoop(Timer.java:526)
 java.util.TimerThread.run(Timer.java:505)
22-Apr-2022 10:15:31.093 WARNING [Thread-20] org.apache.catalina.loader.WebappClassLoaderBase.clearReferencesThreads The web application [providers] appears to have started a thread named [FileWatchdog] but has failed to stop it. This is very likely to create a memory leak. Stack trace of thread:
 java.lang.Thread.sleep(Native Method)
 java.lang.Thread.sleep(Thread.java:958)
 org.apache.log4j.helpers.FileWatchdog.run(FileWatchdog.java:104)
22-Apr-2022 10:15:31.093 WARNING [Thread-20] org.apache.catalina.loader.WebappClassLoaderBase.clearReferencesThreads The web application [providers] appears to have started a thread named [sakai housekeeper] but has failed to stop it. This is very likely to create a memory leak. Stack trace of thread:
 sun.misc.Unsafe.park(Native Method)
 java.util.concurrent.locks.LockSupport.parkNanos(LockSupport.java:215)
 java.util.concurrent.locks.AbstractQueuedSynchronizer$ConditionObject.awaitNanos(AbstractQueuedSynchronizer.java:2078)
 java.util.concurrent.ScheduledThreadPoolExecutor$DelayedWorkQueue.take(ScheduledThreadPoolExecutor.java:1093)
 java.util.concurrent.ScheduledThreadPoolExecutor$DelayedWorkQueue.take(ScheduledThreadPoolExecutor.java:809)
 java.util.concurrent.ThreadPoolExecutor.getTask(ThreadPoolExecutor.java:1074)
 java.util.concurrent.ThreadPoolExecutor.runWorker(ThreadPoolExecutor.java:1134)
 java.util.concurrent.ThreadPoolExecutor$Worker.run(ThreadPoolExecutor.java:624)
 java.lang.Thread.run(Thread.java:827)
22-Apr-2022 10:15:31.093 WARNING [Thread-20] org.apache.catalina.loader.WebappClassLoaderBase.clearReferencesThreads The web application [providers] appears to have started a thread named [Sakai.SessionComponent.Maintenance] but has failed to stop it. This is very likely to create a memory leak. Stack trace of thread:
 java.lang.Thread.sleep(Native Method)
 java.lang.Thread.sleep(Thread.java:958)
 org.sakaiproject.tool.impl.SessionComponent$Maintenance.run(SessionComponent.java:600)
 java.lang.Thread.run(Thread.java:827)
22-Apr-2022 10:15:31.093 WARNING [Thread-20] org.apache.catalina.loader.WebappClassLoaderBase.clearReferencesThreads The web application [providers] appears to have started a thread named [QuartzScheduler_QuartzSchedulerThread] but has failed to stop it. This is very likely to create a memory leak. Stack trace of thread:
 java.lang.Object.wait(Native Method)
 java.lang.Object.wait(Object.java:218)
 org.quartz.core.QuartzSchedulerThread.run(QuartzSchedulerThread.java:427)
22-Apr-2022 10:15:31.370 SEVERE [Thread-20] org.apache.catalina.loader.WebappClassLoaderBase.checkThreadLocalMapForLeaks The web application [accountvalidator] created a ThreadLocal with key of type [uk.org.ponder.saxalizer.support.SAXalXMLProvider$1] (value [uk.org.ponder.saxalizer.support.SAXalXMLProvider$1@cce97adc]) and a value of type [uk.org.ponder.saxalizer.SAXalizerHelper] (value [uk.org.ponder.saxalizer.SAXalizerHelper@51c4da0e]) but failed to remove it when the web application was stopped. Threads are going to be renewed over time to try and avoid a probable memory leak.
22-Apr-2022 10:15:31.583 SEVERE [Thread-20] org.apache.catalina.loader.WebappClassLoaderBase.checkThreadLocalMapForLeaks The web application [sakai-reset-pass] created a ThreadLocal with key of type [java.lang.ThreadLocal] (value [java.lang.ThreadLocal@2eb9fd72]) and a value of type [uk.org.ponder.rsac.support.PerRequestInfo] (value [uk.org.ponder.rsac.support.PerRequestInfo@f8705b4c]) but failed to remove it when the web application was stopped. Threads are going to be renewed over time to try and avoid a probable memory leak.
22-Apr-2022 10:15:31.583 SEVERE [Thread-20] org.apache.catalina.loader.WebappClassLoaderBase.checkThreadLocalMapForLeaks The web application [sakai-reset-pass] created a ThreadLocal with key of type [java.lang.ThreadLocal] (value [java.lang.ThreadLocal@2eb9fd72]) and a value of type [uk.org.ponder.rsac.support.PerRequestInfo] (value [uk.org.ponder.rsac.support.PerRequestInfo@aecfecd3]) but failed to remove it when the web application was stopped. Threads are going to be renewed over time to try and avoid a probable memory leak.
22-Apr-2022 10:15:31.585 SEVERE [Thread-20] org.apache.catalina.loader.WebappClassLoaderBase.checkThreadLocalMapForLeaks The web application [sakai-reset-pass] created a ThreadLocal with key of type [uk.org.ponder.saxalizer.support.SAXalXMLProvider$1] (value [uk.org.ponder.saxalizer.support.SAXalXMLProvider$1@d7ee2bf2]) and a value of type [uk.org.ponder.saxalizer.SAXalizerHelper] (value [uk.org.ponder.saxalizer.SAXalizerHelper@c314a00b]) but failed to remove it when the web application was stopped. Threads are going to be renewed over time to try and avoid a probable memory leak.
22-Apr-2022 10:15:32.656 SEVERE [Thread-20] org.apache.catalina.loader.WebappClassLoaderBase.checkThreadLocalMapForLeaks The web application [sakai-site-pageorder-helper] created a ThreadLocal with key of type [uk.org.ponder.saxalizer.support.SAXalXMLProvider$1] (value [uk.org.ponder.saxalizer.support.SAXalXMLProvider$1@c77d9444]) and a value of type [uk.org.ponder.saxalizer.SAXalizerHelper] (value [uk.org.ponder.saxalizer.SAXalizerHelper@779efe7d]) but failed to remove it when the web application was stopped. Threads are going to be renewed over time to try and avoid a probable memory leak.
22-Apr-2022 10:15:32.719 SEVERE [Thread-20] org.apache.catalina.loader.WebappClassLoaderBase.checkThreadLocalMapForLeaks The web application [emailtemplateservice-tool] created a ThreadLocal with key of type [uk.org.ponder.saxalizer.support.SAXalXMLProvider$1] (value [uk.org.ponder.saxalizer.support.SAXalXMLProvider$1@abc336b1]) and a value of type [uk.org.ponder.saxalizer.SAXalizerHelper] (value [uk.org.ponder.saxalizer.SAXalizerHelper@158f2d55]) but failed to remove it when the web application was stopped. Threads are going to be renewed over time to try and avoid a probable memory leak.
