15-Apr-2022 06:19:37.995 SEVERE [main] org.apache.tomcat.util.digester.Digester.fatalError Parse fatal error at line [69] column [26]
org.xml.sax.SAXParseException; systemId: file:/Users/moloko/Desktop/tomcat/apache-tomcat-9.0.62/conf/server.xml; lineNumber: 69; columnNumber: 26; Attribute name "Connector" associated with an element type "Connector" must be followed by the ' = ' character.
	at com.sun.org.apache.xerces.internal.util.ErrorHandlerWrapper.createSAXParseException(ErrorHandlerWrapper.java:203)
	at com.sun.org.apache.xerces.internal.util.ErrorHandlerWrapper.fatalError(ErrorHandlerWrapper.java:177)
	at com.sun.org.apache.xerces.internal.impl.XMLErrorReporter.reportError(XMLErrorReporter.java:399)
	at com.sun.org.apache.xerces.internal.impl.XMLErrorReporter.reportError(XMLErrorReporter.java:326)
	at com.sun.org.apache.xerces.internal.impl.XMLScanner.reportFatalError(XMLScanner.java:1466)
	at com.sun.org.apache.xerces.internal.impl.XMLDocumentFragmentScannerImpl.scanAttribute(XMLDocumentFragmentScannerImpl.java:1530)
	at com.sun.org.apache.xerces.internal.impl.XMLDocumentFragmentScannerImpl.scanStartElement(XMLDocumentFragmentScannerImpl.java:1314)
	at com.sun.org.apache.xerces.internal.impl.XMLDocumentFragmentScannerImpl$FragmentContentDriver.next(XMLDocumentFragmentScannerImpl.java:2783)
	at com.sun.org.apache.xerces.internal.impl.XMLDocumentScannerImpl.next(XMLDocumentScannerImpl.java:601)
	at com.sun.org.apache.xerces.internal.impl.XMLDocumentFragmentScannerImpl.scanDocument(XMLDocumentFragmentScannerImpl.java:504)
	at com.sun.org.apache.xerces.internal.parsers.XML11Configuration.parse(XML11Configuration.java:841)
	at com.sun.org.apache.xerces.internal.parsers.XML11Configuration.parse(XML11Configuration.java:770)
	at com.sun.org.apache.xerces.internal.parsers.XMLParser.parse(XMLParser.java:140)
	at com.sun.org.apache.xerces.internal.parsers.AbstractSAXParser.parse(AbstractSAXParser.java:1212)
	at com.sun.org.apache.xerces.internal.jaxp.SAXParserImpl$JAXPSAXParser.parse(SAXParserImpl.java:642)
	at org.apache.tomcat.util.digester.Digester.parse(Digester.java:1535)
	at org.apache.catalina.startup.Catalina.parseServerXml(Catalina.java:617)
	at org.apache.catalina.startup.Catalina.load(Catalina.java:709)
	at org.apache.catalina.startup.Catalina.load(Catalina.java:746)
	at sun.reflect.NativeMethodAccessorImpl.invoke0(Native Method)
	at sun.reflect.NativeMethodAccessorImpl.invoke(NativeMethodAccessorImpl.java:62)
	at sun.reflect.DelegatingMethodAccessorImpl.invoke(DelegatingMethodAccessorImpl.java:43)
	at java.lang.reflect.Method.invoke(Method.java:498)
	at org.apache.catalina.startup.Bootstrap.load(Bootstrap.java:305)
	at org.apache.catalina.startup.Bootstrap.main(Bootstrap.java:475)
15-Apr-2022 06:19:37.999 WARNING [main] org.apache.catalina.startup.Catalina.parseServerXml Unable to load server configuration from [/Users/moloko/Desktop/tomcat/apache-tomcat-9.0.62/conf/server.xml]
org.xml.sax.SAXParseException; systemId: file:/Users/moloko/Desktop/tomcat/apache-tomcat-9.0.62/conf/server.xml; lineNumber: 69; columnNumber: 26; Attribute name "Connector" associated with an element type "Connector" must be followed by the ' = ' character.
	at com.sun.org.apache.xerces.internal.parsers.AbstractSAXParser.parse(AbstractSAXParser.java:1238)
	at com.sun.org.apache.xerces.internal.jaxp.SAXParserImpl$JAXPSAXParser.parse(SAXParserImpl.java:642)
	at org.apache.tomcat.util.digester.Digester.parse(Digester.java:1535)
	at org.apache.catalina.startup.Catalina.parseServerXml(Catalina.java:617)
	at org.apache.catalina.startup.Catalina.load(Catalina.java:709)
	at org.apache.catalina.startup.Catalina.load(Catalina.java:746)
	at sun.reflect.NativeMethodAccessorImpl.invoke0(Native Method)
	at sun.reflect.NativeMethodAccessorImpl.invoke(NativeMethodAccessorImpl.java:62)
	at sun.reflect.DelegatingMethodAccessorImpl.invoke(DelegatingMethodAccessorImpl.java:43)
	at java.lang.reflect.Method.invoke(Method.java:498)
	at org.apache.catalina.startup.Bootstrap.load(Bootstrap.java:305)
	at org.apache.catalina.startup.Bootstrap.main(Bootstrap.java:475)
15-Apr-2022 06:19:37.999 SEVERE [main] org.apache.catalina.startup.Catalina.start Cannot start server, server instance is not configured
15-Apr-2022 07:03:23.188 SEVERE [main] org.apache.tomcat.util.digester.Digester.fatalError Parse fatal error at line [69] column [26]
org.xml.sax.SAXParseException; systemId: file:/Users/moloko/Desktop/tomcat/apache-tomcat-9.0.62/conf/server.xml; lineNumber: 69; columnNumber: 26; Attribute name "Connector" associated with an element type "Connector" must be followed by the ' = ' character.
	at com.sun.org.apache.xerces.internal.util.ErrorHandlerWrapper.createSAXParseException(ErrorHandlerWrapper.java:203)
	at com.sun.org.apache.xerces.internal.util.ErrorHandlerWrapper.fatalError(ErrorHandlerWrapper.java:177)
	at com.sun.org.apache.xerces.internal.impl.XMLErrorReporter.reportError(XMLErrorReporter.java:399)
	at com.sun.org.apache.xerces.internal.impl.XMLErrorReporter.reportError(XMLErrorReporter.java:326)
	at com.sun.org.apache.xerces.internal.impl.XMLScanner.reportFatalError(XMLScanner.java:1466)
	at com.sun.org.apache.xerces.internal.impl.XMLDocumentFragmentScannerImpl.scanAttribute(XMLDocumentFragmentScannerImpl.java:1530)
	at com.sun.org.apache.xerces.internal.impl.XMLDocumentFragmentScannerImpl.scanStartElement(XMLDocumentFragmentScannerImpl.java:1314)
	at com.sun.org.apache.xerces.internal.impl.XMLDocumentFragmentScannerImpl$FragmentContentDriver.next(XMLDocumentFragmentScannerImpl.java:2783)
	at com.sun.org.apache.xerces.internal.impl.XMLDocumentScannerImpl.next(XMLDocumentScannerImpl.java:601)
	at com.sun.org.apache.xerces.internal.impl.XMLDocumentFragmentScannerImpl.scanDocument(XMLDocumentFragmentScannerImpl.java:504)
	at com.sun.org.apache.xerces.internal.parsers.XML11Configuration.parse(XML11Configuration.java:841)
	at com.sun.org.apache.xerces.internal.parsers.XML11Configuration.parse(XML11Configuration.java:770)
	at com.sun.org.apache.xerces.internal.parsers.XMLParser.parse(XMLParser.java:140)
	at com.sun.org.apache.xerces.internal.parsers.AbstractSAXParser.parse(AbstractSAXParser.java:1212)
	at com.sun.org.apache.xerces.internal.jaxp.SAXParserImpl$JAXPSAXParser.parse(SAXParserImpl.java:642)
	at org.apache.tomcat.util.digester.Digester.parse(Digester.java:1535)
	at org.apache.catalina.startup.Catalina.parseServerXml(Catalina.java:617)
	at org.apache.catalina.startup.Catalina.load(Catalina.java:709)
	at org.apache.catalina.startup.Catalina.load(Catalina.java:746)
	at sun.reflect.NativeMethodAccessorImpl.invoke0(Native Method)
	at sun.reflect.NativeMethodAccessorImpl.invoke(NativeMethodAccessorImpl.java:62)
	at sun.reflect.DelegatingMethodAccessorImpl.invoke(DelegatingMethodAccessorImpl.java:43)
	at java.lang.reflect.Method.invoke(Method.java:498)
	at org.apache.catalina.startup.Bootstrap.load(Bootstrap.java:305)
	at org.apache.catalina.startup.Bootstrap.main(Bootstrap.java:475)
