27-Apr-2022 17:35:56.539 WARNING [main] org.apache.tomcat.util.digester.SetPropertiesRule.begin Match [Server/Service/Connector] failed to set property [Connector] to [org.apache.coyote.http11.Http11NioProtocol]
27-Apr-2022 17:35:56.619 INFO [main] org.apache.catalina.startup.VersionLoggerListener.log Server version name:   Apache Tomcat/9.0.62
27-Apr-2022 17:35:56.619 INFO [main] org.apache.catalina.startup.VersionLoggerListener.log Server built:          Mar 31 2022 14:34:15 UTC
27-Apr-2022 17:35:56.619 INFO [main] org.apache.catalina.startup.VersionLoggerListener.log Server version number: 9.0.62.0
27-Apr-2022 17:35:56.620 INFO [main] org.apache.catalina.startup.VersionLoggerListener.log OS Name:               Mac OS X
27-Apr-2022 17:35:56.620 INFO [main] org.apache.catalina.startup.VersionLoggerListener.log OS Version:            12.3.1
27-Apr-2022 17:35:56.620 INFO [main] org.apache.catalina.startup.VersionLoggerListener.log Architecture:          x86_64
27-Apr-2022 17:35:56.620 INFO [main] org.apache.catalina.startup.VersionLoggerListener.log Java Home:             /Library/Java/JavaVirtualMachines/ibm-semeru-open-8.jdk/Contents/Home/jre
27-Apr-2022 17:35:56.620 INFO [main] org.apache.catalina.startup.VersionLoggerListener.log JVM Version:           1.8.0_322-b06
27-Apr-2022 17:35:56.620 INFO [main] org.apache.catalina.startup.VersionLoggerListener.log JVM Vendor:            Eclipse OpenJ9
27-Apr-2022 17:35:56.620 INFO [main] org.apache.catalina.startup.VersionLoggerListener.log CATALINA_BASE:         /Users/moloko/Desktop/tomcat/apache-tomcat-9.0.62
27-Apr-2022 17:35:56.620 INFO [main] org.apache.catalina.startup.VersionLoggerListener.log CATALINA_HOME:         /Users/moloko/Desktop/tomcat/apache-tomcat-9.0.62
27-Apr-2022 17:35:56.621 INFO [main] org.apache.catalina.startup.VersionLoggerListener.log Command line argument: -Xoptionsfile=/Library/Java/JavaVirtualMachines/ibm-semeru-open-8.jdk/Contents/Home/jre/lib/default/options.default
27-Apr-2022 17:35:56.621 INFO [main] org.apache.catalina.startup.VersionLoggerListener.log Command line argument: -Xlockword:mode=default,noLockword=java/lang/String,noLockword=java/util/MapEntry,noLockword=java/util/HashMap$Entry,noLockword=org/apache/harmony/luni/util/ModifiedMap$Entry,noLockword=java/util/Hashtable$Entry,noLockword=java/lang/invoke/MethodType,noLockword=java/lang/invoke/MethodHandle,noLockword=java/lang/invoke/CollectHandle,noLockword=java/lang/invoke/ConstructorHandle,noLockword=java/lang/invoke/ConvertHandle,noLockword=java/lang/invoke/ArgumentConversionHandle,noLockword=java/lang/invoke/AsTypeHandle,noLockword=java/lang/invoke/ExplicitCastHandle,noLockword=java/lang/invoke/FilterReturnHandle,noLockword=java/lang/invoke/DirectHandle,noLockword=java/lang/invoke/ReceiverBoundHandle,noLockword=java/lang/invoke/DynamicInvokerHandle,noLockword=java/lang/invoke/FieldHandle,noLockword=java/lang/invoke/FieldGetterHandle,noLockword=java/lang/invoke/FieldSetterHandle,noLockword=java/lang/invoke/StaticFieldGetterHandle,noLockword=java/lang/invoke/StaticFieldSetterHandle,noLockword=java/lang/invoke/IndirectHandle,noLockword=java/lang/invoke/InterfaceHandle,noLockword=java/lang/invoke/VirtualHandle,noLockword=java/lang/invoke/PrimitiveHandle,noLockword=java/lang/invoke/InvokeExactHandle,noLockword=java/lang/invoke/InvokeGenericHandle,noLockword=java/lang/invoke/VarargsCollectorHandle,noLockword=java/lang/invoke/ThunkTuple
27-Apr-2022 17:35:56.621 INFO [main] org.apache.catalina.startup.VersionLoggerListener.log Command line argument: -Xjcl:jclse29
27-Apr-2022 17:35:56.621 INFO [main] org.apache.catalina.startup.VersionLoggerListener.log Command line argument: -Dcom.ibm.oti.vm.bootstrap.library.path=/Library/Java/JavaVirtualMachines/ibm-semeru-open-8.jdk/Contents/Home/jre/lib/default:/Library/Java/JavaVirtualMachines/ibm-semeru-open-8.jdk/Contents/Home/jre/lib
27-Apr-2022 17:35:56.621 INFO [main] org.apache.catalina.startup.VersionLoggerListener.log Command line argument: -Dsun.boot.library.path=/Library/Java/JavaVirtualMachines/ibm-semeru-open-8.jdk/Contents/Home/jre/lib/default:/Library/Java/JavaVirtualMachines/ibm-semeru-open-8.jdk/Contents/Home/jre/lib
27-Apr-2022 17:35:56.621 INFO [main] org.apache.catalina.startup.VersionLoggerListener.log Command line argument: -Djava.library.path=/Library/Java/JavaVirtualMachines/ibm-semeru-open-8.jdk/Contents/Home/jre/lib/default:/Library/Java/JavaVirtualMachines/ibm-semeru-open-8.jdk/Contents/Home/jre/lib:/usr/lib
27-Apr-2022 17:35:56.622 INFO [main] org.apache.catalina.startup.VersionLoggerListener.log Command line argument: -Djava.home=/Library/Java/JavaVirtualMachines/ibm-semeru-open-8.jdk/Contents/Home/jre
27-Apr-2022 17:35:56.622 INFO [main] org.apache.catalina.startup.VersionLoggerListener.log Command line argument: -Djava.ext.dirs=/Library/Java/JavaVirtualMachines/ibm-semeru-open-8.jdk/Contents/Home/jre/lib/ext
27-Apr-2022 17:35:56.622 INFO [main] org.apache.catalina.startup.VersionLoggerListener.log Command line argument: -Duser.dir=/Users/moloko/Desktop/tomcat/apache-tomcat-9.0.62/bin
27-Apr-2022 17:35:56.622 INFO [main] org.apache.catalina.startup.VersionLoggerListener.log Command line argument: -Djava.class.path=.
27-Apr-2022 17:35:56.622 INFO [main] org.apache.catalina.startup.VersionLoggerListener.log Command line argument: -Djava.util.logging.config.file=/Users/moloko/Desktop/tomcat/apache-tomcat-9.0.62/conf/logging.properties
27-Apr-2022 17:35:56.622 INFO [main] org.apache.catalina.startup.VersionLoggerListener.log Command line argument: -Djava.util.logging.manager=org.apache.juli.ClassLoaderLogManager
27-Apr-2022 17:35:56.622 INFO [main] org.apache.catalina.startup.VersionLoggerListener.log Command line argument: -server
27-Apr-2022 17:35:56.622 INFO [main] org.apache.catalina.startup.VersionLoggerListener.log Command line argument: -Xms1g
27-Apr-2022 17:35:56.622 INFO [main] org.apache.catalina.startup.VersionLoggerListener.log Command line argument: -Xmx2g
27-Apr-2022 17:35:56.622 INFO [main] org.apache.catalina.startup.VersionLoggerListener.log Command line argument: -Djava.awt.headless=true
27-Apr-2022 17:35:56.623 INFO [main] org.apache.catalina.startup.VersionLoggerListener.log Command line argument: -XX:+UseCompressedOops
27-Apr-2022 17:35:56.623 INFO [main] org.apache.catalina.startup.VersionLoggerListener.log Command line argument: -XX:+UseConcMarkSweepGC
27-Apr-2022 17:35:56.623 INFO [main] org.apache.catalina.startup.VersionLoggerListener.log Command line argument: -XX:+DisableExplicitGC
27-Apr-2022 17:35:56.623 INFO [main] org.apache.catalina.startup.VersionLoggerListener.log Command line argument: -Dhttp.agent=Sakai
27-Apr-2022 17:35:56.623 INFO [main] org.apache.catalina.startup.VersionLoggerListener.log Command line argument: -Dorg.apache.jasper.compiler.Parser.STRICT_QUOTE_ESCAPING=false
27-Apr-2022 17:35:56.623 INFO [main] org.apache.catalina.startup.VersionLoggerListener.log Command line argument: -Djava.util.Arrays.useLegacyMergeSort=true
27-Apr-2022 17:35:56.624 INFO [main] org.apache.catalina.startup.VersionLoggerListener.log Command line argument: -Dsakai.security=/Users/moloko/Desktop/tomcat/apache-tomcat-9.0.62/sakai/
27-Apr-2022 17:35:56.624 INFO [main] org.apache.catalina.startup.VersionLoggerListener.log Command line argument: -Duser.timezone=US/Eastern
27-Apr-2022 17:35:56.624 INFO [main] org.apache.catalina.startup.VersionLoggerListener.log Command line argument: -Dsakai.cookieName=SAKAI2SESSIONID
27-Apr-2022 17:35:56.624 INFO [main] org.apache.catalina.startup.VersionLoggerListener.log Command line argument: -Dcom.sun.management.jmxremote
27-Apr-2022 17:35:56.624 INFO [main] org.apache.catalina.startup.VersionLoggerListener.log Command line argument: -Dcom.sun.management.jmxremote.port=8089
27-Apr-2022 17:35:56.624 INFO [main] org.apache.catalina.startup.VersionLoggerListener.log Command line argument: -Dcom.sun.management.jmxremote.local.only=false
27-Apr-2022 17:35:56.624 INFO [main] org.apache.catalina.startup.VersionLoggerListener.log Command line argument: -Dcom.sun.management.jmxremote.authenticate=false
27-Apr-2022 17:35:56.624 INFO [main] org.apache.catalina.startup.VersionLoggerListener.log Command line argument: -Dcom.sun.management.jmxremote.ssl=false
27-Apr-2022 17:35:56.624 INFO [main] org.apache.catalina.startup.VersionLoggerListener.log Command line argument: -Djdk.tls.ephemeralDHKeySize=2048
27-Apr-2022 17:35:56.624 INFO [main] org.apache.catalina.startup.VersionLoggerListener.log Command line argument: -Djava.protocol.handler.pkgs=org.apache.catalina.webresources
27-Apr-2022 17:35:56.625 INFO [main] org.apache.catalina.startup.VersionLoggerListener.log Command line argument: -Dorg.apache.catalina.security.SecurityListener.UMASK=0027
27-Apr-2022 17:35:56.625 INFO [main] org.apache.catalina.startup.VersionLoggerListener.log Command line argument: -Djava.endorsed.dirs=/Users/moloko/Desktop/tomcat/apache-tomcat-9.0.62/endorsed
27-Apr-2022 17:35:56.625 INFO [main] org.apache.catalina.startup.VersionLoggerListener.log Command line argument: -Djava.class.path=/Users/moloko/Desktop/tomcat/apache-tomcat-9.0.62/bin/bootstrap.jar:/Users/moloko/Desktop/tomcat/apache-tomcat-9.0.62/bin/tomcat-juli.jar
27-Apr-2022 17:35:56.625 INFO [main] org.apache.catalina.startup.VersionLoggerListener.log Command line argument: -Dcatalina.base=/Users/moloko/Desktop/tomcat/apache-tomcat-9.0.62
27-Apr-2022 17:35:56.625 INFO [main] org.apache.catalina.startup.VersionLoggerListener.log Command line argument: -Dcatalina.home=/Users/moloko/Desktop/tomcat/apache-tomcat-9.0.62
27-Apr-2022 17:35:56.625 INFO [main] org.apache.catalina.startup.VersionLoggerListener.log Command line argument: -Djava.io.tmpdir=/Users/moloko/Desktop/tomcat/apache-tomcat-9.0.62/temp
27-Apr-2022 17:35:56.626 INFO [main] org.apache.catalina.startup.VersionLoggerListener.log Command line argument: -Dsun.java.command=org.apache.catalina.startup.Bootstrap start
27-Apr-2022 17:35:56.626 INFO [main] org.apache.catalina.startup.VersionLoggerListener.log Command line argument: -Dsun.java.launcher=SUN_STANDARD
27-Apr-2022 17:35:56.643 INFO [main] org.apache.catalina.core.AprLifecycleListener.lifecycleEvent The Apache Tomcat Native library which allows using OpenSSL was not found on the java.library.path: [/Library/Java/JavaVirtualMachines/ibm-semeru-open-8.jdk/Contents/Home/jre/lib/default:/Library/Java/JavaVirtualMachines/ibm-semeru-open-8.jdk/Contents/Home/jre/lib:/usr/lib]
27-Apr-2022 17:35:56.909 INFO [main] org.apache.coyote.AbstractProtocol.init Initializing ProtocolHandler ["http-nio-8080"]
27-Apr-2022 17:35:56.928 INFO [main] org.apache.catalina.startup.Catalina.load Server initialization in [538] milliseconds
27-Apr-2022 17:35:56.954 INFO [main] org.apache.catalina.core.StandardService.startInternal Starting service [Catalina]
27-Apr-2022 17:35:56.954 INFO [main] org.apache.catalina.core.StandardEngine.startInternal Starting Servlet engine: [Apache Tomcat/9.0.62]
27-Apr-2022 17:35:56.982 INFO [main] org.apache.catalina.startup.HostConfig.deployWAR Deploying web application archive [/Users/moloko/Desktop/tomcat/apache-tomcat-9.0.62/webapps/providers.war]
27-Apr-2022 17:35:57.492 INFO [main] org.apache.jasper.servlet.TldScanner.scanJars At least one JAR was scanned for TLDs yet contained no TLDs. Enable debug logging for this logger for a complete list of JARs that were scanned but no TLDs were found in them. Skipping unneeded JARs during scanning can improve startup time and JSP compilation time.
27-Apr-2022 17:36:22.179 INFO [main] org.apache.catalina.startup.HostConfig.deployWAR Deployment of web application archive [/Users/moloko/Desktop/tomcat/apache-tomcat-9.0.62/webapps/providers.war] has finished in [25,197] ms
27-Apr-2022 17:36:22.181 INFO [main] org.apache.catalina.startup.HostConfig.deployWAR Deploying web application archive [/Users/moloko/Desktop/tomcat/apache-tomcat-9.0.62/webapps/userauditservice-tool.war]
27-Apr-2022 17:36:22.426 INFO [main] org.apache.jasper.servlet.TldScanner.scanJars At least one JAR was scanned for TLDs yet contained no TLDs. Enable debug logging for this logger for a complete list of JARs that were scanned but no TLDs were found in them. Skipping unneeded JARs during scanning can improve startup time and JSP compilation time.
27-Apr-2022 17:36:22.900 INFO [main] org.apache.catalina.startup.HostConfig.deployWAR Deployment of web application archive [/Users/moloko/Desktop/tomcat/apache-tomcat-9.0.62/webapps/userauditservice-tool.war] has finished in [719] ms
27-Apr-2022 17:36:22.902 INFO [main] org.apache.catalina.startup.HostConfig.deployWAR Deploying web application archive [/Users/moloko/Desktop/tomcat/apache-tomcat-9.0.62/webapps/mailsender-tool.war]
27-Apr-2022 17:36:23.063 INFO [main] org.apache.jasper.servlet.TldScanner.scanJars At least one JAR was scanned for TLDs yet contained no TLDs. Enable debug logging for this logger for a complete list of JARs that were scanned but no TLDs were found in them. Skipping unneeded JARs during scanning can improve startup time and JSP compilation time.
27-Apr-2022 17:36:23.928 INFO [main] org.apache.catalina.startup.HostConfig.deployWAR Deployment of web application archive [/Users/moloko/Desktop/tomcat/apache-tomcat-9.0.62/webapps/mailsender-tool.war] has finished in [1,026] ms
27-Apr-2022 17:36:23.930 INFO [main] org.apache.catalina.startup.HostConfig.deployWAR Deploying web application archive [/Users/moloko/Desktop/tomcat/apache-tomcat-9.0.62/webapps/sakai-user-tool-admin-prefs.war]
27-Apr-2022 17:36:24.099 INFO [main] org.apache.jasper.servlet.TldScanner.scanJars At least one JAR was scanned for TLDs yet contained no TLDs. Enable debug logging for this logger for a complete list of JARs that were scanned but no TLDs were found in them. Skipping unneeded JARs during scanning can improve startup time and JSP compilation time.
27-Apr-2022 17:36:24.442 INFO [main] org.apache.catalina.startup.HostConfig.deployWAR Deployment of web application archive [/Users/moloko/Desktop/tomcat/apache-tomcat-9.0.62/webapps/sakai-user-tool-admin-prefs.war] has finished in [512] ms
27-Apr-2022 17:36:24.445 INFO [main] org.apache.catalina.startup.HostConfig.deployWAR Deploying web application archive [/Users/moloko/Desktop/tomcat/apache-tomcat-9.0.62/webapps/admin-tool-su.war]
27-Apr-2022 17:36:24.600 INFO [main] org.apache.jasper.servlet.TldScanner.scanJars At least one JAR was scanned for TLDs yet contained no TLDs. Enable debug logging for this logger for a complete list of JARs that were scanned but no TLDs were found in them. Skipping unneeded JARs during scanning can improve startup time and JSP compilation time.
27-Apr-2022 17:36:24.931 INFO [main] org.apache.catalina.startup.HostConfig.deployWAR Deployment of web application archive [/Users/moloko/Desktop/tomcat/apache-tomcat-9.0.62/webapps/admin-tool-su.war] has finished in [486] ms
27-Apr-2022 17:36:24.934 INFO [main] org.apache.catalina.startup.HostConfig.deployWAR Deploying web application archive [/Users/moloko/Desktop/tomcat/apache-tomcat-9.0.62/webapps/sakai-assignment-tool.war]
27-Apr-2022 17:36:25.165 INFO [main] org.apache.jasper.servlet.TldScanner.scanJars At least one JAR was scanned for TLDs yet contained no TLDs. Enable debug logging for this logger for a complete list of JARs that were scanned but no TLDs were found in them. Skipping unneeded JARs during scanning can improve startup time and JSP compilation time.
27-Apr-2022 17:36:25.369 INFO [main] org.apache.catalina.startup.HostConfig.deployWAR Deployment of web application archive [/Users/moloko/Desktop/tomcat/apache-tomcat-9.0.62/webapps/sakai-assignment-tool.war] has finished in [435] ms
27-Apr-2022 17:36:25.370 INFO [main] org.apache.catalina.startup.HostConfig.deployWAR Deploying web application archive [/Users/moloko/Desktop/tomcat/apache-tomcat-9.0.62/webapps/login-render-engine-impl.war]
27-Apr-2022 17:36:25.456 INFO [main] org.apache.jasper.servlet.TldScanner.scanJars At least one JAR was scanned for TLDs yet contained no TLDs. Enable debug logging for this logger for a complete list of JARs that were scanned but no TLDs were found in them. Skipping unneeded JARs during scanning can improve startup time and JSP compilation time.
27-Apr-2022 17:36:25.525 INFO [main] org.apache.catalina.startup.HostConfig.deployWAR Deployment of web application archive [/Users/moloko/Desktop/tomcat/apache-tomcat-9.0.62/webapps/login-render-engine-impl.war] has finished in [155] ms
27-Apr-2022 17:36:25.527 INFO [main] org.apache.catalina.startup.HostConfig.deployWAR Deploying web application archive [/Users/moloko/Desktop/tomcat/apache-tomcat-9.0.62/webapps/sakai-message-bundle-manager-tool.war]
27-Apr-2022 17:36:25.662 INFO [main] org.apache.jasper.servlet.TldScanner.scanJars At least one JAR was scanned for TLDs yet contained no TLDs. Enable debug logging for this logger for a complete list of JARs that were scanned but no TLDs were found in them. Skipping unneeded JARs during scanning can improve startup time and JSP compilation time.
27-Apr-2022 17:36:26.337 INFO [main] org.apache.catalina.startup.HostConfig.deployWAR Deployment of web application archive [/Users/moloko/Desktop/tomcat/apache-tomcat-9.0.62/webapps/sakai-message-bundle-manager-tool.war] has finished in [810] ms
27-Apr-2022 17:36:26.339 INFO [main] org.apache.catalina.startup.HostConfig.deployWAR Deploying web application archive [/Users/moloko/Desktop/tomcat/apache-tomcat-9.0.62/webapps/sakai-login-tool.war]
27-Apr-2022 17:36:26.497 INFO [main] org.apache.jasper.servlet.TldScanner.scanJars At least one JAR was scanned for TLDs yet contained no TLDs. Enable debug logging for this logger for a complete list of JARs that were scanned but no TLDs were found in them. Skipping unneeded JARs during scanning can improve startup time and JSP compilation time.
27-Apr-2022 17:36:26.514 INFO [main] org.apache.catalina.startup.HostConfig.deployWAR Deployment of web application archive [/Users/moloko/Desktop/tomcat/apache-tomcat-9.0.62/webapps/sakai-login-tool.war] has finished in [174] ms
27-Apr-2022 17:36:26.516 INFO [main] org.apache.catalina.startup.HostConfig.deployWAR Deploying web application archive [/Users/moloko/Desktop/tomcat/apache-tomcat-9.0.62/webapps/sakai-announcement-tool.war]
27-Apr-2022 17:36:26.691 INFO [main] org.apache.jasper.servlet.TldScanner.scanJars At least one JAR was scanned for TLDs yet contained no TLDs. Enable debug logging for this logger for a complete list of JARs that were scanned but no TLDs were found in them. Skipping unneeded JARs during scanning can improve startup time and JSP compilation time.
27-Apr-2022 17:36:26.841 INFO [main] org.apache.catalina.startup.HostConfig.deployWAR Deployment of web application archive [/Users/moloko/Desktop/tomcat/apache-tomcat-9.0.62/webapps/sakai-announcement-tool.war] has finished in [324] ms
27-Apr-2022 17:36:26.843 INFO [main] org.apache.catalina.startup.HostConfig.deployWAR Deploying web application archive [/Users/moloko/Desktop/tomcat/apache-tomcat-9.0.62/webapps/sakai-site-manage-participant-helper.war]
27-Apr-2022 17:36:26.995 INFO [main] org.apache.jasper.servlet.TldScanner.scanJars At least one JAR was scanned for TLDs yet contained no TLDs. Enable debug logging for this logger for a complete list of JARs that were scanned but no TLDs were found in them. Skipping unneeded JARs during scanning can improve startup time and JSP compilation time.
27-Apr-2022 17:36:27.696 INFO [main] org.apache.catalina.startup.HostConfig.deployWAR Deployment of web application archive [/Users/moloko/Desktop/tomcat/apache-tomcat-9.0.62/webapps/sakai-site-manage-participant-helper.war] has finished in [852] ms
27-Apr-2022 17:36:27.698 INFO [main] org.apache.catalina.startup.HostConfig.deployWAR Deploying web application archive [/Users/moloko/Desktop/tomcat/apache-tomcat-9.0.62/webapps/sakai-roster2-tool.war]
27-Apr-2022 17:36:27.888 INFO [main] org.apache.jasper.servlet.TldScanner.scanJars At least one JAR was scanned for TLDs yet contained no TLDs. Enable debug logging for this logger for a complete list of JARs that were scanned but no TLDs were found in them. Skipping unneeded JARs during scanning can improve startup time and JSP compilation time.
27-Apr-2022 17:36:27.951 INFO [main] org.apache.catalina.startup.HostConfig.deployWAR Deployment of web application archive [/Users/moloko/Desktop/tomcat/apache-tomcat-9.0.62/webapps/sakai-roster2-tool.war] has finished in [253] ms
27-Apr-2022 17:36:27.953 INFO [main] org.apache.catalina.startup.HostConfig.deployWAR Deploying web application archive [/Users/moloko/Desktop/tomcat/apache-tomcat-9.0.62/webapps/sakai-acadtermmanage-tool.war]
27-Apr-2022 17:36:28.116 INFO [main] org.apache.jasper.servlet.TldScanner.scanJars At least one JAR was scanned for TLDs yet contained no TLDs. Enable debug logging for this logger for a complete list of JARs that were scanned but no TLDs were found in them. Skipping unneeded JARs during scanning can improve startup time and JSP compilation time.
27-Apr-2022 17:36:28.458 INFO [main] org.apache.catalina.startup.HostConfig.deployWAR Deployment of web application archive [/Users/moloko/Desktop/tomcat/apache-tomcat-9.0.62/webapps/sakai-acadtermmanage-tool.war] has finished in [505] ms
27-Apr-2022 17:36:28.464 INFO [main] org.apache.catalina.startup.HostConfig.deployWAR Deploying web application archive [/Users/moloko/Desktop/tomcat/apache-tomcat-9.0.62/webapps/sitestats-tool.war]
27-Apr-2022 17:36:29.097 INFO [main] org.apache.jasper.servlet.TldScanner.scanJars At least one JAR was scanned for TLDs yet contained no TLDs. Enable debug logging for this logger for a complete list of JARs that were scanned but no TLDs were found in them. Skipping unneeded JARs during scanning can improve startup time and JSP compilation time.
27-Apr-2022 17:36:29.230 INFO [main] org.apache.catalina.startup.HostConfig.deployWAR Deployment of web application archive [/Users/moloko/Desktop/tomcat/apache-tomcat-9.0.62/webapps/sitestats-tool.war] has finished in [765] ms
27-Apr-2022 17:36:29.234 INFO [main] org.apache.catalina.startup.HostConfig.deployWAR Deploying web application archive [/Users/moloko/Desktop/tomcat/apache-tomcat-9.0.62/webapps/dav.war]
27-Apr-2022 17:36:29.357 INFO [main] org.apache.jasper.servlet.TldScanner.scanJars At least one JAR was scanned for TLDs yet contained no TLDs. Enable debug logging for this logger for a complete list of JARs that were scanned but no TLDs were found in them. Skipping unneeded JARs during scanning can improve startup time and JSP compilation time.
27-Apr-2022 17:36:29.362 INFO [main] org.apache.catalina.startup.HostConfig.deployWAR Deployment of web application archive [/Users/moloko/Desktop/tomcat/apache-tomcat-9.0.62/webapps/dav.war] has finished in [128] ms
27-Apr-2022 17:36:29.365 INFO [main] org.apache.catalina.startup.HostConfig.deployWAR Deploying web application archive [/Users/moloko/Desktop/tomcat/apache-tomcat-9.0.62/webapps/sakai-onedrive-tool.war]
27-Apr-2022 17:36:29.464 INFO [main] org.apache.jasper.servlet.TldScanner.scanJars At least one JAR was scanned for TLDs yet contained no TLDs. Enable debug logging for this logger for a complete list of JARs that were scanned but no TLDs were found in them. Skipping unneeded JARs during scanning can improve startup time and JSP compilation time.
27-Apr-2022 17:36:29.842 INFO [main] org.apache.catalina.startup.HostConfig.deployWAR Deployment of web application archive [/Users/moloko/Desktop/tomcat/apache-tomcat-9.0.62/webapps/sakai-onedrive-tool.war] has finished in [477] ms
27-Apr-2022 17:36:29.846 INFO [main] org.apache.catalina.startup.HostConfig.deployWAR Deploying web application archive [/Users/moloko/Desktop/tomcat/apache-tomcat-9.0.62/webapps/direct.war]
27-Apr-2022 17:36:29.960 INFO [main] org.apache.jasper.servlet.TldScanner.scanJars At least one JAR was scanned for TLDs yet contained no TLDs. Enable debug logging for this logger for a complete list of JARs that were scanned but no TLDs were found in them. Skipping unneeded JARs during scanning can improve startup time and JSP compilation time.
27-Apr-2022 17:36:29.985 INFO [main] org.apache.catalina.startup.HostConfig.deployWAR Deployment of web application archive [/Users/moloko/Desktop/tomcat/apache-tomcat-9.0.62/webapps/direct.war] has finished in [139] ms
27-Apr-2022 17:36:29.989 INFO [main] org.apache.catalina.startup.HostConfig.deployWAR Deploying web application archive [/Users/moloko/Desktop/tomcat/apache-tomcat-9.0.62/webapps/elfinder-connector.war]
27-Apr-2022 17:36:30.107 INFO [main] org.apache.jasper.servlet.TldScanner.scanJars At least one JAR was scanned for TLDs yet contained no TLDs. Enable debug logging for this logger for a complete list of JARs that were scanned but no TLDs were found in them. Skipping unneeded JARs during scanning can improve startup time and JSP compilation time.
27-Apr-2022 17:36:30.152 INFO [main] org.apache.catalina.startup.HostConfig.deployWAR Deployment of web application archive [/Users/moloko/Desktop/tomcat/apache-tomcat-9.0.62/webapps/elfinder-connector.war] has finished in [163] ms
27-Apr-2022 17:36:30.155 INFO [main] org.apache.catalina.startup.HostConfig.deployWAR Deploying web application archive [/Users/moloko/Desktop/tomcat/apache-tomcat-9.0.62/webapps/portal-chat.war]
27-Apr-2022 17:36:30.251 INFO [main] org.apache.jasper.servlet.TldScanner.scanJars At least one JAR was scanned for TLDs yet contained no TLDs. Enable debug logging for this logger for a complete list of JARs that were scanned but no TLDs were found in them. Skipping unneeded JARs during scanning can improve startup time and JSP compilation time.
27-Apr-2022 17:36:30.290 INFO [main] org.apache.catalina.startup.HostConfig.deployWAR Deployment of web application archive [/Users/moloko/Desktop/tomcat/apache-tomcat-9.0.62/webapps/portal-chat.war] has finished in [135] ms
27-Apr-2022 17:36:30.294 INFO [main] org.apache.catalina.startup.HostConfig.deployWAR Deploying web application archive [/Users/moloko/Desktop/tomcat/apache-tomcat-9.0.62/webapps/jsf-resource.war]
27-Apr-2022 17:36:30.357 INFO [main] org.apache.jasper.servlet.TldScanner.scanJars At least one JAR was scanned for TLDs yet contained no TLDs. Enable debug logging for this logger for a complete list of JARs that were scanned but no TLDs were found in them. Skipping unneeded JARs during scanning can improve startup time and JSP compilation time.
27-Apr-2022 17:36:30.359 INFO [main] org.apache.catalina.startup.HostConfig.deployWAR Deployment of web application archive [/Users/moloko/Desktop/tomcat/apache-tomcat-9.0.62/webapps/jsf-resource.war] has finished in [64] ms
27-Apr-2022 17:36:30.361 INFO [main] org.apache.catalina.startup.HostConfig.deployWAR Deploying web application archive [/Users/moloko/Desktop/tomcat/apache-tomcat-9.0.62/webapps/sakai-message-tool.war]
27-Apr-2022 17:36:30.482 INFO [main] org.apache.jasper.servlet.TldScanner.scanJars At least one JAR was scanned for TLDs yet contained no TLDs. Enable debug logging for this logger for a complete list of JARs that were scanned but no TLDs were found in them. Skipping unneeded JARs during scanning can improve startup time and JSP compilation time.
27-Apr-2022 17:36:30.608 INFO [main] org.apache.catalina.startup.HostConfig.deployWAR Deployment of web application archive [/Users/moloko/Desktop/tomcat/apache-tomcat-9.0.62/webapps/sakai-message-tool.war] has finished in [247] ms
27-Apr-2022 17:36:30.612 INFO [main] org.apache.catalina.startup.HostConfig.deployWAR Deploying web application archive [/Users/moloko/Desktop/tomcat/apache-tomcat-9.0.62/webapps/portal.war]
27-Apr-2022 17:36:30.720 INFO [main] org.apache.jasper.servlet.TldScanner.scanJars At least one JAR was scanned for TLDs yet contained no TLDs. Enable debug logging for this logger for a complete list of JARs that were scanned but no TLDs were found in them. Skipping unneeded JARs during scanning can improve startup time and JSP compilation time.
27-Apr-2022 17:36:30.851 INFO [main] org.apache.catalina.startup.HostConfig.deployWAR Deployment of web application archive [/Users/moloko/Desktop/tomcat/apache-tomcat-9.0.62/webapps/portal.war] has finished in [239] ms
27-Apr-2022 17:36:30.856 INFO [main] org.apache.catalina.startup.HostConfig.deployWAR Deploying web application archive [/Users/moloko/Desktop/tomcat/apache-tomcat-9.0.62/webapps/gradebookng-tool.war]
27-Apr-2022 17:36:31.490 INFO [main] org.apache.jasper.servlet.TldScanner.scanJars At least one JAR was scanned for TLDs yet contained no TLDs. Enable debug logging for this logger for a complete list of JARs that were scanned but no TLDs were found in them. Skipping unneeded JARs during scanning can improve startup time and JSP compilation time.
27-Apr-2022 17:36:31.770 INFO [main] org.webjars.servlet.WebjarsServlet.init WebjarsServlet initialization completed
27-Apr-2022 17:36:31.772 INFO [main] org.apache.catalina.startup.HostConfig.deployWAR Deployment of web application archive [/Users/moloko/Desktop/tomcat/apache-tomcat-9.0.62/webapps/gradebookng-tool.war] has finished in [916] ms
27-Apr-2022 17:36:31.774 INFO [main] org.apache.catalina.startup.HostConfig.deployWAR Deploying web application archive [/Users/moloko/Desktop/tomcat/apache-tomcat-9.0.62/webapps/lessonbuilder-tool.war]
27-Apr-2022 17:36:32.213 INFO [main] org.apache.jasper.servlet.TldScanner.scanJars At least one JAR was scanned for TLDs yet contained no TLDs. Enable debug logging for this logger for a complete list of JARs that were scanned but no TLDs were found in them. Skipping unneeded JARs during scanning can improve startup time and JSP compilation time.
27-Apr-2022 17:36:33.126 INFO [main] org.apache.catalina.startup.HostConfig.deployWAR Deployment of web application archive [/Users/moloko/Desktop/tomcat/apache-tomcat-9.0.62/webapps/lessonbuilder-tool.war] has finished in [1,352] ms
27-Apr-2022 17:36:33.129 INFO [main] org.apache.catalina.startup.HostConfig.deployWAR Deploying web application archive [/Users/moloko/Desktop/tomcat/apache-tomcat-9.0.62/webapps/simple-rss-portlet.war]
27-Apr-2022 17:36:33.264 INFO [main] org.apache.jasper.servlet.TldScanner.scanJars At least one JAR was scanned for TLDs yet contained no TLDs. Enable debug logging for this logger for a complete list of JARs that were scanned but no TLDs were found in them. Skipping unneeded JARs during scanning can improve startup time and JSP compilation time.
27-Apr-2022 17:36:33.445 INFO [main] org.apache.catalina.startup.HostConfig.deployWAR Deployment of web application archive [/Users/moloko/Desktop/tomcat/apache-tomcat-9.0.62/webapps/simple-rss-portlet.war] has finished in [316] ms
27-Apr-2022 17:36:33.448 INFO [main] org.apache.catalina.startup.HostConfig.deployWAR Deploying web application archive [/Users/moloko/Desktop/tomcat/apache-tomcat-9.0.62/webapps/imsoidc.war]
27-Apr-2022 17:36:33.571 INFO [main] org.apache.jasper.servlet.TldScanner.scanJars At least one JAR was scanned for TLDs yet contained no TLDs. Enable debug logging for this logger for a complete list of JARs that were scanned but no TLDs were found in them. Skipping unneeded JARs during scanning can improve startup time and JSP compilation time.
27-Apr-2022 17:36:33.580 INFO [main] org.apache.catalina.startup.HostConfig.deployWAR Deployment of web application archive [/Users/moloko/Desktop/tomcat/apache-tomcat-9.0.62/webapps/imsoidc.war] has finished in [132] ms
27-Apr-2022 17:36:33.583 INFO [main] org.apache.catalina.startup.HostConfig.deployWAR Deploying web application archive [/Users/moloko/Desktop/tomcat/apache-tomcat-9.0.62/webapps/admin-tools.war]
27-Apr-2022 17:36:33.752 INFO [main] org.apache.jasper.servlet.TldScanner.scanJars At least one JAR was scanned for TLDs yet contained no TLDs. Enable debug logging for this logger for a complete list of JARs that were scanned but no TLDs were found in them. Skipping unneeded JARs during scanning can improve startup time and JSP compilation time.
27-Apr-2022 17:36:33.897 INFO [main] org.apache.catalina.startup.HostConfig.deployWAR Deployment of web application archive [/Users/moloko/Desktop/tomcat/apache-tomcat-9.0.62/webapps/admin-tools.war] has finished in [315] ms
27-Apr-2022 17:36:33.900 INFO [main] org.apache.catalina.startup.HostConfig.deployWAR Deploying web application archive [/Users/moloko/Desktop/tomcat/apache-tomcat-9.0.62/webapps/sakai-site-datemanager-helper.war]
27-Apr-2022 17:36:34.012 INFO [main] org.apache.jasper.servlet.TldScanner.scanJars At least one JAR was scanned for TLDs yet contained no TLDs. Enable debug logging for this logger for a complete list of JARs that were scanned but no TLDs were found in them. Skipping unneeded JARs during scanning can improve startup time and JSP compilation time.
27-Apr-2022 17:36:34.369 INFO [main] org.apache.catalina.startup.HostConfig.deployWAR Deployment of web application archive [/Users/moloko/Desktop/tomcat/apache-tomcat-9.0.62/webapps/sakai-site-datemanager-helper.war] has finished in [469] ms
27-Apr-2022 17:36:34.373 INFO [main] org.apache.catalina.startup.HostConfig.deployWAR Deploying web application archive [/Users/moloko/Desktop/tomcat/apache-tomcat-9.0.62/webapps/sakai-site-manage-link-helper.war]
27-Apr-2022 17:36:34.546 INFO [main] org.apache.jasper.servlet.TldScanner.scanJars At least one JAR was scanned for TLDs yet contained no TLDs. Enable debug logging for this logger for a complete list of JARs that were scanned but no TLDs were found in them. Skipping unneeded JARs during scanning can improve startup time and JSP compilation time.
27-Apr-2022 17:36:34.679 INFO [main] org.apache.catalina.startup.HostConfig.deployWAR Deployment of web application archive [/Users/moloko/Desktop/tomcat/apache-tomcat-9.0.62/webapps/sakai-site-manage-link-helper.war] has finished in [306] ms
27-Apr-2022 17:36:34.682 INFO [main] org.apache.catalina.startup.HostConfig.deployWAR Deploying web application archive [/Users/moloko/Desktop/tomcat/apache-tomcat-9.0.62/webapps/sakai-reset-pass.war]
27-Apr-2022 17:36:34.840 INFO [main] org.apache.jasper.servlet.TldScanner.scanJars At least one JAR was scanned for TLDs yet contained no TLDs. Enable debug logging for this logger for a complete list of JARs that were scanned but no TLDs were found in them. Skipping unneeded JARs during scanning can improve startup time and JSP compilation time.
27-Apr-2022 17:36:35.504 INFO [main] org.apache.catalina.startup.HostConfig.deployWAR Deployment of web application archive [/Users/moloko/Desktop/tomcat/apache-tomcat-9.0.62/webapps/sakai-reset-pass.war] has finished in [822] ms
27-Apr-2022 17:36:35.507 INFO [main] org.apache.catalina.startup.HostConfig.deployWAR Deploying web application archive [/Users/moloko/Desktop/tomcat/apache-tomcat-9.0.62/webapps/sakai-site-manage-tool.war]
27-Apr-2022 17:36:35.843 INFO [main] org.apache.jasper.servlet.TldScanner.scanJars At least one JAR was scanned for TLDs yet contained no TLDs. Enable debug logging for this logger for a complete list of JARs that were scanned but no TLDs were found in them. Skipping unneeded JARs during scanning can improve startup time and JSP compilation time.
27-Apr-2022 17:36:35.989 INFO [main] org.apache.catalina.startup.HostConfig.deployWAR Deployment of web application archive [/Users/moloko/Desktop/tomcat/apache-tomcat-9.0.62/webapps/sakai-site-manage-tool.war] has finished in [482] ms
27-Apr-2022 17:36:35.991 INFO [main] org.apache.catalina.startup.HostConfig.deployWAR Deploying web application archive [/Users/moloko/Desktop/tomcat/apache-tomcat-9.0.62/webapps/web.war]
27-Apr-2022 17:36:36.093 INFO [main] org.apache.jasper.servlet.TldScanner.scanJars At least one JAR was scanned for TLDs yet contained no TLDs. Enable debug logging for this logger for a complete list of JARs that were scanned but no TLDs were found in them. Skipping unneeded JARs during scanning can improve startup time and JSP compilation time.
27-Apr-2022 17:36:36.221 INFO [main] org.apache.catalina.startup.HostConfig.deployWAR Deployment of web application archive [/Users/moloko/Desktop/tomcat/apache-tomcat-9.0.62/webapps/web.war] has finished in [230] ms
27-Apr-2022 17:36:36.224 INFO [main] org.apache.catalina.startup.HostConfig.deployWAR Deploying web application archive [/Users/moloko/Desktop/tomcat/apache-tomcat-9.0.62/webapps/mycalendar.war]
27-Apr-2022 17:36:36.340 INFO [main] org.apache.jasper.servlet.TldScanner.scanJars At least one JAR was scanned for TLDs yet contained no TLDs. Enable debug logging for this logger for a complete list of JARs that were scanned but no TLDs were found in them. Skipping unneeded JARs during scanning can improve startup time and JSP compilation time.
27-Apr-2022 17:36:36.592 INFO [main] org.apache.catalina.startup.HostConfig.deployWAR Deployment of web application archive [/Users/moloko/Desktop/tomcat/apache-tomcat-9.0.62/webapps/mycalendar.war] has finished in [368] ms
27-Apr-2022 17:36:36.595 INFO [main] org.apache.catalina.startup.HostConfig.deployWAR Deploying web application archive [/Users/moloko/Desktop/tomcat/apache-tomcat-9.0.62/webapps/sakai-podcasts.war]
27-Apr-2022 17:36:36.781 INFO [main] org.apache.jasper.servlet.TldScanner.scanJars At least one JAR was scanned for TLDs yet contained no TLDs. Enable debug logging for this logger for a complete list of JARs that were scanned but no TLDs were found in them. Skipping unneeded JARs during scanning can improve startup time and JSP compilation time.
27-Apr-2022 17:36:36.962 INFO [main] org.apache.catalina.startup.HostConfig.deployWAR Deployment of web application archive [/Users/moloko/Desktop/tomcat/apache-tomcat-9.0.62/webapps/sakai-podcasts.war] has finished in [367] ms
27-Apr-2022 17:36:36.964 INFO [main] org.apache.catalina.startup.HostConfig.deployWAR Deploying web application archive [/Users/moloko/Desktop/tomcat/apache-tomcat-9.0.62/webapps/sakai-search-tool.war]
27-Apr-2022 17:36:37.095 INFO [main] org.apache.jasper.servlet.TldScanner.scanJars At least one JAR was scanned for TLDs yet contained no TLDs. Enable debug logging for this logger for a complete list of JARs that were scanned but no TLDs were found in them. Skipping unneeded JARs during scanning can improve startup time and JSP compilation time.
27-Apr-2022 17:36:37.181 INFO [main] org.apache.catalina.startup.HostConfig.deployWAR Deployment of web application archive [/Users/moloko/Desktop/tomcat/apache-tomcat-9.0.62/webapps/sakai-search-tool.war] has finished in [217] ms
27-Apr-2022 17:36:37.184 INFO [main] org.apache.catalina.startup.HostConfig.deployWAR Deploying web application archive [/Users/moloko/Desktop/tomcat/apache-tomcat-9.0.62/webapps/sakai-presence-tool.war]
27-Apr-2022 17:36:37.305 INFO [main] org.apache.jasper.servlet.TldScanner.scanJars At least one JAR was scanned for TLDs yet contained no TLDs. Enable debug logging for this logger for a complete list of JARs that were scanned but no TLDs were found in them. Skipping unneeded JARs during scanning can improve startup time and JSP compilation time.
27-Apr-2022 17:36:37.432 INFO [main] org.apache.catalina.startup.HostConfig.deployWAR Deployment of web application archive [/Users/moloko/Desktop/tomcat/apache-tomcat-9.0.62/webapps/sakai-presence-tool.war] has finished in [248] ms
27-Apr-2022 17:36:37.434 INFO [main] org.apache.catalina.startup.HostConfig.deployWAR Deploying web application archive [/Users/moloko/Desktop/tomcat/apache-tomcat-9.0.62/webapps/sakai-user-tool-prefs.war]
27-Apr-2022 17:36:37.680 INFO [main] org.apache.jasper.servlet.TldScanner.scanJars At least one JAR was scanned for TLDs yet contained no TLDs. Enable debug logging for this logger for a complete list of JARs that were scanned but no TLDs were found in them. Skipping unneeded JARs during scanning can improve startup time and JSP compilation time.
27-Apr-2022 17:36:38.653 INFO [main] org.apache.catalina.startup.HostConfig.deployWAR Deployment of web application archive [/Users/moloko/Desktop/tomcat/apache-tomcat-9.0.62/webapps/sakai-user-tool-prefs.war] has finished in [1,219] ms
27-Apr-2022 17:36:38.656 INFO [main] org.apache.catalina.startup.HostConfig.deployWAR Deploying web application archive [/Users/moloko/Desktop/tomcat/apache-tomcat-9.0.62/webapps/sakai-googledrive-tool.war]
27-Apr-2022 17:36:38.749 INFO [main] org.apache.jasper.servlet.TldScanner.scanJars At least one JAR was scanned for TLDs yet contained no TLDs. Enable debug logging for this logger for a complete list of JARs that were scanned but no TLDs were found in them. Skipping unneeded JARs during scanning can improve startup time and JSP compilation time.
27-Apr-2022 17:36:39.105 INFO [main] org.apache.catalina.startup.HostConfig.deployWAR Deployment of web application archive [/Users/moloko/Desktop/tomcat/apache-tomcat-9.0.62/webapps/sakai-googledrive-tool.war] has finished in [450] ms
27-Apr-2022 17:36:39.108 INFO [main] org.apache.catalina.startup.HostConfig.deployWAR Deploying web application archive [/Users/moloko/Desktop/tomcat/apache-tomcat-9.0.62/webapps/tags-tool.war]
27-Apr-2022 17:36:39.227 INFO [main] org.apache.jasper.servlet.TldScanner.scanJars At least one JAR was scanned for TLDs yet contained no TLDs. Enable debug logging for this logger for a complete list of JARs that were scanned but no TLDs were found in them. Skipping unneeded JARs during scanning can improve startup time and JSP compilation time.
27-Apr-2022 17:36:39.232 INFO [main] org.apache.catalina.startup.HostConfig.deployWAR Deployment of web application archive [/Users/moloko/Desktop/tomcat/apache-tomcat-9.0.62/webapps/tags-tool.war] has finished in [124] ms
27-Apr-2022 17:36:39.235 INFO [main] org.apache.catalina.startup.HostConfig.deployWAR Deploying web application archive [/Users/moloko/Desktop/tomcat/apache-tomcat-9.0.62/webapps/content-review-tool.war]
27-Apr-2022 17:36:39.298 INFO [main] org.apache.jasper.servlet.TldScanner.scanJars At least one JAR was scanned for TLDs yet contained no TLDs. Enable debug logging for this logger for a complete list of JARs that were scanned but no TLDs were found in them. Skipping unneeded JARs during scanning can improve startup time and JSP compilation time.
27-Apr-2022 17:36:39.440 INFO [main] org.apache.catalina.startup.HostConfig.deployWAR Deployment of web application archive [/Users/moloko/Desktop/tomcat/apache-tomcat-9.0.62/webapps/content-review-tool.war] has finished in [205] ms
27-Apr-2022 17:36:39.448 INFO [main] org.apache.catalina.startup.HostConfig.deployWAR Deploying web application archive [/Users/moloko/Desktop/tomcat/apache-tomcat-9.0.62/webapps/webcomponents.war]
27-Apr-2022 17:36:39.553 INFO [main] org.apache.jasper.servlet.TldScanner.scanJars At least one JAR was scanned for TLDs yet contained no TLDs. Enable debug logging for this logger for a complete list of JARs that were scanned but no TLDs were found in them. Skipping unneeded JARs during scanning can improve startup time and JSP compilation time.
27-Apr-2022 17:36:39.573 INFO [main] org.apache.catalina.startup.HostConfig.deployWAR Deployment of web application archive [/Users/moloko/Desktop/tomcat/apache-tomcat-9.0.62/webapps/webcomponents.war] has finished in [126] ms
27-Apr-2022 17:36:39.576 INFO [main] org.apache.catalina.startup.HostConfig.deployWAR Deploying web application archive [/Users/moloko/Desktop/tomcat/apache-tomcat-9.0.62/webapps/sakai-calendar-tool.war]
27-Apr-2022 17:36:39.739 INFO [main] org.apache.jasper.servlet.TldScanner.scanJars At least one JAR was scanned for TLDs yet contained no TLDs. Enable debug logging for this logger for a complete list of JARs that were scanned but no TLDs were found in them. Skipping unneeded JARs during scanning can improve startup time and JSP compilation time.
27-Apr-2022 17:36:39.907 INFO [main] org.apache.catalina.startup.HostConfig.deployWAR Deployment of web application archive [/Users/moloko/Desktop/tomcat/apache-tomcat-9.0.62/webapps/sakai-calendar-tool.war] has finished in [331] ms
27-Apr-2022 17:36:39.910 INFO [main] org.apache.catalina.startup.HostConfig.deployWAR Deploying web application archive [/Users/moloko/Desktop/tomcat/apache-tomcat-9.0.62/webapps/delegatedaccess-tool.war]
27-Apr-2022 17:36:40.301 INFO [main] org.apache.jasper.servlet.TldScanner.scanJars At least one JAR was scanned for TLDs yet contained no TLDs. Enable debug logging for this logger for a complete list of JARs that were scanned but no TLDs were found in them. Skipping unneeded JARs during scanning can improve startup time and JSP compilation time.
27-Apr-2022 17:36:40.540 INFO [main] org.apache.catalina.startup.HostConfig.deployWAR Deployment of web application archive [/Users/moloko/Desktop/tomcat/apache-tomcat-9.0.62/webapps/delegatedaccess-tool.war] has finished in [630] ms
27-Apr-2022 17:36:40.542 INFO [main] org.apache.catalina.startup.HostConfig.deployWAR Deploying web application archive [/Users/moloko/Desktop/tomcat/apache-tomcat-9.0.62/webapps/sakai-web-tool.war]
27-Apr-2022 17:36:40.671 INFO [main] org.apache.jasper.servlet.TldScanner.scanJars At least one JAR was scanned for TLDs yet contained no TLDs. Enable debug logging for this logger for a complete list of JARs that were scanned but no TLDs were found in them. Skipping unneeded JARs during scanning can improve startup time and JSP compilation time.
27-Apr-2022 17:36:40.816 INFO [main] org.apache.catalina.startup.HostConfig.deployWAR Deployment of web application archive [/Users/moloko/Desktop/tomcat/apache-tomcat-9.0.62/webapps/sakai-web-tool.war] has finished in [274] ms
27-Apr-2022 17:36:40.818 INFO [main] org.apache.catalina.startup.HostConfig.deployWAR Deploying web application archive [/Users/moloko/Desktop/tomcat/apache-tomcat-9.0.62/webapps/sakai-postem-tool.war]
27-Apr-2022 17:36:41.035 INFO [main] org.apache.jasper.servlet.TldScanner.scanJars At least one JAR was scanned for TLDs yet contained no TLDs. Enable debug logging for this logger for a complete list of JARs that were scanned but no TLDs were found in them. Skipping unneeded JARs during scanning can improve startup time and JSP compilation time.
27-Apr-2022 17:36:41.498 INFO [main] org.apache.catalina.startup.HostConfig.deployWAR Deployment of web application archive [/Users/moloko/Desktop/tomcat/apache-tomcat-9.0.62/webapps/sakai-postem-tool.war] has finished in [680] ms
27-Apr-2022 17:36:41.501 INFO [main] org.apache.catalina.startup.HostConfig.deployWAR Deploying web application archive [/Users/moloko/Desktop/tomcat/apache-tomcat-9.0.62/webapps/sakai-citations-servlet.war]
27-Apr-2022 17:36:41.623 INFO [main] org.apache.jasper.servlet.TldScanner.scanJars At least one JAR was scanned for TLDs yet contained no TLDs. Enable debug logging for this logger for a complete list of JARs that were scanned but no TLDs were found in them. Skipping unneeded JARs during scanning can improve startup time and JSP compilation time.
27-Apr-2022 17:36:41.757 INFO [main] org.apache.catalina.startup.HostConfig.deployWAR Deployment of web application archive [/Users/moloko/Desktop/tomcat/apache-tomcat-9.0.62/webapps/sakai-citations-servlet.war] has finished in [256] ms
27-Apr-2022 17:36:41.760 INFO [main] org.apache.catalina.startup.HostConfig.deployWAR Deploying web application archive [/Users/moloko/Desktop/tomcat/apache-tomcat-9.0.62/webapps/polls-tool.war]
27-Apr-2022 17:36:42.038 INFO [main] org.apache.jasper.servlet.TldScanner.scanJars At least one JAR was scanned for TLDs yet contained no TLDs. Enable debug logging for this logger for a complete list of JARs that were scanned but no TLDs were found in them. Skipping unneeded JARs during scanning can improve startup time and JSP compilation time.
27-Apr-2022 17:36:42.805 INFO [main] org.apache.catalina.startup.HostConfig.deployWAR Deployment of web application archive [/Users/moloko/Desktop/tomcat/apache-tomcat-9.0.62/webapps/polls-tool.war] has finished in [1,045] ms
27-Apr-2022 17:36:42.824 INFO [main] org.apache.catalina.startup.HostConfig.deployWAR Deploying web application archive [/Users/moloko/Desktop/tomcat/apache-tomcat-9.0.62/webapps/library.war]
27-Apr-2022 17:36:43.045 INFO [main] org.apache.jasper.servlet.TldScanner.scanJars At least one JAR was scanned for TLDs yet contained no TLDs. Enable debug logging for this logger for a complete list of JARs that were scanned but no TLDs were found in them. Skipping unneeded JARs during scanning can improve startup time and JSP compilation time.
27-Apr-2022 17:36:43.079 INFO [main] org.apache.catalina.startup.HostConfig.deployWAR Deployment of web application archive [/Users/moloko/Desktop/tomcat/apache-tomcat-9.0.62/webapps/library.war] has finished in [255] ms
27-Apr-2022 17:36:43.081 INFO [main] org.apache.catalina.startup.HostConfig.deployWAR Deploying web application archive [/Users/moloko/Desktop/tomcat/apache-tomcat-9.0.62/webapps/sakai-calendar-summary-tool.war]
27-Apr-2022 17:36:43.230 INFO [main] org.apache.jasper.servlet.TldScanner.scanJars At least one JAR was scanned for TLDs yet contained no TLDs. Enable debug logging for this logger for a complete list of JARs that were scanned but no TLDs were found in them. Skipping unneeded JARs during scanning can improve startup time and JSP compilation time.
27-Apr-2022 17:36:43.460 INFO [main] org.apache.catalina.startup.HostConfig.deployWAR Deployment of web application archive [/Users/moloko/Desktop/tomcat/apache-tomcat-9.0.62/webapps/sakai-calendar-summary-tool.war] has finished in [379] ms
27-Apr-2022 17:36:43.462 INFO [main] org.apache.catalina.startup.HostConfig.deployWAR Deploying web application archive [/Users/moloko/Desktop/tomcat/apache-tomcat-9.0.62/webapps/emailtemplateservice-tool.war]
27-Apr-2022 17:36:43.597 INFO [main] org.apache.jasper.servlet.TldScanner.scanJars At least one JAR was scanned for TLDs yet contained no TLDs. Enable debug logging for this logger for a complete list of JARs that were scanned but no TLDs were found in them. Skipping unneeded JARs during scanning can improve startup time and JSP compilation time.
27-Apr-2022 17:36:44.253 INFO [main] org.apache.catalina.startup.HostConfig.deployWAR Deployment of web application archive [/Users/moloko/Desktop/tomcat/apache-tomcat-9.0.62/webapps/emailtemplateservice-tool.war] has finished in [791] ms
27-Apr-2022 17:36:44.256 INFO [main] org.apache.catalina.startup.HostConfig.deployWAR Deploying web application archive [/Users/moloko/Desktop/tomcat/apache-tomcat-9.0.62/webapps/sakai-help-tool.war]
27-Apr-2022 17:36:44.439 INFO [main] org.apache.jasper.servlet.TldScanner.scanJars At least one JAR was scanned for TLDs yet contained no TLDs. Enable debug logging for this logger for a complete list of JARs that were scanned but no TLDs were found in them. Skipping unneeded JARs during scanning can improve startup time and JSP compilation time.
27-Apr-2022 17:36:44.792 INFO [main] org.apache.catalina.startup.HostConfig.deployWAR Deployment of web application archive [/Users/moloko/Desktop/tomcat/apache-tomcat-9.0.62/webapps/sakai-help-tool.war] has finished in [536] ms
27-Apr-2022 17:36:44.794 INFO [main] org.apache.catalina.startup.HostConfig.deployWAR Deploying web application archive [/Users/moloko/Desktop/tomcat/apache-tomcat-9.0.62/webapps/sakai-usermembership-tool.war]
27-Apr-2022 17:36:45.034 INFO [main] org.apache.jasper.servlet.TldScanner.scanJars At least one JAR was scanned for TLDs yet contained no TLDs. Enable debug logging for this logger for a complete list of JARs that were scanned but no TLDs were found in them. Skipping unneeded JARs during scanning can improve startup time and JSP compilation time.
27-Apr-2022 17:36:45.486 INFO [main] org.apache.catalina.startup.HostConfig.deployWAR Deployment of web application archive [/Users/moloko/Desktop/tomcat/apache-tomcat-9.0.62/webapps/sakai-usermembership-tool.war] has finished in [692] ms
27-Apr-2022 17:36:45.492 INFO [main] org.apache.catalina.startup.HostConfig.deployWAR Deploying web application archive [/Users/moloko/Desktop/tomcat/apache-tomcat-9.0.62/webapps/sakai-chat-tool.war]
27-Apr-2022 17:36:45.735 INFO [main] org.apache.jasper.servlet.TldScanner.scanJars At least one JAR was scanned for TLDs yet contained no TLDs. Enable debug logging for this logger for a complete list of JARs that were scanned but no TLDs were found in them. Skipping unneeded JARs during scanning can improve startup time and JSP compilation time.
27-Apr-2022 17:36:45.922 WARNING [main] org.jboss.weld.util.ServiceLoader.loadClass Could not load service class org.springframework.data.jpa.repository.cdi.JpaRepositoryExtension
27-Apr-2022 17:36:46.999 INFO [main] com.sun.faces.config.ConfigureListener.contextInitialized Initializing Mojarra 2.3.9 ( 20190401-1936 77894020e94a338c9701619b7ef6e9871c5a9079) for context '/sakai-chat-tool'
27-Apr-2022 17:36:47.304 INFO [main] com.sun.faces.spi.InjectionProviderFactory.createInstance JSF1048: PostConstruct/PreDestroy annotations present.  ManagedBeans methods marked with these annotations will have said annotations processed.
27-Apr-2022 17:36:48.257 INFO [main] org.apache.catalina.startup.HostConfig.deployWAR Deployment of web application archive [/Users/moloko/Desktop/tomcat/apache-tomcat-9.0.62/webapps/sakai-chat-tool.war] has finished in [2,765] ms
27-Apr-2022 17:36:48.260 INFO [main] org.apache.catalina.startup.HostConfig.deployWAR Deploying web application archive [/Users/moloko/Desktop/tomcat/apache-tomcat-9.0.62/webapps/sakai-fck-connector.war]
27-Apr-2022 17:36:48.349 INFO [main] org.apache.jasper.servlet.TldScanner.scanJars At least one JAR was scanned for TLDs yet contained no TLDs. Enable debug logging for this logger for a complete list of JARs that were scanned but no TLDs were found in them. Skipping unneeded JARs during scanning can improve startup time and JSP compilation time.
27-Apr-2022 17:36:48.354 INFO [main] org.apache.catalina.startup.HostConfig.deployWAR Deployment of web application archive [/Users/moloko/Desktop/tomcat/apache-tomcat-9.0.62/webapps/sakai-fck-connector.war] has finished in [94] ms
27-Apr-2022 17:36:48.359 INFO [main] org.apache.catalina.startup.HostConfig.deployWAR Deploying web application archive [/Users/moloko/Desktop/tomcat/apache-tomcat-9.0.62/webapps/accountvalidator.war]
27-Apr-2022 17:36:48.498 INFO [main] org.apache.jasper.servlet.TldScanner.scanJars At least one JAR was scanned for TLDs yet contained no TLDs. Enable debug logging for this logger for a complete list of JARs that were scanned but no TLDs were found in them. Skipping unneeded JARs during scanning can improve startup time and JSP compilation time.
27-Apr-2022 17:36:49.139 INFO [main] org.apache.catalina.startup.HostConfig.deployWAR Deployment of web application archive [/Users/moloko/Desktop/tomcat/apache-tomcat-9.0.62/webapps/accountvalidator.war] has finished in [780] ms
27-Apr-2022 17:36:49.143 INFO [main] org.apache.catalina.startup.HostConfig.deployWAR Deploying web application archive [/Users/moloko/Desktop/tomcat/apache-tomcat-9.0.62/webapps/sakai-syllabus-tool.war]
27-Apr-2022 17:36:49.468 INFO [main] org.apache.jasper.servlet.TldScanner.scanJars At least one JAR was scanned for TLDs yet contained no TLDs. Enable debug logging for this logger for a complete list of JARs that were scanned but no TLDs were found in them. Skipping unneeded JARs during scanning can improve startup time and JSP compilation time.
27-Apr-2022 17:36:49.558 INFO [main] com.sun.faces.config.ConfigureListener.contextInitialized Initializing Mojarra (1.2_15-06-20180412-SNAPSHOT) for context '/sakai-syllabus-tool'
27-Apr-2022 17:36:49.559 WARNING [main] com.sun.faces.config.ConfigureListener.contextInitialized JSF1059: WARNING!  The com.sun.faces.verifyObjects feature is to aid developers not using tools.  It shouldn''t be enabled if using an IDE, or if this application is being deployed for production as it will impact application start times.
27-Apr-2022 17:36:49.756 INFO [main] com.sun.faces.spi.InjectionProviderFactory.createInstance JSF1048: PostConstruct/PreDestroy annotations present.  ManagedBeans methods marked with these annotations will have said annotations processed.
27-Apr-2022 17:36:50.111 INFO [main] org.apache.catalina.startup.HostConfig.deployWAR Deployment of web application archive [/Users/moloko/Desktop/tomcat/apache-tomcat-9.0.62/webapps/sakai-syllabus-tool.war] has finished in [967] ms
27-Apr-2022 17:36:50.115 INFO [main] org.apache.catalina.startup.HostConfig.deployWAR Deploying web application archive [/Users/moloko/Desktop/tomcat/apache-tomcat-9.0.62/webapps/pasystem-tool.war]
27-Apr-2022 17:36:50.213 INFO [main] org.apache.jasper.servlet.TldScanner.scanJars At least one JAR was scanned for TLDs yet contained no TLDs. Enable debug logging for this logger for a complete list of JARs that were scanned but no TLDs were found in them. Skipping unneeded JARs during scanning can improve startup time and JSP compilation time.
27-Apr-2022 17:36:50.219 INFO [main] org.apache.catalina.startup.HostConfig.deployWAR Deployment of web application archive [/Users/moloko/Desktop/tomcat/apache-tomcat-9.0.62/webapps/pasystem-tool.war] has finished in [104] ms
27-Apr-2022 17:36:50.222 INFO [main] org.apache.catalina.startup.HostConfig.deployWAR Deploying web application archive [/Users/moloko/Desktop/tomcat/apache-tomcat-9.0.62/webapps/scheduler-tool.war]
27-Apr-2022 17:36:50.359 INFO [main] org.apache.jasper.servlet.TldScanner.scanJars At least one JAR was scanned for TLDs yet contained no TLDs. Enable debug logging for this logger for a complete list of JARs that were scanned but no TLDs were found in them. Skipping unneeded JARs during scanning can improve startup time and JSP compilation time.
27-Apr-2022 17:36:50.706 INFO [main] org.apache.catalina.startup.HostConfig.deployWAR Deployment of web application archive [/Users/moloko/Desktop/tomcat/apache-tomcat-9.0.62/webapps/scheduler-tool.war] has finished in [483] ms
27-Apr-2022 17:36:50.710 INFO [main] org.apache.catalina.startup.HostConfig.deployWAR Deploying web application archive [/Users/moloko/Desktop/tomcat/apache-tomcat-9.0.62/webapps/sakai-signup-tool.war]
27-Apr-2022 17:36:51.042 INFO [main] org.apache.jasper.servlet.TldScanner.scanJars At least one JAR was scanned for TLDs yet contained no TLDs. Enable debug logging for this logger for a complete list of JARs that were scanned but no TLDs were found in them. Skipping unneeded JARs during scanning can improve startup time and JSP compilation time.
27-Apr-2022 17:36:51.140 INFO [main] com.sun.faces.config.ConfigureListener.contextInitialized Initializing Mojarra (1.2_15-06-20180412-SNAPSHOT) for context '/sakai-signup-tool'
27-Apr-2022 17:36:51.232 INFO [main] com.sun.faces.spi.InjectionProviderFactory.createInstance JSF1048: PostConstruct/PreDestroy annotations present.  ManagedBeans methods marked with these annotations will have said annotations processed.
27-Apr-2022 17:36:51.489 INFO [main] org.apache.catalina.startup.HostConfig.deployWAR Deployment of web application archive [/Users/moloko/Desktop/tomcat/apache-tomcat-9.0.62/webapps/sakai-signup-tool.war] has finished in [779] ms
27-Apr-2022 17:36:51.492 INFO [main] org.apache.catalina.startup.HostConfig.deployWAR Deploying web application archive [/Users/moloko/Desktop/tomcat/apache-tomcat-9.0.62/webapps/sakai-web-portlet.war]
27-Apr-2022 17:36:51.590 INFO [main] org.apache.jasper.servlet.TldScanner.scanJars At least one JAR was scanned for TLDs yet contained no TLDs. Enable debug logging for this logger for a complete list of JARs that were scanned but no TLDs were found in them. Skipping unneeded JARs during scanning can improve startup time and JSP compilation time.
27-Apr-2022 17:36:51.685 INFO [main] org.apache.catalina.startup.HostConfig.deployWAR Deployment of web application archive [/Users/moloko/Desktop/tomcat/apache-tomcat-9.0.62/webapps/sakai-web-portlet.war] has finished in [193] ms
27-Apr-2022 17:36:51.687 INFO [main] org.apache.catalina.startup.HostConfig.deployWAR Deploying web application archive [/Users/moloko/Desktop/tomcat/apache-tomcat-9.0.62/webapps/sakai-ws.war]
27-Apr-2022 17:36:51.858 INFO [main] org.apache.jasper.servlet.TldScanner.scanJars At least one JAR was scanned for TLDs yet contained no TLDs. Enable debug logging for this logger for a complete list of JARs that were scanned but no TLDs were found in them. Skipping unneeded JARs during scanning can improve startup time and JSP compilation time.
27-Apr-2022 17:36:53.432 INFO [main] org.apache.catalina.startup.HostConfig.deployWAR Deployment of web application archive [/Users/moloko/Desktop/tomcat/apache-tomcat-9.0.62/webapps/sakai-ws.war] has finished in [1,745] ms
27-Apr-2022 17:36:53.436 INFO [main] org.apache.catalina.startup.HostConfig.deployWAR Deploying web application archive [/Users/moloko/Desktop/tomcat/apache-tomcat-9.0.62/webapps/sakai-sections-tool.war]
27-Apr-2022 17:36:53.777 INFO [main] org.apache.jasper.servlet.TldScanner.scanJars At least one JAR was scanned for TLDs yet contained no TLDs. Enable debug logging for this logger for a complete list of JARs that were scanned but no TLDs were found in them. Skipping unneeded JARs during scanning can improve startup time and JSP compilation time.
27-Apr-2022 17:36:54.282 INFO [main] org.apache.catalina.startup.HostConfig.deployWAR Deployment of web application archive [/Users/moloko/Desktop/tomcat/apache-tomcat-9.0.62/webapps/sakai-sections-tool.war] has finished in [846] ms
27-Apr-2022 17:36:54.287 INFO [main] org.apache.catalina.startup.HostConfig.deployWAR Deploying web application archive [/Users/moloko/Desktop/tomcat/apache-tomcat-9.0.62/webapps/imsblis.war]
27-Apr-2022 17:36:54.419 INFO [main] org.apache.jasper.servlet.TldScanner.scanJars At least one JAR was scanned for TLDs yet contained no TLDs. Enable debug logging for this logger for a complete list of JARs that were scanned but no TLDs were found in them. Skipping unneeded JARs during scanning can improve startup time and JSP compilation time.
27-Apr-2022 17:36:54.451 INFO [main] org.apache.catalina.startup.HostConfig.deployWAR Deployment of web application archive [/Users/moloko/Desktop/tomcat/apache-tomcat-9.0.62/webapps/imsblis.war] has finished in [165] ms
27-Apr-2022 17:36:54.454 INFO [main] org.apache.catalina.startup.HostConfig.deployWAR Deploying web application archive [/Users/moloko/Desktop/tomcat/apache-tomcat-9.0.62/webapps/sakai-calendar-connector.war]
27-Apr-2022 17:36:54.557 INFO [main] org.apache.jasper.servlet.TldScanner.scanJars At least one JAR was scanned for TLDs yet contained no TLDs. Enable debug logging for this logger for a complete list of JARs that were scanned but no TLDs were found in them. Skipping unneeded JARs during scanning can improve startup time and JSP compilation time.
27-Apr-2022 17:36:54.577 INFO [main] org.apache.catalina.startup.HostConfig.deployWAR Deployment of web application archive [/Users/moloko/Desktop/tomcat/apache-tomcat-9.0.62/webapps/sakai-calendar-connector.war] has finished in [123] ms
27-Apr-2022 17:36:54.582 INFO [main] org.apache.catalina.startup.HostConfig.deployWAR Deploying web application archive [/Users/moloko/Desktop/tomcat/apache-tomcat-9.0.62/webapps/sakai-content-tool.war]
27-Apr-2022 17:36:54.856 INFO [main] org.apache.jasper.servlet.TldScanner.scanJars At least one JAR was scanned for TLDs yet contained no TLDs. Enable debug logging for this logger for a complete list of JARs that were scanned but no TLDs were found in them. Skipping unneeded JARs during scanning can improve startup time and JSP compilation time.
27-Apr-2022 17:36:55.089 INFO [main] org.apache.catalina.startup.HostConfig.deployWAR Deployment of web application archive [/Users/moloko/Desktop/tomcat/apache-tomcat-9.0.62/webapps/sakai-content-tool.war] has finished in [507] ms
27-Apr-2022 17:36:55.092 INFO [main] org.apache.catalina.startup.HostConfig.deployWAR Deploying web application archive [/Users/moloko/Desktop/tomcat/apache-tomcat-9.0.62/webapps/sakai-web-portlet-basiclti.war]
27-Apr-2022 17:36:55.199 INFO [main] org.apache.jasper.servlet.TldScanner.scanJars At least one JAR was scanned for TLDs yet contained no TLDs. Enable debug logging for this logger for a complete list of JARs that were scanned but no TLDs were found in them. Skipping unneeded JARs during scanning can improve startup time and JSP compilation time.
27-Apr-2022 17:36:55.296 INFO [main] org.apache.catalina.startup.HostConfig.deployWAR Deployment of web application archive [/Users/moloko/Desktop/tomcat/apache-tomcat-9.0.62/webapps/sakai-web-portlet-basiclti.war] has finished in [204] ms
27-Apr-2022 17:36:55.298 INFO [main] org.apache.catalina.startup.HostConfig.deployWAR Deploying web application archive [/Users/moloko/Desktop/tomcat/apache-tomcat-9.0.62/webapps/sakai-site-group-manager.war]
27-Apr-2022 17:36:55.417 INFO [main] org.apache.jasper.servlet.TldScanner.scanJars At least one JAR was scanned for TLDs yet contained no TLDs. Enable debug logging for this logger for a complete list of JARs that were scanned but no TLDs were found in them. Skipping unneeded JARs during scanning can improve startup time and JSP compilation time.
27-Apr-2022 17:36:55.971 INFO [main] org.apache.catalina.startup.HostConfig.deployWAR Deployment of web application archive [/Users/moloko/Desktop/tomcat/apache-tomcat-9.0.62/webapps/sakai-site-group-manager.war] has finished in [673] ms
27-Apr-2022 17:36:55.975 INFO [main] org.apache.catalina.startup.HostConfig.deployWAR Deploying web application archive [/Users/moloko/Desktop/tomcat/apache-tomcat-9.0.62/webapps/sakai-citations-tool.war]
27-Apr-2022 17:36:56.166 INFO [main] org.apache.jasper.servlet.TldScanner.scanJars At least one JAR was scanned for TLDs yet contained no TLDs. Enable debug logging for this logger for a complete list of JARs that were scanned but no TLDs were found in them. Skipping unneeded JARs during scanning can improve startup time and JSP compilation time.
27-Apr-2022 17:36:56.389 INFO [main] org.apache.catalina.startup.HostConfig.deployWAR Deployment of web application archive [/Users/moloko/Desktop/tomcat/apache-tomcat-9.0.62/webapps/sakai-citations-tool.war] has finished in [415] ms
27-Apr-2022 17:36:56.391 INFO [main] org.apache.catalina.startup.HostConfig.deployWAR Deploying web application archive [/Users/moloko/Desktop/tomcat/apache-tomcat-9.0.62/webapps/imsblti.war]
27-Apr-2022 17:36:56.536 INFO [main] org.apache.jasper.servlet.TldScanner.scanJars At least one JAR was scanned for TLDs yet contained no TLDs. Enable debug logging for this logger for a complete list of JARs that were scanned but no TLDs were found in them. Skipping unneeded JARs during scanning can improve startup time and JSP compilation time.
27-Apr-2022 17:36:56.600 INFO [main] org.apache.catalina.startup.HostConfig.deployWAR Deployment of web application archive [/Users/moloko/Desktop/tomcat/apache-tomcat-9.0.62/webapps/imsblti.war] has finished in [209] ms
27-Apr-2022 17:36:56.605 INFO [main] org.apache.catalina.startup.HostConfig.deployWAR Deploying web application archive [/Users/moloko/Desktop/tomcat/apache-tomcat-9.0.62/webapps/courier.war]
27-Apr-2022 17:36:56.731 INFO [main] org.apache.jasper.servlet.TldScanner.scanJars At least one JAR was scanned for TLDs yet contained no TLDs. Enable debug logging for this logger for a complete list of JARs that were scanned but no TLDs were found in them. Skipping unneeded JARs during scanning can improve startup time and JSP compilation time.
27-Apr-2022 17:36:56.734 INFO [main] org.apache.catalina.startup.HostConfig.deployWAR Deployment of web application archive [/Users/moloko/Desktop/tomcat/apache-tomcat-9.0.62/webapps/courier.war] has finished in [129] ms
27-Apr-2022 17:36:56.737 INFO [main] org.apache.catalina.startup.HostConfig.deployWAR Deploying web application archive [/Users/moloko/Desktop/tomcat/apache-tomcat-9.0.62/webapps/authn.war]
27-Apr-2022 17:36:56.914 INFO [main] org.apache.jasper.servlet.TldScanner.scanJars At least one JAR was scanned for TLDs yet contained no TLDs. Enable debug logging for this logger for a complete list of JARs that were scanned but no TLDs were found in them. Skipping unneeded JARs during scanning can improve startup time and JSP compilation time.
27-Apr-2022 17:36:56.923 INFO [main] org.apache.catalina.startup.HostConfig.deployWAR Deployment of web application archive [/Users/moloko/Desktop/tomcat/apache-tomcat-9.0.62/webapps/authn.war] has finished in [185] ms
27-Apr-2022 17:36:56.927 INFO [main] org.apache.catalina.startup.HostConfig.deployWAR Deploying web application archive [/Users/moloko/Desktop/tomcat/apache-tomcat-9.0.62/webapps/sakai-site-pageorder-helper.war]
27-Apr-2022 17:36:57.205 INFO [main] org.apache.jasper.servlet.TldScanner.scanJars At least one JAR was scanned for TLDs yet contained no TLDs. Enable debug logging for this logger for a complete list of JARs that were scanned but no TLDs were found in them. Skipping unneeded JARs during scanning can improve startup time and JSP compilation time.
27-Apr-2022 17:36:58.375 INFO [main] org.apache.catalina.startup.HostConfig.deployWAR Deployment of web application archive [/Users/moloko/Desktop/tomcat/apache-tomcat-9.0.62/webapps/sakai-site-pageorder-helper.war] has finished in [1,448] ms
27-Apr-2022 17:36:58.384 INFO [main] org.apache.catalina.startup.HostConfig.deployWAR Deploying web application archive [/Users/moloko/Desktop/tomcat/apache-tomcat-9.0.62/webapps/messageforums-tool.war]
27-Apr-2022 17:36:58.890 INFO [main] org.apache.jasper.servlet.TldScanner.scanJars At least one JAR was scanned for TLDs yet contained no TLDs. Enable debug logging for this logger for a complete list of JARs that were scanned but no TLDs were found in them. Skipping unneeded JARs during scanning can improve startup time and JSP compilation time.
27-Apr-2022 17:36:58.996 WARNING [main] org.jboss.weld.util.ServiceLoader.loadClass Could not load service class org.springframework.data.jpa.repository.cdi.JpaRepositoryExtension
27-Apr-2022 17:37:00.105 INFO [main] com.sun.faces.config.ConfigureListener.contextInitialized Initializing Mojarra 2.3.9 ( 20190401-1936 77894020e94a338c9701619b7ef6e9871c5a9079) for context '/messageforums-tool'
27-Apr-2022 17:37:00.443 INFO [main] com.sun.faces.spi.InjectionProviderFactory.createInstance JSF1048: PostConstruct/PreDestroy annotations present.  ManagedBeans methods marked with these annotations will have said annotations processed.
27-Apr-2022 17:37:01.599 INFO [main] org.apache.catalina.startup.HostConfig.deployWAR Deployment of web application archive [/Users/moloko/Desktop/tomcat/apache-tomcat-9.0.62/webapps/messageforums-tool.war] has finished in [3,215] ms
27-Apr-2022 17:37:01.604 INFO [main] org.apache.catalina.startup.HostConfig.deployWAR Deploying web application archive [/Users/moloko/Desktop/tomcat/apache-tomcat-9.0.62/webapps/access.war]
27-Apr-2022 17:37:01.729 INFO [main] org.apache.jasper.servlet.TldScanner.scanJars At least one JAR was scanned for TLDs yet contained no TLDs. Enable debug logging for this logger for a complete list of JARs that were scanned but no TLDs were found in them. Skipping unneeded JARs during scanning can improve startup time and JSP compilation time.
27-Apr-2022 17:37:01.893 INFO [main] org.apache.catalina.startup.HostConfig.deployWAR Deployment of web application archive [/Users/moloko/Desktop/tomcat/apache-tomcat-9.0.62/webapps/access.war] has finished in [288] ms
27-Apr-2022 17:37:01.896 INFO [main] org.apache.catalina.startup.HostConfig.deployWAR Deploying web application archive [/Users/moloko/Desktop/tomcat/apache-tomcat-9.0.62/webapps/tool.war]
27-Apr-2022 17:37:01.989 INFO [main] org.apache.jasper.servlet.TldScanner.scanJars At least one JAR was scanned for TLDs yet contained no TLDs. Enable debug logging for this logger for a complete list of JARs that were scanned but no TLDs were found in them. Skipping unneeded JARs during scanning can improve startup time and JSP compilation time.
27-Apr-2022 17:37:01.993 INFO [main] org.apache.catalina.startup.HostConfig.deployWAR Deployment of web application archive [/Users/moloko/Desktop/tomcat/apache-tomcat-9.0.62/webapps/tool.war] has finished in [97] ms
27-Apr-2022 17:37:01.996 INFO [main] org.apache.catalina.startup.HostConfig.deployWAR Deploying web application archive [/Users/moloko/Desktop/tomcat/apache-tomcat-9.0.62/webapps/adminsiteperms.war]
27-Apr-2022 17:37:02.157 INFO [main] org.apache.jasper.servlet.TldScanner.scanJars At least one JAR was scanned for TLDs yet contained no TLDs. Enable debug logging for this logger for a complete list of JARs that were scanned but no TLDs were found in them. Skipping unneeded JARs during scanning can improve startup time and JSP compilation time.
27-Apr-2022 17:37:02.296 INFO [main] org.apache.catalina.startup.HostConfig.deployWAR Deployment of web application archive [/Users/moloko/Desktop/tomcat/apache-tomcat-9.0.62/webapps/adminsiteperms.war] has finished in [300] ms
27-Apr-2022 17:37:02.300 INFO [main] org.apache.catalina.startup.HostConfig.deployWAR Deploying web application archive [/Users/moloko/Desktop/tomcat/apache-tomcat-9.0.62/webapps/commons-tool.war]
27-Apr-2022 17:37:02.433 INFO [main] org.apache.jasper.servlet.TldScanner.scanJars At least one JAR was scanned for TLDs yet contained no TLDs. Enable debug logging for this logger for a complete list of JARs that were scanned but no TLDs were found in them. Skipping unneeded JARs during scanning can improve startup time and JSP compilation time.
27-Apr-2022 17:37:02.465 INFO [main] org.apache.catalina.startup.HostConfig.deployWAR Deployment of web application archive [/Users/moloko/Desktop/tomcat/apache-tomcat-9.0.62/webapps/commons-tool.war] has finished in [165] ms
27-Apr-2022 17:37:02.470 INFO [main] org.apache.catalina.startup.HostConfig.deployWAR Deploying web application archive [/Users/moloko/Desktop/tomcat/apache-tomcat-9.0.62/webapps/rubrics-service.war]
27-Apr-2022 17:37:02.731 INFO [main] org.apache.jasper.servlet.TldScanner.scanJars At least one JAR was scanned for TLDs yet contained no TLDs. Enable debug logging for this logger for a complete list of JARs that were scanned but no TLDs were found in them. Skipping unneeded JARs during scanning can improve startup time and JSP compilation time.
27-Apr-2022 17:37:14.343 INFO [main] org.apache.catalina.startup.HostConfig.deployWAR Deployment of web application archive [/Users/moloko/Desktop/tomcat/apache-tomcat-9.0.62/webapps/rubrics-service.war] has finished in [11,873] ms
27-Apr-2022 17:37:14.348 INFO [main] org.apache.catalina.startup.HostConfig.deployWAR Deploying web application archive [/Users/moloko/Desktop/tomcat/apache-tomcat-9.0.62/webapps/basiclti-admin-tool.war]
27-Apr-2022 17:37:14.515 INFO [main] org.apache.jasper.servlet.TldScanner.scanJars At least one JAR was scanned for TLDs yet contained no TLDs. Enable debug logging for this logger for a complete list of JARs that were scanned but no TLDs were found in them. Skipping unneeded JARs during scanning can improve startup time and JSP compilation time.
27-Apr-2022 17:37:14.759 INFO [main] org.apache.catalina.startup.HostConfig.deployWAR Deployment of web application archive [/Users/moloko/Desktop/tomcat/apache-tomcat-9.0.62/webapps/basiclti-admin-tool.war] has finished in [412] ms
27-Apr-2022 17:37:14.762 INFO [main] org.apache.catalina.startup.HostConfig.deployWAR Deploying web application archive [/Users/moloko/Desktop/tomcat/apache-tomcat-9.0.62/webapps/podcasts.war]
27-Apr-2022 17:37:14.875 INFO [main] org.apache.jasper.servlet.TldScanner.scanJars At least one JAR was scanned for TLDs yet contained no TLDs. Enable debug logging for this logger for a complete list of JARs that were scanned but no TLDs were found in them. Skipping unneeded JARs during scanning can improve startup time and JSP compilation time.
27-Apr-2022 17:37:14.879 INFO [main] org.apache.catalina.startup.HostConfig.deployWAR Deployment of web application archive [/Users/moloko/Desktop/tomcat/apache-tomcat-9.0.62/webapps/podcasts.war] has finished in [117] ms
27-Apr-2022 17:37:14.882 INFO [main] org.apache.catalina.startup.HostConfig.deployWAR Deploying web application archive [/Users/moloko/Desktop/tomcat/apache-tomcat-9.0.62/webapps/sakai-portal-render-engine-impl.war]
27-Apr-2022 17:37:14.993 INFO [main] org.apache.jasper.servlet.TldScanner.scanJars At least one JAR was scanned for TLDs yet contained no TLDs. Enable debug logging for this logger for a complete list of JARs that were scanned but no TLDs were found in them. Skipping unneeded JARs during scanning can improve startup time and JSP compilation time.
27-Apr-2022 17:37:15.074 INFO [main] org.apache.catalina.startup.HostConfig.deployWAR Deployment of web application archive [/Users/moloko/Desktop/tomcat/apache-tomcat-9.0.62/webapps/sakai-portal-render-engine-impl.war] has finished in [192] ms
27-Apr-2022 17:37:15.076 INFO [main] org.apache.catalina.startup.HostConfig.deployWAR Deploying web application archive [/Users/moloko/Desktop/tomcat/apache-tomcat-9.0.62/webapps/x.war]
27-Apr-2022 17:37:15.157 INFO [main] org.apache.jasper.servlet.TldScanner.scanJars At least one JAR was scanned for TLDs yet contained no TLDs. Enable debug logging for this logger for a complete list of JARs that were scanned but no TLDs were found in them. Skipping unneeded JARs during scanning can improve startup time and JSP compilation time.
27-Apr-2022 17:37:15.160 INFO [main] org.apache.catalina.startup.HostConfig.deployWAR Deployment of web application archive [/Users/moloko/Desktop/tomcat/apache-tomcat-9.0.62/webapps/x.war] has finished in [84] ms
27-Apr-2022 17:37:15.165 INFO [main] org.apache.catalina.startup.HostConfig.deployWAR Deploying web application archive [/Users/moloko/Desktop/tomcat/apache-tomcat-9.0.62/webapps/feedback-tool.war]
27-Apr-2022 17:37:15.336 INFO [main] org.apache.jasper.servlet.TldScanner.scanJars At least one JAR was scanned for TLDs yet contained no TLDs. Enable debug logging for this logger for a complete list of JARs that were scanned but no TLDs were found in them. Skipping unneeded JARs during scanning can improve startup time and JSP compilation time.
27-Apr-2022 17:37:15.384 INFO [main] org.apache.catalina.startup.HostConfig.deployWAR Deployment of web application archive [/Users/moloko/Desktop/tomcat/apache-tomcat-9.0.62/webapps/feedback-tool.war] has finished in [219] ms
27-Apr-2022 17:37:15.387 INFO [main] org.apache.catalina.startup.HostConfig.deployWAR Deploying web application archive [/Users/moloko/Desktop/tomcat/apache-tomcat-9.0.62/webapps/sakai-editor.war]
27-Apr-2022 17:37:15.462 INFO [main] org.apache.jasper.servlet.TldScanner.scanJars At least one JAR was scanned for TLDs yet contained no TLDs. Enable debug logging for this logger for a complete list of JARs that were scanned but no TLDs were found in them. Skipping unneeded JARs during scanning can improve startup time and JSP compilation time.
27-Apr-2022 17:37:15.464 INFO [main] org.apache.catalina.startup.HostConfig.deployWAR Deployment of web application archive [/Users/moloko/Desktop/tomcat/apache-tomcat-9.0.62/webapps/sakai-editor.war] has finished in [77] ms
27-Apr-2022 17:37:15.468 INFO [main] org.apache.catalina.startup.HostConfig.deployWAR Deploying web application archive [/Users/moloko/Desktop/tomcat/apache-tomcat-9.0.62/webapps/sakai-rwiki-tool.war]
27-Apr-2022 17:37:15.801 INFO [main] org.apache.jasper.servlet.TldScanner.scanJars At least one JAR was scanned for TLDs yet contained no TLDs. Enable debug logging for this logger for a complete list of JARs that were scanned but no TLDs were found in them. Skipping unneeded JARs during scanning can improve startup time and JSP compilation time.
27-Apr-2022 17:37:16.057 INFO [main] org.apache.catalina.startup.HostConfig.deployWAR Deployment of web application archive [/Users/moloko/Desktop/tomcat/apache-tomcat-9.0.62/webapps/sakai-rwiki-tool.war] has finished in [588] ms
27-Apr-2022 17:37:16.066 INFO [main] org.apache.catalina.startup.HostConfig.deployWAR Deploying web application archive [/Users/moloko/Desktop/tomcat/apache-tomcat-9.0.62/webapps/samigo-app.war]
27-Apr-2022 17:37:16.837 INFO [main] org.apache.jasper.servlet.TldScanner.scanJars At least one JAR was scanned for TLDs yet contained no TLDs. Enable debug logging for this logger for a complete list of JARs that were scanned but no TLDs were found in them. Skipping unneeded JARs during scanning can improve startup time and JSP compilation time.
27-Apr-2022 17:37:16.973 WARNING [main] org.jboss.weld.util.ServiceLoader.loadClass Could not load service class org.springframework.data.jpa.repository.cdi.JpaRepositoryExtension
27-Apr-2022 17:37:19.917 INFO [main] com.sun.faces.config.ConfigureListener.contextInitialized Initializing Mojarra 2.3.9 ( 20190401-1936 77894020e94a338c9701619b7ef6e9871c5a9079) for context '/samigo-app'
27-Apr-2022 17:37:20.369 INFO [main] com.sun.faces.spi.InjectionProviderFactory.createInstance JSF1048: PostConstruct/PreDestroy annotations present.  ManagedBeans methods marked with these annotations will have said annotations processed.
27-Apr-2022 17:37:21.531 INFO [main] org.apache.catalina.startup.HostConfig.deployWAR Deployment of web application archive [/Users/moloko/Desktop/tomcat/apache-tomcat-9.0.62/webapps/samigo-app.war] has finished in [5,465] ms
27-Apr-2022 17:37:21.536 INFO [main] org.apache.catalina.startup.HostConfig.deployWAR Deploying web application archive [/Users/moloko/Desktop/tomcat/apache-tomcat-9.0.62/webapps/profile2-tool.war]
27-Apr-2022 17:37:22.009 INFO [main] org.apache.jasper.servlet.TldScanner.scanJars At least one JAR was scanned for TLDs yet contained no TLDs. Enable debug logging for this logger for a complete list of JARs that were scanned but no TLDs were found in them. Skipping unneeded JARs during scanning can improve startup time and JSP compilation time.
27-Apr-2022 17:37:22.323 INFO [main] org.apache.catalina.startup.HostConfig.deployWAR Deployment of web application archive [/Users/moloko/Desktop/tomcat/apache-tomcat-9.0.62/webapps/profile2-tool.war] has finished in [787] ms
27-Apr-2022 17:37:22.327 INFO [main] org.apache.catalina.startup.HostConfig.deployWAR Deploying web application archive [/Users/moloko/Desktop/tomcat/apache-tomcat-9.0.62/webapps/myconnections.war]
27-Apr-2022 17:37:22.466 INFO [main] org.apache.jasper.servlet.TldScanner.scanJars At least one JAR was scanned for TLDs yet contained no TLDs. Enable debug logging for this logger for a complete list of JARs that were scanned but no TLDs were found in them. Skipping unneeded JARs during scanning can improve startup time and JSP compilation time.
27-Apr-2022 17:37:22.751 INFO [main] org.apache.catalina.startup.HostConfig.deployWAR Deployment of web application archive [/Users/moloko/Desktop/tomcat/apache-tomcat-9.0.62/webapps/myconnections.war] has finished in [425] ms
27-Apr-2022 17:37:22.753 INFO [main] org.apache.catalina.startup.HostConfig.deployWAR Deploying web application archive [/Users/moloko/Desktop/tomcat/apache-tomcat-9.0.62/webapps/oauth-tool.war]
27-Apr-2022 17:37:22.937 INFO [main] org.apache.jasper.servlet.TldScanner.scanJars At least one JAR was scanned for TLDs yet contained no TLDs. Enable debug logging for this logger for a complete list of JARs that were scanned but no TLDs were found in them. Skipping unneeded JARs during scanning can improve startup time and JSP compilation time.
27-Apr-2022 17:37:23.160 INFO [main] org.apache.catalina.startup.HostConfig.deployWAR Deployment of web application archive [/Users/moloko/Desktop/tomcat/apache-tomcat-9.0.62/webapps/oauth-tool.war] has finished in [407] ms
27-Apr-2022 17:37:23.162 INFO [main] org.apache.catalina.startup.HostConfig.deployWAR Deploying web application archive [/Users/moloko/Desktop/tomcat/apache-tomcat-9.0.62/webapps/wiki.war]
27-Apr-2022 17:37:23.257 INFO [main] org.apache.jasper.servlet.TldScanner.scanJars At least one JAR was scanned for TLDs yet contained no TLDs. Enable debug logging for this logger for a complete list of JARs that were scanned but no TLDs were found in them. Skipping unneeded JARs during scanning can improve startup time and JSP compilation time.
27-Apr-2022 17:37:23.260 INFO [main] org.apache.catalina.startup.HostConfig.deployWAR Deployment of web application archive [/Users/moloko/Desktop/tomcat/apache-tomcat-9.0.62/webapps/wiki.war] has finished in [98] ms
27-Apr-2022 17:37:23.263 INFO [main] org.apache.catalina.startup.HostConfig.deployWAR Deploying web application archive [/Users/moloko/Desktop/tomcat/apache-tomcat-9.0.62/webapps/sakai-mailarchive-tool.war]
27-Apr-2022 17:37:23.414 INFO [main] org.apache.jasper.servlet.TldScanner.scanJars At least one JAR was scanned for TLDs yet contained no TLDs. Enable debug logging for this logger for a complete list of JARs that were scanned but no TLDs were found in them. Skipping unneeded JARs during scanning can improve startup time and JSP compilation time.
27-Apr-2022 17:37:23.576 INFO [main] org.apache.catalina.startup.HostConfig.deployWAR Deployment of web application archive [/Users/moloko/Desktop/tomcat/apache-tomcat-9.0.62/webapps/sakai-mailarchive-tool.war] has finished in [313] ms
27-Apr-2022 17:37:23.579 INFO [main] org.apache.catalina.startup.HostConfig.deployDirectory Deploying web application directory [/Users/moloko/Desktop/tomcat/apache-tomcat-9.0.62/webapps/docs]
27-Apr-2022 17:37:23.654 INFO [main] org.apache.jasper.servlet.TldScanner.scanJars At least one JAR was scanned for TLDs yet contained no TLDs. Enable debug logging for this logger for a complete list of JARs that were scanned but no TLDs were found in them. Skipping unneeded JARs during scanning can improve startup time and JSP compilation time.
27-Apr-2022 17:37:23.656 INFO [main] org.apache.catalina.startup.HostConfig.deployDirectory Deployment of web application directory [/Users/moloko/Desktop/tomcat/apache-tomcat-9.0.62/webapps/docs] has finished in [76] ms
27-Apr-2022 17:37:23.656 INFO [main] org.apache.catalina.startup.HostConfig.deployDirectory Deploying web application directory [/Users/moloko/Desktop/tomcat/apache-tomcat-9.0.62/webapps/manager]
27-Apr-2022 17:37:23.755 INFO [main] org.apache.jasper.servlet.TldScanner.scanJars At least one JAR was scanned for TLDs yet contained no TLDs. Enable debug logging for this logger for a complete list of JARs that were scanned but no TLDs were found in them. Skipping unneeded JARs during scanning can improve startup time and JSP compilation time.
27-Apr-2022 17:37:23.762 INFO [main] org.apache.catalina.startup.HostConfig.deployDirectory Deployment of web application directory [/Users/moloko/Desktop/tomcat/apache-tomcat-9.0.62/webapps/manager] has finished in [106] ms
27-Apr-2022 17:37:23.763 INFO [main] org.apache.catalina.startup.HostConfig.deployDirectory Deploying web application directory [/Users/moloko/Desktop/tomcat/apache-tomcat-9.0.62/webapps/examples]
27-Apr-2022 17:37:23.984 INFO [main] org.apache.jasper.servlet.TldScanner.scanJars At least one JAR was scanned for TLDs yet contained no TLDs. Enable debug logging for this logger for a complete list of JARs that were scanned but no TLDs were found in them. Skipping unneeded JARs during scanning can improve startup time and JSP compilation time.
27-Apr-2022 17:37:23.993 INFO [main] org.apache.catalina.startup.HostConfig.deployDirectory Deployment of web application directory [/Users/moloko/Desktop/tomcat/apache-tomcat-9.0.62/webapps/examples] has finished in [230] ms
27-Apr-2022 17:37:23.994 INFO [main] org.apache.catalina.startup.HostConfig.deployDirectory Deploying web application directory [/Users/moloko/Desktop/tomcat/apache-tomcat-9.0.62/webapps/ROOT]
27-Apr-2022 17:37:24.059 INFO [main] org.apache.jasper.servlet.TldScanner.scanJars At least one JAR was scanned for TLDs yet contained no TLDs. Enable debug logging for this logger for a complete list of JARs that were scanned but no TLDs were found in them. Skipping unneeded JARs during scanning can improve startup time and JSP compilation time.
27-Apr-2022 17:37:24.060 INFO [main] org.apache.catalina.startup.HostConfig.deployDirectory Deployment of web application directory [/Users/moloko/Desktop/tomcat/apache-tomcat-9.0.62/webapps/ROOT] has finished in [67] ms
27-Apr-2022 17:37:24.061 INFO [main] org.apache.catalina.startup.HostConfig.deployDirectory Deploying web application directory [/Users/moloko/Desktop/tomcat/apache-tomcat-9.0.62/webapps/host-manager]
27-Apr-2022 17:37:24.134 INFO [main] org.apache.jasper.servlet.TldScanner.scanJars At least one JAR was scanned for TLDs yet contained no TLDs. Enable debug logging for this logger for a complete list of JARs that were scanned but no TLDs were found in them. Skipping unneeded JARs during scanning can improve startup time and JSP compilation time.
27-Apr-2022 17:37:24.136 INFO [main] org.apache.catalina.startup.HostConfig.deployDirectory Deployment of web application directory [/Users/moloko/Desktop/tomcat/apache-tomcat-9.0.62/webapps/host-manager] has finished in [75] ms
27-Apr-2022 17:37:24.149 INFO [main] org.apache.coyote.AbstractProtocol.start Starting ProtocolHandler ["http-nio-8080"]
27-Apr-2022 17:37:24.167 INFO [main] org.apache.catalina.startup.Catalina.start Server startup in [87238] milliseconds
27-Apr-2022 17:37:24.183 SEVERE [http-nio-8080-Acceptor] org.apache.tomcat.util.net.NioEndpoint.setSocketOptions Error setting socket options
java.net.SocketException: Invalid argument
	at sun.nio.ch.Net.setIntOption0(Native Method)
	at sun.nio.ch.Net.setSocketOption(Net.java:353)
	at sun.nio.ch.SocketChannelImpl.setOption(SocketChannelImpl.java:188)
	at sun.nio.ch.SocketAdaptor.setIntOption(SocketAdaptor.java:297)
	at sun.nio.ch.SocketAdaptor.setSoLinger(SocketAdaptor.java:332)
	at org.apache.tomcat.util.net.SocketProperties.setProperties(SocketProperties.java:219)
	at org.apache.tomcat.util.net.NioEndpoint.setSocketOptions(NioEndpoint.java:501)
	at org.apache.tomcat.util.net.NioEndpoint.setSocketOptions(NioEndpoint.java:79)
	at org.apache.tomcat.util.net.Acceptor.run(Acceptor.java:149)
	at java.lang.Thread.run(Thread.java:827)
