28-May-2022 13:00:42.807 INFO [Thread-20] org.apache.coyote.AbstractProtocol.pause Pausing ProtocolHandler ["http-nio-8080"]
28-May-2022 13:00:42.833 INFO [Thread-20] org.apache.catalina.core.StandardService.stopInternal Stopping service [Catalina]
28-May-2022 13:00:43.439 SEVERE [Thread-20] org.apache.catalina.loader.WebappClassLoaderBase.checkThreadLocalMapForLeaks The web application [mailsender-tool] created a ThreadLocal with key of type [uk.org.ponder.saxalizer.support.SAXalXMLProvider$1] (value [uk.org.ponder.saxalizer.support.SAXalXMLProvider$1@b18e0eff]) and a value of type [uk.org.ponder.saxalizer.SAXalizerHelper] (value [uk.org.ponder.saxalizer.SAXalizerHelper@6ad67cd8]) but failed to remove it when the web application was stopped. Threads are going to be renewed over time to try and avoid a probable memory leak.
28-May-2022 13:00:43.788 WARNING [Thread-20] org.apache.catalina.loader.WebappClassLoaderBase.clearReferencesThreads The web application [providers] appears to have started a thread named [sakai connection adder] but has failed to stop it. This is very likely to create a memory leak. Stack trace of thread:
 java.lang.Thread.sleep(Native Method)
 java.lang.Thread.sleep(Thread.java:958)
 com.zaxxer.hikari.util.UtilityElf.quietlySleep(UtilityElf.java:49)
 com.zaxxer.hikari.pool.HikariPool$PoolEntryCreator.call(HikariPool.java:730)
 com.zaxxer.hikari.pool.HikariPool$PoolEntryCreator.call(HikariPool.java:705)
 java.util.concurrent.FutureTask.run(FutureTask.java:266)
 java.util.concurrent.ThreadPoolExecutor.runWorker(ThreadPoolExecutor.java:1149)
 java.util.concurrent.ThreadPoolExecutor$Worker.run(ThreadPoolExecutor.java:624)
 java.lang.Thread.run(Thread.java:827)
28-May-2022 13:00:43.789 WARNING [Thread-20] org.apache.catalina.loader.WebappClassLoaderBase.clearReferencesThreads The web application [providers] appears to have started a thread named [QuartzScheduler_QuartzScheduler-Molokos-MacBook-Air.local_MisfireHandler] but has failed to stop it. This is very likely to create a memory leak. Stack trace of thread:
 java.lang.Thread.sleep(Native Method)
 java.lang.Thread.sleep(Thread.java:958)
 org.quartz.impl.jdbcjobstore.JobStoreSupport$MisfireHandler.run(JobStoreSupport.java:4053)
28-May-2022 13:00:43.792 WARNING [Thread-20] org.apache.catalina.loader.WebappClassLoaderBase.clearReferencesThreads The web application [providers] appears to have started a thread named [org.subethamail.smtp.server.ServerThread *:8025] but has failed to stop it. This is very likely to create a memory leak. Stack trace of thread:
 java.net.PlainSocketImpl.socketAccept(Native Method)
 java.net.AbstractPlainSocketImpl.accept(AbstractPlainSocketImpl.java:409)
 java.net.ServerSocket.implAccept(ServerSocket.java:560)
 java.net.ServerSocket.accept(ServerSocket.java:528)
 org.subethamail.smtp.server.ServerThread.runAcceptLoop(ServerThread.java:110)
 org.subethamail.smtp.server.ServerThread.run(ServerThread.java:71)
28-May-2022 13:00:43.793 WARNING [Thread-20] org.apache.catalina.loader.WebappClassLoaderBase.clearReferencesThreads The web application [providers] appears to have started a thread named [SakaiClusterService.Maintenance] but has failed to stop it. This is very likely to create a memory leak. Stack trace of thread:
 java.lang.Thread.sleep(Native Method)
 java.lang.Thread.sleep(Thread.java:958)
 org.sakaiproject.cluster.impl.SakaiClusterService$Maintenance.run(SakaiClusterService.java:501)
 java.lang.Thread.run(Thread.java:827)
28-May-2022 13:00:43.796 WARNING [Thread-20] org.apache.catalina.loader.WebappClassLoaderBase.clearReferencesThreads The web application [providers] appears to have started a thread named [Sakai.BasicCourierService.Maintenance] but has failed to stop it. This is very likely to create a memory leak. Stack trace of thread:
 sun.misc.Unsafe.park(Native Method)
 java.util.concurrent.locks.LockSupport.parkNanos(LockSupport.java:215)
 java.util.concurrent.locks.AbstractQueuedSynchronizer$ConditionObject.awaitNanos(AbstractQueuedSynchronizer.java:2078)
 java.util.concurrent.ScheduledThreadPoolExecutor$DelayedWorkQueue.take(ScheduledThreadPoolExecutor.java:1093)
 java.util.concurrent.ScheduledThreadPoolExecutor$DelayedWorkQueue.take(ScheduledThreadPoolExecutor.java:809)
 java.util.concurrent.ThreadPoolExecutor.getTask(ThreadPoolExecutor.java:1074)
 java.util.concurrent.ThreadPoolExecutor.runWorker(ThreadPoolExecutor.java:1134)
 java.util.concurrent.ThreadPoolExecutor$Worker.run(ThreadPoolExecutor.java:624)
 java.lang.Thread.run(Thread.java:827)
28-May-2022 13:00:43.798 WARNING [Thread-20] org.apache.catalina.loader.WebappClassLoaderBase.clearReferencesThreads The web application [providers] appears to have started a thread named [External calendar preloading] but has failed to stop it. This is very likely to create a memory leak. Stack trace of thread:
 java.lang.Object.wait(Native Method)
 java.lang.Object.wait(Object.java:189)
 java.util.TimerThread.mainLoop(Timer.java:526)
 java.util.TimerThread.run(Timer.java:505)
28-May-2022 13:00:43.799 WARNING [Thread-20] org.apache.catalina.loader.WebappClassLoaderBase.clearReferencesThreads The web application [providers] appears to have started a thread named [org.sakaiproject.sitestats.impl.StatsUpdateManagerImpl] but has failed to stop it. This is very likely to create a memory leak. Stack trace of thread:
 java.lang.Object.wait(Native Method)
 java.lang.Object.wait(Object.java:218)
 org.sakaiproject.sitestats.impl.StatsUpdateManagerImpl.run(StatsUpdateManagerImpl.java:436)
 java.lang.Thread.run(Thread.java:827)
28-May-2022 13:00:43.801 WARNING [Thread-20] org.apache.catalina.loader.WebappClassLoaderBase.clearReferencesThreads The web application [providers] appears to have started a thread named [Timer-2] but has failed to stop it. This is very likely to create a memory leak. Stack trace of thread:
 java.lang.Object.wait(Native Method)
 java.lang.Object.wait(Object.java:218)
 java.util.TimerThread.mainLoop(Timer.java:552)
 java.util.TimerThread.run(Timer.java:505)
28-May-2022 13:00:43.802 WARNING [Thread-20] org.apache.catalina.loader.WebappClassLoaderBase.clearReferencesThreads The web application [providers] appears to have started a thread named [helpCP housekeeper] but has failed to stop it. This is very likely to create a memory leak. Stack trace of thread:
 sun.misc.Unsafe.park(Native Method)
 java.util.concurrent.locks.LockSupport.parkNanos(LockSupport.java:215)
 java.util.concurrent.locks.AbstractQueuedSynchronizer$ConditionObject.awaitNanos(AbstractQueuedSynchronizer.java:2078)
 java.util.concurrent.ScheduledThreadPoolExecutor$DelayedWorkQueue.take(ScheduledThreadPoolExecutor.java:1093)
 java.util.concurrent.ScheduledThreadPoolExecutor$DelayedWorkQueue.take(ScheduledThreadPoolExecutor.java:809)
 java.util.concurrent.ThreadPoolExecutor.getTask(ThreadPoolExecutor.java:1074)
 java.util.concurrent.ThreadPoolExecutor.runWorker(ThreadPoolExecutor.java:1134)
 java.util.concurrent.ThreadPoolExecutor$Worker.run(ThreadPoolExecutor.java:624)
 java.lang.Thread.run(Thread.java:827)
28-May-2022 13:00:43.803 WARNING [Thread-20] org.apache.catalina.loader.WebappClassLoaderBase.clearReferencesThreads The web application [providers] appears to have started a thread named [SakaiPresenceService.Maintenance] but has failed to stop it. This is very likely to create a memory leak. Stack trace of thread:
 java.lang.Thread.sleep(Native Method)
 java.lang.Thread.sleep(Thread.java:958)
 org.sakaiproject.presence.impl.BasePresenceService$Maintenance.run(BasePresenceService.java:795)
 java.lang.Thread.run(Thread.java:827)
28-May-2022 13:00:43.803 WARNING [Thread-20] org.apache.catalina.loader.WebappClassLoaderBase.clearReferencesThreads The web application [providers] appears to have started a thread named [QuartzScheduler_Worker-5] but has failed to stop it. This is very likely to create a memory leak. Stack trace of thread:
 java.lang.Object.wait(Native Method)
 java.lang.Object.wait(Object.java:218)
 org.quartz.simpl.SimpleThreadPool$WorkerThread.run(SimpleThreadPool.java:568)
28-May-2022 13:00:43.804 WARNING [Thread-20] org.apache.catalina.loader.WebappClassLoaderBase.clearReferencesThreads The web application [providers] appears to have started a thread named [QuartzScheduler_Worker-4] but has failed to stop it. This is very likely to create a memory leak. Stack trace of thread:
 java.lang.Object.wait(Native Method)
 java.lang.Object.wait(Object.java:218)
 org.quartz.simpl.SimpleThreadPool$WorkerThread.run(SimpleThreadPool.java:568)
28-May-2022 13:00:43.805 WARNING [Thread-20] org.apache.catalina.loader.WebappClassLoaderBase.clearReferencesThreads The web application [providers] appears to have started a thread named [QuartzScheduler_Worker-3] but has failed to stop it. This is very likely to create a memory leak. Stack trace of thread:
 java.lang.Object.wait(Native Method)
 java.lang.Object.wait(Object.java:218)
 org.quartz.simpl.SimpleThreadPool$WorkerThread.run(SimpleThreadPool.java:568)
28-May-2022 13:00:43.805 WARNING [Thread-20] org.apache.catalina.loader.WebappClassLoaderBase.clearReferencesThreads The web application [providers] appears to have started a thread named [QuartzScheduler_Worker-2] but has failed to stop it. This is very likely to create a memory leak. Stack trace of thread:
 java.lang.Object.wait(Native Method)
 java.lang.Object.wait(Object.java:218)
 org.quartz.simpl.SimpleThreadPool$WorkerThread.run(SimpleThreadPool.java:568)
28-May-2022 13:00:43.805 WARNING [Thread-20] org.apache.catalina.loader.WebappClassLoaderBase.clearReferencesThreads The web application [providers] appears to have started a thread named [QuartzScheduler_Worker-1] but has failed to stop it. This is very likely to create a memory leak. Stack trace of thread:
 java.lang.Object.wait(Native Method)
 java.lang.Object.wait(Object.java:218)
 org.quartz.simpl.SimpleThreadPool$WorkerThread.run(SimpleThreadPool.java:568)
28-May-2022 13:00:43.806 WARNING [Thread-20] org.apache.catalina.loader.WebappClassLoaderBase.clearReferencesThreads The web application [providers] appears to have started a thread named [Timer-1] but has failed to stop it. This is very likely to create a memory leak. Stack trace of thread:
 java.lang.Object.wait(Native Method)
 java.lang.Object.wait(Object.java:218)
 java.util.TimerThread.mainLoop(Timer.java:552)
 java.util.TimerThread.run(Timer.java:505)
28-May-2022 13:00:43.807 WARNING [Thread-20] org.apache.catalina.loader.WebappClassLoaderBase.clearReferencesThreads The web application [providers] appears to have started a thread named [Timer-0] but has failed to stop it. This is very likely to create a memory leak. Stack trace of thread:
 java.lang.Object.wait(Native Method)
 java.lang.Object.wait(Object.java:218)
 java.util.TimerThread.mainLoop(Timer.java:552)
 java.util.TimerThread.run(Timer.java:505)
28-May-2022 13:00:43.807 WARNING [Thread-20] org.apache.catalina.loader.WebappClassLoaderBase.clearReferencesThreads The web application [providers] appears to have started a thread named [pool-2-thread-1] but has failed to stop it. This is very likely to create a memory leak. Stack trace of thread:
 sun.misc.Unsafe.park(Native Method)
 java.util.concurrent.locks.LockSupport.parkNanos(LockSupport.java:215)
 java.util.concurrent.locks.AbstractQueuedSynchronizer$ConditionObject.awaitNanos(AbstractQueuedSynchronizer.java:2078)
 java.util.concurrent.ScheduledThreadPoolExecutor$DelayedWorkQueue.take(ScheduledThreadPoolExecutor.java:1093)
 java.util.concurrent.ScheduledThreadPoolExecutor$DelayedWorkQueue.take(ScheduledThreadPoolExecutor.java:809)
 java.util.concurrent.ThreadPoolExecutor.getTask(ThreadPoolExecutor.java:1074)
 java.util.concurrent.ThreadPoolExecutor.runWorker(ThreadPoolExecutor.java:1134)
 java.util.concurrent.ThreadPoolExecutor$Worker.run(ThreadPoolExecutor.java:624)
 java.lang.Thread.run(Thread.java:827)
28-May-2022 13:00:43.810 WARNING [Thread-20] org.apache.catalina.loader.WebappClassLoaderBase.clearReferencesThreads The web application [providers] appears to have started a thread named [org.azeckoski.reflectutils.refmap.Finalizer] but has failed to stop it. This is very likely to create a memory leak. Stack trace of thread:
 java.lang.Object.wait(Native Method)
 java.lang.Object.wait(Object.java:218)
 java.lang.ref.ReferenceQueue.remove(ReferenceQueue.java:138)
 java.lang.ref.ReferenceQueue.remove(ReferenceQueue.java:110)
 org.azeckoski.reflectutils.refmap.Finalizer.run(Finalizer.java:127)
28-May-2022 13:00:43.814 WARNING [Thread-20] org.apache.catalina.loader.WebappClassLoaderBase.clearReferencesThreads The web application [providers] appears to have started a thread named [org.sakaiproject.event.impl.ClusterEventTracking$$EnhancerBySpringCGLIB$$6178efa6] but has failed to stop it. This is very likely to create a memory leak. Stack trace of thread:
 sun.misc.Unsafe.park(Native Method)
 java.util.concurrent.locks.LockSupport.parkNanos(LockSupport.java:215)
 java.util.concurrent.SynchronousQueue$TransferQueue.awaitFulfill(SynchronousQueue.java:764)
 java.util.concurrent.SynchronousQueue$TransferQueue.transfer(SynchronousQueue.java:695)
 java.util.concurrent.SynchronousQueue.poll(SynchronousQueue.java:941)
 com.zaxxer.hikari.util.ConcurrentBag.borrow(ConcurrentBag.java:157)
 com.zaxxer.hikari.pool.HikariPool.getConnection(HikariPool.java:179)
 com.zaxxer.hikari.pool.HikariPool.getConnection(HikariPool.java:161)
 com.zaxxer.hikari.HikariDataSource.getConnection(HikariDataSource.java:128)
 org.sakaiproject.db.impl.BasicSqlService.borrowConnection(BasicSqlService.java:258)
 org.sakaiproject.db.impl.BasicSqlService.dbRead(BasicSqlService.java:538)
 org.sakaiproject.db.impl.BasicSqlService.dbRead(BasicSqlService.java:469)
 org.sakaiproject.event.impl.ClusterEventTracking.run(ClusterEventTracking.java:599)
 java.util.concurrent.Executors$RunnableAdapter.call(Executors.java:511)
 java.util.concurrent.FutureTask.runAndReset(FutureTask.java:308)
 java.util.concurrent.ScheduledThreadPoolExecutor$ScheduledFutureTask.access$301(ScheduledThreadPoolExecutor.java:180)
 java.util.concurrent.ScheduledThreadPoolExecutor$ScheduledFutureTask.run(ScheduledThreadPoolExecutor.java:294)
 java.util.concurrent.ThreadPoolExecutor.runWorker(ThreadPoolExecutor.java:1149)
 java.util.concurrent.ThreadPoolExecutor$Worker.run(ThreadPoolExecutor.java:624)
 java.lang.Thread.run(Thread.java:827)
28-May-2022 13:00:43.815 WARNING [Thread-20] org.apache.catalina.loader.WebappClassLoaderBase.clearReferencesThreads The web application [providers] appears to have started a thread named [Sakai] but has failed to stop it. This is very likely to create a memory leak. Stack trace of thread:
 java.lang.Object.wait(Native Method)
 java.lang.Object.wait(Object.java:218)
 java.util.TimerThread.mainLoop(Timer.java:552)
 java.util.TimerThread.run(Timer.java:505)
28-May-2022 13:00:43.817 WARNING [Thread-20] org.apache.catalina.loader.WebappClassLoaderBase.clearReferencesThreads The web application [providers] appears to have started a thread named [daily precache users] but has failed to stop it. This is very likely to create a memory leak. Stack trace of thread:
 java.lang.Object.wait(Native Method)
 java.lang.Object.wait(Object.java:189)
 java.util.TimerThread.mainLoop(Timer.java:526)
 java.util.TimerThread.run(Timer.java:505)
28-May-2022 13:00:43.819 WARNING [Thread-20] org.apache.catalina.loader.WebappClassLoaderBase.clearReferencesThreads The web application [providers] appears to have started a thread named [boot precache users] but has failed to stop it. This is very likely to create a memory leak. Stack trace of thread:
 java.lang.Object.wait(Native Method)
 java.lang.Object.wait(Object.java:189)
 java.util.TimerThread.mainLoop(Timer.java:526)
 java.util.TimerThread.run(Timer.java:505)
28-May-2022 13:00:43.821 WARNING [Thread-20] org.apache.catalina.loader.WebappClassLoaderBase.clearReferencesThreads The web application [providers] appears to have started a thread named [FileWatchdog] but has failed to stop it. This is very likely to create a memory leak. Stack trace of thread:
 java.lang.Thread.sleep(Native Method)
 java.lang.Thread.sleep(Thread.java:958)
 org.apache.log4j.helpers.FileWatchdog.run(FileWatchdog.java:104)
28-May-2022 13:00:43.822 WARNING [Thread-20] org.apache.catalina.loader.WebappClassLoaderBase.clearReferencesThreads The web application [providers] appears to have started a thread named [sakai housekeeper] but has failed to stop it. This is very likely to create a memory leak. Stack trace of thread:
 sun.misc.Unsafe.park(Native Method)
 java.util.concurrent.locks.LockSupport.parkNanos(LockSupport.java:215)
 java.util.concurrent.locks.AbstractQueuedSynchronizer$ConditionObject.awaitNanos(AbstractQueuedSynchronizer.java:2078)
 java.util.concurrent.ScheduledThreadPoolExecutor$DelayedWorkQueue.take(ScheduledThreadPoolExecutor.java:1093)
 java.util.concurrent.ScheduledThreadPoolExecutor$DelayedWorkQueue.take(ScheduledThreadPoolExecutor.java:809)
 java.util.concurrent.ThreadPoolExecutor.getTask(ThreadPoolExecutor.java:1074)
 java.util.concurrent.ThreadPoolExecutor.runWorker(ThreadPoolExecutor.java:1134)
 java.util.concurrent.ThreadPoolExecutor$Worker.run(ThreadPoolExecutor.java:624)
 java.lang.Thread.run(Thread.java:827)
28-May-2022 13:00:43.822 WARNING [Thread-20] org.apache.catalina.loader.WebappClassLoaderBase.clearReferencesThreads The web application [providers] appears to have started a thread named [Sakai.SessionComponent.Maintenance] but has failed to stop it. This is very likely to create a memory leak. Stack trace of thread:
 java.lang.Thread.sleep(Native Method)
 java.lang.Thread.sleep(Thread.java:958)
 org.sakaiproject.tool.impl.SessionComponent$Maintenance.run(SessionComponent.java:600)
 java.lang.Thread.run(Thread.java:827)
28-May-2022 13:00:43.823 WARNING [Thread-20] org.apache.catalina.loader.WebappClassLoaderBase.clearReferencesThreads The web application [providers] appears to have started a thread named [QuartzScheduler_QuartzSchedulerThread] but has failed to stop it. This is very likely to create a memory leak. Stack trace of thread:
 java.lang.Object.wait(Native Method)
 java.lang.Object.wait(Object.java:218)
 org.quartz.core.QuartzSchedulerThread.run(QuartzSchedulerThread.java:427)
28-May-2022 13:00:44.153 SEVERE [Thread-20] org.apache.catalina.loader.WebappClassLoaderBase.checkThreadLocalMapForLeaks The web application [accountvalidator] created a ThreadLocal with key of type [uk.org.ponder.saxalizer.support.SAXalXMLProvider$1] (value [uk.org.ponder.saxalizer.support.SAXalXMLProvider$1@97b3ebc2]) and a value of type [uk.org.ponder.saxalizer.SAXalizerHelper] (value [uk.org.ponder.saxalizer.SAXalizerHelper@e81b287b]) but failed to remove it when the web application was stopped. Threads are going to be renewed over time to try and avoid a probable memory leak.
28-May-2022 13:00:44.396 SEVERE [Thread-20] org.apache.catalina.loader.WebappClassLoaderBase.checkThreadLocalMapForLeaks The web application [sakai-reset-pass] created a ThreadLocal with key of type [uk.org.ponder.saxalizer.support.SAXalXMLProvider$1] (value [uk.org.ponder.saxalizer.support.SAXalXMLProvider$1@b59dc8ea]) and a value of type [uk.org.ponder.saxalizer.SAXalizerHelper] (value [uk.org.ponder.saxalizer.SAXalizerHelper@e1bcf455]) but failed to remove it when the web application was stopped. Threads are going to be renewed over time to try and avoid a probable memory leak.
