16-Apr-2022 07:45:01.646 SEVERE [main] org.apache.tomcat.util.digester.Digester.fatalError Parse fatal error at line [69] column [25]
org.xml.sax.SAXParseException; systemId: file:/Users/moloko/Desktop/tomcat/apache-tomcat-9.0.62/conf/server.xml; lineNumber: 69; columnNumber: 25; Attribute name "Connector" associated with an element type "Connector" must be followed by the ' = ' character.
	at com.sun.org.apache.xerces.internal.util.ErrorHandlerWrapper.createSAXParseException(ErrorHandlerWrapper.java:203)
	at com.sun.org.apache.xerces.internal.util.ErrorHandlerWrapper.fatalError(ErrorHandlerWrapper.java:177)
	at com.sun.org.apache.xerces.internal.impl.XMLErrorReporter.reportError(XMLErrorReporter.java:399)
	at com.sun.org.apache.xerces.internal.impl.XMLErrorReporter.reportError(XMLErrorReporter.java:326)
	at com.sun.org.apache.xerces.internal.impl.XMLScanner.reportFatalError(XMLScanner.java:1466)
	at com.sun.org.apache.xerces.internal.impl.XMLDocumentFragmentScannerImpl.scanAttribute(XMLDocumentFragmentScannerImpl.java:1530)
	at com.sun.org.apache.xerces.internal.impl.XMLDocumentFragmentScannerImpl.scanStartElement(XMLDocumentFragmentScannerImpl.java:1314)
	at com.sun.org.apache.xerces.internal.impl.XMLDocumentFragmentScannerImpl$FragmentContentDriver.next(XMLDocumentFragmentScannerImpl.java:2783)
	at com.sun.org.apache.xerces.internal.impl.XMLDocumentScannerImpl.next(XMLDocumentScannerImpl.java:601)
	at com.sun.org.apache.xerces.internal.impl.XMLDocumentFragmentScannerImpl.scanDocument(XMLDocumentFragmentScannerImpl.java:504)
	at com.sun.org.apache.xerces.internal.parsers.XML11Configuration.parse(XML11Configuration.java:841)
	at com.sun.org.apache.xerces.internal.parsers.XML11Configuration.parse(XML11Configuration.java:770)
	at com.sun.org.apache.xerces.internal.parsers.XMLParser.parse(XMLParser.java:140)
	at com.sun.org.apache.xerces.internal.parsers.AbstractSAXParser.parse(AbstractSAXParser.java:1212)
	at com.sun.org.apache.xerces.internal.jaxp.SAXParserImpl$JAXPSAXParser.parse(SAXParserImpl.java:642)
	at org.apache.tomcat.util.digester.Digester.parse(Digester.java:1535)
	at org.apache.catalina.startup.Catalina.parseServerXml(Catalina.java:617)
	at org.apache.catalina.startup.Catalina.load(Catalina.java:709)
	at org.apache.catalina.startup.Catalina.load(Catalina.java:746)
	at sun.reflect.NativeMethodAccessorImpl.invoke0(Native Method)
	at sun.reflect.NativeMethodAccessorImpl.invoke(NativeMethodAccessorImpl.java:62)
	at sun.reflect.DelegatingMethodAccessorImpl.invoke(DelegatingMethodAccessorImpl.java:43)
	at java.lang.reflect.Method.invoke(Method.java:498)
	at org.apache.catalina.startup.Bootstrap.load(Bootstrap.java:305)
	at org.apache.catalina.startup.Bootstrap.main(Bootstrap.java:475)
16-Apr-2022 07:45:01.653 WARNING [main] org.apache.catalina.startup.Catalina.parseServerXml Unable to load server configuration from [/Users/moloko/Desktop/tomcat/apache-tomcat-9.0.62/conf/server.xml]
org.xml.sax.SAXParseException; systemId: file:/Users/moloko/Desktop/tomcat/apache-tomcat-9.0.62/conf/server.xml; lineNumber: 69; columnNumber: 25; Attribute name "Connector" associated with an element type "Connector" must be followed by the ' = ' character.
	at com.sun.org.apache.xerces.internal.parsers.AbstractSAXParser.parse(AbstractSAXParser.java:1238)
	at com.sun.org.apache.xerces.internal.jaxp.SAXParserImpl$JAXPSAXParser.parse(SAXParserImpl.java:642)
	at org.apache.tomcat.util.digester.Digester.parse(Digester.java:1535)
	at org.apache.catalina.startup.Catalina.parseServerXml(Catalina.java:617)
	at org.apache.catalina.startup.Catalina.load(Catalina.java:709)
	at org.apache.catalina.startup.Catalina.load(Catalina.java:746)
	at sun.reflect.NativeMethodAccessorImpl.invoke0(Native Method)
	at sun.reflect.NativeMethodAccessorImpl.invoke(NativeMethodAccessorImpl.java:62)
	at sun.reflect.DelegatingMethodAccessorImpl.invoke(DelegatingMethodAccessorImpl.java:43)
	at java.lang.reflect.Method.invoke(Method.java:498)
	at org.apache.catalina.startup.Bootstrap.load(Bootstrap.java:305)
	at org.apache.catalina.startup.Bootstrap.main(Bootstrap.java:475)
16-Apr-2022 07:45:01.654 SEVERE [main] org.apache.catalina.startup.Catalina.start Cannot start server, server instance is not configured
16-Apr-2022 12:57:12.923 WARNING [main] org.apache.tomcat.util.digester.SetPropertiesRule.begin Match [Server/Service/Connector] failed to set property [Connector] to [org.apache.coyote.http11.Http11NioProtocol]
16-Apr-2022 12:57:13.000 INFO [main] org.apache.catalina.startup.VersionLoggerListener.log Server version name:   Apache Tomcat/9.0.62
16-Apr-2022 12:57:13.000 INFO [main] org.apache.catalina.startup.VersionLoggerListener.log Server built:          Mar 31 2022 14:34:15 UTC
16-Apr-2022 12:57:13.000 INFO [main] org.apache.catalina.startup.VersionLoggerListener.log Server version number: 9.0.62.0
16-Apr-2022 12:57:13.000 INFO [main] org.apache.catalina.startup.VersionLoggerListener.log OS Name:               Mac OS X
16-Apr-2022 12:57:13.001 INFO [main] org.apache.catalina.startup.VersionLoggerListener.log OS Version:            12.3.1
16-Apr-2022 12:57:13.001 INFO [main] org.apache.catalina.startup.VersionLoggerListener.log Architecture:          x86_64
16-Apr-2022 12:57:13.001 INFO [main] org.apache.catalina.startup.VersionLoggerListener.log Java Home:             /Library/Java/JavaVirtualMachines/ibm-semeru-open-8.jdk/Contents/Home/jre
16-Apr-2022 12:57:13.001 INFO [main] org.apache.catalina.startup.VersionLoggerListener.log JVM Version:           1.8.0_322-b06
16-Apr-2022 12:57:13.001 INFO [main] org.apache.catalina.startup.VersionLoggerListener.log JVM Vendor:            Eclipse OpenJ9
16-Apr-2022 12:57:13.001 INFO [main] org.apache.catalina.startup.VersionLoggerListener.log CATALINA_BASE:         /Users/moloko/Desktop/tomcat/apache-tomcat-9.0.62
16-Apr-2022 12:57:13.001 INFO [main] org.apache.catalina.startup.VersionLoggerListener.log CATALINA_HOME:         /Users/moloko/Desktop/tomcat/apache-tomcat-9.0.62
16-Apr-2022 12:57:13.001 INFO [main] org.apache.catalina.startup.VersionLoggerListener.log Command line argument: -Xoptionsfile=/Library/Java/JavaVirtualMachines/ibm-semeru-open-8.jdk/Contents/Home/jre/lib/default/options.default
16-Apr-2022 12:57:13.001 INFO [main] org.apache.catalina.startup.VersionLoggerListener.log Command line argument: -Xlockword:mode=default,noLockword=java/lang/String,noLockword=java/util/MapEntry,noLockword=java/util/HashMap$Entry,noLockword=org/apache/harmony/luni/util/ModifiedMap$Entry,noLockword=java/util/Hashtable$Entry,noLockword=java/lang/invoke/MethodType,noLockword=java/lang/invoke/MethodHandle,noLockword=java/lang/invoke/CollectHandle,noLockword=java/lang/invoke/ConstructorHandle,noLockword=java/lang/invoke/ConvertHandle,noLockword=java/lang/invoke/ArgumentConversionHandle,noLockword=java/lang/invoke/AsTypeHandle,noLockword=java/lang/invoke/ExplicitCastHandle,noLockword=java/lang/invoke/FilterReturnHandle,noLockword=java/lang/invoke/DirectHandle,noLockword=java/lang/invoke/ReceiverBoundHandle,noLockword=java/lang/invoke/DynamicInvokerHandle,noLockword=java/lang/invoke/FieldHandle,noLockword=java/lang/invoke/FieldGetterHandle,noLockword=java/lang/invoke/FieldSetterHandle,noLockword=java/lang/invoke/StaticFieldGetterHandle,noLockword=java/lang/invoke/StaticFieldSetterHandle,noLockword=java/lang/invoke/IndirectHandle,noLockword=java/lang/invoke/InterfaceHandle,noLockword=java/lang/invoke/VirtualHandle,noLockword=java/lang/invoke/PrimitiveHandle,noLockword=java/lang/invoke/InvokeExactHandle,noLockword=java/lang/invoke/InvokeGenericHandle,noLockword=java/lang/invoke/VarargsCollectorHandle,noLockword=java/lang/invoke/ThunkTuple
16-Apr-2022 12:57:13.002 INFO [main] org.apache.catalina.startup.VersionLoggerListener.log Command line argument: -Xjcl:jclse29
16-Apr-2022 12:57:13.002 INFO [main] org.apache.catalina.startup.VersionLoggerListener.log Command line argument: -Dcom.ibm.oti.vm.bootstrap.library.path=/Library/Java/JavaVirtualMachines/ibm-semeru-open-8.jdk/Contents/Home/jre/lib/default:/Library/Java/JavaVirtualMachines/ibm-semeru-open-8.jdk/Contents/Home/jre/lib
16-Apr-2022 12:57:13.002 INFO [main] org.apache.catalina.startup.VersionLoggerListener.log Command line argument: -Dsun.boot.library.path=/Library/Java/JavaVirtualMachines/ibm-semeru-open-8.jdk/Contents/Home/jre/lib/default:/Library/Java/JavaVirtualMachines/ibm-semeru-open-8.jdk/Contents/Home/jre/lib
16-Apr-2022 12:57:13.002 INFO [main] org.apache.catalina.startup.VersionLoggerListener.log Command line argument: -Djava.library.path=/Library/Java/JavaVirtualMachines/ibm-semeru-open-8.jdk/Contents/Home/jre/lib/default:/Library/Java/JavaVirtualMachines/ibm-semeru-open-8.jdk/Contents/Home/jre/lib:/usr/lib
16-Apr-2022 12:57:13.002 INFO [main] org.apache.catalina.startup.VersionLoggerListener.log Command line argument: -Djava.home=/Library/Java/JavaVirtualMachines/ibm-semeru-open-8.jdk/Contents/Home/jre
16-Apr-2022 12:57:13.002 INFO [main] org.apache.catalina.startup.VersionLoggerListener.log Command line argument: -Djava.ext.dirs=/Library/Java/JavaVirtualMachines/ibm-semeru-open-8.jdk/Contents/Home/jre/lib/ext
16-Apr-2022 12:57:13.002 INFO [main] org.apache.catalina.startup.VersionLoggerListener.log Command line argument: -Duser.dir=/Users/moloko/Desktop/tomcat/apache-tomcat-9.0.62/bin
16-Apr-2022 12:57:13.002 INFO [main] org.apache.catalina.startup.VersionLoggerListener.log Command line argument: -Djava.class.path=.
16-Apr-2022 12:57:13.002 INFO [main] org.apache.catalina.startup.VersionLoggerListener.log Command line argument: -Djava.util.logging.config.file=/Users/moloko/Desktop/tomcat/apache-tomcat-9.0.62/conf/logging.properties
16-Apr-2022 12:57:13.002 INFO [main] org.apache.catalina.startup.VersionLoggerListener.log Command line argument: -Djava.util.logging.manager=org.apache.juli.ClassLoaderLogManager
16-Apr-2022 12:57:13.002 INFO [main] org.apache.catalina.startup.VersionLoggerListener.log Command line argument: -server
16-Apr-2022 12:57:13.002 INFO [main] org.apache.catalina.startup.VersionLoggerListener.log Command line argument: -Xms1g
16-Apr-2022 12:57:13.003 INFO [main] org.apache.catalina.startup.VersionLoggerListener.log Command line argument: -Xmx2g
16-Apr-2022 12:57:13.003 INFO [main] org.apache.catalina.startup.VersionLoggerListener.log Command line argument: -Djava.awt.headless=true
16-Apr-2022 12:57:13.003 INFO [main] org.apache.catalina.startup.VersionLoggerListener.log Command line argument: -XX:+UseCompressedOops
16-Apr-2022 12:57:13.003 INFO [main] org.apache.catalina.startup.VersionLoggerListener.log Command line argument: -XX:+UseConcMarkSweepGC
16-Apr-2022 12:57:13.003 INFO [main] org.apache.catalina.startup.VersionLoggerListener.log Command line argument: -XX:+DisableExplicitGC
16-Apr-2022 12:57:13.003 INFO [main] org.apache.catalina.startup.VersionLoggerListener.log Command line argument: -Dhttp.agent=Sakai
16-Apr-2022 12:57:13.003 INFO [main] org.apache.catalina.startup.VersionLoggerListener.log Command line argument: -Dorg.apache.jasper.compiler.Parser.STRICT_QUOTE_ESCAPING=false
16-Apr-2022 12:57:13.003 INFO [main] org.apache.catalina.startup.VersionLoggerListener.log Command line argument: -Djava.util.Arrays.useLegacyMergeSort=true
16-Apr-2022 12:57:13.003 INFO [main] org.apache.catalina.startup.VersionLoggerListener.log Command line argument: -Dsakai.security=/Users/moloko/Desktop/tomcat/apache-tomcat-9.0.62/sakai/
16-Apr-2022 12:57:13.003 INFO [main] org.apache.catalina.startup.VersionLoggerListener.log Command line argument: -Duser.timezone=US/Eastern
16-Apr-2022 12:57:13.003 INFO [main] org.apache.catalina.startup.VersionLoggerListener.log Command line argument: -Dsakai.cookieName=SAKAI2SESSIONID
16-Apr-2022 12:57:13.003 INFO [main] org.apache.catalina.startup.VersionLoggerListener.log Command line argument: -Dcom.sun.management.jmxremote
16-Apr-2022 12:57:13.003 INFO [main] org.apache.catalina.startup.VersionLoggerListener.log Command line argument: -Dcom.sun.management.jmxremote.port=8089
16-Apr-2022 12:57:13.004 INFO [main] org.apache.catalina.startup.VersionLoggerListener.log Command line argument: -Dcom.sun.management.jmxremote.local.only=false
16-Apr-2022 12:57:13.004 INFO [main] org.apache.catalina.startup.VersionLoggerListener.log Command line argument: -Dcom.sun.management.jmxremote.authenticate=false
16-Apr-2022 12:57:13.004 INFO [main] org.apache.catalina.startup.VersionLoggerListener.log Command line argument: -Dcom.sun.management.jmxremote.ssl=false
16-Apr-2022 12:57:13.004 INFO [main] org.apache.catalina.startup.VersionLoggerListener.log Command line argument: -Djdk.tls.ephemeralDHKeySize=2048
16-Apr-2022 12:57:13.004 INFO [main] org.apache.catalina.startup.VersionLoggerListener.log Command line argument: -Djava.protocol.handler.pkgs=org.apache.catalina.webresources
16-Apr-2022 12:57:13.004 INFO [main] org.apache.catalina.startup.VersionLoggerListener.log Command line argument: -Dorg.apache.catalina.security.SecurityListener.UMASK=0027
16-Apr-2022 12:57:13.004 INFO [main] org.apache.catalina.startup.VersionLoggerListener.log Command line argument: -Djava.endorsed.dirs=/Users/moloko/Desktop/tomcat/apache-tomcat-9.0.62/endorsed
16-Apr-2022 12:57:13.004 INFO [main] org.apache.catalina.startup.VersionLoggerListener.log Command line argument: -Djava.class.path=/Users/moloko/Desktop/tomcat/apache-tomcat-9.0.62/bin/bootstrap.jar:/Users/moloko/Desktop/tomcat/apache-tomcat-9.0.62/bin/tomcat-juli.jar
16-Apr-2022 12:57:13.004 INFO [main] org.apache.catalina.startup.VersionLoggerListener.log Command line argument: -Dcatalina.base=/Users/moloko/Desktop/tomcat/apache-tomcat-9.0.62
16-Apr-2022 12:57:13.004 INFO [main] org.apache.catalina.startup.VersionLoggerListener.log Command line argument: -Dcatalina.home=/Users/moloko/Desktop/tomcat/apache-tomcat-9.0.62
16-Apr-2022 12:57:13.004 INFO [main] org.apache.catalina.startup.VersionLoggerListener.log Command line argument: -Djava.io.tmpdir=/Users/moloko/Desktop/tomcat/apache-tomcat-9.0.62/temp
16-Apr-2022 12:57:13.004 INFO [main] org.apache.catalina.startup.VersionLoggerListener.log Command line argument: -Dsun.java.command=org.apache.catalina.startup.Bootstrap start
16-Apr-2022 12:57:13.005 INFO [main] org.apache.catalina.startup.VersionLoggerListener.log Command line argument: -Dsun.java.launcher=SUN_STANDARD
16-Apr-2022 12:57:13.021 INFO [main] org.apache.catalina.core.AprLifecycleListener.lifecycleEvent The Apache Tomcat Native library which allows using OpenSSL was not found on the java.library.path: [/Library/Java/JavaVirtualMachines/ibm-semeru-open-8.jdk/Contents/Home/jre/lib/default:/Library/Java/JavaVirtualMachines/ibm-semeru-open-8.jdk/Contents/Home/jre/lib:/usr/lib]
16-Apr-2022 12:57:13.766 INFO [main] org.apache.coyote.AbstractProtocol.init Initializing ProtocolHandler ["http-nio-8080"]
16-Apr-2022 12:57:13.864 INFO [main] org.apache.catalina.startup.Catalina.load Server initialization in [1128] milliseconds
16-Apr-2022 12:57:13.976 INFO [main] org.apache.catalina.core.StandardService.startInternal Starting service [Catalina]
16-Apr-2022 12:57:13.977 INFO [main] org.apache.catalina.core.StandardEngine.startInternal Starting Servlet engine: [Apache Tomcat/9.0.62]
16-Apr-2022 12:57:14.014 INFO [main] org.apache.catalina.startup.HostConfig.deployWAR Deploying web application archive [/Users/moloko/Desktop/tomcat/apache-tomcat-9.0.62/webapps/providers.war]
16-Apr-2022 12:57:15.200 INFO [main] org.apache.jasper.servlet.TldScanner.scanJars At least one JAR was scanned for TLDs yet contained no TLDs. Enable debug logging for this logger for a complete list of JARs that were scanned but no TLDs were found in them. Skipping unneeded JARs during scanning can improve startup time and JSP compilation time.
16-Apr-2022 12:58:21.674 INFO [main] org.apache.catalina.startup.HostConfig.deployWAR Deployment of web application archive [/Users/moloko/Desktop/tomcat/apache-tomcat-9.0.62/webapps/providers.war] has finished in [67,661] ms
16-Apr-2022 12:58:21.677 INFO [main] org.apache.catalina.startup.HostConfig.deployWAR Deploying web application archive [/Users/moloko/Desktop/tomcat/apache-tomcat-9.0.62/webapps/userauditservice-tool.war]
16-Apr-2022 12:58:22.320 INFO [main] org.apache.jasper.servlet.TldScanner.scanJars At least one JAR was scanned for TLDs yet contained no TLDs. Enable debug logging for this logger for a complete list of JARs that were scanned but no TLDs were found in them. Skipping unneeded JARs during scanning can improve startup time and JSP compilation time.
16-Apr-2022 12:58:23.051 INFO [main] org.apache.catalina.startup.HostConfig.deployWAR Deployment of web application archive [/Users/moloko/Desktop/tomcat/apache-tomcat-9.0.62/webapps/userauditservice-tool.war] has finished in [1,374] ms
16-Apr-2022 12:58:23.055 INFO [main] org.apache.catalina.startup.HostConfig.deployWAR Deploying web application archive [/Users/moloko/Desktop/tomcat/apache-tomcat-9.0.62/webapps/mailsender-tool.war]
16-Apr-2022 12:58:23.376 INFO [main] org.apache.jasper.servlet.TldScanner.scanJars At least one JAR was scanned for TLDs yet contained no TLDs. Enable debug logging for this logger for a complete list of JARs that were scanned but no TLDs were found in them. Skipping unneeded JARs during scanning can improve startup time and JSP compilation time.
16-Apr-2022 12:58:26.073 INFO [main] org.apache.catalina.startup.HostConfig.deployWAR Deployment of web application archive [/Users/moloko/Desktop/tomcat/apache-tomcat-9.0.62/webapps/mailsender-tool.war] has finished in [3,017] ms
16-Apr-2022 12:58:26.077 INFO [main] org.apache.catalina.startup.HostConfig.deployWAR Deploying web application archive [/Users/moloko/Desktop/tomcat/apache-tomcat-9.0.62/webapps/sakai-user-tool-admin-prefs.war]
16-Apr-2022 12:58:26.696 INFO [main] org.apache.jasper.servlet.TldScanner.scanJars At least one JAR was scanned for TLDs yet contained no TLDs. Enable debug logging for this logger for a complete list of JARs that were scanned but no TLDs were found in them. Skipping unneeded JARs during scanning can improve startup time and JSP compilation time.
16-Apr-2022 12:58:27.423 INFO [main] org.apache.catalina.startup.HostConfig.deployWAR Deployment of web application archive [/Users/moloko/Desktop/tomcat/apache-tomcat-9.0.62/webapps/sakai-user-tool-admin-prefs.war] has finished in [1,346] ms
16-Apr-2022 12:58:27.427 INFO [main] org.apache.catalina.startup.HostConfig.deployWAR Deploying web application archive [/Users/moloko/Desktop/tomcat/apache-tomcat-9.0.62/webapps/admin-tool-su.war]
16-Apr-2022 12:58:27.829 INFO [main] org.apache.jasper.servlet.TldScanner.scanJars At least one JAR was scanned for TLDs yet contained no TLDs. Enable debug logging for this logger for a complete list of JARs that were scanned but no TLDs were found in them. Skipping unneeded JARs during scanning can improve startup time and JSP compilation time.
16-Apr-2022 12:58:28.506 INFO [main] org.apache.catalina.startup.HostConfig.deployWAR Deployment of web application archive [/Users/moloko/Desktop/tomcat/apache-tomcat-9.0.62/webapps/admin-tool-su.war] has finished in [1,079] ms
16-Apr-2022 12:58:28.510 INFO [main] org.apache.catalina.startup.HostConfig.deployWAR Deploying web application archive [/Users/moloko/Desktop/tomcat/apache-tomcat-9.0.62/webapps/sakai-assignment-tool.war]
16-Apr-2022 12:58:29.097 INFO [main] org.apache.jasper.servlet.TldScanner.scanJars At least one JAR was scanned for TLDs yet contained no TLDs. Enable debug logging for this logger for a complete list of JARs that were scanned but no TLDs were found in them. Skipping unneeded JARs during scanning can improve startup time and JSP compilation time.
16-Apr-2022 12:58:29.651 INFO [main] org.apache.catalina.startup.HostConfig.deployWAR Deployment of web application archive [/Users/moloko/Desktop/tomcat/apache-tomcat-9.0.62/webapps/sakai-assignment-tool.war] has finished in [1,141] ms
16-Apr-2022 12:58:29.655 INFO [main] org.apache.catalina.startup.HostConfig.deployWAR Deploying web application archive [/Users/moloko/Desktop/tomcat/apache-tomcat-9.0.62/webapps/login-render-engine-impl.war]
16-Apr-2022 12:58:29.929 INFO [main] org.apache.jasper.servlet.TldScanner.scanJars At least one JAR was scanned for TLDs yet contained no TLDs. Enable debug logging for this logger for a complete list of JARs that were scanned but no TLDs were found in them. Skipping unneeded JARs during scanning can improve startup time and JSP compilation time.
16-Apr-2022 12:58:30.025 INFO [main] org.apache.catalina.startup.HostConfig.deployWAR Deployment of web application archive [/Users/moloko/Desktop/tomcat/apache-tomcat-9.0.62/webapps/login-render-engine-impl.war] has finished in [370] ms
16-Apr-2022 12:58:30.029 INFO [main] org.apache.catalina.startup.HostConfig.deployWAR Deploying web application archive [/Users/moloko/Desktop/tomcat/apache-tomcat-9.0.62/webapps/sakai-message-bundle-manager-tool.war]
16-Apr-2022 12:58:30.265 INFO [main] org.apache.jasper.servlet.TldScanner.scanJars At least one JAR was scanned for TLDs yet contained no TLDs. Enable debug logging for this logger for a complete list of JARs that were scanned but no TLDs were found in them. Skipping unneeded JARs during scanning can improve startup time and JSP compilation time.
16-Apr-2022 12:58:31.575 INFO [main] org.apache.catalina.startup.HostConfig.deployWAR Deployment of web application archive [/Users/moloko/Desktop/tomcat/apache-tomcat-9.0.62/webapps/sakai-message-bundle-manager-tool.war] has finished in [1,546] ms
16-Apr-2022 12:58:31.580 INFO [main] org.apache.catalina.startup.HostConfig.deployWAR Deploying web application archive [/Users/moloko/Desktop/tomcat/apache-tomcat-9.0.62/webapps/sakai-login-tool.war]
16-Apr-2022 12:58:32.099 INFO [main] org.apache.jasper.servlet.TldScanner.scanJars At least one JAR was scanned for TLDs yet contained no TLDs. Enable debug logging for this logger for a complete list of JARs that were scanned but no TLDs were found in them. Skipping unneeded JARs during scanning can improve startup time and JSP compilation time.
16-Apr-2022 12:58:32.150 INFO [main] org.apache.catalina.startup.HostConfig.deployWAR Deployment of web application archive [/Users/moloko/Desktop/tomcat/apache-tomcat-9.0.62/webapps/sakai-login-tool.war] has finished in [570] ms
16-Apr-2022 12:58:32.154 INFO [main] org.apache.catalina.startup.HostConfig.deployWAR Deploying web application archive [/Users/moloko/Desktop/tomcat/apache-tomcat-9.0.62/webapps/sakai-announcement-tool.war]
16-Apr-2022 12:58:32.553 INFO [main] org.apache.jasper.servlet.TldScanner.scanJars At least one JAR was scanned for TLDs yet contained no TLDs. Enable debug logging for this logger for a complete list of JARs that were scanned but no TLDs were found in them. Skipping unneeded JARs during scanning can improve startup time and JSP compilation time.
16-Apr-2022 12:58:32.912 INFO [main] org.apache.catalina.startup.HostConfig.deployWAR Deployment of web application archive [/Users/moloko/Desktop/tomcat/apache-tomcat-9.0.62/webapps/sakai-announcement-tool.war] has finished in [759] ms
16-Apr-2022 12:58:32.917 INFO [main] org.apache.catalina.startup.HostConfig.deployWAR Deploying web application archive [/Users/moloko/Desktop/tomcat/apache-tomcat-9.0.62/webapps/sakai-site-manage-participant-helper.war]
16-Apr-2022 12:58:33.225 INFO [main] org.apache.jasper.servlet.TldScanner.scanJars At least one JAR was scanned for TLDs yet contained no TLDs. Enable debug logging for this logger for a complete list of JARs that were scanned but no TLDs were found in them. Skipping unneeded JARs during scanning can improve startup time and JSP compilation time.
16-Apr-2022 12:58:34.966 INFO [main] org.apache.catalina.startup.HostConfig.deployWAR Deployment of web application archive [/Users/moloko/Desktop/tomcat/apache-tomcat-9.0.62/webapps/sakai-site-manage-participant-helper.war] has finished in [2,049] ms
16-Apr-2022 12:58:34.970 INFO [main] org.apache.catalina.startup.HostConfig.deployWAR Deploying web application archive [/Users/moloko/Desktop/tomcat/apache-tomcat-9.0.62/webapps/sakai-roster2-tool.war]
16-Apr-2022 12:58:35.565 INFO [main] org.apache.jasper.servlet.TldScanner.scanJars At least one JAR was scanned for TLDs yet contained no TLDs. Enable debug logging for this logger for a complete list of JARs that were scanned but no TLDs were found in them. Skipping unneeded JARs during scanning can improve startup time and JSP compilation time.
16-Apr-2022 12:58:35.813 INFO [main] org.apache.catalina.startup.HostConfig.deployWAR Deployment of web application archive [/Users/moloko/Desktop/tomcat/apache-tomcat-9.0.62/webapps/sakai-roster2-tool.war] has finished in [843] ms
16-Apr-2022 12:58:35.816 INFO [main] org.apache.catalina.startup.HostConfig.deployWAR Deploying web application archive [/Users/moloko/Desktop/tomcat/apache-tomcat-9.0.62/webapps/sakai-acadtermmanage-tool.war]
16-Apr-2022 12:58:36.314 INFO [main] org.apache.jasper.servlet.TldScanner.scanJars At least one JAR was scanned for TLDs yet contained no TLDs. Enable debug logging for this logger for a complete list of JARs that were scanned but no TLDs were found in them. Skipping unneeded JARs during scanning can improve startup time and JSP compilation time.
16-Apr-2022 12:58:36.606 INFO [main] org.apache.catalina.startup.HostConfig.deployWAR Deployment of web application archive [/Users/moloko/Desktop/tomcat/apache-tomcat-9.0.62/webapps/sakai-acadtermmanage-tool.war] has finished in [790] ms
16-Apr-2022 12:58:36.611 INFO [main] org.apache.catalina.startup.HostConfig.deployWAR Deploying web application archive [/Users/moloko/Desktop/tomcat/apache-tomcat-9.0.62/webapps/sitestats-tool.war]
16-Apr-2022 12:58:37.676 INFO [main] org.apache.jasper.servlet.TldScanner.scanJars At least one JAR was scanned for TLDs yet contained no TLDs. Enable debug logging for this logger for a complete list of JARs that were scanned but no TLDs were found in them. Skipping unneeded JARs during scanning can improve startup time and JSP compilation time.
16-Apr-2022 12:58:37.910 INFO [main] org.apache.catalina.startup.HostConfig.deployWAR Deployment of web application archive [/Users/moloko/Desktop/tomcat/apache-tomcat-9.0.62/webapps/sitestats-tool.war] has finished in [1,299] ms
16-Apr-2022 12:58:37.917 INFO [main] org.apache.catalina.startup.HostConfig.deployWAR Deploying web application archive [/Users/moloko/Desktop/tomcat/apache-tomcat-9.0.62/webapps/dav.war]
16-Apr-2022 12:58:38.193 INFO [main] org.apache.jasper.servlet.TldScanner.scanJars At least one JAR was scanned for TLDs yet contained no TLDs. Enable debug logging for this logger for a complete list of JARs that were scanned but no TLDs were found in them. Skipping unneeded JARs during scanning can improve startup time and JSP compilation time.
16-Apr-2022 12:58:38.203 INFO [main] org.apache.catalina.startup.HostConfig.deployWAR Deployment of web application archive [/Users/moloko/Desktop/tomcat/apache-tomcat-9.0.62/webapps/dav.war] has finished in [286] ms
16-Apr-2022 12:58:38.208 INFO [main] org.apache.catalina.startup.HostConfig.deployWAR Deploying web application archive [/Users/moloko/Desktop/tomcat/apache-tomcat-9.0.62/webapps/sakai-onedrive-tool.war]
16-Apr-2022 12:58:38.541 INFO [main] org.apache.jasper.servlet.TldScanner.scanJars At least one JAR was scanned for TLDs yet contained no TLDs. Enable debug logging for this logger for a complete list of JARs that were scanned but no TLDs were found in them. Skipping unneeded JARs during scanning can improve startup time and JSP compilation time.
16-Apr-2022 12:58:39.453 INFO [main] org.apache.catalina.startup.HostConfig.deployWAR Deployment of web application archive [/Users/moloko/Desktop/tomcat/apache-tomcat-9.0.62/webapps/sakai-onedrive-tool.war] has finished in [1,245] ms
16-Apr-2022 12:58:39.458 INFO [main] org.apache.catalina.startup.HostConfig.deployWAR Deploying web application archive [/Users/moloko/Desktop/tomcat/apache-tomcat-9.0.62/webapps/direct.war]
16-Apr-2022 12:58:39.695 INFO [main] org.apache.jasper.servlet.TldScanner.scanJars At least one JAR was scanned for TLDs yet contained no TLDs. Enable debug logging for this logger for a complete list of JARs that were scanned but no TLDs were found in them. Skipping unneeded JARs during scanning can improve startup time and JSP compilation time.
16-Apr-2022 12:58:39.730 INFO [main] org.apache.catalina.startup.HostConfig.deployWAR Deployment of web application archive [/Users/moloko/Desktop/tomcat/apache-tomcat-9.0.62/webapps/direct.war] has finished in [272] ms
16-Apr-2022 12:58:39.734 INFO [main] org.apache.catalina.startup.HostConfig.deployWAR Deploying web application archive [/Users/moloko/Desktop/tomcat/apache-tomcat-9.0.62/webapps/elfinder-connector.war]
16-Apr-2022 12:58:39.958 INFO [main] org.apache.jasper.servlet.TldScanner.scanJars At least one JAR was scanned for TLDs yet contained no TLDs. Enable debug logging for this logger for a complete list of JARs that were scanned but no TLDs were found in them. Skipping unneeded JARs during scanning can improve startup time and JSP compilation time.
16-Apr-2022 12:58:40.029 INFO [main] org.apache.catalina.startup.HostConfig.deployWAR Deployment of web application archive [/Users/moloko/Desktop/tomcat/apache-tomcat-9.0.62/webapps/elfinder-connector.war] has finished in [295] ms
16-Apr-2022 12:58:40.034 INFO [main] org.apache.catalina.startup.HostConfig.deployWAR Deploying web application archive [/Users/moloko/Desktop/tomcat/apache-tomcat-9.0.62/webapps/portal-chat.war]
16-Apr-2022 12:58:40.308 INFO [main] org.apache.jasper.servlet.TldScanner.scanJars At least one JAR was scanned for TLDs yet contained no TLDs. Enable debug logging for this logger for a complete list of JARs that were scanned but no TLDs were found in them. Skipping unneeded JARs during scanning can improve startup time and JSP compilation time.
16-Apr-2022 12:58:40.417 INFO [main] org.apache.catalina.startup.HostConfig.deployWAR Deployment of web application archive [/Users/moloko/Desktop/tomcat/apache-tomcat-9.0.62/webapps/portal-chat.war] has finished in [383] ms
16-Apr-2022 12:58:40.423 INFO [main] org.apache.catalina.startup.HostConfig.deployWAR Deploying web application archive [/Users/moloko/Desktop/tomcat/apache-tomcat-9.0.62/webapps/jsf-resource.war]
16-Apr-2022 12:58:40.720 INFO [main] org.apache.jasper.servlet.TldScanner.scanJars At least one JAR was scanned for TLDs yet contained no TLDs. Enable debug logging for this logger for a complete list of JARs that were scanned but no TLDs were found in them. Skipping unneeded JARs during scanning can improve startup time and JSP compilation time.
16-Apr-2022 12:58:40.723 INFO [main] org.apache.catalina.startup.HostConfig.deployWAR Deployment of web application archive [/Users/moloko/Desktop/tomcat/apache-tomcat-9.0.62/webapps/jsf-resource.war] has finished in [300] ms
16-Apr-2022 12:58:40.727 INFO [main] org.apache.catalina.startup.HostConfig.deployWAR Deploying web application archive [/Users/moloko/Desktop/tomcat/apache-tomcat-9.0.62/webapps/sakai-message-tool.war]
16-Apr-2022 12:58:40.933 INFO [main] org.apache.jasper.servlet.TldScanner.scanJars At least one JAR was scanned for TLDs yet contained no TLDs. Enable debug logging for this logger for a complete list of JARs that were scanned but no TLDs were found in them. Skipping unneeded JARs during scanning can improve startup time and JSP compilation time.
16-Apr-2022 12:58:41.227 INFO [main] org.apache.catalina.startup.HostConfig.deployWAR Deployment of web application archive [/Users/moloko/Desktop/tomcat/apache-tomcat-9.0.62/webapps/sakai-message-tool.war] has finished in [500] ms
16-Apr-2022 12:58:41.233 INFO [main] org.apache.catalina.startup.HostConfig.deployWAR Deploying web application archive [/Users/moloko/Desktop/tomcat/apache-tomcat-9.0.62/webapps/portal.war]
16-Apr-2022 12:58:41.555 INFO [main] org.apache.jasper.servlet.TldScanner.scanJars At least one JAR was scanned for TLDs yet contained no TLDs. Enable debug logging for this logger for a complete list of JARs that were scanned but no TLDs were found in them. Skipping unneeded JARs during scanning can improve startup time and JSP compilation time.
16-Apr-2022 12:58:41.769 INFO [main] org.apache.catalina.startup.HostConfig.deployWAR Deployment of web application archive [/Users/moloko/Desktop/tomcat/apache-tomcat-9.0.62/webapps/portal.war] has finished in [536] ms
16-Apr-2022 12:58:41.773 INFO [main] org.apache.catalina.startup.HostConfig.deployWAR Deploying web application archive [/Users/moloko/Desktop/tomcat/apache-tomcat-9.0.62/webapps/gradebookng-tool.war]
16-Apr-2022 12:58:42.937 INFO [main] org.apache.jasper.servlet.TldScanner.scanJars At least one JAR was scanned for TLDs yet contained no TLDs. Enable debug logging for this logger for a complete list of JARs that were scanned but no TLDs were found in them. Skipping unneeded JARs during scanning can improve startup time and JSP compilation time.
16-Apr-2022 12:58:43.348 INFO [main] org.webjars.servlet.WebjarsServlet.init WebjarsServlet initialization completed
16-Apr-2022 12:58:43.352 INFO [main] org.apache.catalina.startup.HostConfig.deployWAR Deployment of web application archive [/Users/moloko/Desktop/tomcat/apache-tomcat-9.0.62/webapps/gradebookng-tool.war] has finished in [1,579] ms
16-Apr-2022 12:58:43.360 INFO [main] org.apache.catalina.startup.HostConfig.deployWAR Deploying web application archive [/Users/moloko/Desktop/tomcat/apache-tomcat-9.0.62/webapps/lessonbuilder-tool.war]
16-Apr-2022 12:58:44.169 INFO [main] org.apache.jasper.servlet.TldScanner.scanJars At least one JAR was scanned for TLDs yet contained no TLDs. Enable debug logging for this logger for a complete list of JARs that were scanned but no TLDs were found in them. Skipping unneeded JARs during scanning can improve startup time and JSP compilation time.
16-Apr-2022 12:58:48.652 INFO [main] org.apache.catalina.startup.HostConfig.deployWAR Deployment of web application archive [/Users/moloko/Desktop/tomcat/apache-tomcat-9.0.62/webapps/lessonbuilder-tool.war] has finished in [5,292] ms
16-Apr-2022 12:58:48.656 INFO [main] org.apache.catalina.startup.HostConfig.deployWAR Deploying web application archive [/Users/moloko/Desktop/tomcat/apache-tomcat-9.0.62/webapps/simple-rss-portlet.war]
16-Apr-2022 12:58:48.956 INFO [main] org.apache.jasper.servlet.TldScanner.scanJars At least one JAR was scanned for TLDs yet contained no TLDs. Enable debug logging for this logger for a complete list of JARs that were scanned but no TLDs were found in them. Skipping unneeded JARs during scanning can improve startup time and JSP compilation time.
16-Apr-2022 12:58:49.248 INFO [main] org.apache.catalina.startup.HostConfig.deployWAR Deployment of web application archive [/Users/moloko/Desktop/tomcat/apache-tomcat-9.0.62/webapps/simple-rss-portlet.war] has finished in [592] ms
16-Apr-2022 12:58:49.253 INFO [main] org.apache.catalina.startup.HostConfig.deployWAR Deploying web application archive [/Users/moloko/Desktop/tomcat/apache-tomcat-9.0.62/webapps/imsoidc.war]
16-Apr-2022 12:58:49.541 INFO [main] org.apache.jasper.servlet.TldScanner.scanJars At least one JAR was scanned for TLDs yet contained no TLDs. Enable debug logging for this logger for a complete list of JARs that were scanned but no TLDs were found in them. Skipping unneeded JARs during scanning can improve startup time and JSP compilation time.
16-Apr-2022 12:58:49.583 INFO [main] org.apache.catalina.startup.HostConfig.deployWAR Deployment of web application archive [/Users/moloko/Desktop/tomcat/apache-tomcat-9.0.62/webapps/imsoidc.war] has finished in [329] ms
16-Apr-2022 12:58:49.589 INFO [main] org.apache.catalina.startup.HostConfig.deployWAR Deploying web application archive [/Users/moloko/Desktop/tomcat/apache-tomcat-9.0.62/webapps/admin-tools.war]
16-Apr-2022 12:58:50.095 INFO [main] org.apache.jasper.servlet.TldScanner.scanJars At least one JAR was scanned for TLDs yet contained no TLDs. Enable debug logging for this logger for a complete list of JARs that were scanned but no TLDs were found in them. Skipping unneeded JARs during scanning can improve startup time and JSP compilation time.
16-Apr-2022 12:58:50.502 INFO [main] org.apache.catalina.startup.HostConfig.deployWAR Deployment of web application archive [/Users/moloko/Desktop/tomcat/apache-tomcat-9.0.62/webapps/admin-tools.war] has finished in [912] ms
16-Apr-2022 12:58:50.510 INFO [main] org.apache.catalina.startup.HostConfig.deployWAR Deploying web application archive [/Users/moloko/Desktop/tomcat/apache-tomcat-9.0.62/webapps/sakai-site-datemanager-helper.war]
16-Apr-2022 12:58:50.877 INFO [main] org.apache.jasper.servlet.TldScanner.scanJars At least one JAR was scanned for TLDs yet contained no TLDs. Enable debug logging for this logger for a complete list of JARs that were scanned but no TLDs were found in them. Skipping unneeded JARs during scanning can improve startup time and JSP compilation time.
16-Apr-2022 12:58:51.870 INFO [main] org.apache.catalina.startup.HostConfig.deployWAR Deployment of web application archive [/Users/moloko/Desktop/tomcat/apache-tomcat-9.0.62/webapps/sakai-site-datemanager-helper.war] has finished in [1,360] ms
16-Apr-2022 12:58:51.874 INFO [main] org.apache.catalina.startup.HostConfig.deployWAR Deploying web application archive [/Users/moloko/Desktop/tomcat/apache-tomcat-9.0.62/webapps/sakai-site-manage-link-helper.war]
16-Apr-2022 12:58:52.159 INFO [main] org.apache.jasper.servlet.TldScanner.scanJars At least one JAR was scanned for TLDs yet contained no TLDs. Enable debug logging for this logger for a complete list of JARs that were scanned but no TLDs were found in them. Skipping unneeded JARs during scanning can improve startup time and JSP compilation time.
16-Apr-2022 12:58:52.458 INFO [main] org.apache.catalina.startup.HostConfig.deployWAR Deployment of web application archive [/Users/moloko/Desktop/tomcat/apache-tomcat-9.0.62/webapps/sakai-site-manage-link-helper.war] has finished in [584] ms
16-Apr-2022 12:58:52.464 INFO [main] org.apache.catalina.startup.HostConfig.deployWAR Deploying web application archive [/Users/moloko/Desktop/tomcat/apache-tomcat-9.0.62/webapps/sakai-reset-pass.war]
16-Apr-2022 12:58:52.878 INFO [main] org.apache.jasper.servlet.TldScanner.scanJars At least one JAR was scanned for TLDs yet contained no TLDs. Enable debug logging for this logger for a complete list of JARs that were scanned but no TLDs were found in them. Skipping unneeded JARs during scanning can improve startup time and JSP compilation time.
16-Apr-2022 12:58:54.625 INFO [main] org.apache.catalina.startup.HostConfig.deployWAR Deployment of web application archive [/Users/moloko/Desktop/tomcat/apache-tomcat-9.0.62/webapps/sakai-reset-pass.war] has finished in [2,161] ms
16-Apr-2022 12:58:54.629 INFO [main] org.apache.catalina.startup.HostConfig.deployWAR Deploying web application archive [/Users/moloko/Desktop/tomcat/apache-tomcat-9.0.62/webapps/sakai-site-manage-tool.war]
16-Apr-2022 12:58:55.227 INFO [main] org.apache.jasper.servlet.TldScanner.scanJars At least one JAR was scanned for TLDs yet contained no TLDs. Enable debug logging for this logger for a complete list of JARs that were scanned but no TLDs were found in them. Skipping unneeded JARs during scanning can improve startup time and JSP compilation time.
16-Apr-2022 12:58:55.574 INFO [main] org.apache.catalina.startup.HostConfig.deployWAR Deployment of web application archive [/Users/moloko/Desktop/tomcat/apache-tomcat-9.0.62/webapps/sakai-site-manage-tool.war] has finished in [945] ms
16-Apr-2022 12:58:55.578 INFO [main] org.apache.catalina.startup.HostConfig.deployWAR Deploying web application archive [/Users/moloko/Desktop/tomcat/apache-tomcat-9.0.62/webapps/web.war]
16-Apr-2022 12:58:55.846 INFO [main] org.apache.jasper.servlet.TldScanner.scanJars At least one JAR was scanned for TLDs yet contained no TLDs. Enable debug logging for this logger for a complete list of JARs that were scanned but no TLDs were found in them. Skipping unneeded JARs during scanning can improve startup time and JSP compilation time.
16-Apr-2022 12:58:56.105 INFO [main] org.apache.catalina.startup.HostConfig.deployWAR Deployment of web application archive [/Users/moloko/Desktop/tomcat/apache-tomcat-9.0.62/webapps/web.war] has finished in [528] ms
16-Apr-2022 12:58:56.110 INFO [main] org.apache.catalina.startup.HostConfig.deployWAR Deploying web application archive [/Users/moloko/Desktop/tomcat/apache-tomcat-9.0.62/webapps/mycalendar.war]
16-Apr-2022 12:58:56.398 INFO [main] org.apache.jasper.servlet.TldScanner.scanJars At least one JAR was scanned for TLDs yet contained no TLDs. Enable debug logging for this logger for a complete list of JARs that were scanned but no TLDs were found in them. Skipping unneeded JARs during scanning can improve startup time and JSP compilation time.
16-Apr-2022 12:58:56.848 INFO [main] org.apache.catalina.startup.HostConfig.deployWAR Deployment of web application archive [/Users/moloko/Desktop/tomcat/apache-tomcat-9.0.62/webapps/mycalendar.war] has finished in [738] ms
16-Apr-2022 12:58:56.852 INFO [main] org.apache.catalina.startup.HostConfig.deployWAR Deploying web application archive [/Users/moloko/Desktop/tomcat/apache-tomcat-9.0.62/webapps/sakai-podcasts.war]
16-Apr-2022 12:58:57.430 INFO [main] org.apache.jasper.servlet.TldScanner.scanJars At least one JAR was scanned for TLDs yet contained no TLDs. Enable debug logging for this logger for a complete list of JARs that were scanned but no TLDs were found in them. Skipping unneeded JARs during scanning can improve startup time and JSP compilation time.
16-Apr-2022 12:58:57.767 INFO [main] org.apache.catalina.startup.HostConfig.deployWAR Deployment of web application archive [/Users/moloko/Desktop/tomcat/apache-tomcat-9.0.62/webapps/sakai-podcasts.war] has finished in [916] ms
16-Apr-2022 12:58:57.772 INFO [main] org.apache.catalina.startup.HostConfig.deployWAR Deploying web application archive [/Users/moloko/Desktop/tomcat/apache-tomcat-9.0.62/webapps/sakai-search-tool.war]
16-Apr-2022 12:58:58.006 INFO [main] org.apache.jasper.servlet.TldScanner.scanJars At least one JAR was scanned for TLDs yet contained no TLDs. Enable debug logging for this logger for a complete list of JARs that were scanned but no TLDs were found in them. Skipping unneeded JARs during scanning can improve startup time and JSP compilation time.
16-Apr-2022 12:58:58.155 INFO [main] org.apache.catalina.startup.HostConfig.deployWAR Deployment of web application archive [/Users/moloko/Desktop/tomcat/apache-tomcat-9.0.62/webapps/sakai-search-tool.war] has finished in [383] ms
16-Apr-2022 12:58:58.160 INFO [main] org.apache.catalina.startup.HostConfig.deployWAR Deploying web application archive [/Users/moloko/Desktop/tomcat/apache-tomcat-9.0.62/webapps/sakai-presence-tool.war]
16-Apr-2022 12:58:58.450 INFO [main] org.apache.jasper.servlet.TldScanner.scanJars At least one JAR was scanned for TLDs yet contained no TLDs. Enable debug logging for this logger for a complete list of JARs that were scanned but no TLDs were found in them. Skipping unneeded JARs during scanning can improve startup time and JSP compilation time.
16-Apr-2022 12:58:58.690 INFO [main] org.apache.catalina.startup.HostConfig.deployWAR Deployment of web application archive [/Users/moloko/Desktop/tomcat/apache-tomcat-9.0.62/webapps/sakai-presence-tool.war] has finished in [529] ms
16-Apr-2022 12:58:58.693 INFO [main] org.apache.catalina.startup.HostConfig.deployWAR Deploying web application archive [/Users/moloko/Desktop/tomcat/apache-tomcat-9.0.62/webapps/sakai-user-tool-prefs.war]
16-Apr-2022 12:58:59.380 INFO [main] org.apache.jasper.servlet.TldScanner.scanJars At least one JAR was scanned for TLDs yet contained no TLDs. Enable debug logging for this logger for a complete list of JARs that were scanned but no TLDs were found in them. Skipping unneeded JARs during scanning can improve startup time and JSP compilation time.
16-Apr-2022 12:59:01.152 INFO [main] org.apache.catalina.startup.HostConfig.deployWAR Deployment of web application archive [/Users/moloko/Desktop/tomcat/apache-tomcat-9.0.62/webapps/sakai-user-tool-prefs.war] has finished in [2,460] ms
16-Apr-2022 12:59:01.156 INFO [main] org.apache.catalina.startup.HostConfig.deployWAR Deploying web application archive [/Users/moloko/Desktop/tomcat/apache-tomcat-9.0.62/webapps/sakai-googledrive-tool.war]
16-Apr-2022 12:59:01.463 INFO [main] org.apache.jasper.servlet.TldScanner.scanJars At least one JAR was scanned for TLDs yet contained no TLDs. Enable debug logging for this logger for a complete list of JARs that were scanned but no TLDs were found in them. Skipping unneeded JARs during scanning can improve startup time and JSP compilation time.
16-Apr-2022 12:59:02.369 INFO [main] org.apache.catalina.startup.HostConfig.deployWAR Deployment of web application archive [/Users/moloko/Desktop/tomcat/apache-tomcat-9.0.62/webapps/sakai-googledrive-tool.war] has finished in [1,213] ms
16-Apr-2022 12:59:02.374 INFO [main] org.apache.catalina.startup.HostConfig.deployWAR Deploying web application archive [/Users/moloko/Desktop/tomcat/apache-tomcat-9.0.62/webapps/tags-tool.war]
16-Apr-2022 12:59:02.714 INFO [main] org.apache.jasper.servlet.TldScanner.scanJars At least one JAR was scanned for TLDs yet contained no TLDs. Enable debug logging for this logger for a complete list of JARs that were scanned but no TLDs were found in them. Skipping unneeded JARs during scanning can improve startup time and JSP compilation time.
16-Apr-2022 12:59:02.735 INFO [main] org.apache.catalina.startup.HostConfig.deployWAR Deployment of web application archive [/Users/moloko/Desktop/tomcat/apache-tomcat-9.0.62/webapps/tags-tool.war] has finished in [361] ms
16-Apr-2022 12:59:02.739 INFO [main] org.apache.catalina.startup.HostConfig.deployWAR Deploying web application archive [/Users/moloko/Desktop/tomcat/apache-tomcat-9.0.62/webapps/content-review-tool.war]
16-Apr-2022 12:59:02.959 INFO [main] org.apache.jasper.servlet.TldScanner.scanJars At least one JAR was scanned for TLDs yet contained no TLDs. Enable debug logging for this logger for a complete list of JARs that were scanned but no TLDs were found in them. Skipping unneeded JARs during scanning can improve startup time and JSP compilation time.
16-Apr-2022 12:59:03.346 INFO [main] org.apache.catalina.startup.HostConfig.deployWAR Deployment of web application archive [/Users/moloko/Desktop/tomcat/apache-tomcat-9.0.62/webapps/content-review-tool.war] has finished in [607] ms
16-Apr-2022 12:59:03.353 INFO [main] org.apache.catalina.startup.HostConfig.deployWAR Deploying web application archive [/Users/moloko/Desktop/tomcat/apache-tomcat-9.0.62/webapps/webcomponents.war]
16-Apr-2022 12:59:05.208 INFO [main] org.apache.jasper.servlet.TldScanner.scanJars At least one JAR was scanned for TLDs yet contained no TLDs. Enable debug logging for this logger for a complete list of JARs that were scanned but no TLDs were found in them. Skipping unneeded JARs during scanning can improve startup time and JSP compilation time.
16-Apr-2022 12:59:05.256 INFO [main] org.apache.catalina.startup.HostConfig.deployWAR Deployment of web application archive [/Users/moloko/Desktop/tomcat/apache-tomcat-9.0.62/webapps/webcomponents.war] has finished in [1,903] ms
16-Apr-2022 12:59:05.260 INFO [main] org.apache.catalina.startup.HostConfig.deployWAR Deploying web application archive [/Users/moloko/Desktop/tomcat/apache-tomcat-9.0.62/webapps/sakai-calendar-tool.war]
16-Apr-2022 12:59:05.810 INFO [main] org.apache.jasper.servlet.TldScanner.scanJars At least one JAR was scanned for TLDs yet contained no TLDs. Enable debug logging for this logger for a complete list of JARs that were scanned but no TLDs were found in them. Skipping unneeded JARs during scanning can improve startup time and JSP compilation time.
16-Apr-2022 12:59:06.429 INFO [main] org.apache.catalina.startup.HostConfig.deployWAR Deployment of web application archive [/Users/moloko/Desktop/tomcat/apache-tomcat-9.0.62/webapps/sakai-calendar-tool.war] has finished in [1,166] ms
16-Apr-2022 12:59:06.439 INFO [main] org.apache.catalina.startup.HostConfig.deployWAR Deploying web application archive [/Users/moloko/Desktop/tomcat/apache-tomcat-9.0.62/webapps/delegatedaccess-tool.war]
16-Apr-2022 12:59:07.128 INFO [main] org.apache.jasper.servlet.TldScanner.scanJars At least one JAR was scanned for TLDs yet contained no TLDs. Enable debug logging for this logger for a complete list of JARs that were scanned but no TLDs were found in them. Skipping unneeded JARs during scanning can improve startup time and JSP compilation time.
16-Apr-2022 12:59:07.580 INFO [main] org.apache.catalina.startup.HostConfig.deployWAR Deployment of web application archive [/Users/moloko/Desktop/tomcat/apache-tomcat-9.0.62/webapps/delegatedaccess-tool.war] has finished in [1,142] ms
16-Apr-2022 12:59:07.584 INFO [main] org.apache.catalina.startup.HostConfig.deployWAR Deploying web application archive [/Users/moloko/Desktop/tomcat/apache-tomcat-9.0.62/webapps/sakai-web-tool.war]
16-Apr-2022 12:59:07.873 INFO [main] org.apache.jasper.servlet.TldScanner.scanJars At least one JAR was scanned for TLDs yet contained no TLDs. Enable debug logging for this logger for a complete list of JARs that were scanned but no TLDs were found in them. Skipping unneeded JARs during scanning can improve startup time and JSP compilation time.
16-Apr-2022 12:59:08.265 INFO [main] org.apache.catalina.startup.HostConfig.deployWAR Deployment of web application archive [/Users/moloko/Desktop/tomcat/apache-tomcat-9.0.62/webapps/sakai-web-tool.war] has finished in [681] ms
16-Apr-2022 12:59:08.269 INFO [main] org.apache.catalina.startup.HostConfig.deployWAR Deploying web application archive [/Users/moloko/Desktop/tomcat/apache-tomcat-9.0.62/webapps/sakai-postem-tool.war]
16-Apr-2022 12:59:08.862 INFO [main] org.apache.jasper.servlet.TldScanner.scanJars At least one JAR was scanned for TLDs yet contained no TLDs. Enable debug logging for this logger for a complete list of JARs that were scanned but no TLDs were found in them. Skipping unneeded JARs during scanning can improve startup time and JSP compilation time.
16-Apr-2022 12:59:09.825 INFO [main] org.apache.catalina.startup.HostConfig.deployWAR Deployment of web application archive [/Users/moloko/Desktop/tomcat/apache-tomcat-9.0.62/webapps/sakai-postem-tool.war] has finished in [1,556] ms
16-Apr-2022 12:59:09.829 INFO [main] org.apache.catalina.startup.HostConfig.deployWAR Deploying web application archive [/Users/moloko/Desktop/tomcat/apache-tomcat-9.0.62/webapps/sakai-citations-servlet.war]
16-Apr-2022 12:59:10.053 INFO [main] org.apache.jasper.servlet.TldScanner.scanJars At least one JAR was scanned for TLDs yet contained no TLDs. Enable debug logging for this logger for a complete list of JARs that were scanned but no TLDs were found in them. Skipping unneeded JARs during scanning can improve startup time and JSP compilation time.
16-Apr-2022 12:59:10.430 INFO [main] org.apache.catalina.startup.HostConfig.deployWAR Deployment of web application archive [/Users/moloko/Desktop/tomcat/apache-tomcat-9.0.62/webapps/sakai-citations-servlet.war] has finished in [601] ms
16-Apr-2022 12:59:10.435 INFO [main] org.apache.catalina.startup.HostConfig.deployWAR Deploying web application archive [/Users/moloko/Desktop/tomcat/apache-tomcat-9.0.62/webapps/polls-tool.war]
16-Apr-2022 12:59:11.128 INFO [main] org.apache.jasper.servlet.TldScanner.scanJars At least one JAR was scanned for TLDs yet contained no TLDs. Enable debug logging for this logger for a complete list of JARs that were scanned but no TLDs were found in them. Skipping unneeded JARs during scanning can improve startup time and JSP compilation time.
16-Apr-2022 12:59:12.959 INFO [main] org.apache.catalina.startup.HostConfig.deployWAR Deployment of web application archive [/Users/moloko/Desktop/tomcat/apache-tomcat-9.0.62/webapps/polls-tool.war] has finished in [2,523] ms
16-Apr-2022 12:59:12.972 INFO [main] org.apache.catalina.startup.HostConfig.deployWAR Deploying web application archive [/Users/moloko/Desktop/tomcat/apache-tomcat-9.0.62/webapps/library.war]
16-Apr-2022 12:59:22.791 INFO [main] org.apache.jasper.servlet.TldScanner.scanJars At least one JAR was scanned for TLDs yet contained no TLDs. Enable debug logging for this logger for a complete list of JARs that were scanned but no TLDs were found in them. Skipping unneeded JARs during scanning can improve startup time and JSP compilation time.
16-Apr-2022 12:59:22.878 INFO [main] org.apache.catalina.startup.HostConfig.deployWAR Deployment of web application archive [/Users/moloko/Desktop/tomcat/apache-tomcat-9.0.62/webapps/library.war] has finished in [9,905] ms
16-Apr-2022 12:59:22.882 INFO [main] org.apache.catalina.startup.HostConfig.deployWAR Deploying web application archive [/Users/moloko/Desktop/tomcat/apache-tomcat-9.0.62/webapps/sakai-calendar-summary-tool.war]
16-Apr-2022 12:59:23.247 INFO [main] org.apache.jasper.servlet.TldScanner.scanJars At least one JAR was scanned for TLDs yet contained no TLDs. Enable debug logging for this logger for a complete list of JARs that were scanned but no TLDs were found in them. Skipping unneeded JARs during scanning can improve startup time and JSP compilation time.
16-Apr-2022 12:59:23.622 INFO [main] org.apache.catalina.startup.HostConfig.deployWAR Deployment of web application archive [/Users/moloko/Desktop/tomcat/apache-tomcat-9.0.62/webapps/sakai-calendar-summary-tool.war] has finished in [740] ms
16-Apr-2022 12:59:23.626 INFO [main] org.apache.catalina.startup.HostConfig.deployWAR Deploying web application archive [/Users/moloko/Desktop/tomcat/apache-tomcat-9.0.62/webapps/emailtemplateservice-tool.war]
16-Apr-2022 12:59:23.988 INFO [main] org.apache.jasper.servlet.TldScanner.scanJars At least one JAR was scanned for TLDs yet contained no TLDs. Enable debug logging for this logger for a complete list of JARs that were scanned but no TLDs were found in them. Skipping unneeded JARs during scanning can improve startup time and JSP compilation time.
16-Apr-2022 12:59:25.473 INFO [main] org.apache.catalina.startup.HostConfig.deployWAR Deployment of web application archive [/Users/moloko/Desktop/tomcat/apache-tomcat-9.0.62/webapps/emailtemplateservice-tool.war] has finished in [1,848] ms
16-Apr-2022 12:59:25.478 INFO [main] org.apache.catalina.startup.HostConfig.deployWAR Deploying web application archive [/Users/moloko/Desktop/tomcat/apache-tomcat-9.0.62/webapps/sakai-help-tool.war]
16-Apr-2022 12:59:25.996 INFO [main] org.apache.jasper.servlet.TldScanner.scanJars At least one JAR was scanned for TLDs yet contained no TLDs. Enable debug logging for this logger for a complete list of JARs that were scanned but no TLDs were found in them. Skipping unneeded JARs during scanning can improve startup time and JSP compilation time.
16-Apr-2022 12:59:26.726 INFO [main] org.apache.catalina.startup.HostConfig.deployWAR Deployment of web application archive [/Users/moloko/Desktop/tomcat/apache-tomcat-9.0.62/webapps/sakai-help-tool.war] has finished in [1,248] ms
16-Apr-2022 12:59:26.730 INFO [main] org.apache.catalina.startup.HostConfig.deployWAR Deploying web application archive [/Users/moloko/Desktop/tomcat/apache-tomcat-9.0.62/webapps/sakai-usermembership-tool.war]
16-Apr-2022 12:59:27.495 INFO [main] org.apache.jasper.servlet.TldScanner.scanJars At least one JAR was scanned for TLDs yet contained no TLDs. Enable debug logging for this logger for a complete list of JARs that were scanned but no TLDs were found in them. Skipping unneeded JARs during scanning can improve startup time and JSP compilation time.
16-Apr-2022 12:59:28.179 INFO [main] org.apache.catalina.startup.HostConfig.deployWAR Deployment of web application archive [/Users/moloko/Desktop/tomcat/apache-tomcat-9.0.62/webapps/sakai-usermembership-tool.war] has finished in [1,449] ms
16-Apr-2022 12:59:28.184 INFO [main] org.apache.catalina.startup.HostConfig.deployWAR Deploying web application archive [/Users/moloko/Desktop/tomcat/apache-tomcat-9.0.62/webapps/sakai-chat-tool.war]
16-Apr-2022 12:59:28.821 INFO [main] org.apache.jasper.servlet.TldScanner.scanJars At least one JAR was scanned for TLDs yet contained no TLDs. Enable debug logging for this logger for a complete list of JARs that were scanned but no TLDs were found in them. Skipping unneeded JARs during scanning can improve startup time and JSP compilation time.
16-Apr-2022 12:59:29.019 WARNING [main] org.jboss.weld.util.ServiceLoader.loadClass Could not load service class org.springframework.data.jpa.repository.cdi.JpaRepositoryExtension
16-Apr-2022 12:59:31.700 INFO [main] com.sun.faces.config.ConfigureListener.contextInitialized Initializing Mojarra 2.3.9 ( 20190401-1936 77894020e94a338c9701619b7ef6e9871c5a9079) for context '/sakai-chat-tool'
16-Apr-2022 12:59:32.469 INFO [main] com.sun.faces.spi.InjectionProviderFactory.createInstance JSF1048: PostConstruct/PreDestroy annotations present.  ManagedBeans methods marked with these annotations will have said annotations processed.
16-Apr-2022 12:59:34.363 INFO [main] org.apache.catalina.startup.HostConfig.deployWAR Deployment of web application archive [/Users/moloko/Desktop/tomcat/apache-tomcat-9.0.62/webapps/sakai-chat-tool.war] has finished in [6,179] ms
16-Apr-2022 12:59:34.367 INFO [main] org.apache.catalina.startup.HostConfig.deployWAR Deploying web application archive [/Users/moloko/Desktop/tomcat/apache-tomcat-9.0.62/webapps/sakai-fck-connector.war]
16-Apr-2022 12:59:34.582 INFO [main] org.apache.jasper.servlet.TldScanner.scanJars At least one JAR was scanned for TLDs yet contained no TLDs. Enable debug logging for this logger for a complete list of JARs that were scanned but no TLDs were found in them. Skipping unneeded JARs during scanning can improve startup time and JSP compilation time.
16-Apr-2022 12:59:34.597 INFO [main] org.apache.catalina.startup.HostConfig.deployWAR Deployment of web application archive [/Users/moloko/Desktop/tomcat/apache-tomcat-9.0.62/webapps/sakai-fck-connector.war] has finished in [229] ms
16-Apr-2022 12:59:34.602 INFO [main] org.apache.catalina.startup.HostConfig.deployWAR Deploying web application archive [/Users/moloko/Desktop/tomcat/apache-tomcat-9.0.62/webapps/accountvalidator.war]
16-Apr-2022 12:59:35.101 INFO [main] org.apache.jasper.servlet.TldScanner.scanJars At least one JAR was scanned for TLDs yet contained no TLDs. Enable debug logging for this logger for a complete list of JARs that were scanned but no TLDs were found in them. Skipping unneeded JARs during scanning can improve startup time and JSP compilation time.
16-Apr-2022 12:59:37.006 INFO [main] org.apache.catalina.startup.HostConfig.deployWAR Deployment of web application archive [/Users/moloko/Desktop/tomcat/apache-tomcat-9.0.62/webapps/accountvalidator.war] has finished in [2,404] ms
16-Apr-2022 12:59:37.011 INFO [main] org.apache.catalina.startup.HostConfig.deployWAR Deploying web application archive [/Users/moloko/Desktop/tomcat/apache-tomcat-9.0.62/webapps/sakai-syllabus-tool.war]
16-Apr-2022 12:59:38.243 INFO [main] org.apache.jasper.servlet.TldScanner.scanJars At least one JAR was scanned for TLDs yet contained no TLDs. Enable debug logging for this logger for a complete list of JARs that were scanned but no TLDs were found in them. Skipping unneeded JARs during scanning can improve startup time and JSP compilation time.
16-Apr-2022 12:59:38.463 INFO [main] com.sun.faces.config.ConfigureListener.contextInitialized Initializing Mojarra (1.2_15-06-20180412-SNAPSHOT) for context '/sakai-syllabus-tool'
16-Apr-2022 12:59:38.465 WARNING [main] com.sun.faces.config.ConfigureListener.contextInitialized JSF1059: WARNING!  The com.sun.faces.verifyObjects feature is to aid developers not using tools.  It shouldn''t be enabled if using an IDE, or if this application is being deployed for production as it will impact application start times.
16-Apr-2022 12:59:39.745 INFO [main] com.sun.faces.spi.InjectionProviderFactory.createInstance JSF1048: PostConstruct/PreDestroy annotations present.  ManagedBeans methods marked with these annotations will have said annotations processed.
16-Apr-2022 12:59:41.264 INFO [main] org.apache.catalina.startup.HostConfig.deployWAR Deployment of web application archive [/Users/moloko/Desktop/tomcat/apache-tomcat-9.0.62/webapps/sakai-syllabus-tool.war] has finished in [4,253] ms
16-Apr-2022 12:59:41.269 INFO [main] org.apache.catalina.startup.HostConfig.deployWAR Deploying web application archive [/Users/moloko/Desktop/tomcat/apache-tomcat-9.0.62/webapps/pasystem-tool.war]
16-Apr-2022 12:59:41.694 INFO [main] org.apache.jasper.servlet.TldScanner.scanJars At least one JAR was scanned for TLDs yet contained no TLDs. Enable debug logging for this logger for a complete list of JARs that were scanned but no TLDs were found in them. Skipping unneeded JARs during scanning can improve startup time and JSP compilation time.
16-Apr-2022 12:59:41.710 INFO [main] org.apache.catalina.startup.HostConfig.deployWAR Deployment of web application archive [/Users/moloko/Desktop/tomcat/apache-tomcat-9.0.62/webapps/pasystem-tool.war] has finished in [441] ms
16-Apr-2022 12:59:41.714 INFO [main] org.apache.catalina.startup.HostConfig.deployWAR Deploying web application archive [/Users/moloko/Desktop/tomcat/apache-tomcat-9.0.62/webapps/scheduler-tool.war]
16-Apr-2022 12:59:42.237 INFO [main] org.apache.jasper.servlet.TldScanner.scanJars At least one JAR was scanned for TLDs yet contained no TLDs. Enable debug logging for this logger for a complete list of JARs that were scanned but no TLDs were found in them. Skipping unneeded JARs during scanning can improve startup time and JSP compilation time.
16-Apr-2022 12:59:43.403 INFO [main] org.apache.catalina.startup.HostConfig.deployWAR Deployment of web application archive [/Users/moloko/Desktop/tomcat/apache-tomcat-9.0.62/webapps/scheduler-tool.war] has finished in [1,689] ms
16-Apr-2022 12:59:43.408 INFO [main] org.apache.catalina.startup.HostConfig.deployWAR Deploying web application archive [/Users/moloko/Desktop/tomcat/apache-tomcat-9.0.62/webapps/sakai-signup-tool.war]
16-Apr-2022 12:59:44.426 INFO [main] org.apache.jasper.servlet.TldScanner.scanJars At least one JAR was scanned for TLDs yet contained no TLDs. Enable debug logging for this logger for a complete list of JARs that were scanned but no TLDs were found in them. Skipping unneeded JARs during scanning can improve startup time and JSP compilation time.
16-Apr-2022 12:59:44.686 INFO [main] com.sun.faces.config.ConfigureListener.contextInitialized Initializing Mojarra (1.2_15-06-20180412-SNAPSHOT) for context '/sakai-signup-tool'
16-Apr-2022 12:59:45.039 INFO [main] com.sun.faces.spi.InjectionProviderFactory.createInstance JSF1048: PostConstruct/PreDestroy annotations present.  ManagedBeans methods marked with these annotations will have said annotations processed.
16-Apr-2022 12:59:45.493 INFO [main] org.apache.catalina.startup.HostConfig.deployWAR Deployment of web application archive [/Users/moloko/Desktop/tomcat/apache-tomcat-9.0.62/webapps/sakai-signup-tool.war] has finished in [2,084] ms
16-Apr-2022 12:59:45.497 INFO [main] org.apache.catalina.startup.HostConfig.deployWAR Deploying web application archive [/Users/moloko/Desktop/tomcat/apache-tomcat-9.0.62/webapps/sakai-web-portlet.war]
16-Apr-2022 12:59:45.799 INFO [main] org.apache.jasper.servlet.TldScanner.scanJars At least one JAR was scanned for TLDs yet contained no TLDs. Enable debug logging for this logger for a complete list of JARs that were scanned but no TLDs were found in them. Skipping unneeded JARs during scanning can improve startup time and JSP compilation time.
16-Apr-2022 12:59:46.024 INFO [main] org.apache.catalina.startup.HostConfig.deployWAR Deployment of web application archive [/Users/moloko/Desktop/tomcat/apache-tomcat-9.0.62/webapps/sakai-web-portlet.war] has finished in [527] ms
16-Apr-2022 12:59:46.028 INFO [main] org.apache.catalina.startup.HostConfig.deployWAR Deploying web application archive [/Users/moloko/Desktop/tomcat/apache-tomcat-9.0.62/webapps/sakai-ws.war]
16-Apr-2022 12:59:46.555 INFO [main] org.apache.jasper.servlet.TldScanner.scanJars At least one JAR was scanned for TLDs yet contained no TLDs. Enable debug logging for this logger for a complete list of JARs that were scanned but no TLDs were found in them. Skipping unneeded JARs during scanning can improve startup time and JSP compilation time.
16-Apr-2022 12:59:52.709 INFO [main] org.apache.catalina.startup.HostConfig.deployWAR Deployment of web application archive [/Users/moloko/Desktop/tomcat/apache-tomcat-9.0.62/webapps/sakai-ws.war] has finished in [6,680] ms
16-Apr-2022 12:59:52.715 INFO [main] org.apache.catalina.startup.HostConfig.deployWAR Deploying web application archive [/Users/moloko/Desktop/tomcat/apache-tomcat-9.0.62/webapps/sakai-sections-tool.war]
16-Apr-2022 12:59:54.000 INFO [main] org.apache.jasper.servlet.TldScanner.scanJars At least one JAR was scanned for TLDs yet contained no TLDs. Enable debug logging for this logger for a complete list of JARs that were scanned but no TLDs were found in them. Skipping unneeded JARs during scanning can improve startup time and JSP compilation time.
16-Apr-2022 12:59:55.145 INFO [main] org.apache.catalina.startup.HostConfig.deployWAR Deployment of web application archive [/Users/moloko/Desktop/tomcat/apache-tomcat-9.0.62/webapps/sakai-sections-tool.war] has finished in [2,431] ms
16-Apr-2022 12:59:55.152 INFO [main] org.apache.catalina.startup.HostConfig.deployWAR Deploying web application archive [/Users/moloko/Desktop/tomcat/apache-tomcat-9.0.62/webapps/imsblis.war]
16-Apr-2022 12:59:55.590 INFO [main] org.apache.jasper.servlet.TldScanner.scanJars At least one JAR was scanned for TLDs yet contained no TLDs. Enable debug logging for this logger for a complete list of JARs that were scanned but no TLDs were found in them. Skipping unneeded JARs during scanning can improve startup time and JSP compilation time.
16-Apr-2022 12:59:55.659 INFO [main] org.apache.catalina.startup.HostConfig.deployWAR Deployment of web application archive [/Users/moloko/Desktop/tomcat/apache-tomcat-9.0.62/webapps/imsblis.war] has finished in [507] ms
16-Apr-2022 12:59:55.663 INFO [main] org.apache.catalina.startup.HostConfig.deployWAR Deploying web application archive [/Users/moloko/Desktop/tomcat/apache-tomcat-9.0.62/webapps/sakai-calendar-connector.war]
16-Apr-2022 12:59:55.911 INFO [main] org.apache.jasper.servlet.TldScanner.scanJars At least one JAR was scanned for TLDs yet contained no TLDs. Enable debug logging for this logger for a complete list of JARs that were scanned but no TLDs were found in them. Skipping unneeded JARs during scanning can improve startup time and JSP compilation time.
16-Apr-2022 12:59:56.600 INFO [main] org.apache.catalina.startup.HostConfig.deployWAR Deployment of web application archive [/Users/moloko/Desktop/tomcat/apache-tomcat-9.0.62/webapps/sakai-calendar-connector.war] has finished in [937] ms
16-Apr-2022 12:59:56.607 INFO [main] org.apache.catalina.startup.HostConfig.deployWAR Deploying web application archive [/Users/moloko/Desktop/tomcat/apache-tomcat-9.0.62/webapps/sakai-content-tool.war]
16-Apr-2022 12:59:57.099 INFO [main] org.apache.jasper.servlet.TldScanner.scanJars At least one JAR was scanned for TLDs yet contained no TLDs. Enable debug logging for this logger for a complete list of JARs that were scanned but no TLDs were found in them. Skipping unneeded JARs during scanning can improve startup time and JSP compilation time.
16-Apr-2022 12:59:57.719 INFO [main] org.apache.catalina.startup.HostConfig.deployWAR Deployment of web application archive [/Users/moloko/Desktop/tomcat/apache-tomcat-9.0.62/webapps/sakai-content-tool.war] has finished in [1,111] ms
16-Apr-2022 12:59:57.724 INFO [main] org.apache.catalina.startup.HostConfig.deployWAR Deploying web application archive [/Users/moloko/Desktop/tomcat/apache-tomcat-9.0.62/webapps/sakai-web-portlet-basiclti.war]
16-Apr-2022 12:59:57.973 INFO [main] org.apache.jasper.servlet.TldScanner.scanJars At least one JAR was scanned for TLDs yet contained no TLDs. Enable debug logging for this logger for a complete list of JARs that were scanned but no TLDs were found in them. Skipping unneeded JARs during scanning can improve startup time and JSP compilation time.
16-Apr-2022 12:59:58.124 INFO [main] org.apache.catalina.startup.HostConfig.deployWAR Deployment of web application archive [/Users/moloko/Desktop/tomcat/apache-tomcat-9.0.62/webapps/sakai-web-portlet-basiclti.war] has finished in [400] ms
16-Apr-2022 12:59:58.128 INFO [main] org.apache.catalina.startup.HostConfig.deployWAR Deploying web application archive [/Users/moloko/Desktop/tomcat/apache-tomcat-9.0.62/webapps/sakai-site-group-manager.war]
16-Apr-2022 12:59:58.424 INFO [main] org.apache.jasper.servlet.TldScanner.scanJars At least one JAR was scanned for TLDs yet contained no TLDs. Enable debug logging for this logger for a complete list of JARs that were scanned but no TLDs were found in them. Skipping unneeded JARs during scanning can improve startup time and JSP compilation time.
16-Apr-2022 12:59:59.466 INFO [main] org.apache.catalina.startup.HostConfig.deployWAR Deployment of web application archive [/Users/moloko/Desktop/tomcat/apache-tomcat-9.0.62/webapps/sakai-site-group-manager.war] has finished in [1,338] ms
16-Apr-2022 12:59:59.470 INFO [main] org.apache.catalina.startup.HostConfig.deployWAR Deploying web application archive [/Users/moloko/Desktop/tomcat/apache-tomcat-9.0.62/webapps/sakai-citations-tool.war]
16-Apr-2022 12:59:59.808 INFO [main] org.apache.jasper.servlet.TldScanner.scanJars At least one JAR was scanned for TLDs yet contained no TLDs. Enable debug logging for this logger for a complete list of JARs that were scanned but no TLDs were found in them. Skipping unneeded JARs during scanning can improve startup time and JSP compilation time.
16-Apr-2022 13:00:00.180 INFO [main] org.apache.catalina.startup.HostConfig.deployWAR Deployment of web application archive [/Users/moloko/Desktop/tomcat/apache-tomcat-9.0.62/webapps/sakai-citations-tool.war] has finished in [710] ms
16-Apr-2022 13:00:00.186 INFO [main] org.apache.catalina.startup.HostConfig.deployWAR Deploying web application archive [/Users/moloko/Desktop/tomcat/apache-tomcat-9.0.62/webapps/imsblti.war]
16-Apr-2022 13:00:00.545 INFO [main] org.apache.jasper.servlet.TldScanner.scanJars At least one JAR was scanned for TLDs yet contained no TLDs. Enable debug logging for this logger for a complete list of JARs that were scanned but no TLDs were found in them. Skipping unneeded JARs during scanning can improve startup time and JSP compilation time.
16-Apr-2022 13:00:00.640 INFO [main] org.apache.catalina.startup.HostConfig.deployWAR Deployment of web application archive [/Users/moloko/Desktop/tomcat/apache-tomcat-9.0.62/webapps/imsblti.war] has finished in [455] ms
16-Apr-2022 13:00:00.644 INFO [main] org.apache.catalina.startup.HostConfig.deployWAR Deploying web application archive [/Users/moloko/Desktop/tomcat/apache-tomcat-9.0.62/webapps/courier.war]
16-Apr-2022 13:00:00.925 INFO [main] org.apache.jasper.servlet.TldScanner.scanJars At least one JAR was scanned for TLDs yet contained no TLDs. Enable debug logging for this logger for a complete list of JARs that were scanned but no TLDs were found in them. Skipping unneeded JARs during scanning can improve startup time and JSP compilation time.
16-Apr-2022 13:00:00.934 INFO [main] org.apache.catalina.startup.HostConfig.deployWAR Deployment of web application archive [/Users/moloko/Desktop/tomcat/apache-tomcat-9.0.62/webapps/courier.war] has finished in [290] ms
16-Apr-2022 13:00:00.938 INFO [main] org.apache.catalina.startup.HostConfig.deployWAR Deploying web application archive [/Users/moloko/Desktop/tomcat/apache-tomcat-9.0.62/webapps/authn.war]
16-Apr-2022 13:00:01.166 INFO [main] org.apache.jasper.servlet.TldScanner.scanJars At least one JAR was scanned for TLDs yet contained no TLDs. Enable debug logging for this logger for a complete list of JARs that were scanned but no TLDs were found in them. Skipping unneeded JARs during scanning can improve startup time and JSP compilation time.
16-Apr-2022 13:00:01.172 INFO [main] org.apache.catalina.startup.HostConfig.deployWAR Deployment of web application archive [/Users/moloko/Desktop/tomcat/apache-tomcat-9.0.62/webapps/authn.war] has finished in [233] ms
16-Apr-2022 13:00:01.176 INFO [main] org.apache.catalina.startup.HostConfig.deployWAR Deploying web application archive [/Users/moloko/Desktop/tomcat/apache-tomcat-9.0.62/webapps/sakai-site-pageorder-helper.war]
16-Apr-2022 13:00:01.526 INFO [main] org.apache.jasper.servlet.TldScanner.scanJars At least one JAR was scanned for TLDs yet contained no TLDs. Enable debug logging for this logger for a complete list of JARs that were scanned but no TLDs were found in them. Skipping unneeded JARs during scanning can improve startup time and JSP compilation time.
16-Apr-2022 13:00:02.922 INFO [main] org.apache.catalina.startup.HostConfig.deployWAR Deployment of web application archive [/Users/moloko/Desktop/tomcat/apache-tomcat-9.0.62/webapps/sakai-site-pageorder-helper.war] has finished in [1,746] ms
16-Apr-2022 13:00:02.928 INFO [main] org.apache.catalina.startup.HostConfig.deployWAR Deploying web application archive [/Users/moloko/Desktop/tomcat/apache-tomcat-9.0.62/webapps/messageforums-tool.war]
16-Apr-2022 13:00:03.829 INFO [main] org.apache.jasper.servlet.TldScanner.scanJars At least one JAR was scanned for TLDs yet contained no TLDs. Enable debug logging for this logger for a complete list of JARs that were scanned but no TLDs were found in them. Skipping unneeded JARs during scanning can improve startup time and JSP compilation time.
16-Apr-2022 13:00:04.046 WARNING [main] org.jboss.weld.util.ServiceLoader.loadClass Could not load service class org.springframework.data.jpa.repository.cdi.JpaRepositoryExtension
16-Apr-2022 13:00:06.235 INFO [main] com.sun.faces.config.ConfigureListener.contextInitialized Initializing Mojarra 2.3.9 ( 20190401-1936 77894020e94a338c9701619b7ef6e9871c5a9079) for context '/messageforums-tool'
16-Apr-2022 13:00:06.886 INFO [main] com.sun.faces.spi.InjectionProviderFactory.createInstance JSF1048: PostConstruct/PreDestroy annotations present.  ManagedBeans methods marked with these annotations will have said annotations processed.
16-Apr-2022 13:00:08.599 INFO [main] org.apache.catalina.startup.HostConfig.deployWAR Deployment of web application archive [/Users/moloko/Desktop/tomcat/apache-tomcat-9.0.62/webapps/messageforums-tool.war] has finished in [5,671] ms
16-Apr-2022 13:00:08.603 INFO [main] org.apache.catalina.startup.HostConfig.deployWAR Deploying web application archive [/Users/moloko/Desktop/tomcat/apache-tomcat-9.0.62/webapps/access.war]
16-Apr-2022 13:00:08.827 INFO [main] org.apache.jasper.servlet.TldScanner.scanJars At least one JAR was scanned for TLDs yet contained no TLDs. Enable debug logging for this logger for a complete list of JARs that were scanned but no TLDs were found in them. Skipping unneeded JARs during scanning can improve startup time and JSP compilation time.
16-Apr-2022 13:00:09.087 INFO [main] org.apache.catalina.startup.HostConfig.deployWAR Deployment of web application archive [/Users/moloko/Desktop/tomcat/apache-tomcat-9.0.62/webapps/access.war] has finished in [483] ms
16-Apr-2022 13:00:09.091 INFO [main] org.apache.catalina.startup.HostConfig.deployWAR Deploying web application archive [/Users/moloko/Desktop/tomcat/apache-tomcat-9.0.62/webapps/tool.war]
16-Apr-2022 13:00:09.256 INFO [main] org.apache.jasper.servlet.TldScanner.scanJars At least one JAR was scanned for TLDs yet contained no TLDs. Enable debug logging for this logger for a complete list of JARs that were scanned but no TLDs were found in them. Skipping unneeded JARs during scanning can improve startup time and JSP compilation time.
16-Apr-2022 13:00:09.262 INFO [main] org.apache.catalina.startup.HostConfig.deployWAR Deployment of web application archive [/Users/moloko/Desktop/tomcat/apache-tomcat-9.0.62/webapps/tool.war] has finished in [171] ms
16-Apr-2022 13:00:09.265 INFO [main] org.apache.catalina.startup.HostConfig.deployWAR Deploying web application archive [/Users/moloko/Desktop/tomcat/apache-tomcat-9.0.62/webapps/adminsiteperms.war]
16-Apr-2022 13:00:09.617 INFO [main] org.apache.jasper.servlet.TldScanner.scanJars At least one JAR was scanned for TLDs yet contained no TLDs. Enable debug logging for this logger for a complete list of JARs that were scanned but no TLDs were found in them. Skipping unneeded JARs during scanning can improve startup time and JSP compilation time.
16-Apr-2022 13:00:09.840 INFO [main] org.apache.catalina.startup.HostConfig.deployWAR Deployment of web application archive [/Users/moloko/Desktop/tomcat/apache-tomcat-9.0.62/webapps/adminsiteperms.war] has finished in [575] ms
16-Apr-2022 13:00:09.846 INFO [main] org.apache.catalina.startup.HostConfig.deployWAR Deploying web application archive [/Users/moloko/Desktop/tomcat/apache-tomcat-9.0.62/webapps/commons-tool.war]
16-Apr-2022 13:00:10.119 INFO [main] org.apache.jasper.servlet.TldScanner.scanJars At least one JAR was scanned for TLDs yet contained no TLDs. Enable debug logging for this logger for a complete list of JARs that were scanned but no TLDs were found in them. Skipping unneeded JARs during scanning can improve startup time and JSP compilation time.
16-Apr-2022 13:00:10.184 INFO [main] org.apache.catalina.startup.HostConfig.deployWAR Deployment of web application archive [/Users/moloko/Desktop/tomcat/apache-tomcat-9.0.62/webapps/commons-tool.war] has finished in [338] ms
16-Apr-2022 13:00:10.191 INFO [main] org.apache.catalina.startup.HostConfig.deployWAR Deploying web application archive [/Users/moloko/Desktop/tomcat/apache-tomcat-9.0.62/webapps/rubrics-service.war]
16-Apr-2022 13:00:10.766 INFO [main] org.apache.jasper.servlet.TldScanner.scanJars At least one JAR was scanned for TLDs yet contained no TLDs. Enable debug logging for this logger for a complete list of JARs that were scanned but no TLDs were found in them. Skipping unneeded JARs during scanning can improve startup time and JSP compilation time.
16-Apr-2022 13:00:30.604 INFO [main] org.apache.catalina.startup.HostConfig.deployWAR Deployment of web application archive [/Users/moloko/Desktop/tomcat/apache-tomcat-9.0.62/webapps/rubrics-service.war] has finished in [20,414] ms
16-Apr-2022 13:00:30.611 INFO [main] org.apache.catalina.startup.HostConfig.deployWAR Deploying web application archive [/Users/moloko/Desktop/tomcat/apache-tomcat-9.0.62/webapps/basiclti-admin-tool.war]
16-Apr-2022 13:00:31.154 INFO [main] org.apache.jasper.servlet.TldScanner.scanJars At least one JAR was scanned for TLDs yet contained no TLDs. Enable debug logging for this logger for a complete list of JARs that were scanned but no TLDs were found in them. Skipping unneeded JARs during scanning can improve startup time and JSP compilation time.
16-Apr-2022 13:00:31.426 INFO [main] org.apache.catalina.startup.HostConfig.deployWAR Deployment of web application archive [/Users/moloko/Desktop/tomcat/apache-tomcat-9.0.62/webapps/basiclti-admin-tool.war] has finished in [815] ms
16-Apr-2022 13:00:31.430 INFO [main] org.apache.catalina.startup.HostConfig.deployWAR Deploying web application archive [/Users/moloko/Desktop/tomcat/apache-tomcat-9.0.62/webapps/podcasts.war]
16-Apr-2022 13:00:31.629 INFO [main] org.apache.jasper.servlet.TldScanner.scanJars At least one JAR was scanned for TLDs yet contained no TLDs. Enable debug logging for this logger for a complete list of JARs that were scanned but no TLDs were found in them. Skipping unneeded JARs during scanning can improve startup time and JSP compilation time.
16-Apr-2022 13:00:31.636 INFO [main] org.apache.catalina.startup.HostConfig.deployWAR Deployment of web application archive [/Users/moloko/Desktop/tomcat/apache-tomcat-9.0.62/webapps/podcasts.war] has finished in [205] ms
16-Apr-2022 13:00:31.645 INFO [main] org.apache.catalina.startup.HostConfig.deployWAR Deploying web application archive [/Users/moloko/Desktop/tomcat/apache-tomcat-9.0.62/webapps/sakai-portal-render-engine-impl.war]
16-Apr-2022 13:00:31.994 INFO [main] org.apache.jasper.servlet.TldScanner.scanJars At least one JAR was scanned for TLDs yet contained no TLDs. Enable debug logging for this logger for a complete list of JARs that were scanned but no TLDs were found in them. Skipping unneeded JARs during scanning can improve startup time and JSP compilation time.
16-Apr-2022 13:00:32.112 INFO [main] org.apache.catalina.startup.HostConfig.deployWAR Deployment of web application archive [/Users/moloko/Desktop/tomcat/apache-tomcat-9.0.62/webapps/sakai-portal-render-engine-impl.war] has finished in [467] ms
16-Apr-2022 13:00:32.116 INFO [main] org.apache.catalina.startup.HostConfig.deployWAR Deploying web application archive [/Users/moloko/Desktop/tomcat/apache-tomcat-9.0.62/webapps/x.war]
16-Apr-2022 13:00:32.270 INFO [main] org.apache.jasper.servlet.TldScanner.scanJars At least one JAR was scanned for TLDs yet contained no TLDs. Enable debug logging for this logger for a complete list of JARs that were scanned but no TLDs were found in them. Skipping unneeded JARs during scanning can improve startup time and JSP compilation time.
16-Apr-2022 13:00:32.275 INFO [main] org.apache.catalina.startup.HostConfig.deployWAR Deployment of web application archive [/Users/moloko/Desktop/tomcat/apache-tomcat-9.0.62/webapps/x.war] has finished in [159] ms
16-Apr-2022 13:00:32.280 INFO [main] org.apache.catalina.startup.HostConfig.deployWAR Deploying web application archive [/Users/moloko/Desktop/tomcat/apache-tomcat-9.0.62/webapps/feedback-tool.war]
16-Apr-2022 13:00:32.601 INFO [main] org.apache.jasper.servlet.TldScanner.scanJars At least one JAR was scanned for TLDs yet contained no TLDs. Enable debug logging for this logger for a complete list of JARs that were scanned but no TLDs were found in them. Skipping unneeded JARs during scanning can improve startup time and JSP compilation time.
16-Apr-2022 13:00:32.761 INFO [main] org.apache.catalina.startup.HostConfig.deployWAR Deployment of web application archive [/Users/moloko/Desktop/tomcat/apache-tomcat-9.0.62/webapps/feedback-tool.war] has finished in [481] ms
16-Apr-2022 13:00:32.766 INFO [main] org.apache.catalina.startup.HostConfig.deployWAR Deploying web application archive [/Users/moloko/Desktop/tomcat/apache-tomcat-9.0.62/webapps/sakai-editor.war]
16-Apr-2022 13:00:32.942 INFO [main] org.apache.jasper.servlet.TldScanner.scanJars At least one JAR was scanned for TLDs yet contained no TLDs. Enable debug logging for this logger for a complete list of JARs that were scanned but no TLDs were found in them. Skipping unneeded JARs during scanning can improve startup time and JSP compilation time.
16-Apr-2022 13:00:32.947 INFO [main] org.apache.catalina.startup.HostConfig.deployWAR Deployment of web application archive [/Users/moloko/Desktop/tomcat/apache-tomcat-9.0.62/webapps/sakai-editor.war] has finished in [182] ms
16-Apr-2022 13:00:32.952 INFO [main] org.apache.catalina.startup.HostConfig.deployWAR Deploying web application archive [/Users/moloko/Desktop/tomcat/apache-tomcat-9.0.62/webapps/sakai-rwiki-tool.war]
16-Apr-2022 13:00:33.490 INFO [main] org.apache.jasper.servlet.TldScanner.scanJars At least one JAR was scanned for TLDs yet contained no TLDs. Enable debug logging for this logger for a complete list of JARs that were scanned but no TLDs were found in them. Skipping unneeded JARs during scanning can improve startup time and JSP compilation time.
16-Apr-2022 13:00:33.998 INFO [main] org.apache.catalina.startup.HostConfig.deployWAR Deployment of web application archive [/Users/moloko/Desktop/tomcat/apache-tomcat-9.0.62/webapps/sakai-rwiki-tool.war] has finished in [1,045] ms
16-Apr-2022 13:00:34.006 INFO [main] org.apache.catalina.startup.HostConfig.deployWAR Deploying web application archive [/Users/moloko/Desktop/tomcat/apache-tomcat-9.0.62/webapps/samigo-app.war]
16-Apr-2022 13:00:36.764 INFO [main] org.apache.jasper.servlet.TldScanner.scanJars At least one JAR was scanned for TLDs yet contained no TLDs. Enable debug logging for this logger for a complete list of JARs that were scanned but no TLDs were found in them. Skipping unneeded JARs during scanning can improve startup time and JSP compilation time.
16-Apr-2022 13:00:36.999 WARNING [main] org.jboss.weld.util.ServiceLoader.loadClass Could not load service class org.springframework.data.jpa.repository.cdi.JpaRepositoryExtension
16-Apr-2022 13:00:43.152 INFO [main] com.sun.faces.config.ConfigureListener.contextInitialized Initializing Mojarra 2.3.9 ( 20190401-1936 77894020e94a338c9701619b7ef6e9871c5a9079) for context '/samigo-app'
16-Apr-2022 13:00:43.815 INFO [main] com.sun.faces.spi.InjectionProviderFactory.createInstance JSF1048: PostConstruct/PreDestroy annotations present.  ManagedBeans methods marked with these annotations will have said annotations processed.
16-Apr-2022 13:00:45.950 INFO [main] org.apache.catalina.startup.HostConfig.deployWAR Deployment of web application archive [/Users/moloko/Desktop/tomcat/apache-tomcat-9.0.62/webapps/samigo-app.war] has finished in [11,943] ms
16-Apr-2022 13:00:45.958 INFO [main] org.apache.catalina.startup.HostConfig.deployWAR Deploying web application archive [/Users/moloko/Desktop/tomcat/apache-tomcat-9.0.62/webapps/profile2-tool.war]
16-Apr-2022 13:00:46.922 INFO [main] org.apache.jasper.servlet.TldScanner.scanJars At least one JAR was scanned for TLDs yet contained no TLDs. Enable debug logging for this logger for a complete list of JARs that were scanned but no TLDs were found in them. Skipping unneeded JARs during scanning can improve startup time and JSP compilation time.
16-Apr-2022 13:00:47.400 INFO [main] org.apache.catalina.startup.HostConfig.deployWAR Deployment of web application archive [/Users/moloko/Desktop/tomcat/apache-tomcat-9.0.62/webapps/profile2-tool.war] has finished in [1,442] ms
16-Apr-2022 13:00:47.404 INFO [main] org.apache.catalina.startup.HostConfig.deployWAR Deploying web application archive [/Users/moloko/Desktop/tomcat/apache-tomcat-9.0.62/webapps/myconnections.war]
16-Apr-2022 13:00:47.678 INFO [main] org.apache.jasper.servlet.TldScanner.scanJars At least one JAR was scanned for TLDs yet contained no TLDs. Enable debug logging for this logger for a complete list of JARs that were scanned but no TLDs were found in them. Skipping unneeded JARs during scanning can improve startup time and JSP compilation time.
16-Apr-2022 13:00:48.004 INFO [main] org.apache.catalina.startup.HostConfig.deployWAR Deployment of web application archive [/Users/moloko/Desktop/tomcat/apache-tomcat-9.0.62/webapps/myconnections.war] has finished in [600] ms
16-Apr-2022 13:00:48.009 INFO [main] org.apache.catalina.startup.HostConfig.deployWAR Deploying web application archive [/Users/moloko/Desktop/tomcat/apache-tomcat-9.0.62/webapps/oauth-tool.war]
16-Apr-2022 13:00:48.477 INFO [main] org.apache.jasper.servlet.TldScanner.scanJars At least one JAR was scanned for TLDs yet contained no TLDs. Enable debug logging for this logger for a complete list of JARs that were scanned but no TLDs were found in them. Skipping unneeded JARs during scanning can improve startup time and JSP compilation time.
16-Apr-2022 13:00:48.780 INFO [main] org.apache.catalina.startup.HostConfig.deployWAR Deployment of web application archive [/Users/moloko/Desktop/tomcat/apache-tomcat-9.0.62/webapps/oauth-tool.war] has finished in [771] ms
16-Apr-2022 13:00:48.785 INFO [main] org.apache.catalina.startup.HostConfig.deployWAR Deploying web application archive [/Users/moloko/Desktop/tomcat/apache-tomcat-9.0.62/webapps/wiki.war]
16-Apr-2022 13:00:49.017 INFO [main] org.apache.jasper.servlet.TldScanner.scanJars At least one JAR was scanned for TLDs yet contained no TLDs. Enable debug logging for this logger for a complete list of JARs that were scanned but no TLDs were found in them. Skipping unneeded JARs during scanning can improve startup time and JSP compilation time.
16-Apr-2022 13:00:49.026 INFO [main] org.apache.catalina.startup.HostConfig.deployWAR Deployment of web application archive [/Users/moloko/Desktop/tomcat/apache-tomcat-9.0.62/webapps/wiki.war] has finished in [241] ms
16-Apr-2022 13:00:49.030 INFO [main] org.apache.catalina.startup.HostConfig.deployWAR Deploying web application archive [/Users/moloko/Desktop/tomcat/apache-tomcat-9.0.62/webapps/sakai-mailarchive-tool.war]
16-Apr-2022 13:00:49.339 INFO [main] org.apache.jasper.servlet.TldScanner.scanJars At least one JAR was scanned for TLDs yet contained no TLDs. Enable debug logging for this logger for a complete list of JARs that were scanned but no TLDs were found in them. Skipping unneeded JARs during scanning can improve startup time and JSP compilation time.
16-Apr-2022 13:00:49.773 INFO [main] org.apache.catalina.startup.HostConfig.deployWAR Deployment of web application archive [/Users/moloko/Desktop/tomcat/apache-tomcat-9.0.62/webapps/sakai-mailarchive-tool.war] has finished in [743] ms
16-Apr-2022 13:00:49.777 INFO [main] org.apache.catalina.startup.HostConfig.deployDirectory Deploying web application directory [/Users/moloko/Desktop/tomcat/apache-tomcat-9.0.62/webapps/docs]
16-Apr-2022 13:00:49.925 INFO [main] org.apache.jasper.servlet.TldScanner.scanJars At least one JAR was scanned for TLDs yet contained no TLDs. Enable debug logging for this logger for a complete list of JARs that were scanned but no TLDs were found in them. Skipping unneeded JARs during scanning can improve startup time and JSP compilation time.
16-Apr-2022 13:00:49.928 INFO [main] org.apache.catalina.startup.HostConfig.deployDirectory Deployment of web application directory [/Users/moloko/Desktop/tomcat/apache-tomcat-9.0.62/webapps/docs] has finished in [150] ms
16-Apr-2022 13:00:49.928 INFO [main] org.apache.catalina.startup.HostConfig.deployDirectory Deploying web application directory [/Users/moloko/Desktop/tomcat/apache-tomcat-9.0.62/webapps/manager]
16-Apr-2022 13:00:50.127 INFO [main] org.apache.jasper.servlet.TldScanner.scanJars At least one JAR was scanned for TLDs yet contained no TLDs. Enable debug logging for this logger for a complete list of JARs that were scanned but no TLDs were found in them. Skipping unneeded JARs during scanning can improve startup time and JSP compilation time.
16-Apr-2022 13:00:50.142 INFO [main] org.apache.catalina.startup.HostConfig.deployDirectory Deployment of web application directory [/Users/moloko/Desktop/tomcat/apache-tomcat-9.0.62/webapps/manager] has finished in [214] ms
16-Apr-2022 13:00:50.144 INFO [main] org.apache.catalina.startup.HostConfig.deployDirectory Deploying web application directory [/Users/moloko/Desktop/tomcat/apache-tomcat-9.0.62/webapps/examples]
16-Apr-2022 13:00:50.531 INFO [main] org.apache.jasper.servlet.TldScanner.scanJars At least one JAR was scanned for TLDs yet contained no TLDs. Enable debug logging for this logger for a complete list of JARs that were scanned but no TLDs were found in them. Skipping unneeded JARs during scanning can improve startup time and JSP compilation time.
16-Apr-2022 13:00:50.558 INFO [main] org.apache.catalina.startup.HostConfig.deployDirectory Deployment of web application directory [/Users/moloko/Desktop/tomcat/apache-tomcat-9.0.62/webapps/examples] has finished in [413] ms
16-Apr-2022 13:00:50.558 INFO [main] org.apache.catalina.startup.HostConfig.deployDirectory Deploying web application directory [/Users/moloko/Desktop/tomcat/apache-tomcat-9.0.62/webapps/ROOT]
16-Apr-2022 13:00:50.692 INFO [main] org.apache.jasper.servlet.TldScanner.scanJars At least one JAR was scanned for TLDs yet contained no TLDs. Enable debug logging for this logger for a complete list of JARs that were scanned but no TLDs were found in them. Skipping unneeded JARs during scanning can improve startup time and JSP compilation time.
16-Apr-2022 13:00:50.695 INFO [main] org.apache.catalina.startup.HostConfig.deployDirectory Deployment of web application directory [/Users/moloko/Desktop/tomcat/apache-tomcat-9.0.62/webapps/ROOT] has finished in [137] ms
16-Apr-2022 13:00:50.695 INFO [main] org.apache.catalina.startup.HostConfig.deployDirectory Deploying web application directory [/Users/moloko/Desktop/tomcat/apache-tomcat-9.0.62/webapps/host-manager]
16-Apr-2022 13:00:50.810 INFO [main] org.apache.jasper.servlet.TldScanner.scanJars At least one JAR was scanned for TLDs yet contained no TLDs. Enable debug logging for this logger for a complete list of JARs that were scanned but no TLDs were found in them. Skipping unneeded JARs during scanning can improve startup time and JSP compilation time.
16-Apr-2022 13:00:50.813 INFO [main] org.apache.catalina.startup.HostConfig.deployDirectory Deployment of web application directory [/Users/moloko/Desktop/tomcat/apache-tomcat-9.0.62/webapps/host-manager] has finished in [117] ms
16-Apr-2022 13:00:50.839 INFO [main] org.apache.coyote.AbstractProtocol.start Starting ProtocolHandler ["http-nio-8080"]
16-Apr-2022 13:00:50.896 INFO [main] org.apache.catalina.startup.Catalina.start Server startup in [217034] milliseconds
16-Apr-2022 13:00:50.935 SEVERE [http-nio-8080-Acceptor] org.apache.tomcat.util.net.NioEndpoint.setSocketOptions Error setting socket options
java.net.SocketException: Invalid argument
	at sun.nio.ch.Net.setIntOption0(Native Method)
	at sun.nio.ch.Net.setSocketOption(Net.java:353)
	at sun.nio.ch.SocketChannelImpl.setOption(SocketChannelImpl.java:188)
	at sun.nio.ch.SocketAdaptor.setIntOption(SocketAdaptor.java:297)
	at sun.nio.ch.SocketAdaptor.setSoLinger(SocketAdaptor.java:332)
	at org.apache.tomcat.util.net.SocketProperties.setProperties(SocketProperties.java:219)
	at org.apache.tomcat.util.net.NioEndpoint.setSocketOptions(NioEndpoint.java:501)
	at org.apache.tomcat.util.net.NioEndpoint.setSocketOptions(NioEndpoint.java:79)
	at org.apache.tomcat.util.net.Acceptor.run(Acceptor.java:149)
	at java.lang.Thread.run(Thread.java:827)
