24-Apr-2022 18:38:33.269 WARNING [main] org.apache.tomcat.util.digester.SetPropertiesRule.begin Match [Server/Service/Connector] failed to set property [Connector] to [org.apache.coyote.http11.Http11NioProtocol]
24-Apr-2022 18:38:33.350 INFO [main] org.apache.catalina.startup.VersionLoggerListener.log Server version name:   Apache Tomcat/9.0.62
24-Apr-2022 18:38:33.351 INFO [main] org.apache.catalina.startup.VersionLoggerListener.log Server built:          Mar 31 2022 14:34:15 UTC
24-Apr-2022 18:38:33.351 INFO [main] org.apache.catalina.startup.VersionLoggerListener.log Server version number: 9.0.62.0
24-Apr-2022 18:38:33.351 INFO [main] org.apache.catalina.startup.VersionLoggerListener.log OS Name:               Mac OS X
24-Apr-2022 18:38:33.351 INFO [main] org.apache.catalina.startup.VersionLoggerListener.log OS Version:            12.3.1
24-Apr-2022 18:38:33.351 INFO [main] org.apache.catalina.startup.VersionLoggerListener.log Architecture:          x86_64
24-Apr-2022 18:38:33.351 INFO [main] org.apache.catalina.startup.VersionLoggerListener.log Java Home:             /Library/Java/JavaVirtualMachines/ibm-semeru-open-8.jdk/Contents/Home/jre
24-Apr-2022 18:38:33.352 INFO [main] org.apache.catalina.startup.VersionLoggerListener.log JVM Version:           1.8.0_322-b06
24-Apr-2022 18:38:33.352 INFO [main] org.apache.catalina.startup.VersionLoggerListener.log JVM Vendor:            Eclipse OpenJ9
24-Apr-2022 18:38:33.352 INFO [main] org.apache.catalina.startup.VersionLoggerListener.log CATALINA_BASE:         /Users/moloko/Desktop/tomcat/apache-tomcat-9.0.62
24-Apr-2022 18:38:33.352 INFO [main] org.apache.catalina.startup.VersionLoggerListener.log CATALINA_HOME:         /Users/moloko/Desktop/tomcat/apache-tomcat-9.0.62
24-Apr-2022 18:38:33.352 INFO [main] org.apache.catalina.startup.VersionLoggerListener.log Command line argument: -Xoptionsfile=/Library/Java/JavaVirtualMachines/ibm-semeru-open-8.jdk/Contents/Home/jre/lib/default/options.default
24-Apr-2022 18:38:33.352 INFO [main] org.apache.catalina.startup.VersionLoggerListener.log Command line argument: -Xlockword:mode=default,noLockword=java/lang/String,noLockword=java/util/MapEntry,noLockword=java/util/HashMap$Entry,noLockword=org/apache/harmony/luni/util/ModifiedMap$Entry,noLockword=java/util/Hashtable$Entry,noLockword=java/lang/invoke/MethodType,noLockword=java/lang/invoke/MethodHandle,noLockword=java/lang/invoke/CollectHandle,noLockword=java/lang/invoke/ConstructorHandle,noLockword=java/lang/invoke/ConvertHandle,noLockword=java/lang/invoke/ArgumentConversionHandle,noLockword=java/lang/invoke/AsTypeHandle,noLockword=java/lang/invoke/ExplicitCastHandle,noLockword=java/lang/invoke/FilterReturnHandle,noLockword=java/lang/invoke/DirectHandle,noLockword=java/lang/invoke/ReceiverBoundHandle,noLockword=java/lang/invoke/DynamicInvokerHandle,noLockword=java/lang/invoke/FieldHandle,noLockword=java/lang/invoke/FieldGetterHandle,noLockword=java/lang/invoke/FieldSetterHandle,noLockword=java/lang/invoke/StaticFieldGetterHandle,noLockword=java/lang/invoke/StaticFieldSetterHandle,noLockword=java/lang/invoke/IndirectHandle,noLockword=java/lang/invoke/InterfaceHandle,noLockword=java/lang/invoke/VirtualHandle,noLockword=java/lang/invoke/PrimitiveHandle,noLockword=java/lang/invoke/InvokeExactHandle,noLockword=java/lang/invoke/InvokeGenericHandle,noLockword=java/lang/invoke/VarargsCollectorHandle,noLockword=java/lang/invoke/ThunkTuple
24-Apr-2022 18:38:33.353 INFO [main] org.apache.catalina.startup.VersionLoggerListener.log Command line argument: -Xjcl:jclse29
24-Apr-2022 18:38:33.353 INFO [main] org.apache.catalina.startup.VersionLoggerListener.log Command line argument: -Dcom.ibm.oti.vm.bootstrap.library.path=/Library/Java/JavaVirtualMachines/ibm-semeru-open-8.jdk/Contents/Home/jre/lib/default:/Library/Java/JavaVirtualMachines/ibm-semeru-open-8.jdk/Contents/Home/jre/lib
24-Apr-2022 18:38:33.353 INFO [main] org.apache.catalina.startup.VersionLoggerListener.log Command line argument: -Dsun.boot.library.path=/Library/Java/JavaVirtualMachines/ibm-semeru-open-8.jdk/Contents/Home/jre/lib/default:/Library/Java/JavaVirtualMachines/ibm-semeru-open-8.jdk/Contents/Home/jre/lib
24-Apr-2022 18:38:33.353 INFO [main] org.apache.catalina.startup.VersionLoggerListener.log Command line argument: -Djava.library.path=/Library/Java/JavaVirtualMachines/ibm-semeru-open-8.jdk/Contents/Home/jre/lib/default:/Library/Java/JavaVirtualMachines/ibm-semeru-open-8.jdk/Contents/Home/jre/lib:/usr/lib
24-Apr-2022 18:38:33.353 INFO [main] org.apache.catalina.startup.VersionLoggerListener.log Command line argument: -Djava.home=/Library/Java/JavaVirtualMachines/ibm-semeru-open-8.jdk/Contents/Home/jre
24-Apr-2022 18:38:33.353 INFO [main] org.apache.catalina.startup.VersionLoggerListener.log Command line argument: -Djava.ext.dirs=/Library/Java/JavaVirtualMachines/ibm-semeru-open-8.jdk/Contents/Home/jre/lib/ext
24-Apr-2022 18:38:33.353 INFO [main] org.apache.catalina.startup.VersionLoggerListener.log Command line argument: -Duser.dir=/Users/moloko/Desktop/tomcat/apache-tomcat-9.0.62/bin
24-Apr-2022 18:38:33.353 INFO [main] org.apache.catalina.startup.VersionLoggerListener.log Command line argument: -Djava.class.path=.
24-Apr-2022 18:38:33.354 INFO [main] org.apache.catalina.startup.VersionLoggerListener.log Command line argument: -Djava.util.logging.config.file=/Users/moloko/Desktop/tomcat/apache-tomcat-9.0.62/conf/logging.properties
24-Apr-2022 18:38:33.354 INFO [main] org.apache.catalina.startup.VersionLoggerListener.log Command line argument: -Djava.util.logging.manager=org.apache.juli.ClassLoaderLogManager
24-Apr-2022 18:38:33.354 INFO [main] org.apache.catalina.startup.VersionLoggerListener.log Command line argument: -server
24-Apr-2022 18:38:33.354 INFO [main] org.apache.catalina.startup.VersionLoggerListener.log Command line argument: -Xms1g
24-Apr-2022 18:38:33.354 INFO [main] org.apache.catalina.startup.VersionLoggerListener.log Command line argument: -Xmx2g
24-Apr-2022 18:38:33.354 INFO [main] org.apache.catalina.startup.VersionLoggerListener.log Command line argument: -Djava.awt.headless=true
24-Apr-2022 18:38:33.354 INFO [main] org.apache.catalina.startup.VersionLoggerListener.log Command line argument: -XX:+UseCompressedOops
24-Apr-2022 18:38:33.354 INFO [main] org.apache.catalina.startup.VersionLoggerListener.log Command line argument: -XX:+UseConcMarkSweepGC
24-Apr-2022 18:38:33.355 INFO [main] org.apache.catalina.startup.VersionLoggerListener.log Command line argument: -XX:+DisableExplicitGC
24-Apr-2022 18:38:33.355 INFO [main] org.apache.catalina.startup.VersionLoggerListener.log Command line argument: -Dhttp.agent=Sakai
24-Apr-2022 18:38:33.355 INFO [main] org.apache.catalina.startup.VersionLoggerListener.log Command line argument: -Dorg.apache.jasper.compiler.Parser.STRICT_QUOTE_ESCAPING=false
24-Apr-2022 18:38:33.355 INFO [main] org.apache.catalina.startup.VersionLoggerListener.log Command line argument: -Djava.util.Arrays.useLegacyMergeSort=true
24-Apr-2022 18:38:33.355 INFO [main] org.apache.catalina.startup.VersionLoggerListener.log Command line argument: -Dsakai.security=/Users/moloko/Desktop/tomcat/apache-tomcat-9.0.62/sakai/
24-Apr-2022 18:38:33.355 INFO [main] org.apache.catalina.startup.VersionLoggerListener.log Command line argument: -Duser.timezone=US/Eastern
24-Apr-2022 18:38:33.355 INFO [main] org.apache.catalina.startup.VersionLoggerListener.log Command line argument: -Dsakai.cookieName=SAKAI2SESSIONID
24-Apr-2022 18:38:33.355 INFO [main] org.apache.catalina.startup.VersionLoggerListener.log Command line argument: -Dcom.sun.management.jmxremote
24-Apr-2022 18:38:33.355 INFO [main] org.apache.catalina.startup.VersionLoggerListener.log Command line argument: -Dcom.sun.management.jmxremote.port=8089
24-Apr-2022 18:38:33.355 INFO [main] org.apache.catalina.startup.VersionLoggerListener.log Command line argument: -Dcom.sun.management.jmxremote.local.only=false
24-Apr-2022 18:38:33.355 INFO [main] org.apache.catalina.startup.VersionLoggerListener.log Command line argument: -Dcom.sun.management.jmxremote.authenticate=false
24-Apr-2022 18:38:33.356 INFO [main] org.apache.catalina.startup.VersionLoggerListener.log Command line argument: -Dcom.sun.management.jmxremote.ssl=false
24-Apr-2022 18:38:33.356 INFO [main] org.apache.catalina.startup.VersionLoggerListener.log Command line argument: -Djdk.tls.ephemeralDHKeySize=2048
24-Apr-2022 18:38:33.356 INFO [main] org.apache.catalina.startup.VersionLoggerListener.log Command line argument: -Djava.protocol.handler.pkgs=org.apache.catalina.webresources
24-Apr-2022 18:38:33.356 INFO [main] org.apache.catalina.startup.VersionLoggerListener.log Command line argument: -Dorg.apache.catalina.security.SecurityListener.UMASK=0027
24-Apr-2022 18:38:33.356 INFO [main] org.apache.catalina.startup.VersionLoggerListener.log Command line argument: -Djava.endorsed.dirs=/Users/moloko/Desktop/tomcat/apache-tomcat-9.0.62/endorsed
24-Apr-2022 18:38:33.356 INFO [main] org.apache.catalina.startup.VersionLoggerListener.log Command line argument: -Djava.class.path=/Users/moloko/Desktop/tomcat/apache-tomcat-9.0.62/bin/bootstrap.jar:/Users/moloko/Desktop/tomcat/apache-tomcat-9.0.62/bin/tomcat-juli.jar
24-Apr-2022 18:38:33.356 INFO [main] org.apache.catalina.startup.VersionLoggerListener.log Command line argument: -Dcatalina.base=/Users/moloko/Desktop/tomcat/apache-tomcat-9.0.62
24-Apr-2022 18:38:33.356 INFO [main] org.apache.catalina.startup.VersionLoggerListener.log Command line argument: -Dcatalina.home=/Users/moloko/Desktop/tomcat/apache-tomcat-9.0.62
24-Apr-2022 18:38:33.356 INFO [main] org.apache.catalina.startup.VersionLoggerListener.log Command line argument: -Djava.io.tmpdir=/Users/moloko/Desktop/tomcat/apache-tomcat-9.0.62/temp
24-Apr-2022 18:38:33.356 INFO [main] org.apache.catalina.startup.VersionLoggerListener.log Command line argument: -Dsun.java.command=org.apache.catalina.startup.Bootstrap start
24-Apr-2022 18:38:33.356 INFO [main] org.apache.catalina.startup.VersionLoggerListener.log Command line argument: -Dsun.java.launcher=SUN_STANDARD
24-Apr-2022 18:38:33.375 INFO [main] org.apache.catalina.core.AprLifecycleListener.lifecycleEvent The Apache Tomcat Native library which allows using OpenSSL was not found on the java.library.path: [/Library/Java/JavaVirtualMachines/ibm-semeru-open-8.jdk/Contents/Home/jre/lib/default:/Library/Java/JavaVirtualMachines/ibm-semeru-open-8.jdk/Contents/Home/jre/lib:/usr/lib]
24-Apr-2022 18:38:33.675 INFO [main] org.apache.coyote.AbstractProtocol.init Initializing ProtocolHandler ["http-nio-8080"]
24-Apr-2022 18:38:33.693 INFO [main] org.apache.catalina.startup.Catalina.load Server initialization in [660] milliseconds
24-Apr-2022 18:38:33.719 INFO [main] org.apache.catalina.core.StandardService.startInternal Starting service [Catalina]
24-Apr-2022 18:38:33.719 INFO [main] org.apache.catalina.core.StandardEngine.startInternal Starting Servlet engine: [Apache Tomcat/9.0.62]
24-Apr-2022 18:38:33.750 INFO [main] org.apache.catalina.startup.HostConfig.deployWAR Deploying web application archive [/Users/moloko/Desktop/tomcat/apache-tomcat-9.0.62/webapps/providers.war]
24-Apr-2022 18:38:34.282 INFO [main] org.apache.jasper.servlet.TldScanner.scanJars At least one JAR was scanned for TLDs yet contained no TLDs. Enable debug logging for this logger for a complete list of JARs that were scanned but no TLDs were found in them. Skipping unneeded JARs during scanning can improve startup time and JSP compilation time.
24-Apr-2022 18:38:59.304 INFO [main] org.apache.catalina.startup.HostConfig.deployWAR Deployment of web application archive [/Users/moloko/Desktop/tomcat/apache-tomcat-9.0.62/webapps/providers.war] has finished in [25,554] ms
24-Apr-2022 18:38:59.308 INFO [main] org.apache.catalina.startup.HostConfig.deployWAR Deploying web application archive [/Users/moloko/Desktop/tomcat/apache-tomcat-9.0.62/webapps/userauditservice-tool.war]
24-Apr-2022 18:38:59.582 INFO [main] org.apache.jasper.servlet.TldScanner.scanJars At least one JAR was scanned for TLDs yet contained no TLDs. Enable debug logging for this logger for a complete list of JARs that were scanned but no TLDs were found in them. Skipping unneeded JARs during scanning can improve startup time and JSP compilation time.
24-Apr-2022 18:39:00.054 INFO [main] org.apache.catalina.startup.HostConfig.deployWAR Deployment of web application archive [/Users/moloko/Desktop/tomcat/apache-tomcat-9.0.62/webapps/userauditservice-tool.war] has finished in [746] ms
24-Apr-2022 18:39:00.058 INFO [main] org.apache.catalina.startup.HostConfig.deployWAR Deploying web application archive [/Users/moloko/Desktop/tomcat/apache-tomcat-9.0.62/webapps/mailsender-tool.war]
24-Apr-2022 18:39:00.213 INFO [main] org.apache.jasper.servlet.TldScanner.scanJars At least one JAR was scanned for TLDs yet contained no TLDs. Enable debug logging for this logger for a complete list of JARs that were scanned but no TLDs were found in them. Skipping unneeded JARs during scanning can improve startup time and JSP compilation time.
24-Apr-2022 18:39:01.155 INFO [main] org.apache.catalina.startup.HostConfig.deployWAR Deployment of web application archive [/Users/moloko/Desktop/tomcat/apache-tomcat-9.0.62/webapps/mailsender-tool.war] has finished in [1,097] ms
24-Apr-2022 18:39:01.160 INFO [main] org.apache.catalina.startup.HostConfig.deployWAR Deploying web application archive [/Users/moloko/Desktop/tomcat/apache-tomcat-9.0.62/webapps/sakai-user-tool-admin-prefs.war]
24-Apr-2022 18:39:01.345 INFO [main] org.apache.jasper.servlet.TldScanner.scanJars At least one JAR was scanned for TLDs yet contained no TLDs. Enable debug logging for this logger for a complete list of JARs that were scanned but no TLDs were found in them. Skipping unneeded JARs during scanning can improve startup time and JSP compilation time.
24-Apr-2022 18:39:01.689 INFO [main] org.apache.catalina.startup.HostConfig.deployWAR Deployment of web application archive [/Users/moloko/Desktop/tomcat/apache-tomcat-9.0.62/webapps/sakai-user-tool-admin-prefs.war] has finished in [529] ms
24-Apr-2022 18:39:01.693 INFO [main] org.apache.catalina.startup.HostConfig.deployWAR Deploying web application archive [/Users/moloko/Desktop/tomcat/apache-tomcat-9.0.62/webapps/admin-tool-su.war]
24-Apr-2022 18:39:01.898 INFO [main] org.apache.jasper.servlet.TldScanner.scanJars At least one JAR was scanned for TLDs yet contained no TLDs. Enable debug logging for this logger for a complete list of JARs that were scanned but no TLDs were found in them. Skipping unneeded JARs during scanning can improve startup time and JSP compilation time.
24-Apr-2022 18:39:02.239 INFO [main] org.apache.catalina.startup.HostConfig.deployWAR Deployment of web application archive [/Users/moloko/Desktop/tomcat/apache-tomcat-9.0.62/webapps/admin-tool-su.war] has finished in [545] ms
24-Apr-2022 18:39:02.243 INFO [main] org.apache.catalina.startup.HostConfig.deployWAR Deploying web application archive [/Users/moloko/Desktop/tomcat/apache-tomcat-9.0.62/webapps/sakai-assignment-tool.war]
24-Apr-2022 18:39:02.490 INFO [main] org.apache.jasper.servlet.TldScanner.scanJars At least one JAR was scanned for TLDs yet contained no TLDs. Enable debug logging for this logger for a complete list of JARs that were scanned but no TLDs were found in them. Skipping unneeded JARs during scanning can improve startup time and JSP compilation time.
24-Apr-2022 18:39:02.693 INFO [main] org.apache.catalina.startup.HostConfig.deployWAR Deployment of web application archive [/Users/moloko/Desktop/tomcat/apache-tomcat-9.0.62/webapps/sakai-assignment-tool.war] has finished in [450] ms
24-Apr-2022 18:39:02.695 INFO [main] org.apache.catalina.startup.HostConfig.deployWAR Deploying web application archive [/Users/moloko/Desktop/tomcat/apache-tomcat-9.0.62/webapps/login-render-engine-impl.war]
24-Apr-2022 18:39:02.777 INFO [main] org.apache.jasper.servlet.TldScanner.scanJars At least one JAR was scanned for TLDs yet contained no TLDs. Enable debug logging for this logger for a complete list of JARs that were scanned but no TLDs were found in them. Skipping unneeded JARs during scanning can improve startup time and JSP compilation time.
24-Apr-2022 18:39:02.852 INFO [main] org.apache.catalina.startup.HostConfig.deployWAR Deployment of web application archive [/Users/moloko/Desktop/tomcat/apache-tomcat-9.0.62/webapps/login-render-engine-impl.war] has finished in [157] ms
24-Apr-2022 18:39:02.856 INFO [main] org.apache.catalina.startup.HostConfig.deployWAR Deploying web application archive [/Users/moloko/Desktop/tomcat/apache-tomcat-9.0.62/webapps/sakai-message-bundle-manager-tool.war]
24-Apr-2022 18:39:03.010 INFO [main] org.apache.jasper.servlet.TldScanner.scanJars At least one JAR was scanned for TLDs yet contained no TLDs. Enable debug logging for this logger for a complete list of JARs that were scanned but no TLDs were found in them. Skipping unneeded JARs during scanning can improve startup time and JSP compilation time.
24-Apr-2022 18:39:03.727 INFO [main] org.apache.catalina.startup.HostConfig.deployWAR Deployment of web application archive [/Users/moloko/Desktop/tomcat/apache-tomcat-9.0.62/webapps/sakai-message-bundle-manager-tool.war] has finished in [870] ms
24-Apr-2022 18:39:03.730 INFO [main] org.apache.catalina.startup.HostConfig.deployWAR Deploying web application archive [/Users/moloko/Desktop/tomcat/apache-tomcat-9.0.62/webapps/sakai-login-tool.war]
24-Apr-2022 18:39:03.955 INFO [main] org.apache.jasper.servlet.TldScanner.scanJars At least one JAR was scanned for TLDs yet contained no TLDs. Enable debug logging for this logger for a complete list of JARs that were scanned but no TLDs were found in them. Skipping unneeded JARs during scanning can improve startup time and JSP compilation time.
24-Apr-2022 18:39:03.972 INFO [main] org.apache.catalina.startup.HostConfig.deployWAR Deployment of web application archive [/Users/moloko/Desktop/tomcat/apache-tomcat-9.0.62/webapps/sakai-login-tool.war] has finished in [242] ms
24-Apr-2022 18:39:03.975 INFO [main] org.apache.catalina.startup.HostConfig.deployWAR Deploying web application archive [/Users/moloko/Desktop/tomcat/apache-tomcat-9.0.62/webapps/sakai-announcement-tool.war]
24-Apr-2022 18:39:04.145 INFO [main] org.apache.jasper.servlet.TldScanner.scanJars At least one JAR was scanned for TLDs yet contained no TLDs. Enable debug logging for this logger for a complete list of JARs that were scanned but no TLDs were found in them. Skipping unneeded JARs during scanning can improve startup time and JSP compilation time.
24-Apr-2022 18:39:04.301 INFO [main] org.apache.catalina.startup.HostConfig.deployWAR Deployment of web application archive [/Users/moloko/Desktop/tomcat/apache-tomcat-9.0.62/webapps/sakai-announcement-tool.war] has finished in [326] ms
24-Apr-2022 18:39:04.304 INFO [main] org.apache.catalina.startup.HostConfig.deployWAR Deploying web application archive [/Users/moloko/Desktop/tomcat/apache-tomcat-9.0.62/webapps/sakai-site-manage-participant-helper.war]
24-Apr-2022 18:39:04.453 INFO [main] org.apache.jasper.servlet.TldScanner.scanJars At least one JAR was scanned for TLDs yet contained no TLDs. Enable debug logging for this logger for a complete list of JARs that were scanned but no TLDs were found in them. Skipping unneeded JARs during scanning can improve startup time and JSP compilation time.
24-Apr-2022 18:39:05.123 INFO [main] org.apache.catalina.startup.HostConfig.deployWAR Deployment of web application archive [/Users/moloko/Desktop/tomcat/apache-tomcat-9.0.62/webapps/sakai-site-manage-participant-helper.war] has finished in [819] ms
24-Apr-2022 18:39:05.127 INFO [main] org.apache.catalina.startup.HostConfig.deployWAR Deploying web application archive [/Users/moloko/Desktop/tomcat/apache-tomcat-9.0.62/webapps/sakai-roster2-tool.war]
24-Apr-2022 18:39:05.334 INFO [main] org.apache.jasper.servlet.TldScanner.scanJars At least one JAR was scanned for TLDs yet contained no TLDs. Enable debug logging for this logger for a complete list of JARs that were scanned but no TLDs were found in them. Skipping unneeded JARs during scanning can improve startup time and JSP compilation time.
24-Apr-2022 18:39:05.401 INFO [main] org.apache.catalina.startup.HostConfig.deployWAR Deployment of web application archive [/Users/moloko/Desktop/tomcat/apache-tomcat-9.0.62/webapps/sakai-roster2-tool.war] has finished in [274] ms
24-Apr-2022 18:39:05.403 INFO [main] org.apache.catalina.startup.HostConfig.deployWAR Deploying web application archive [/Users/moloko/Desktop/tomcat/apache-tomcat-9.0.62/webapps/sakai-acadtermmanage-tool.war]
24-Apr-2022 18:39:05.592 INFO [main] org.apache.jasper.servlet.TldScanner.scanJars At least one JAR was scanned for TLDs yet contained no TLDs. Enable debug logging for this logger for a complete list of JARs that were scanned but no TLDs were found in them. Skipping unneeded JARs during scanning can improve startup time and JSP compilation time.
24-Apr-2022 18:39:05.833 INFO [main] org.apache.catalina.startup.HostConfig.deployWAR Deployment of web application archive [/Users/moloko/Desktop/tomcat/apache-tomcat-9.0.62/webapps/sakai-acadtermmanage-tool.war] has finished in [430] ms
24-Apr-2022 18:39:05.838 INFO [main] org.apache.catalina.startup.HostConfig.deployWAR Deploying web application archive [/Users/moloko/Desktop/tomcat/apache-tomcat-9.0.62/webapps/sitestats-tool.war]
24-Apr-2022 18:39:06.482 INFO [main] org.apache.jasper.servlet.TldScanner.scanJars At least one JAR was scanned for TLDs yet contained no TLDs. Enable debug logging for this logger for a complete list of JARs that were scanned but no TLDs were found in them. Skipping unneeded JARs during scanning can improve startup time and JSP compilation time.
24-Apr-2022 18:39:06.620 INFO [main] org.apache.catalina.startup.HostConfig.deployWAR Deployment of web application archive [/Users/moloko/Desktop/tomcat/apache-tomcat-9.0.62/webapps/sitestats-tool.war] has finished in [782] ms
24-Apr-2022 18:39:06.626 INFO [main] org.apache.catalina.startup.HostConfig.deployWAR Deploying web application archive [/Users/moloko/Desktop/tomcat/apache-tomcat-9.0.62/webapps/dav.war]
24-Apr-2022 18:39:06.797 INFO [main] org.apache.jasper.servlet.TldScanner.scanJars At least one JAR was scanned for TLDs yet contained no TLDs. Enable debug logging for this logger for a complete list of JARs that were scanned but no TLDs were found in them. Skipping unneeded JARs during scanning can improve startup time and JSP compilation time.
24-Apr-2022 18:39:06.803 INFO [main] org.apache.catalina.startup.HostConfig.deployWAR Deployment of web application archive [/Users/moloko/Desktop/tomcat/apache-tomcat-9.0.62/webapps/dav.war] has finished in [176] ms
24-Apr-2022 18:39:06.806 INFO [main] org.apache.catalina.startup.HostConfig.deployWAR Deploying web application archive [/Users/moloko/Desktop/tomcat/apache-tomcat-9.0.62/webapps/sakai-onedrive-tool.war]
24-Apr-2022 18:39:06.920 INFO [main] org.apache.jasper.servlet.TldScanner.scanJars At least one JAR was scanned for TLDs yet contained no TLDs. Enable debug logging for this logger for a complete list of JARs that were scanned but no TLDs were found in them. Skipping unneeded JARs during scanning can improve startup time and JSP compilation time.
24-Apr-2022 18:39:07.292 INFO [main] org.apache.catalina.startup.HostConfig.deployWAR Deployment of web application archive [/Users/moloko/Desktop/tomcat/apache-tomcat-9.0.62/webapps/sakai-onedrive-tool.war] has finished in [486] ms
24-Apr-2022 18:39:07.294 INFO [main] org.apache.catalina.startup.HostConfig.deployWAR Deploying web application archive [/Users/moloko/Desktop/tomcat/apache-tomcat-9.0.62/webapps/direct.war]
24-Apr-2022 18:39:07.389 INFO [main] org.apache.jasper.servlet.TldScanner.scanJars At least one JAR was scanned for TLDs yet contained no TLDs. Enable debug logging for this logger for a complete list of JARs that were scanned but no TLDs were found in them. Skipping unneeded JARs during scanning can improve startup time and JSP compilation time.
24-Apr-2022 18:39:07.415 INFO [main] org.apache.catalina.startup.HostConfig.deployWAR Deployment of web application archive [/Users/moloko/Desktop/tomcat/apache-tomcat-9.0.62/webapps/direct.war] has finished in [121] ms
24-Apr-2022 18:39:07.417 INFO [main] org.apache.catalina.startup.HostConfig.deployWAR Deploying web application archive [/Users/moloko/Desktop/tomcat/apache-tomcat-9.0.62/webapps/elfinder-connector.war]
24-Apr-2022 18:39:07.525 INFO [main] org.apache.jasper.servlet.TldScanner.scanJars At least one JAR was scanned for TLDs yet contained no TLDs. Enable debug logging for this logger for a complete list of JARs that were scanned but no TLDs were found in them. Skipping unneeded JARs during scanning can improve startup time and JSP compilation time.
24-Apr-2022 18:39:07.562 INFO [main] org.apache.catalina.startup.HostConfig.deployWAR Deployment of web application archive [/Users/moloko/Desktop/tomcat/apache-tomcat-9.0.62/webapps/elfinder-connector.war] has finished in [145] ms
24-Apr-2022 18:39:07.564 INFO [main] org.apache.catalina.startup.HostConfig.deployWAR Deploying web application archive [/Users/moloko/Desktop/tomcat/apache-tomcat-9.0.62/webapps/portal-chat.war]
24-Apr-2022 18:39:07.681 INFO [main] org.apache.jasper.servlet.TldScanner.scanJars At least one JAR was scanned for TLDs yet contained no TLDs. Enable debug logging for this logger for a complete list of JARs that were scanned but no TLDs were found in them. Skipping unneeded JARs during scanning can improve startup time and JSP compilation time.
24-Apr-2022 18:39:07.721 INFO [main] org.apache.catalina.startup.HostConfig.deployWAR Deployment of web application archive [/Users/moloko/Desktop/tomcat/apache-tomcat-9.0.62/webapps/portal-chat.war] has finished in [157] ms
24-Apr-2022 18:39:07.725 INFO [main] org.apache.catalina.startup.HostConfig.deployWAR Deploying web application archive [/Users/moloko/Desktop/tomcat/apache-tomcat-9.0.62/webapps/jsf-resource.war]
24-Apr-2022 18:39:07.795 INFO [main] org.apache.jasper.servlet.TldScanner.scanJars At least one JAR was scanned for TLDs yet contained no TLDs. Enable debug logging for this logger for a complete list of JARs that were scanned but no TLDs were found in them. Skipping unneeded JARs during scanning can improve startup time and JSP compilation time.
24-Apr-2022 18:39:07.797 INFO [main] org.apache.catalina.startup.HostConfig.deployWAR Deployment of web application archive [/Users/moloko/Desktop/tomcat/apache-tomcat-9.0.62/webapps/jsf-resource.war] has finished in [71] ms
24-Apr-2022 18:39:07.799 INFO [main] org.apache.catalina.startup.HostConfig.deployWAR Deploying web application archive [/Users/moloko/Desktop/tomcat/apache-tomcat-9.0.62/webapps/sakai-message-tool.war]
24-Apr-2022 18:39:07.911 INFO [main] org.apache.jasper.servlet.TldScanner.scanJars At least one JAR was scanned for TLDs yet contained no TLDs. Enable debug logging for this logger for a complete list of JARs that were scanned but no TLDs were found in them. Skipping unneeded JARs during scanning can improve startup time and JSP compilation time.
24-Apr-2022 18:39:08.043 INFO [main] org.apache.catalina.startup.HostConfig.deployWAR Deployment of web application archive [/Users/moloko/Desktop/tomcat/apache-tomcat-9.0.62/webapps/sakai-message-tool.war] has finished in [243] ms
24-Apr-2022 18:39:08.046 INFO [main] org.apache.catalina.startup.HostConfig.deployWAR Deploying web application archive [/Users/moloko/Desktop/tomcat/apache-tomcat-9.0.62/webapps/portal.war]
24-Apr-2022 18:39:08.151 INFO [main] org.apache.jasper.servlet.TldScanner.scanJars At least one JAR was scanned for TLDs yet contained no TLDs. Enable debug logging for this logger for a complete list of JARs that were scanned but no TLDs were found in them. Skipping unneeded JARs during scanning can improve startup time and JSP compilation time.
24-Apr-2022 18:39:08.283 INFO [main] org.apache.catalina.startup.HostConfig.deployWAR Deployment of web application archive [/Users/moloko/Desktop/tomcat/apache-tomcat-9.0.62/webapps/portal.war] has finished in [237] ms
24-Apr-2022 18:39:08.286 INFO [main] org.apache.catalina.startup.HostConfig.deployWAR Deploying web application archive [/Users/moloko/Desktop/tomcat/apache-tomcat-9.0.62/webapps/gradebookng-tool.war]
24-Apr-2022 18:39:08.928 INFO [main] org.apache.jasper.servlet.TldScanner.scanJars At least one JAR was scanned for TLDs yet contained no TLDs. Enable debug logging for this logger for a complete list of JARs that were scanned but no TLDs were found in them. Skipping unneeded JARs during scanning can improve startup time and JSP compilation time.
24-Apr-2022 18:39:09.204 INFO [main] org.webjars.servlet.WebjarsServlet.init WebjarsServlet initialization completed
24-Apr-2022 18:39:09.206 INFO [main] org.apache.catalina.startup.HostConfig.deployWAR Deployment of web application archive [/Users/moloko/Desktop/tomcat/apache-tomcat-9.0.62/webapps/gradebookng-tool.war] has finished in [920] ms
24-Apr-2022 18:39:09.208 INFO [main] org.apache.catalina.startup.HostConfig.deployWAR Deploying web application archive [/Users/moloko/Desktop/tomcat/apache-tomcat-9.0.62/webapps/lessonbuilder-tool.war]
24-Apr-2022 18:39:09.635 INFO [main] org.apache.jasper.servlet.TldScanner.scanJars At least one JAR was scanned for TLDs yet contained no TLDs. Enable debug logging for this logger for a complete list of JARs that were scanned but no TLDs were found in them. Skipping unneeded JARs during scanning can improve startup time and JSP compilation time.
24-Apr-2022 18:39:10.563 INFO [main] org.apache.catalina.startup.HostConfig.deployWAR Deployment of web application archive [/Users/moloko/Desktop/tomcat/apache-tomcat-9.0.62/webapps/lessonbuilder-tool.war] has finished in [1,355] ms
24-Apr-2022 18:39:10.566 INFO [main] org.apache.catalina.startup.HostConfig.deployWAR Deploying web application archive [/Users/moloko/Desktop/tomcat/apache-tomcat-9.0.62/webapps/simple-rss-portlet.war]
24-Apr-2022 18:39:10.734 INFO [main] org.apache.jasper.servlet.TldScanner.scanJars At least one JAR was scanned for TLDs yet contained no TLDs. Enable debug logging for this logger for a complete list of JARs that were scanned but no TLDs were found in them. Skipping unneeded JARs during scanning can improve startup time and JSP compilation time.
24-Apr-2022 18:39:11.006 INFO [main] org.apache.catalina.startup.HostConfig.deployWAR Deployment of web application archive [/Users/moloko/Desktop/tomcat/apache-tomcat-9.0.62/webapps/simple-rss-portlet.war] has finished in [440] ms
24-Apr-2022 18:39:11.009 INFO [main] org.apache.catalina.startup.HostConfig.deployWAR Deploying web application archive [/Users/moloko/Desktop/tomcat/apache-tomcat-9.0.62/webapps/imsoidc.war]
24-Apr-2022 18:39:11.156 INFO [main] org.apache.jasper.servlet.TldScanner.scanJars At least one JAR was scanned for TLDs yet contained no TLDs. Enable debug logging for this logger for a complete list of JARs that were scanned but no TLDs were found in them. Skipping unneeded JARs during scanning can improve startup time and JSP compilation time.
24-Apr-2022 18:39:11.164 INFO [main] org.apache.catalina.startup.HostConfig.deployWAR Deployment of web application archive [/Users/moloko/Desktop/tomcat/apache-tomcat-9.0.62/webapps/imsoidc.war] has finished in [155] ms
24-Apr-2022 18:39:11.167 INFO [main] org.apache.catalina.startup.HostConfig.deployWAR Deploying web application archive [/Users/moloko/Desktop/tomcat/apache-tomcat-9.0.62/webapps/admin-tools.war]
24-Apr-2022 18:39:11.426 INFO [main] org.apache.jasper.servlet.TldScanner.scanJars At least one JAR was scanned for TLDs yet contained no TLDs. Enable debug logging for this logger for a complete list of JARs that were scanned but no TLDs were found in them. Skipping unneeded JARs during scanning can improve startup time and JSP compilation time.
24-Apr-2022 18:39:11.572 INFO [main] org.apache.catalina.startup.HostConfig.deployWAR Deployment of web application archive [/Users/moloko/Desktop/tomcat/apache-tomcat-9.0.62/webapps/admin-tools.war] has finished in [404] ms
24-Apr-2022 18:39:11.574 INFO [main] org.apache.catalina.startup.HostConfig.deployWAR Deploying web application archive [/Users/moloko/Desktop/tomcat/apache-tomcat-9.0.62/webapps/sakai-site-datemanager-helper.war]
24-Apr-2022 18:39:11.679 INFO [main] org.apache.jasper.servlet.TldScanner.scanJars At least one JAR was scanned for TLDs yet contained no TLDs. Enable debug logging for this logger for a complete list of JARs that were scanned but no TLDs were found in them. Skipping unneeded JARs during scanning can improve startup time and JSP compilation time.
24-Apr-2022 18:39:12.045 INFO [main] org.apache.catalina.startup.HostConfig.deployWAR Deployment of web application archive [/Users/moloko/Desktop/tomcat/apache-tomcat-9.0.62/webapps/sakai-site-datemanager-helper.war] has finished in [471] ms
24-Apr-2022 18:39:12.048 INFO [main] org.apache.catalina.startup.HostConfig.deployWAR Deploying web application archive [/Users/moloko/Desktop/tomcat/apache-tomcat-9.0.62/webapps/sakai-site-manage-link-helper.war]
24-Apr-2022 18:39:12.183 INFO [main] org.apache.jasper.servlet.TldScanner.scanJars At least one JAR was scanned for TLDs yet contained no TLDs. Enable debug logging for this logger for a complete list of JARs that were scanned but no TLDs were found in them. Skipping unneeded JARs during scanning can improve startup time and JSP compilation time.
24-Apr-2022 18:39:12.312 INFO [main] org.apache.catalina.startup.HostConfig.deployWAR Deployment of web application archive [/Users/moloko/Desktop/tomcat/apache-tomcat-9.0.62/webapps/sakai-site-manage-link-helper.war] has finished in [264] ms
24-Apr-2022 18:39:12.315 INFO [main] org.apache.catalina.startup.HostConfig.deployWAR Deploying web application archive [/Users/moloko/Desktop/tomcat/apache-tomcat-9.0.62/webapps/sakai-reset-pass.war]
24-Apr-2022 18:39:12.426 INFO [main] org.apache.jasper.servlet.TldScanner.scanJars At least one JAR was scanned for TLDs yet contained no TLDs. Enable debug logging for this logger for a complete list of JARs that were scanned but no TLDs were found in them. Skipping unneeded JARs during scanning can improve startup time and JSP compilation time.
24-Apr-2022 18:39:13.099 INFO [main] org.apache.catalina.startup.HostConfig.deployWAR Deployment of web application archive [/Users/moloko/Desktop/tomcat/apache-tomcat-9.0.62/webapps/sakai-reset-pass.war] has finished in [784] ms
24-Apr-2022 18:39:13.103 INFO [main] org.apache.catalina.startup.HostConfig.deployWAR Deploying web application archive [/Users/moloko/Desktop/tomcat/apache-tomcat-9.0.62/webapps/sakai-site-manage-tool.war]
24-Apr-2022 18:39:13.375 INFO [main] org.apache.jasper.servlet.TldScanner.scanJars At least one JAR was scanned for TLDs yet contained no TLDs. Enable debug logging for this logger for a complete list of JARs that were scanned but no TLDs were found in them. Skipping unneeded JARs during scanning can improve startup time and JSP compilation time.
24-Apr-2022 18:39:13.521 INFO [main] org.apache.catalina.startup.HostConfig.deployWAR Deployment of web application archive [/Users/moloko/Desktop/tomcat/apache-tomcat-9.0.62/webapps/sakai-site-manage-tool.war] has finished in [418] ms
24-Apr-2022 18:39:13.523 INFO [main] org.apache.catalina.startup.HostConfig.deployWAR Deploying web application archive [/Users/moloko/Desktop/tomcat/apache-tomcat-9.0.62/webapps/web.war]
24-Apr-2022 18:39:13.628 INFO [main] org.apache.jasper.servlet.TldScanner.scanJars At least one JAR was scanned for TLDs yet contained no TLDs. Enable debug logging for this logger for a complete list of JARs that were scanned but no TLDs were found in them. Skipping unneeded JARs during scanning can improve startup time and JSP compilation time.
24-Apr-2022 18:39:13.764 INFO [main] org.apache.catalina.startup.HostConfig.deployWAR Deployment of web application archive [/Users/moloko/Desktop/tomcat/apache-tomcat-9.0.62/webapps/web.war] has finished in [241] ms
24-Apr-2022 18:39:13.767 INFO [main] org.apache.catalina.startup.HostConfig.deployWAR Deploying web application archive [/Users/moloko/Desktop/tomcat/apache-tomcat-9.0.62/webapps/mycalendar.war]
24-Apr-2022 18:39:13.884 INFO [main] org.apache.jasper.servlet.TldScanner.scanJars At least one JAR was scanned for TLDs yet contained no TLDs. Enable debug logging for this logger for a complete list of JARs that were scanned but no TLDs were found in them. Skipping unneeded JARs during scanning can improve startup time and JSP compilation time.
24-Apr-2022 18:39:14.120 INFO [main] org.apache.catalina.startup.HostConfig.deployWAR Deployment of web application archive [/Users/moloko/Desktop/tomcat/apache-tomcat-9.0.62/webapps/mycalendar.war] has finished in [353] ms
24-Apr-2022 18:39:14.122 INFO [main] org.apache.catalina.startup.HostConfig.deployWAR Deploying web application archive [/Users/moloko/Desktop/tomcat/apache-tomcat-9.0.62/webapps/sakai-podcasts.war]
24-Apr-2022 18:39:14.343 INFO [main] org.apache.jasper.servlet.TldScanner.scanJars At least one JAR was scanned for TLDs yet contained no TLDs. Enable debug logging for this logger for a complete list of JARs that were scanned but no TLDs were found in them. Skipping unneeded JARs during scanning can improve startup time and JSP compilation time.
24-Apr-2022 18:39:14.542 INFO [main] org.apache.catalina.startup.HostConfig.deployWAR Deployment of web application archive [/Users/moloko/Desktop/tomcat/apache-tomcat-9.0.62/webapps/sakai-podcasts.war] has finished in [420] ms
24-Apr-2022 18:39:14.544 INFO [main] org.apache.catalina.startup.HostConfig.deployWAR Deploying web application archive [/Users/moloko/Desktop/tomcat/apache-tomcat-9.0.62/webapps/sakai-search-tool.war]
24-Apr-2022 18:39:14.663 INFO [main] org.apache.jasper.servlet.TldScanner.scanJars At least one JAR was scanned for TLDs yet contained no TLDs. Enable debug logging for this logger for a complete list of JARs that were scanned but no TLDs were found in them. Skipping unneeded JARs during scanning can improve startup time and JSP compilation time.
24-Apr-2022 18:39:14.750 INFO [main] org.apache.catalina.startup.HostConfig.deployWAR Deployment of web application archive [/Users/moloko/Desktop/tomcat/apache-tomcat-9.0.62/webapps/sakai-search-tool.war] has finished in [206] ms
24-Apr-2022 18:39:14.752 INFO [main] org.apache.catalina.startup.HostConfig.deployWAR Deploying web application archive [/Users/moloko/Desktop/tomcat/apache-tomcat-9.0.62/webapps/sakai-presence-tool.war]
24-Apr-2022 18:39:14.878 INFO [main] org.apache.jasper.servlet.TldScanner.scanJars At least one JAR was scanned for TLDs yet contained no TLDs. Enable debug logging for this logger for a complete list of JARs that were scanned but no TLDs were found in them. Skipping unneeded JARs during scanning can improve startup time and JSP compilation time.
24-Apr-2022 18:39:15.008 INFO [main] org.apache.catalina.startup.HostConfig.deployWAR Deployment of web application archive [/Users/moloko/Desktop/tomcat/apache-tomcat-9.0.62/webapps/sakai-presence-tool.war] has finished in [256] ms
24-Apr-2022 18:39:15.009 INFO [main] org.apache.catalina.startup.HostConfig.deployWAR Deploying web application archive [/Users/moloko/Desktop/tomcat/apache-tomcat-9.0.62/webapps/sakai-user-tool-prefs.war]
24-Apr-2022 18:39:15.232 INFO [main] org.apache.jasper.servlet.TldScanner.scanJars At least one JAR was scanned for TLDs yet contained no TLDs. Enable debug logging for this logger for a complete list of JARs that were scanned but no TLDs were found in them. Skipping unneeded JARs during scanning can improve startup time and JSP compilation time.
24-Apr-2022 18:39:16.196 INFO [main] org.apache.catalina.startup.HostConfig.deployWAR Deployment of web application archive [/Users/moloko/Desktop/tomcat/apache-tomcat-9.0.62/webapps/sakai-user-tool-prefs.war] has finished in [1,187] ms
24-Apr-2022 18:39:16.198 INFO [main] org.apache.catalina.startup.HostConfig.deployWAR Deploying web application archive [/Users/moloko/Desktop/tomcat/apache-tomcat-9.0.62/webapps/sakai-googledrive-tool.war]
24-Apr-2022 18:39:16.312 INFO [main] org.apache.jasper.servlet.TldScanner.scanJars At least one JAR was scanned for TLDs yet contained no TLDs. Enable debug logging for this logger for a complete list of JARs that were scanned but no TLDs were found in them. Skipping unneeded JARs during scanning can improve startup time and JSP compilation time.
24-Apr-2022 18:39:16.677 INFO [main] org.apache.catalina.startup.HostConfig.deployWAR Deployment of web application archive [/Users/moloko/Desktop/tomcat/apache-tomcat-9.0.62/webapps/sakai-googledrive-tool.war] has finished in [479] ms
24-Apr-2022 18:39:16.679 INFO [main] org.apache.catalina.startup.HostConfig.deployWAR Deploying web application archive [/Users/moloko/Desktop/tomcat/apache-tomcat-9.0.62/webapps/tags-tool.war]
24-Apr-2022 18:39:16.795 INFO [main] org.apache.jasper.servlet.TldScanner.scanJars At least one JAR was scanned for TLDs yet contained no TLDs. Enable debug logging for this logger for a complete list of JARs that were scanned but no TLDs were found in them. Skipping unneeded JARs during scanning can improve startup time and JSP compilation time.
24-Apr-2022 18:39:16.802 INFO [main] org.apache.catalina.startup.HostConfig.deployWAR Deployment of web application archive [/Users/moloko/Desktop/tomcat/apache-tomcat-9.0.62/webapps/tags-tool.war] has finished in [123] ms
24-Apr-2022 18:39:16.804 INFO [main] org.apache.catalina.startup.HostConfig.deployWAR Deploying web application archive [/Users/moloko/Desktop/tomcat/apache-tomcat-9.0.62/webapps/content-review-tool.war]
24-Apr-2022 18:39:16.885 INFO [main] org.apache.jasper.servlet.TldScanner.scanJars At least one JAR was scanned for TLDs yet contained no TLDs. Enable debug logging for this logger for a complete list of JARs that were scanned but no TLDs were found in them. Skipping unneeded JARs during scanning can improve startup time and JSP compilation time.
24-Apr-2022 18:39:17.024 INFO [main] org.apache.catalina.startup.HostConfig.deployWAR Deployment of web application archive [/Users/moloko/Desktop/tomcat/apache-tomcat-9.0.62/webapps/content-review-tool.war] has finished in [220] ms
24-Apr-2022 18:39:17.030 INFO [main] org.apache.catalina.startup.HostConfig.deployWAR Deploying web application archive [/Users/moloko/Desktop/tomcat/apache-tomcat-9.0.62/webapps/webcomponents.war]
24-Apr-2022 18:39:17.166 INFO [main] org.apache.jasper.servlet.TldScanner.scanJars At least one JAR was scanned for TLDs yet contained no TLDs. Enable debug logging for this logger for a complete list of JARs that were scanned but no TLDs were found in them. Skipping unneeded JARs during scanning can improve startup time and JSP compilation time.
24-Apr-2022 18:39:17.186 INFO [main] org.apache.catalina.startup.HostConfig.deployWAR Deployment of web application archive [/Users/moloko/Desktop/tomcat/apache-tomcat-9.0.62/webapps/webcomponents.war] has finished in [156] ms
24-Apr-2022 18:39:17.188 INFO [main] org.apache.catalina.startup.HostConfig.deployWAR Deploying web application archive [/Users/moloko/Desktop/tomcat/apache-tomcat-9.0.62/webapps/sakai-calendar-tool.war]
24-Apr-2022 18:39:17.351 INFO [main] org.apache.jasper.servlet.TldScanner.scanJars At least one JAR was scanned for TLDs yet contained no TLDs. Enable debug logging for this logger for a complete list of JARs that were scanned but no TLDs were found in them. Skipping unneeded JARs during scanning can improve startup time and JSP compilation time.
24-Apr-2022 18:39:17.543 INFO [main] org.apache.catalina.startup.HostConfig.deployWAR Deployment of web application archive [/Users/moloko/Desktop/tomcat/apache-tomcat-9.0.62/webapps/sakai-calendar-tool.war] has finished in [355] ms
24-Apr-2022 18:39:17.546 INFO [main] org.apache.catalina.startup.HostConfig.deployWAR Deploying web application archive [/Users/moloko/Desktop/tomcat/apache-tomcat-9.0.62/webapps/delegatedaccess-tool.war]
24-Apr-2022 18:39:17.838 INFO [main] org.apache.jasper.servlet.TldScanner.scanJars At least one JAR was scanned for TLDs yet contained no TLDs. Enable debug logging for this logger for a complete list of JARs that were scanned but no TLDs were found in them. Skipping unneeded JARs during scanning can improve startup time and JSP compilation time.
24-Apr-2022 18:39:18.078 INFO [main] org.apache.catalina.startup.HostConfig.deployWAR Deployment of web application archive [/Users/moloko/Desktop/tomcat/apache-tomcat-9.0.62/webapps/delegatedaccess-tool.war] has finished in [533] ms
24-Apr-2022 18:39:18.080 INFO [main] org.apache.catalina.startup.HostConfig.deployWAR Deploying web application archive [/Users/moloko/Desktop/tomcat/apache-tomcat-9.0.62/webapps/sakai-web-tool.war]
24-Apr-2022 18:39:18.222 INFO [main] org.apache.jasper.servlet.TldScanner.scanJars At least one JAR was scanned for TLDs yet contained no TLDs. Enable debug logging for this logger for a complete list of JARs that were scanned but no TLDs were found in them. Skipping unneeded JARs during scanning can improve startup time and JSP compilation time.
24-Apr-2022 18:39:18.374 INFO [main] org.apache.catalina.startup.HostConfig.deployWAR Deployment of web application archive [/Users/moloko/Desktop/tomcat/apache-tomcat-9.0.62/webapps/sakai-web-tool.war] has finished in [294] ms
24-Apr-2022 18:39:18.376 INFO [main] org.apache.catalina.startup.HostConfig.deployWAR Deploying web application archive [/Users/moloko/Desktop/tomcat/apache-tomcat-9.0.62/webapps/sakai-postem-tool.war]
24-Apr-2022 18:39:18.584 INFO [main] org.apache.jasper.servlet.TldScanner.scanJars At least one JAR was scanned for TLDs yet contained no TLDs. Enable debug logging for this logger for a complete list of JARs that were scanned but no TLDs were found in them. Skipping unneeded JARs during scanning can improve startup time and JSP compilation time.
24-Apr-2022 18:39:19.200 INFO [main] org.apache.catalina.startup.HostConfig.deployWAR Deployment of web application archive [/Users/moloko/Desktop/tomcat/apache-tomcat-9.0.62/webapps/sakai-postem-tool.war] has finished in [824] ms
24-Apr-2022 18:39:19.203 INFO [main] org.apache.catalina.startup.HostConfig.deployWAR Deploying web application archive [/Users/moloko/Desktop/tomcat/apache-tomcat-9.0.62/webapps/sakai-citations-servlet.war]
24-Apr-2022 18:39:19.498 INFO [main] org.apache.jasper.servlet.TldScanner.scanJars At least one JAR was scanned for TLDs yet contained no TLDs. Enable debug logging for this logger for a complete list of JARs that were scanned but no TLDs were found in them. Skipping unneeded JARs during scanning can improve startup time and JSP compilation time.
24-Apr-2022 18:39:19.869 INFO [main] org.apache.catalina.startup.HostConfig.deployWAR Deployment of web application archive [/Users/moloko/Desktop/tomcat/apache-tomcat-9.0.62/webapps/sakai-citations-servlet.war] has finished in [666] ms
24-Apr-2022 18:39:19.872 INFO [main] org.apache.catalina.startup.HostConfig.deployWAR Deploying web application archive [/Users/moloko/Desktop/tomcat/apache-tomcat-9.0.62/webapps/polls-tool.war]
24-Apr-2022 18:39:20.112 INFO [main] org.apache.jasper.servlet.TldScanner.scanJars At least one JAR was scanned for TLDs yet contained no TLDs. Enable debug logging for this logger for a complete list of JARs that were scanned but no TLDs were found in them. Skipping unneeded JARs during scanning can improve startup time and JSP compilation time.
24-Apr-2022 18:39:20.864 INFO [main] org.apache.catalina.startup.HostConfig.deployWAR Deployment of web application archive [/Users/moloko/Desktop/tomcat/apache-tomcat-9.0.62/webapps/polls-tool.war] has finished in [992] ms
24-Apr-2022 18:39:20.883 INFO [main] org.apache.catalina.startup.HostConfig.deployWAR Deploying web application archive [/Users/moloko/Desktop/tomcat/apache-tomcat-9.0.62/webapps/library.war]
24-Apr-2022 18:39:21.162 INFO [main] org.apache.jasper.servlet.TldScanner.scanJars At least one JAR was scanned for TLDs yet contained no TLDs. Enable debug logging for this logger for a complete list of JARs that were scanned but no TLDs were found in them. Skipping unneeded JARs during scanning can improve startup time and JSP compilation time.
24-Apr-2022 18:39:21.198 INFO [main] org.apache.catalina.startup.HostConfig.deployWAR Deployment of web application archive [/Users/moloko/Desktop/tomcat/apache-tomcat-9.0.62/webapps/library.war] has finished in [314] ms
24-Apr-2022 18:39:21.200 INFO [main] org.apache.catalina.startup.HostConfig.deployWAR Deploying web application archive [/Users/moloko/Desktop/tomcat/apache-tomcat-9.0.62/webapps/sakai-calendar-summary-tool.war]
24-Apr-2022 18:39:21.372 INFO [main] org.apache.jasper.servlet.TldScanner.scanJars At least one JAR was scanned for TLDs yet contained no TLDs. Enable debug logging for this logger for a complete list of JARs that were scanned but no TLDs were found in them. Skipping unneeded JARs during scanning can improve startup time and JSP compilation time.
24-Apr-2022 18:39:21.608 INFO [main] org.apache.catalina.startup.HostConfig.deployWAR Deployment of web application archive [/Users/moloko/Desktop/tomcat/apache-tomcat-9.0.62/webapps/sakai-calendar-summary-tool.war] has finished in [409] ms
24-Apr-2022 18:39:21.611 INFO [main] org.apache.catalina.startup.HostConfig.deployWAR Deploying web application archive [/Users/moloko/Desktop/tomcat/apache-tomcat-9.0.62/webapps/emailtemplateservice-tool.war]
24-Apr-2022 18:39:21.748 INFO [main] org.apache.jasper.servlet.TldScanner.scanJars At least one JAR was scanned for TLDs yet contained no TLDs. Enable debug logging for this logger for a complete list of JARs that were scanned but no TLDs were found in them. Skipping unneeded JARs during scanning can improve startup time and JSP compilation time.
24-Apr-2022 18:39:22.382 INFO [main] org.apache.catalina.startup.HostConfig.deployWAR Deployment of web application archive [/Users/moloko/Desktop/tomcat/apache-tomcat-9.0.62/webapps/emailtemplateservice-tool.war] has finished in [771] ms
24-Apr-2022 18:39:22.386 INFO [main] org.apache.catalina.startup.HostConfig.deployWAR Deploying web application archive [/Users/moloko/Desktop/tomcat/apache-tomcat-9.0.62/webapps/sakai-help-tool.war]
24-Apr-2022 18:39:22.577 INFO [main] org.apache.jasper.servlet.TldScanner.scanJars At least one JAR was scanned for TLDs yet contained no TLDs. Enable debug logging for this logger for a complete list of JARs that were scanned but no TLDs were found in them. Skipping unneeded JARs during scanning can improve startup time and JSP compilation time.
24-Apr-2022 18:39:22.940 INFO [main] org.apache.catalina.startup.HostConfig.deployWAR Deployment of web application archive [/Users/moloko/Desktop/tomcat/apache-tomcat-9.0.62/webapps/sakai-help-tool.war] has finished in [553] ms
24-Apr-2022 18:39:22.944 INFO [main] org.apache.catalina.startup.HostConfig.deployWAR Deploying web application archive [/Users/moloko/Desktop/tomcat/apache-tomcat-9.0.62/webapps/sakai-usermembership-tool.war]
24-Apr-2022 18:39:23.166 INFO [main] org.apache.jasper.servlet.TldScanner.scanJars At least one JAR was scanned for TLDs yet contained no TLDs. Enable debug logging for this logger for a complete list of JARs that were scanned but no TLDs were found in them. Skipping unneeded JARs during scanning can improve startup time and JSP compilation time.
24-Apr-2022 18:39:23.599 INFO [main] org.apache.catalina.startup.HostConfig.deployWAR Deployment of web application archive [/Users/moloko/Desktop/tomcat/apache-tomcat-9.0.62/webapps/sakai-usermembership-tool.war] has finished in [655] ms
24-Apr-2022 18:39:23.604 INFO [main] org.apache.catalina.startup.HostConfig.deployWAR Deploying web application archive [/Users/moloko/Desktop/tomcat/apache-tomcat-9.0.62/webapps/sakai-chat-tool.war]
24-Apr-2022 18:39:23.853 INFO [main] org.apache.jasper.servlet.TldScanner.scanJars At least one JAR was scanned for TLDs yet contained no TLDs. Enable debug logging for this logger for a complete list of JARs that were scanned but no TLDs were found in them. Skipping unneeded JARs during scanning can improve startup time and JSP compilation time.
24-Apr-2022 18:39:24.007 WARNING [main] org.jboss.weld.util.ServiceLoader.loadClass Could not load service class org.springframework.data.jpa.repository.cdi.JpaRepositoryExtension
24-Apr-2022 18:39:24.940 INFO [main] com.sun.faces.config.ConfigureListener.contextInitialized Initializing Mojarra 2.3.9 ( 20190401-1936 77894020e94a338c9701619b7ef6e9871c5a9079) for context '/sakai-chat-tool'
24-Apr-2022 18:39:25.291 INFO [main] com.sun.faces.spi.InjectionProviderFactory.createInstance JSF1048: PostConstruct/PreDestroy annotations present.  ManagedBeans methods marked with these annotations will have said annotations processed.
24-Apr-2022 18:39:26.235 INFO [main] org.apache.catalina.startup.HostConfig.deployWAR Deployment of web application archive [/Users/moloko/Desktop/tomcat/apache-tomcat-9.0.62/webapps/sakai-chat-tool.war] has finished in [2,631] ms
24-Apr-2022 18:39:26.240 INFO [main] org.apache.catalina.startup.HostConfig.deployWAR Deploying web application archive [/Users/moloko/Desktop/tomcat/apache-tomcat-9.0.62/webapps/sakai-fck-connector.war]
24-Apr-2022 18:39:26.325 INFO [main] org.apache.jasper.servlet.TldScanner.scanJars At least one JAR was scanned for TLDs yet contained no TLDs. Enable debug logging for this logger for a complete list of JARs that were scanned but no TLDs were found in them. Skipping unneeded JARs during scanning can improve startup time and JSP compilation time.
24-Apr-2022 18:39:26.330 INFO [main] org.apache.catalina.startup.HostConfig.deployWAR Deployment of web application archive [/Users/moloko/Desktop/tomcat/apache-tomcat-9.0.62/webapps/sakai-fck-connector.war] has finished in [90] ms
24-Apr-2022 18:39:26.336 INFO [main] org.apache.catalina.startup.HostConfig.deployWAR Deploying web application archive [/Users/moloko/Desktop/tomcat/apache-tomcat-9.0.62/webapps/accountvalidator.war]
24-Apr-2022 18:39:26.494 INFO [main] org.apache.jasper.servlet.TldScanner.scanJars At least one JAR was scanned for TLDs yet contained no TLDs. Enable debug logging for this logger for a complete list of JARs that were scanned but no TLDs were found in them. Skipping unneeded JARs during scanning can improve startup time and JSP compilation time.
24-Apr-2022 18:39:27.131 INFO [main] org.apache.catalina.startup.HostConfig.deployWAR Deployment of web application archive [/Users/moloko/Desktop/tomcat/apache-tomcat-9.0.62/webapps/accountvalidator.war] has finished in [795] ms
24-Apr-2022 18:39:27.137 INFO [main] org.apache.catalina.startup.HostConfig.deployWAR Deploying web application archive [/Users/moloko/Desktop/tomcat/apache-tomcat-9.0.62/webapps/sakai-syllabus-tool.war]
24-Apr-2022 18:39:27.460 INFO [main] org.apache.jasper.servlet.TldScanner.scanJars At least one JAR was scanned for TLDs yet contained no TLDs. Enable debug logging for this logger for a complete list of JARs that were scanned but no TLDs were found in them. Skipping unneeded JARs during scanning can improve startup time and JSP compilation time.
24-Apr-2022 18:39:27.552 INFO [main] com.sun.faces.config.ConfigureListener.contextInitialized Initializing Mojarra (1.2_15-06-20180412-SNAPSHOT) for context '/sakai-syllabus-tool'
24-Apr-2022 18:39:27.553 WARNING [main] com.sun.faces.config.ConfigureListener.contextInitialized JSF1059: WARNING!  The com.sun.faces.verifyObjects feature is to aid developers not using tools.  It shouldn''t be enabled if using an IDE, or if this application is being deployed for production as it will impact application start times.
24-Apr-2022 18:39:27.798 INFO [main] com.sun.faces.spi.InjectionProviderFactory.createInstance JSF1048: PostConstruct/PreDestroy annotations present.  ManagedBeans methods marked with these annotations will have said annotations processed.
24-Apr-2022 18:39:28.139 INFO [main] org.apache.catalina.startup.HostConfig.deployWAR Deployment of web application archive [/Users/moloko/Desktop/tomcat/apache-tomcat-9.0.62/webapps/sakai-syllabus-tool.war] has finished in [1,002] ms
24-Apr-2022 18:39:28.144 INFO [main] org.apache.catalina.startup.HostConfig.deployWAR Deploying web application archive [/Users/moloko/Desktop/tomcat/apache-tomcat-9.0.62/webapps/pasystem-tool.war]
24-Apr-2022 18:39:28.247 INFO [main] org.apache.jasper.servlet.TldScanner.scanJars At least one JAR was scanned for TLDs yet contained no TLDs. Enable debug logging for this logger for a complete list of JARs that were scanned but no TLDs were found in them. Skipping unneeded JARs during scanning can improve startup time and JSP compilation time.
24-Apr-2022 18:39:28.253 INFO [main] org.apache.catalina.startup.HostConfig.deployWAR Deployment of web application archive [/Users/moloko/Desktop/tomcat/apache-tomcat-9.0.62/webapps/pasystem-tool.war] has finished in [109] ms
24-Apr-2022 18:39:28.258 INFO [main] org.apache.catalina.startup.HostConfig.deployWAR Deploying web application archive [/Users/moloko/Desktop/tomcat/apache-tomcat-9.0.62/webapps/scheduler-tool.war]
24-Apr-2022 18:39:28.460 INFO [main] org.apache.jasper.servlet.TldScanner.scanJars At least one JAR was scanned for TLDs yet contained no TLDs. Enable debug logging for this logger for a complete list of JARs that were scanned but no TLDs were found in them. Skipping unneeded JARs during scanning can improve startup time and JSP compilation time.
24-Apr-2022 18:39:28.817 INFO [main] org.apache.catalina.startup.HostConfig.deployWAR Deployment of web application archive [/Users/moloko/Desktop/tomcat/apache-tomcat-9.0.62/webapps/scheduler-tool.war] has finished in [559] ms
24-Apr-2022 18:39:28.823 INFO [main] org.apache.catalina.startup.HostConfig.deployWAR Deploying web application archive [/Users/moloko/Desktop/tomcat/apache-tomcat-9.0.62/webapps/sakai-signup-tool.war]
24-Apr-2022 18:39:29.227 INFO [main] org.apache.jasper.servlet.TldScanner.scanJars At least one JAR was scanned for TLDs yet contained no TLDs. Enable debug logging for this logger for a complete list of JARs that were scanned but no TLDs were found in them. Skipping unneeded JARs during scanning can improve startup time and JSP compilation time.
24-Apr-2022 18:39:29.330 INFO [main] com.sun.faces.config.ConfigureListener.contextInitialized Initializing Mojarra (1.2_15-06-20180412-SNAPSHOT) for context '/sakai-signup-tool'
24-Apr-2022 18:39:29.428 INFO [main] com.sun.faces.spi.InjectionProviderFactory.createInstance JSF1048: PostConstruct/PreDestroy annotations present.  ManagedBeans methods marked with these annotations will have said annotations processed.
24-Apr-2022 18:39:29.684 INFO [main] org.apache.catalina.startup.HostConfig.deployWAR Deployment of web application archive [/Users/moloko/Desktop/tomcat/apache-tomcat-9.0.62/webapps/sakai-signup-tool.war] has finished in [861] ms
24-Apr-2022 18:39:29.686 INFO [main] org.apache.catalina.startup.HostConfig.deployWAR Deploying web application archive [/Users/moloko/Desktop/tomcat/apache-tomcat-9.0.62/webapps/sakai-web-portlet.war]
24-Apr-2022 18:39:29.786 INFO [main] org.apache.jasper.servlet.TldScanner.scanJars At least one JAR was scanned for TLDs yet contained no TLDs. Enable debug logging for this logger for a complete list of JARs that were scanned but no TLDs were found in them. Skipping unneeded JARs during scanning can improve startup time and JSP compilation time.
24-Apr-2022 18:39:29.883 INFO [main] org.apache.catalina.startup.HostConfig.deployWAR Deployment of web application archive [/Users/moloko/Desktop/tomcat/apache-tomcat-9.0.62/webapps/sakai-web-portlet.war] has finished in [197] ms
24-Apr-2022 18:39:29.885 INFO [main] org.apache.catalina.startup.HostConfig.deployWAR Deploying web application archive [/Users/moloko/Desktop/tomcat/apache-tomcat-9.0.62/webapps/sakai-ws.war]
24-Apr-2022 18:39:30.073 INFO [main] org.apache.jasper.servlet.TldScanner.scanJars At least one JAR was scanned for TLDs yet contained no TLDs. Enable debug logging for this logger for a complete list of JARs that were scanned but no TLDs were found in them. Skipping unneeded JARs during scanning can improve startup time and JSP compilation time.
24-Apr-2022 18:39:31.789 INFO [main] org.apache.catalina.startup.HostConfig.deployWAR Deployment of web application archive [/Users/moloko/Desktop/tomcat/apache-tomcat-9.0.62/webapps/sakai-ws.war] has finished in [1,903] ms
24-Apr-2022 18:39:31.792 INFO [main] org.apache.catalina.startup.HostConfig.deployWAR Deploying web application archive [/Users/moloko/Desktop/tomcat/apache-tomcat-9.0.62/webapps/sakai-sections-tool.war]
24-Apr-2022 18:39:32.115 INFO [main] org.apache.jasper.servlet.TldScanner.scanJars At least one JAR was scanned for TLDs yet contained no TLDs. Enable debug logging for this logger for a complete list of JARs that were scanned but no TLDs were found in them. Skipping unneeded JARs during scanning can improve startup time and JSP compilation time.
24-Apr-2022 18:39:32.568 INFO [main] org.apache.catalina.startup.HostConfig.deployWAR Deployment of web application archive [/Users/moloko/Desktop/tomcat/apache-tomcat-9.0.62/webapps/sakai-sections-tool.war] has finished in [776] ms
24-Apr-2022 18:39:32.572 INFO [main] org.apache.catalina.startup.HostConfig.deployWAR Deploying web application archive [/Users/moloko/Desktop/tomcat/apache-tomcat-9.0.62/webapps/imsblis.war]
24-Apr-2022 18:39:32.731 INFO [main] org.apache.jasper.servlet.TldScanner.scanJars At least one JAR was scanned for TLDs yet contained no TLDs. Enable debug logging for this logger for a complete list of JARs that were scanned but no TLDs were found in them. Skipping unneeded JARs during scanning can improve startup time and JSP compilation time.
24-Apr-2022 18:39:32.760 INFO [main] org.apache.catalina.startup.HostConfig.deployWAR Deployment of web application archive [/Users/moloko/Desktop/tomcat/apache-tomcat-9.0.62/webapps/imsblis.war] has finished in [188] ms
24-Apr-2022 18:39:32.763 INFO [main] org.apache.catalina.startup.HostConfig.deployWAR Deploying web application archive [/Users/moloko/Desktop/tomcat/apache-tomcat-9.0.62/webapps/sakai-calendar-connector.war]
24-Apr-2022 18:39:32.842 INFO [main] org.apache.jasper.servlet.TldScanner.scanJars At least one JAR was scanned for TLDs yet contained no TLDs. Enable debug logging for this logger for a complete list of JARs that were scanned but no TLDs were found in them. Skipping unneeded JARs during scanning can improve startup time and JSP compilation time.
24-Apr-2022 18:39:32.859 INFO [main] org.apache.catalina.startup.HostConfig.deployWAR Deployment of web application archive [/Users/moloko/Desktop/tomcat/apache-tomcat-9.0.62/webapps/sakai-calendar-connector.war] has finished in [96] ms
24-Apr-2022 18:39:32.862 INFO [main] org.apache.catalina.startup.HostConfig.deployWAR Deploying web application archive [/Users/moloko/Desktop/tomcat/apache-tomcat-9.0.62/webapps/sakai-content-tool.war]
24-Apr-2022 18:39:33.128 INFO [main] org.apache.jasper.servlet.TldScanner.scanJars At least one JAR was scanned for TLDs yet contained no TLDs. Enable debug logging for this logger for a complete list of JARs that were scanned but no TLDs were found in them. Skipping unneeded JARs during scanning can improve startup time and JSP compilation time.
24-Apr-2022 18:39:33.319 INFO [main] org.apache.catalina.startup.HostConfig.deployWAR Deployment of web application archive [/Users/moloko/Desktop/tomcat/apache-tomcat-9.0.62/webapps/sakai-content-tool.war] has finished in [457] ms
24-Apr-2022 18:39:33.322 INFO [main] org.apache.catalina.startup.HostConfig.deployWAR Deploying web application archive [/Users/moloko/Desktop/tomcat/apache-tomcat-9.0.62/webapps/sakai-web-portlet-basiclti.war]
24-Apr-2022 18:39:33.403 INFO [main] org.apache.jasper.servlet.TldScanner.scanJars At least one JAR was scanned for TLDs yet contained no TLDs. Enable debug logging for this logger for a complete list of JARs that were scanned but no TLDs were found in them. Skipping unneeded JARs during scanning can improve startup time and JSP compilation time.
24-Apr-2022 18:39:33.532 INFO [main] org.apache.catalina.startup.HostConfig.deployWAR Deployment of web application archive [/Users/moloko/Desktop/tomcat/apache-tomcat-9.0.62/webapps/sakai-web-portlet-basiclti.war] has finished in [210] ms
24-Apr-2022 18:39:33.536 INFO [main] org.apache.catalina.startup.HostConfig.deployWAR Deploying web application archive [/Users/moloko/Desktop/tomcat/apache-tomcat-9.0.62/webapps/sakai-site-group-manager.war]
24-Apr-2022 18:39:33.713 INFO [main] org.apache.jasper.servlet.TldScanner.scanJars At least one JAR was scanned for TLDs yet contained no TLDs. Enable debug logging for this logger for a complete list of JARs that were scanned but no TLDs were found in them. Skipping unneeded JARs during scanning can improve startup time and JSP compilation time.
24-Apr-2022 18:39:34.129 INFO [main] org.apache.catalina.startup.HostConfig.deployWAR Deployment of web application archive [/Users/moloko/Desktop/tomcat/apache-tomcat-9.0.62/webapps/sakai-site-group-manager.war] has finished in [592] ms
24-Apr-2022 18:39:34.131 INFO [main] org.apache.catalina.startup.HostConfig.deployWAR Deploying web application archive [/Users/moloko/Desktop/tomcat/apache-tomcat-9.0.62/webapps/sakai-citations-tool.war]
24-Apr-2022 18:39:34.292 INFO [main] org.apache.jasper.servlet.TldScanner.scanJars At least one JAR was scanned for TLDs yet contained no TLDs. Enable debug logging for this logger for a complete list of JARs that were scanned but no TLDs were found in them. Skipping unneeded JARs during scanning can improve startup time and JSP compilation time.
24-Apr-2022 18:39:34.440 INFO [main] org.apache.catalina.startup.HostConfig.deployWAR Deployment of web application archive [/Users/moloko/Desktop/tomcat/apache-tomcat-9.0.62/webapps/sakai-citations-tool.war] has finished in [310] ms
24-Apr-2022 18:39:34.442 INFO [main] org.apache.catalina.startup.HostConfig.deployWAR Deploying web application archive [/Users/moloko/Desktop/tomcat/apache-tomcat-9.0.62/webapps/imsblti.war]
24-Apr-2022 18:39:34.573 INFO [main] org.apache.jasper.servlet.TldScanner.scanJars At least one JAR was scanned for TLDs yet contained no TLDs. Enable debug logging for this logger for a complete list of JARs that were scanned but no TLDs were found in them. Skipping unneeded JARs during scanning can improve startup time and JSP compilation time.
24-Apr-2022 18:39:34.613 INFO [main] org.apache.catalina.startup.HostConfig.deployWAR Deployment of web application archive [/Users/moloko/Desktop/tomcat/apache-tomcat-9.0.62/webapps/imsblti.war] has finished in [171] ms
24-Apr-2022 18:39:34.614 INFO [main] org.apache.catalina.startup.HostConfig.deployWAR Deploying web application archive [/Users/moloko/Desktop/tomcat/apache-tomcat-9.0.62/webapps/courier.war]
24-Apr-2022 18:39:34.681 INFO [main] org.apache.jasper.servlet.TldScanner.scanJars At least one JAR was scanned for TLDs yet contained no TLDs. Enable debug logging for this logger for a complete list of JARs that were scanned but no TLDs were found in them. Skipping unneeded JARs during scanning can improve startup time and JSP compilation time.
24-Apr-2022 18:39:34.684 INFO [main] org.apache.catalina.startup.HostConfig.deployWAR Deployment of web application archive [/Users/moloko/Desktop/tomcat/apache-tomcat-9.0.62/webapps/courier.war] has finished in [70] ms
24-Apr-2022 18:39:34.688 INFO [main] org.apache.catalina.startup.HostConfig.deployWAR Deploying web application archive [/Users/moloko/Desktop/tomcat/apache-tomcat-9.0.62/webapps/authn.war]
24-Apr-2022 18:39:34.772 INFO [main] org.apache.jasper.servlet.TldScanner.scanJars At least one JAR was scanned for TLDs yet contained no TLDs. Enable debug logging for this logger for a complete list of JARs that were scanned but no TLDs were found in them. Skipping unneeded JARs during scanning can improve startup time and JSP compilation time.
24-Apr-2022 18:39:34.776 INFO [main] org.apache.catalina.startup.HostConfig.deployWAR Deployment of web application archive [/Users/moloko/Desktop/tomcat/apache-tomcat-9.0.62/webapps/authn.war] has finished in [88] ms
24-Apr-2022 18:39:34.778 INFO [main] org.apache.catalina.startup.HostConfig.deployWAR Deploying web application archive [/Users/moloko/Desktop/tomcat/apache-tomcat-9.0.62/webapps/sakai-site-pageorder-helper.war]
24-Apr-2022 18:39:34.901 INFO [main] org.apache.jasper.servlet.TldScanner.scanJars At least one JAR was scanned for TLDs yet contained no TLDs. Enable debug logging for this logger for a complete list of JARs that were scanned but no TLDs were found in them. Skipping unneeded JARs during scanning can improve startup time and JSP compilation time.
24-Apr-2022 18:39:35.550 INFO [main] org.apache.catalina.startup.HostConfig.deployWAR Deployment of web application archive [/Users/moloko/Desktop/tomcat/apache-tomcat-9.0.62/webapps/sakai-site-pageorder-helper.war] has finished in [772] ms
24-Apr-2022 18:39:35.556 INFO [main] org.apache.catalina.startup.HostConfig.deployWAR Deploying web application archive [/Users/moloko/Desktop/tomcat/apache-tomcat-9.0.62/webapps/messageforums-tool.war]
24-Apr-2022 18:39:36.055 INFO [main] org.apache.jasper.servlet.TldScanner.scanJars At least one JAR was scanned for TLDs yet contained no TLDs. Enable debug logging for this logger for a complete list of JARs that were scanned but no TLDs were found in them. Skipping unneeded JARs during scanning can improve startup time and JSP compilation time.
24-Apr-2022 18:39:36.208 WARNING [main] org.jboss.weld.util.ServiceLoader.loadClass Could not load service class org.springframework.data.jpa.repository.cdi.JpaRepositoryExtension
24-Apr-2022 18:39:37.167 INFO [main] com.sun.faces.config.ConfigureListener.contextInitialized Initializing Mojarra 2.3.9 ( 20190401-1936 77894020e94a338c9701619b7ef6e9871c5a9079) for context '/messageforums-tool'
24-Apr-2022 18:39:37.409 INFO [main] com.sun.faces.spi.InjectionProviderFactory.createInstance JSF1048: PostConstruct/PreDestroy annotations present.  ManagedBeans methods marked with these annotations will have said annotations processed.
24-Apr-2022 18:39:38.283 INFO [main] org.apache.catalina.startup.HostConfig.deployWAR Deployment of web application archive [/Users/moloko/Desktop/tomcat/apache-tomcat-9.0.62/webapps/messageforums-tool.war] has finished in [2,727] ms
24-Apr-2022 18:39:38.286 INFO [main] org.apache.catalina.startup.HostConfig.deployWAR Deploying web application archive [/Users/moloko/Desktop/tomcat/apache-tomcat-9.0.62/webapps/access.war]
24-Apr-2022 18:39:38.393 INFO [main] org.apache.jasper.servlet.TldScanner.scanJars At least one JAR was scanned for TLDs yet contained no TLDs. Enable debug logging for this logger for a complete list of JARs that were scanned but no TLDs were found in them. Skipping unneeded JARs during scanning can improve startup time and JSP compilation time.
24-Apr-2022 18:39:38.518 INFO [main] org.apache.catalina.startup.HostConfig.deployWAR Deployment of web application archive [/Users/moloko/Desktop/tomcat/apache-tomcat-9.0.62/webapps/access.war] has finished in [232] ms
24-Apr-2022 18:39:38.520 INFO [main] org.apache.catalina.startup.HostConfig.deployWAR Deploying web application archive [/Users/moloko/Desktop/tomcat/apache-tomcat-9.0.62/webapps/tool.war]
24-Apr-2022 18:39:38.593 INFO [main] org.apache.jasper.servlet.TldScanner.scanJars At least one JAR was scanned for TLDs yet contained no TLDs. Enable debug logging for this logger for a complete list of JARs that were scanned but no TLDs were found in them. Skipping unneeded JARs during scanning can improve startup time and JSP compilation time.
24-Apr-2022 18:39:38.595 INFO [main] org.apache.catalina.startup.HostConfig.deployWAR Deployment of web application archive [/Users/moloko/Desktop/tomcat/apache-tomcat-9.0.62/webapps/tool.war] has finished in [75] ms
24-Apr-2022 18:39:38.597 INFO [main] org.apache.catalina.startup.HostConfig.deployWAR Deploying web application archive [/Users/moloko/Desktop/tomcat/apache-tomcat-9.0.62/webapps/adminsiteperms.war]
24-Apr-2022 18:39:38.752 INFO [main] org.apache.jasper.servlet.TldScanner.scanJars At least one JAR was scanned for TLDs yet contained no TLDs. Enable debug logging for this logger for a complete list of JARs that were scanned but no TLDs were found in them. Skipping unneeded JARs during scanning can improve startup time and JSP compilation time.
24-Apr-2022 18:39:38.858 INFO [main] org.apache.catalina.startup.HostConfig.deployWAR Deployment of web application archive [/Users/moloko/Desktop/tomcat/apache-tomcat-9.0.62/webapps/adminsiteperms.war] has finished in [261] ms
24-Apr-2022 18:39:38.862 INFO [main] org.apache.catalina.startup.HostConfig.deployWAR Deploying web application archive [/Users/moloko/Desktop/tomcat/apache-tomcat-9.0.62/webapps/commons-tool.war]
24-Apr-2022 18:39:38.980 INFO [main] org.apache.jasper.servlet.TldScanner.scanJars At least one JAR was scanned for TLDs yet contained no TLDs. Enable debug logging for this logger for a complete list of JARs that were scanned but no TLDs were found in them. Skipping unneeded JARs during scanning can improve startup time and JSP compilation time.
24-Apr-2022 18:39:39.008 INFO [main] org.apache.catalina.startup.HostConfig.deployWAR Deployment of web application archive [/Users/moloko/Desktop/tomcat/apache-tomcat-9.0.62/webapps/commons-tool.war] has finished in [146] ms
24-Apr-2022 18:39:39.012 INFO [main] org.apache.catalina.startup.HostConfig.deployWAR Deploying web application archive [/Users/moloko/Desktop/tomcat/apache-tomcat-9.0.62/webapps/rubrics-service.war]
24-Apr-2022 18:39:39.210 INFO [main] org.apache.jasper.servlet.TldScanner.scanJars At least one JAR was scanned for TLDs yet contained no TLDs. Enable debug logging for this logger for a complete list of JARs that were scanned but no TLDs were found in them. Skipping unneeded JARs during scanning can improve startup time and JSP compilation time.
24-Apr-2022 18:39:47.281 INFO [main] org.apache.catalina.startup.HostConfig.deployWAR Deployment of web application archive [/Users/moloko/Desktop/tomcat/apache-tomcat-9.0.62/webapps/rubrics-service.war] has finished in [8,268] ms
24-Apr-2022 18:39:47.284 INFO [main] org.apache.catalina.startup.HostConfig.deployWAR Deploying web application archive [/Users/moloko/Desktop/tomcat/apache-tomcat-9.0.62/webapps/basiclti-admin-tool.war]
24-Apr-2022 18:39:47.437 INFO [main] org.apache.jasper.servlet.TldScanner.scanJars At least one JAR was scanned for TLDs yet contained no TLDs. Enable debug logging for this logger for a complete list of JARs that were scanned but no TLDs were found in them. Skipping unneeded JARs during scanning can improve startup time and JSP compilation time.
24-Apr-2022 18:39:47.573 INFO [main] org.apache.catalina.startup.HostConfig.deployWAR Deployment of web application archive [/Users/moloko/Desktop/tomcat/apache-tomcat-9.0.62/webapps/basiclti-admin-tool.war] has finished in [288] ms
24-Apr-2022 18:39:47.574 INFO [main] org.apache.catalina.startup.HostConfig.deployWAR Deploying web application archive [/Users/moloko/Desktop/tomcat/apache-tomcat-9.0.62/webapps/podcasts.war]
24-Apr-2022 18:39:47.645 INFO [main] org.apache.jasper.servlet.TldScanner.scanJars At least one JAR was scanned for TLDs yet contained no TLDs. Enable debug logging for this logger for a complete list of JARs that were scanned but no TLDs were found in them. Skipping unneeded JARs during scanning can improve startup time and JSP compilation time.
24-Apr-2022 18:39:47.648 INFO [main] org.apache.catalina.startup.HostConfig.deployWAR Deployment of web application archive [/Users/moloko/Desktop/tomcat/apache-tomcat-9.0.62/webapps/podcasts.war] has finished in [74] ms
24-Apr-2022 18:39:47.650 INFO [main] org.apache.catalina.startup.HostConfig.deployWAR Deploying web application archive [/Users/moloko/Desktop/tomcat/apache-tomcat-9.0.62/webapps/sakai-portal-render-engine-impl.war]
24-Apr-2022 18:39:47.775 INFO [main] org.apache.jasper.servlet.TldScanner.scanJars At least one JAR was scanned for TLDs yet contained no TLDs. Enable debug logging for this logger for a complete list of JARs that were scanned but no TLDs were found in them. Skipping unneeded JARs during scanning can improve startup time and JSP compilation time.
24-Apr-2022 18:39:47.842 INFO [main] org.apache.catalina.startup.HostConfig.deployWAR Deployment of web application archive [/Users/moloko/Desktop/tomcat/apache-tomcat-9.0.62/webapps/sakai-portal-render-engine-impl.war] has finished in [192] ms
24-Apr-2022 18:39:47.844 INFO [main] org.apache.catalina.startup.HostConfig.deployWAR Deploying web application archive [/Users/moloko/Desktop/tomcat/apache-tomcat-9.0.62/webapps/x.war]
24-Apr-2022 18:39:47.918 INFO [main] org.apache.jasper.servlet.TldScanner.scanJars At least one JAR was scanned for TLDs yet contained no TLDs. Enable debug logging for this logger for a complete list of JARs that were scanned but no TLDs were found in them. Skipping unneeded JARs during scanning can improve startup time and JSP compilation time.
24-Apr-2022 18:39:47.920 INFO [main] org.apache.catalina.startup.HostConfig.deployWAR Deployment of web application archive [/Users/moloko/Desktop/tomcat/apache-tomcat-9.0.62/webapps/x.war] has finished in [76] ms
24-Apr-2022 18:39:47.927 INFO [main] org.apache.catalina.startup.HostConfig.deployWAR Deploying web application archive [/Users/moloko/Desktop/tomcat/apache-tomcat-9.0.62/webapps/feedback-tool.war]
24-Apr-2022 18:39:48.111 INFO [main] org.apache.jasper.servlet.TldScanner.scanJars At least one JAR was scanned for TLDs yet contained no TLDs. Enable debug logging for this logger for a complete list of JARs that were scanned but no TLDs were found in them. Skipping unneeded JARs during scanning can improve startup time and JSP compilation time.
24-Apr-2022 18:39:48.158 INFO [main] org.apache.catalina.startup.HostConfig.deployWAR Deployment of web application archive [/Users/moloko/Desktop/tomcat/apache-tomcat-9.0.62/webapps/feedback-tool.war] has finished in [232] ms
24-Apr-2022 18:39:48.160 INFO [main] org.apache.catalina.startup.HostConfig.deployWAR Deploying web application archive [/Users/moloko/Desktop/tomcat/apache-tomcat-9.0.62/webapps/sakai-editor.war]
24-Apr-2022 18:39:48.236 INFO [main] org.apache.jasper.servlet.TldScanner.scanJars At least one JAR was scanned for TLDs yet contained no TLDs. Enable debug logging for this logger for a complete list of JARs that were scanned but no TLDs were found in them. Skipping unneeded JARs during scanning can improve startup time and JSP compilation time.
24-Apr-2022 18:39:48.239 INFO [main] org.apache.catalina.startup.HostConfig.deployWAR Deployment of web application archive [/Users/moloko/Desktop/tomcat/apache-tomcat-9.0.62/webapps/sakai-editor.war] has finished in [79] ms
24-Apr-2022 18:39:48.244 INFO [main] org.apache.catalina.startup.HostConfig.deployWAR Deploying web application archive [/Users/moloko/Desktop/tomcat/apache-tomcat-9.0.62/webapps/sakai-rwiki-tool.war]
24-Apr-2022 18:39:48.541 INFO [main] org.apache.jasper.servlet.TldScanner.scanJars At least one JAR was scanned for TLDs yet contained no TLDs. Enable debug logging for this logger for a complete list of JARs that were scanned but no TLDs were found in them. Skipping unneeded JARs during scanning can improve startup time and JSP compilation time.
24-Apr-2022 18:39:48.752 INFO [main] org.apache.catalina.startup.HostConfig.deployWAR Deployment of web application archive [/Users/moloko/Desktop/tomcat/apache-tomcat-9.0.62/webapps/sakai-rwiki-tool.war] has finished in [508] ms
24-Apr-2022 18:39:48.761 INFO [main] org.apache.catalina.startup.HostConfig.deployWAR Deploying web application archive [/Users/moloko/Desktop/tomcat/apache-tomcat-9.0.62/webapps/samigo-app.war]
24-Apr-2022 18:39:49.665 INFO [main] org.apache.jasper.servlet.TldScanner.scanJars At least one JAR was scanned for TLDs yet contained no TLDs. Enable debug logging for this logger for a complete list of JARs that were scanned but no TLDs were found in them. Skipping unneeded JARs during scanning can improve startup time and JSP compilation time.
24-Apr-2022 18:39:49.830 WARNING [main] org.jboss.weld.util.ServiceLoader.loadClass Could not load service class org.springframework.data.jpa.repository.cdi.JpaRepositoryExtension
24-Apr-2022 18:39:52.189 INFO [main] com.sun.faces.config.ConfigureListener.contextInitialized Initializing Mojarra 2.3.9 ( 20190401-1936 77894020e94a338c9701619b7ef6e9871c5a9079) for context '/samigo-app'
24-Apr-2022 18:39:52.496 INFO [main] com.sun.faces.spi.InjectionProviderFactory.createInstance JSF1048: PostConstruct/PreDestroy annotations present.  ManagedBeans methods marked with these annotations will have said annotations processed.
24-Apr-2022 18:39:53.506 INFO [main] org.apache.catalina.startup.HostConfig.deployWAR Deployment of web application archive [/Users/moloko/Desktop/tomcat/apache-tomcat-9.0.62/webapps/samigo-app.war] has finished in [4,744] ms
24-Apr-2022 18:39:53.510 INFO [main] org.apache.catalina.startup.HostConfig.deployWAR Deploying web application archive [/Users/moloko/Desktop/tomcat/apache-tomcat-9.0.62/webapps/profile2-tool.war]
24-Apr-2022 18:39:53.880 INFO [main] org.apache.jasper.servlet.TldScanner.scanJars At least one JAR was scanned for TLDs yet contained no TLDs. Enable debug logging for this logger for a complete list of JARs that were scanned but no TLDs were found in them. Skipping unneeded JARs during scanning can improve startup time and JSP compilation time.
24-Apr-2022 18:39:54.184 INFO [main] org.apache.catalina.startup.HostConfig.deployWAR Deployment of web application archive [/Users/moloko/Desktop/tomcat/apache-tomcat-9.0.62/webapps/profile2-tool.war] has finished in [674] ms
24-Apr-2022 18:39:54.186 INFO [main] org.apache.catalina.startup.HostConfig.deployWAR Deploying web application archive [/Users/moloko/Desktop/tomcat/apache-tomcat-9.0.62/webapps/myconnections.war]
24-Apr-2022 18:39:54.323 INFO [main] org.apache.jasper.servlet.TldScanner.scanJars At least one JAR was scanned for TLDs yet contained no TLDs. Enable debug logging for this logger for a complete list of JARs that were scanned but no TLDs were found in them. Skipping unneeded JARs during scanning can improve startup time and JSP compilation time.
24-Apr-2022 18:39:54.555 INFO [main] org.apache.catalina.startup.HostConfig.deployWAR Deployment of web application archive [/Users/moloko/Desktop/tomcat/apache-tomcat-9.0.62/webapps/myconnections.war] has finished in [369] ms
24-Apr-2022 18:39:54.557 INFO [main] org.apache.catalina.startup.HostConfig.deployWAR Deploying web application archive [/Users/moloko/Desktop/tomcat/apache-tomcat-9.0.62/webapps/oauth-tool.war]
24-Apr-2022 18:39:54.703 INFO [main] org.apache.jasper.servlet.TldScanner.scanJars At least one JAR was scanned for TLDs yet contained no TLDs. Enable debug logging for this logger for a complete list of JARs that were scanned but no TLDs were found in them. Skipping unneeded JARs during scanning can improve startup time and JSP compilation time.
24-Apr-2022 18:39:54.927 INFO [main] org.apache.catalina.startup.HostConfig.deployWAR Deployment of web application archive [/Users/moloko/Desktop/tomcat/apache-tomcat-9.0.62/webapps/oauth-tool.war] has finished in [370] ms
24-Apr-2022 18:39:54.929 INFO [main] org.apache.catalina.startup.HostConfig.deployWAR Deploying web application archive [/Users/moloko/Desktop/tomcat/apache-tomcat-9.0.62/webapps/wiki.war]
24-Apr-2022 18:39:55.021 INFO [main] org.apache.jasper.servlet.TldScanner.scanJars At least one JAR was scanned for TLDs yet contained no TLDs. Enable debug logging for this logger for a complete list of JARs that were scanned but no TLDs were found in them. Skipping unneeded JARs during scanning can improve startup time and JSP compilation time.
24-Apr-2022 18:39:55.025 INFO [main] org.apache.catalina.startup.HostConfig.deployWAR Deployment of web application archive [/Users/moloko/Desktop/tomcat/apache-tomcat-9.0.62/webapps/wiki.war] has finished in [96] ms
24-Apr-2022 18:39:55.028 INFO [main] org.apache.catalina.startup.HostConfig.deployWAR Deploying web application archive [/Users/moloko/Desktop/tomcat/apache-tomcat-9.0.62/webapps/sakai-mailarchive-tool.war]
24-Apr-2022 18:39:55.171 INFO [main] org.apache.jasper.servlet.TldScanner.scanJars At least one JAR was scanned for TLDs yet contained no TLDs. Enable debug logging for this logger for a complete list of JARs that were scanned but no TLDs were found in them. Skipping unneeded JARs during scanning can improve startup time and JSP compilation time.
24-Apr-2022 18:39:55.317 INFO [main] org.apache.catalina.startup.HostConfig.deployWAR Deployment of web application archive [/Users/moloko/Desktop/tomcat/apache-tomcat-9.0.62/webapps/sakai-mailarchive-tool.war] has finished in [289] ms
24-Apr-2022 18:39:55.319 INFO [main] org.apache.catalina.startup.HostConfig.deployDirectory Deploying web application directory [/Users/moloko/Desktop/tomcat/apache-tomcat-9.0.62/webapps/docs]
24-Apr-2022 18:39:55.386 INFO [main] org.apache.jasper.servlet.TldScanner.scanJars At least one JAR was scanned for TLDs yet contained no TLDs. Enable debug logging for this logger for a complete list of JARs that were scanned but no TLDs were found in them. Skipping unneeded JARs during scanning can improve startup time and JSP compilation time.
24-Apr-2022 18:39:55.387 INFO [main] org.apache.catalina.startup.HostConfig.deployDirectory Deployment of web application directory [/Users/moloko/Desktop/tomcat/apache-tomcat-9.0.62/webapps/docs] has finished in [68] ms
24-Apr-2022 18:39:55.389 INFO [main] org.apache.catalina.startup.HostConfig.deployDirectory Deploying web application directory [/Users/moloko/Desktop/tomcat/apache-tomcat-9.0.62/webapps/manager]
24-Apr-2022 18:39:55.462 INFO [main] org.apache.jasper.servlet.TldScanner.scanJars At least one JAR was scanned for TLDs yet contained no TLDs. Enable debug logging for this logger for a complete list of JARs that were scanned but no TLDs were found in them. Skipping unneeded JARs during scanning can improve startup time and JSP compilation time.
24-Apr-2022 18:39:55.472 INFO [main] org.apache.catalina.startup.HostConfig.deployDirectory Deployment of web application directory [/Users/moloko/Desktop/tomcat/apache-tomcat-9.0.62/webapps/manager] has finished in [83] ms
24-Apr-2022 18:39:55.473 INFO [main] org.apache.catalina.startup.HostConfig.deployDirectory Deploying web application directory [/Users/moloko/Desktop/tomcat/apache-tomcat-9.0.62/webapps/examples]
24-Apr-2022 18:39:55.753 INFO [main] org.apache.jasper.servlet.TldScanner.scanJars At least one JAR was scanned for TLDs yet contained no TLDs. Enable debug logging for this logger for a complete list of JARs that were scanned but no TLDs were found in them. Skipping unneeded JARs during scanning can improve startup time and JSP compilation time.
24-Apr-2022 18:39:55.763 INFO [main] org.apache.catalina.startup.HostConfig.deployDirectory Deployment of web application directory [/Users/moloko/Desktop/tomcat/apache-tomcat-9.0.62/webapps/examples] has finished in [290] ms
24-Apr-2022 18:39:55.763 INFO [main] org.apache.catalina.startup.HostConfig.deployDirectory Deploying web application directory [/Users/moloko/Desktop/tomcat/apache-tomcat-9.0.62/webapps/ROOT]
24-Apr-2022 18:39:55.836 INFO [main] org.apache.jasper.servlet.TldScanner.scanJars At least one JAR was scanned for TLDs yet contained no TLDs. Enable debug logging for this logger for a complete list of JARs that were scanned but no TLDs were found in them. Skipping unneeded JARs during scanning can improve startup time and JSP compilation time.
24-Apr-2022 18:39:55.837 INFO [main] org.apache.catalina.startup.HostConfig.deployDirectory Deployment of web application directory [/Users/moloko/Desktop/tomcat/apache-tomcat-9.0.62/webapps/ROOT] has finished in [74] ms
24-Apr-2022 18:39:55.838 INFO [main] org.apache.catalina.startup.HostConfig.deployDirectory Deploying web application directory [/Users/moloko/Desktop/tomcat/apache-tomcat-9.0.62/webapps/host-manager]
24-Apr-2022 18:39:55.903 INFO [main] org.apache.jasper.servlet.TldScanner.scanJars At least one JAR was scanned for TLDs yet contained no TLDs. Enable debug logging for this logger for a complete list of JARs that were scanned but no TLDs were found in them. Skipping unneeded JARs during scanning can improve startup time and JSP compilation time.
24-Apr-2022 18:39:55.905 INFO [main] org.apache.catalina.startup.HostConfig.deployDirectory Deployment of web application directory [/Users/moloko/Desktop/tomcat/apache-tomcat-9.0.62/webapps/host-manager] has finished in [67] ms
24-Apr-2022 18:39:55.911 INFO [main] org.apache.coyote.AbstractProtocol.start Starting ProtocolHandler ["http-nio-8080"]
24-Apr-2022 18:39:55.928 INFO [main] org.apache.catalina.startup.Catalina.start Server startup in [82237] milliseconds
