29-Apr-2022 21:02:51.831 INFO [Thread-20] org.apache.coyote.AbstractProtocol.pause Pausing ProtocolHandler ["http-nio-8080"]
29-Apr-2022 21:02:51.848 INFO [Thread-20] org.apache.catalina.core.StandardService.stopInternal Stopping service [Catalina]
29-Apr-2022 21:02:52.234 SEVERE [Thread-20] org.apache.catalina.loader.WebappClassLoaderBase.checkThreadLocalMapForLeaks The web application [mailsender-tool] created a ThreadLocal with key of type [uk.org.ponder.saxalizer.support.SAXalXMLProvider$1] (value [uk.org.ponder.saxalizer.support.SAXalXMLProvider$1@59d8fd05]) and a value of type [uk.org.ponder.saxalizer.SAXalizerHelper] (value [uk.org.ponder.saxalizer.SAXalizerHelper@4dc0149e]) but failed to remove it when the web application was stopped. Threads are going to be renewed over time to try and avoid a probable memory leak.
29-Apr-2022 21:02:52.418 WARNING [Thread-20] org.apache.catalina.loader.WebappClassLoaderBase.clearReferencesThreads The web application [providers] appears to have started a thread named [sakai connection closer] but has failed to stop it. This is very likely to create a memory leak. Stack trace of thread:
 sun.misc.Unsafe.park(Native Method)
 java.util.concurrent.locks.LockSupport.parkNanos(LockSupport.java:215)
 java.util.concurrent.locks.AbstractQueuedSynchronizer$ConditionObject.awaitNanos(AbstractQueuedSynchronizer.java:2078)
 java.util.concurrent.LinkedBlockingQueue.poll(LinkedBlockingQueue.java:467)
 java.util.concurrent.ThreadPoolExecutor.getTask(ThreadPoolExecutor.java:1073)
 java.util.concurrent.ThreadPoolExecutor.runWorker(ThreadPoolExecutor.java:1134)
 java.util.concurrent.ThreadPoolExecutor$Worker.run(ThreadPoolExecutor.java:624)
 java.lang.Thread.run(Thread.java:827)
29-Apr-2022 21:02:52.419 WARNING [Thread-20] org.apache.catalina.loader.WebappClassLoaderBase.clearReferencesThreads The web application [providers] appears to have started a thread named [sakai connection adder] but has failed to stop it. This is very likely to create a memory leak. Stack trace of thread:
 java.lang.Thread.sleep(Native Method)
 java.lang.Thread.sleep(Thread.java:958)
 com.zaxxer.hikari.util.UtilityElf.quietlySleep(UtilityElf.java:49)
 com.zaxxer.hikari.pool.HikariPool$PoolEntryCreator.call(HikariPool.java:730)
 com.zaxxer.hikari.pool.HikariPool$PoolEntryCreator.call(HikariPool.java:705)
 java.util.concurrent.FutureTask.run(FutureTask.java:266)
 java.util.concurrent.ThreadPoolExecutor.runWorker(ThreadPoolExecutor.java:1149)
 java.util.concurrent.ThreadPoolExecutor$Worker.run(ThreadPoolExecutor.java:624)
 java.lang.Thread.run(Thread.java:827)
29-Apr-2022 21:02:52.420 WARNING [Thread-20] org.apache.catalina.loader.WebappClassLoaderBase.clearReferencesThreads The web application [providers] appears to have started a thread named [QuartzScheduler_QuartzScheduler-Molokos-Air_MisfireHandler] but has failed to stop it. This is very likely to create a memory leak. Stack trace of thread:
 sun.misc.Unsafe.park(Native Method)
 java.util.concurrent.locks.LockSupport.parkNanos(LockSupport.java:215)
 java.util.concurrent.SynchronousQueue$TransferQueue.awaitFulfill(SynchronousQueue.java:764)
 java.util.concurrent.SynchronousQueue$TransferQueue.transfer(SynchronousQueue.java:695)
 java.util.concurrent.SynchronousQueue.poll(SynchronousQueue.java:941)
 com.zaxxer.hikari.util.ConcurrentBag.borrow(ConcurrentBag.java:157)
 com.zaxxer.hikari.pool.HikariPool.getConnection(HikariPool.java:179)
 com.zaxxer.hikari.pool.HikariPool.getConnection(HikariPool.java:161)
 com.zaxxer.hikari.HikariDataSource.getConnection(HikariDataSource.java:128)
 org.sakaiproject.component.app.scheduler.ConnectionProviderDelegate.getConnection(ConnectionProviderDelegate.java:47)
 org.quartz.utils.DBConnectionManager.getConnection(DBConnectionManager.java:108)
 org.quartz.impl.jdbcjobstore.JobStoreSupport.getConnection(JobStoreSupport.java:780)
 org.quartz.impl.jdbcjobstore.JobStoreTX.getNonManagedTXConnection(JobStoreTX.java:71)
 org.quartz.impl.jdbcjobstore.JobStoreSupport.doRecoverMisfires(JobStoreSupport.java:3246)
 org.quartz.impl.jdbcjobstore.JobStoreSupport$MisfireHandler.manage(JobStoreSupport.java:4012)
 org.quartz.impl.jdbcjobstore.JobStoreSupport$MisfireHandler.run(JobStoreSupport.java:4033)
29-Apr-2022 21:02:52.423 WARNING [Thread-20] org.apache.catalina.loader.WebappClassLoaderBase.clearReferencesThreads The web application [providers] appears to have started a thread named [org.subethamail.smtp.server.ServerThread *:8025] but has failed to stop it. This is very likely to create a memory leak. Stack trace of thread:
 java.net.PlainSocketImpl.socketAccept(Native Method)
 java.net.AbstractPlainSocketImpl.accept(AbstractPlainSocketImpl.java:409)
 java.net.ServerSocket.implAccept(ServerSocket.java:560)
 java.net.ServerSocket.accept(ServerSocket.java:528)
 org.subethamail.smtp.server.ServerThread.runAcceptLoop(ServerThread.java:110)
 org.subethamail.smtp.server.ServerThread.run(ServerThread.java:71)
29-Apr-2022 21:02:52.423 WARNING [Thread-20] org.apache.catalina.loader.WebappClassLoaderBase.clearReferencesThreads The web application [providers] appears to have started a thread named [SakaiClusterService.Maintenance] but has failed to stop it. This is very likely to create a memory leak. Stack trace of thread:
 java.lang.Thread.sleep(Native Method)
 java.lang.Thread.sleep(Thread.java:958)
 org.sakaiproject.cluster.impl.SakaiClusterService$Maintenance.run(SakaiClusterService.java:501)
 java.lang.Thread.run(Thread.java:827)
29-Apr-2022 21:02:52.424 WARNING [Thread-20] org.apache.catalina.loader.WebappClassLoaderBase.clearReferencesThreads The web application [providers] appears to have started a thread named [Sakai.BasicCourierService.Maintenance] but has failed to stop it. This is very likely to create a memory leak. Stack trace of thread:
 sun.misc.Unsafe.park(Native Method)
 java.util.concurrent.locks.LockSupport.parkNanos(LockSupport.java:215)
 java.util.concurrent.locks.AbstractQueuedSynchronizer$ConditionObject.awaitNanos(AbstractQueuedSynchronizer.java:2078)
 java.util.concurrent.ScheduledThreadPoolExecutor$DelayedWorkQueue.take(ScheduledThreadPoolExecutor.java:1093)
 java.util.concurrent.ScheduledThreadPoolExecutor$DelayedWorkQueue.take(ScheduledThreadPoolExecutor.java:809)
 java.util.concurrent.ThreadPoolExecutor.getTask(ThreadPoolExecutor.java:1074)
 java.util.concurrent.ThreadPoolExecutor.runWorker(ThreadPoolExecutor.java:1134)
 java.util.concurrent.ThreadPoolExecutor$Worker.run(ThreadPoolExecutor.java:624)
 java.lang.Thread.run(Thread.java:827)
29-Apr-2022 21:02:52.426 WARNING [Thread-20] org.apache.catalina.loader.WebappClassLoaderBase.clearReferencesThreads The web application [providers] appears to have started a thread named [External calendar preloading] but has failed to stop it. This is very likely to create a memory leak. Stack trace of thread:
 java.lang.Object.wait(Native Method)
 java.lang.Object.wait(Object.java:189)
 java.util.TimerThread.mainLoop(Timer.java:526)
 java.util.TimerThread.run(Timer.java:505)
29-Apr-2022 21:02:52.427 WARNING [Thread-20] org.apache.catalina.loader.WebappClassLoaderBase.clearReferencesThreads The web application [providers] appears to have started a thread named [org.sakaiproject.sitestats.impl.StatsUpdateManagerImpl] but has failed to stop it. This is very likely to create a memory leak. Stack trace of thread:
 java.lang.Object.wait(Native Method)
 java.lang.Object.wait(Object.java:218)
 org.sakaiproject.sitestats.impl.StatsUpdateManagerImpl.run(StatsUpdateManagerImpl.java:436)
 java.lang.Thread.run(Thread.java:827)
29-Apr-2022 21:02:52.427 WARNING [Thread-20] org.apache.catalina.loader.WebappClassLoaderBase.clearReferencesThreads The web application [providers] appears to have started a thread named [Timer-2] but has failed to stop it. This is very likely to create a memory leak. Stack trace of thread:
 java.lang.Object.wait(Native Method)
 java.lang.Object.wait(Object.java:218)
 java.util.TimerThread.mainLoop(Timer.java:552)
 java.util.TimerThread.run(Timer.java:505)
29-Apr-2022 21:02:52.427 WARNING [Thread-20] org.apache.catalina.loader.WebappClassLoaderBase.clearReferencesThreads The web application [providers] appears to have started a thread named [helpCP housekeeper] but has failed to stop it. This is very likely to create a memory leak. Stack trace of thread:
 sun.misc.Unsafe.park(Native Method)
 java.util.concurrent.locks.LockSupport.parkNanos(LockSupport.java:215)
 java.util.concurrent.locks.AbstractQueuedSynchronizer$ConditionObject.awaitNanos(AbstractQueuedSynchronizer.java:2078)
 java.util.concurrent.ScheduledThreadPoolExecutor$DelayedWorkQueue.take(ScheduledThreadPoolExecutor.java:1093)
 java.util.concurrent.ScheduledThreadPoolExecutor$DelayedWorkQueue.take(ScheduledThreadPoolExecutor.java:809)
 java.util.concurrent.ThreadPoolExecutor.getTask(ThreadPoolExecutor.java:1074)
 java.util.concurrent.ThreadPoolExecutor.runWorker(ThreadPoolExecutor.java:1134)
 java.util.concurrent.ThreadPoolExecutor$Worker.run(ThreadPoolExecutor.java:624)
 java.lang.Thread.run(Thread.java:827)
29-Apr-2022 21:02:52.428 WARNING [Thread-20] org.apache.catalina.loader.WebappClassLoaderBase.clearReferencesThreads The web application [providers] appears to have started a thread named [SakaiPresenceService.Maintenance] but has failed to stop it. This is very likely to create a memory leak. Stack trace of thread:
 java.lang.Thread.sleep(Native Method)
 java.lang.Thread.sleep(Thread.java:958)
 org.sakaiproject.presence.impl.BasePresenceService$Maintenance.run(BasePresenceService.java:795)
 java.lang.Thread.run(Thread.java:827)
29-Apr-2022 21:02:52.428 WARNING [Thread-20] org.apache.catalina.loader.WebappClassLoaderBase.clearReferencesThreads The web application [providers] appears to have started a thread named [QuartzScheduler_Worker-5] but has failed to stop it. This is very likely to create a memory leak. Stack trace of thread:
 java.lang.Object.wait(Native Method)
 java.lang.Object.wait(Object.java:218)
 org.quartz.simpl.SimpleThreadPool$WorkerThread.run(SimpleThreadPool.java:568)
29-Apr-2022 21:02:52.428 WARNING [Thread-20] org.apache.catalina.loader.WebappClassLoaderBase.clearReferencesThreads The web application [providers] appears to have started a thread named [QuartzScheduler_Worker-4] but has failed to stop it. This is very likely to create a memory leak. Stack trace of thread:
 java.lang.Object.wait(Native Method)
 java.lang.Object.wait(Object.java:218)
 org.quartz.simpl.SimpleThreadPool$WorkerThread.run(SimpleThreadPool.java:568)
29-Apr-2022 21:02:52.430 WARNING [Thread-20] org.apache.catalina.loader.WebappClassLoaderBase.clearReferencesThreads The web application [providers] appears to have started a thread named [QuartzScheduler_Worker-3] but has failed to stop it. This is very likely to create a memory leak. Stack trace of thread:
 java.lang.Object.wait(Native Method)
 java.lang.Object.wait(Object.java:218)
 org.quartz.simpl.SimpleThreadPool$WorkerThread.run(SimpleThreadPool.java:568)
29-Apr-2022 21:02:52.430 WARNING [Thread-20] org.apache.catalina.loader.WebappClassLoaderBase.clearReferencesThreads The web application [providers] appears to have started a thread named [QuartzScheduler_Worker-2] but has failed to stop it. This is very likely to create a memory leak. Stack trace of thread:
 java.lang.Object.wait(Native Method)
 java.lang.Object.wait(Object.java:218)
 org.quartz.simpl.SimpleThreadPool$WorkerThread.run(SimpleThreadPool.java:568)
29-Apr-2022 21:02:52.430 WARNING [Thread-20] org.apache.catalina.loader.WebappClassLoaderBase.clearReferencesThreads The web application [providers] appears to have started a thread named [QuartzScheduler_Worker-1] but has failed to stop it. This is very likely to create a memory leak. Stack trace of thread:
 java.lang.Object.wait(Native Method)
 java.lang.Object.wait(Object.java:218)
 org.quartz.simpl.SimpleThreadPool$WorkerThread.run(SimpleThreadPool.java:568)
29-Apr-2022 21:02:52.430 WARNING [Thread-20] org.apache.catalina.loader.WebappClassLoaderBase.clearReferencesThreads The web application [providers] appears to have started a thread named [Timer-1] but has failed to stop it. This is very likely to create a memory leak. Stack trace of thread:
 java.lang.Object.wait(Native Method)
 java.lang.Object.wait(Object.java:218)
 java.util.TimerThread.mainLoop(Timer.java:552)
 java.util.TimerThread.run(Timer.java:505)
29-Apr-2022 21:02:52.430 WARNING [Thread-20] org.apache.catalina.loader.WebappClassLoaderBase.clearReferencesThreads The web application [providers] appears to have started a thread named [Timer-0] but has failed to stop it. This is very likely to create a memory leak. Stack trace of thread:
 java.lang.Object.wait(Native Method)
 java.lang.Object.wait(Object.java:218)
 java.util.TimerThread.mainLoop(Timer.java:552)
 java.util.TimerThread.run(Timer.java:505)
29-Apr-2022 21:02:52.430 WARNING [Thread-20] org.apache.catalina.loader.WebappClassLoaderBase.clearReferencesThreads The web application [providers] appears to have started a thread named [pool-2-thread-1] but has failed to stop it. This is very likely to create a memory leak. Stack trace of thread:
 sun.misc.Unsafe.park(Native Method)
 java.util.concurrent.locks.LockSupport.parkNanos(LockSupport.java:215)
 java.util.concurrent.locks.AbstractQueuedSynchronizer$ConditionObject.awaitNanos(AbstractQueuedSynchronizer.java:2078)
 java.util.concurrent.ScheduledThreadPoolExecutor$DelayedWorkQueue.take(ScheduledThreadPoolExecutor.java:1093)
 java.util.concurrent.ScheduledThreadPoolExecutor$DelayedWorkQueue.take(ScheduledThreadPoolExecutor.java:809)
 java.util.concurrent.ThreadPoolExecutor.getTask(ThreadPoolExecutor.java:1074)
 java.util.concurrent.ThreadPoolExecutor.runWorker(ThreadPoolExecutor.java:1134)
 java.util.concurrent.ThreadPoolExecutor$Worker.run(ThreadPoolExecutor.java:624)
 java.lang.Thread.run(Thread.java:827)
29-Apr-2022 21:02:52.431 WARNING [Thread-20] org.apache.catalina.loader.WebappClassLoaderBase.clearReferencesThreads The web application [providers] appears to have started a thread named [org.azeckoski.reflectutils.refmap.Finalizer] but has failed to stop it. This is very likely to create a memory leak. Stack trace of thread:
 java.lang.Object.wait(Native Method)
 java.lang.Object.wait(Object.java:218)
 java.lang.ref.ReferenceQueue.remove(ReferenceQueue.java:138)
 java.lang.ref.ReferenceQueue.remove(ReferenceQueue.java:110)
 org.azeckoski.reflectutils.refmap.Finalizer.run(Finalizer.java:127)
29-Apr-2022 21:02:52.432 WARNING [Thread-20] org.apache.catalina.loader.WebappClassLoaderBase.clearReferencesThreads The web application [providers] appears to have started a thread named [org.sakaiproject.event.impl.ClusterEventTracking$$EnhancerBySpringCGLIB$$6178efa6] but has failed to stop it. This is very likely to create a memory leak. Stack trace of thread:
 sun.misc.Unsafe.park(Native Method)
 java.util.concurrent.locks.LockSupport.parkNanos(LockSupport.java:215)
 java.util.concurrent.SynchronousQueue$TransferQueue.awaitFulfill(SynchronousQueue.java:764)
 java.util.concurrent.SynchronousQueue$TransferQueue.transfer(SynchronousQueue.java:695)
 java.util.concurrent.SynchronousQueue.poll(SynchronousQueue.java:941)
 com.zaxxer.hikari.util.ConcurrentBag.borrow(ConcurrentBag.java:157)
 com.zaxxer.hikari.pool.HikariPool.getConnection(HikariPool.java:179)
 com.zaxxer.hikari.pool.HikariPool.getConnection(HikariPool.java:161)
 com.zaxxer.hikari.HikariDataSource.getConnection(HikariDataSource.java:128)
 org.sakaiproject.db.impl.BasicSqlService.borrowConnection(BasicSqlService.java:258)
 org.sakaiproject.db.impl.BasicSqlService.dbRead(BasicSqlService.java:538)
 org.sakaiproject.db.impl.BasicSqlService.dbRead(BasicSqlService.java:469)
 org.sakaiproject.event.impl.ClusterEventTracking.run(ClusterEventTracking.java:599)
 java.util.concurrent.Executors$RunnableAdapter.call(Executors.java:511)
 java.util.concurrent.FutureTask.runAndReset(FutureTask.java:308)
 java.util.concurrent.ScheduledThreadPoolExecutor$ScheduledFutureTask.access$301(ScheduledThreadPoolExecutor.java:180)
 java.util.concurrent.ScheduledThreadPoolExecutor$ScheduledFutureTask.run(ScheduledThreadPoolExecutor.java:294)
 java.util.concurrent.ThreadPoolExecutor.runWorker(ThreadPoolExecutor.java:1149)
 java.util.concurrent.ThreadPoolExecutor$Worker.run(ThreadPoolExecutor.java:624)
 java.lang.Thread.run(Thread.java:827)
29-Apr-2022 21:02:52.432 WARNING [Thread-20] org.apache.catalina.loader.WebappClassLoaderBase.clearReferencesThreads The web application [providers] appears to have started a thread named [Sakai] but has failed to stop it. This is very likely to create a memory leak. Stack trace of thread:
 java.lang.Object.wait(Native Method)
 java.lang.Object.wait(Object.java:218)
 java.util.TimerThread.mainLoop(Timer.java:552)
 java.util.TimerThread.run(Timer.java:505)
29-Apr-2022 21:02:52.432 WARNING [Thread-20] org.apache.catalina.loader.WebappClassLoaderBase.clearReferencesThreads The web application [providers] appears to have started a thread named [daily precache users] but has failed to stop it. This is very likely to create a memory leak. Stack trace of thread:
 java.lang.Object.wait(Native Method)
 java.lang.Object.wait(Object.java:189)
 java.util.TimerThread.mainLoop(Timer.java:526)
 java.util.TimerThread.run(Timer.java:505)
29-Apr-2022 21:02:52.432 WARNING [Thread-20] org.apache.catalina.loader.WebappClassLoaderBase.clearReferencesThreads The web application [providers] appears to have started a thread named [boot precache users] but has failed to stop it. This is very likely to create a memory leak. Stack trace of thread:
 java.lang.Object.wait(Native Method)
 java.lang.Object.wait(Object.java:189)
 java.util.TimerThread.mainLoop(Timer.java:526)
 java.util.TimerThread.run(Timer.java:505)
29-Apr-2022 21:02:52.433 WARNING [Thread-20] org.apache.catalina.loader.WebappClassLoaderBase.clearReferencesThreads The web application [providers] appears to have started a thread named [FileWatchdog] but has failed to stop it. This is very likely to create a memory leak. Stack trace of thread:
 java.lang.Thread.sleep(Native Method)
 java.lang.Thread.sleep(Thread.java:958)
 org.apache.log4j.helpers.FileWatchdog.run(FileWatchdog.java:104)
29-Apr-2022 21:02:52.434 WARNING [Thread-20] org.apache.catalina.loader.WebappClassLoaderBase.clearReferencesThreads The web application [providers] appears to have started a thread named [sakai housekeeper] but has failed to stop it. This is very likely to create a memory leak. Stack trace of thread:
 sun.misc.Unsafe.park(Native Method)
 java.util.concurrent.locks.LockSupport.parkNanos(LockSupport.java:215)
 java.util.concurrent.locks.AbstractQueuedSynchronizer$ConditionObject.awaitNanos(AbstractQueuedSynchronizer.java:2078)
 java.util.concurrent.ScheduledThreadPoolExecutor$DelayedWorkQueue.take(ScheduledThreadPoolExecutor.java:1093)
 java.util.concurrent.ScheduledThreadPoolExecutor$DelayedWorkQueue.take(ScheduledThreadPoolExecutor.java:809)
 java.util.concurrent.ThreadPoolExecutor.getTask(ThreadPoolExecutor.java:1074)
 java.util.concurrent.ThreadPoolExecutor.runWorker(ThreadPoolExecutor.java:1134)
 java.util.concurrent.ThreadPoolExecutor$Worker.run(ThreadPoolExecutor.java:624)
 java.lang.Thread.run(Thread.java:827)
29-Apr-2022 21:02:52.434 WARNING [Thread-20] org.apache.catalina.loader.WebappClassLoaderBase.clearReferencesThreads The web application [providers] appears to have started a thread named [Sakai.SessionComponent.Maintenance] but has failed to stop it. This is very likely to create a memory leak. Stack trace of thread:
 java.lang.Thread.sleep(Native Method)
 java.lang.Thread.sleep(Thread.java:958)
 org.sakaiproject.tool.impl.SessionComponent$Maintenance.run(SessionComponent.java:600)
 java.lang.Thread.run(Thread.java:827)
29-Apr-2022 21:02:52.434 WARNING [Thread-20] org.apache.catalina.loader.WebappClassLoaderBase.clearReferencesThreads The web application [providers] appears to have started a thread named [QuartzScheduler_QuartzSchedulerThread] but has failed to stop it. This is very likely to create a memory leak. Stack trace of thread:
 java.lang.Object.wait(Native Method)
 java.lang.Object.wait(Object.java:218)
 org.quartz.core.QuartzSchedulerThread.run(QuartzSchedulerThread.java:427)
29-Apr-2022 21:02:52.613 SEVERE [Thread-20] org.apache.catalina.loader.WebappClassLoaderBase.checkThreadLocalMapForLeaks The web application [accountvalidator] created a ThreadLocal with key of type [uk.org.ponder.saxalizer.support.SAXalXMLProvider$1] (value [uk.org.ponder.saxalizer.support.SAXalXMLProvider$1@aeb52a7f]) and a value of type [uk.org.ponder.saxalizer.SAXalizerHelper] (value [uk.org.ponder.saxalizer.SAXalizerHelper@54e952bf]) but failed to remove it when the web application was stopped. Threads are going to be renewed over time to try and avoid a probable memory leak.
29-Apr-2022 21:02:52.743 SEVERE [Thread-20] org.apache.catalina.loader.WebappClassLoaderBase.checkThreadLocalMapForLeaks The web application [sakai-reset-pass] created a ThreadLocal with key of type [java.lang.ThreadLocal] (value [java.lang.ThreadLocal@737eaa3d]) and a value of type [uk.org.ponder.rsac.support.PerRequestInfo] (value [uk.org.ponder.rsac.support.PerRequestInfo@ca083edf]) but failed to remove it when the web application was stopped. Threads are going to be renewed over time to try and avoid a probable memory leak.
29-Apr-2022 21:02:52.743 SEVERE [Thread-20] org.apache.catalina.loader.WebappClassLoaderBase.checkThreadLocalMapForLeaks The web application [sakai-reset-pass] created a ThreadLocal with key of type [java.lang.ThreadLocal] (value [java.lang.ThreadLocal@737eaa3d]) and a value of type [uk.org.ponder.rsac.support.PerRequestInfo] (value [uk.org.ponder.rsac.support.PerRequestInfo@9c1aa688]) but failed to remove it when the web application was stopped. Threads are going to be renewed over time to try and avoid a probable memory leak.
29-Apr-2022 21:02:52.743 SEVERE [Thread-20] org.apache.catalina.loader.WebappClassLoaderBase.checkThreadLocalMapForLeaks The web application [sakai-reset-pass] created a ThreadLocal with key of type [java.lang.ThreadLocal] (value [java.lang.ThreadLocal@737eaa3d]) and a value of type [uk.org.ponder.rsac.support.PerRequestInfo] (value [uk.org.ponder.rsac.support.PerRequestInfo@9d1e8b3]) but failed to remove it when the web application was stopped. Threads are going to be renewed over time to try and avoid a probable memory leak.
29-Apr-2022 21:02:52.743 SEVERE [Thread-20] org.apache.catalina.loader.WebappClassLoaderBase.checkThreadLocalMapForLeaks The web application [sakai-reset-pass] created a ThreadLocal with key of type [java.lang.ThreadLocal] (value [java.lang.ThreadLocal@737eaa3d]) and a value of type [uk.org.ponder.rsac.support.PerRequestInfo] (value [uk.org.ponder.rsac.support.PerRequestInfo@b22cffe4]) but failed to remove it when the web application was stopped. Threads are going to be renewed over time to try and avoid a probable memory leak.
29-Apr-2022 21:02:52.743 SEVERE [Thread-20] org.apache.catalina.loader.WebappClassLoaderBase.checkThreadLocalMapForLeaks The web application [sakai-reset-pass] created a ThreadLocal with key of type [java.lang.ThreadLocal] (value [java.lang.ThreadLocal@737eaa3d]) and a value of type [uk.org.ponder.rsac.support.PerRequestInfo] (value [uk.org.ponder.rsac.support.PerRequestInfo@ca2776ec]) but failed to remove it when the web application was stopped. Threads are going to be renewed over time to try and avoid a probable memory leak.
29-Apr-2022 21:02:52.743 SEVERE [Thread-20] org.apache.catalina.loader.WebappClassLoaderBase.checkThreadLocalMapForLeaks The web application [sakai-reset-pass] created a ThreadLocal with key of type [uk.org.ponder.saxalizer.support.SAXalXMLProvider$1] (value [uk.org.ponder.saxalizer.support.SAXalXMLProvider$1@76ba8611]) and a value of type [uk.org.ponder.saxalizer.SAXalizerHelper] (value [uk.org.ponder.saxalizer.SAXalizerHelper@e17e0d79]) but failed to remove it when the web application was stopped. Threads are going to be renewed over time to try and avoid a probable memory leak.
29-Apr-2022 21:02:53.721 SEVERE [Thread-20] org.apache.catalina.loader.WebappClassLoaderBase.checkThreadLocalMapForLeaks The web application [sakai-site-pageorder-helper] created a ThreadLocal with key of type [uk.org.ponder.saxalizer.support.SAXalXMLProvider$1] (value [uk.org.ponder.saxalizer.support.SAXalXMLProvider$1@d1d1ac34]) and a value of type [uk.org.ponder.saxalizer.SAXalizerHelper] (value [uk.org.ponder.saxalizer.SAXalizerHelper@db0ca135]) but failed to remove it when the web application was stopped. Threads are going to be renewed over time to try and avoid a probable memory leak.
29-Apr-2022 21:02:53.775 SEVERE [Thread-20] org.apache.catalina.loader.WebappClassLoaderBase.checkThreadLocalMapForLeaks The web application [emailtemplateservice-tool] created a ThreadLocal with key of type [uk.org.ponder.saxalizer.support.SAXalXMLProvider$1] (value [uk.org.ponder.saxalizer.support.SAXalXMLProvider$1@ef5f24a5]) and a value of type [uk.org.ponder.saxalizer.SAXalizerHelper] (value [uk.org.ponder.saxalizer.SAXalizerHelper@96360413]) but failed to remove it when the web application was stopped. Threads are going to be renewed over time to try and avoid a probable memory leak.
29-Apr-2022 21:02:54.397 SEVERE [Thread-20] org.apache.catalina.loader.WebappClassLoaderBase.checkThreadLocalMapForLeaks The web application [samigo-app] created a ThreadLocal with key of type [uk.org.ponder.saxalizer.support.SAXalXMLProvider$1] (value [uk.org.ponder.saxalizer.support.SAXalXMLProvider$1@6761f042]) and a value of type [uk.org.ponder.saxalizer.SAXalizerHelper] (value [uk.org.ponder.saxalizer.SAXalizerHelper@1271d182]) but failed to remove it when the web application was stopped. Threads are going to be renewed over time to try and avoid a probable memory leak.
29-Apr-2022 21:02:54.516 SEVERE [Thread-20] com.sun.faces.config.ConfigureListener.contextDestroyed Unexpected exception when attempting to tear down the Mojarra runtime
java.lang.NullPointerException
	at com.sun.faces.context.ApplicationMap.get(ApplicationMap.java:97)
	at com.sun.faces.application.ApplicationAssociate.getInstance(ApplicationAssociate.java:380)
	at com.sun.faces.el.ELUtils.getDefaultExpressionFactory(ELUtils.java:876)
	at com.sun.faces.config.ConfigureListener.contextDestroyed(ConfigureListener.java:369)
	at org.apache.catalina.core.StandardContext.listenerStop(StandardContext.java:4814)
	at org.apache.catalina.core.StandardContext.stopInternal(StandardContext.java:5477)
	at org.apache.catalina.util.LifecycleBase.stop(LifecycleBase.java:257)
	at org.apache.catalina.core.ContainerBase$StopChild.call(ContainerBase.java:1412)
	at org.apache.catalina.core.ContainerBase$StopChild.call(ContainerBase.java:1401)
	at java.util.concurrent.FutureTask.run(FutureTask.java:266)
	at org.apache.tomcat.util.threads.InlineExecutorService.execute(InlineExecutorService.java:75)
	at java.util.concurrent.AbstractExecutorService.submit(AbstractExecutorService.java:134)
	at org.apache.catalina.core.ContainerBase.stopInternal(ContainerBase.java:986)
	at org.apache.catalina.util.LifecycleBase.stop(LifecycleBase.java:257)
	at org.apache.catalina.core.ContainerBase$StopChild.call(ContainerBase.java:1412)
	at org.apache.catalina.core.ContainerBase$StopChild.call(ContainerBase.java:1401)
	at java.util.concurrent.FutureTask.run(FutureTask.java:266)
	at org.apache.tomcat.util.threads.InlineExecutorService.execute(InlineExecutorService.java:75)
	at java.util.concurrent.AbstractExecutorService.submit(AbstractExecutorService.java:134)
	at org.apache.catalina.core.ContainerBase.stopInternal(ContainerBase.java:986)
	at org.apache.catalina.util.LifecycleBase.stop(LifecycleBase.java:257)
	at org.apache.catalina.core.StandardService.stopInternal(StandardService.java:497)
	at org.apache.catalina.util.LifecycleBase.stop(LifecycleBase.java:257)
	at org.apache.catalina.core.StandardServer.stopInternal(StandardServer.java:979)
	at org.apache.catalina.util.LifecycleBase.stop(LifecycleBase.java:257)
	at org.apache.catalina.startup.Catalina.stop(Catalina.java:849)
	at org.apache.catalina.startup.Catalina$CatalinaShutdownHook.run(Catalina.java:996)
29-Apr-2022 21:02:54.605 WARNING [Thread-20] org.apache.catalina.loader.WebappClassLoaderBase.clearReferencesThreads The web application [direct] appears to have started a thread named [org.azeckoski.reflectutils.refmap.Finalizer] but has failed to stop it. This is very likely to create a memory leak. Stack trace of thread:
 java.lang.Object.wait(Native Method)
 java.lang.Object.wait(Object.java:218)
 java.lang.ref.ReferenceQueue.remove(ReferenceQueue.java:138)
 java.lang.ref.ReferenceQueue.remove(ReferenceQueue.java:110)
 org.azeckoski.reflectutils.refmap.Finalizer.run(Finalizer.java:127)
