22-Apr-2022 10:15:30.551 INFO [Thread-20] org.apache.catalina.core.ApplicationContext.log Closing Spring root WebApplicationContext
22-Apr-2022 10:15:30.634 INFO [Thread-20] org.apache.catalina.core.ApplicationContext.log Closing Spring root WebApplicationContext
22-Apr-2022 10:15:30.696 INFO [Thread-20] org.apache.catalina.core.ApplicationContext.log Destroying Spring FrameworkServlet 'spring'
22-Apr-2022 10:15:30.703 INFO [Thread-20] org.apache.catalina.core.ApplicationContext.log Closing Spring root WebApplicationContext
22-Apr-2022 10:15:30.735 INFO [Thread-20] org.apache.catalina.core.ApplicationContext.log Closing Spring root WebApplicationContext
22-Apr-2022 10:15:30.901 INFO [Thread-20] org.apache.catalina.core.ApplicationContext.log Closing Spring root WebApplicationContext
22-Apr-2022 10:15:30.952 INFO [Thread-20] org.apache.catalina.core.ApplicationContext.log Closing Spring root WebApplicationContext
22-Apr-2022 10:15:31.037 INFO [Thread-20] org.apache.catalina.core.ApplicationContext.log Closing Spring root WebApplicationContext
22-Apr-2022 10:15:31.106 INFO [Thread-20] org.apache.catalina.core.ApplicationContext.log Closing Spring root WebApplicationContext
22-Apr-2022 10:15:31.253 INFO [Thread-20] org.apache.catalina.core.ApplicationContext.log Closing Spring root WebApplicationContext
22-Apr-2022 10:15:31.295 INFO [Thread-20] org.apache.catalina.core.ApplicationContext.log Closing Spring root WebApplicationContext
22-Apr-2022 10:15:31.516 INFO [Thread-20] org.apache.catalina.core.ApplicationContext.log Closing Spring root WebApplicationContext
22-Apr-2022 10:15:31.590 INFO [Thread-20] org.apache.catalina.core.ApplicationContext.log org.tuckey.web.filters.urlrewrite.UrlRewriteFilter INFO: destroy called
22-Apr-2022 10:15:31.591 INFO [Thread-20] org.apache.catalina.core.ApplicationContext.log Closing Spring root WebApplicationContext
22-Apr-2022 10:15:31.723 INFO [Thread-20] org.apache.catalina.core.ApplicationContext.log Closing Spring root WebApplicationContext
22-Apr-2022 10:15:31.746 INFO [Thread-20] org.apache.catalina.core.ApplicationContext.log Closing Spring root WebApplicationContext
22-Apr-2022 10:15:31.787 INFO [Thread-20] org.apache.catalina.core.ApplicationContext.log Closing Spring root WebApplicationContext
22-Apr-2022 10:15:31.960 INFO [Thread-20] org.apache.catalina.core.ApplicationContext.log Closing Spring root WebApplicationContext
22-Apr-2022 10:15:32.096 INFO [Thread-20] org.apache.catalina.core.ApplicationContext.log Destroying Spring FrameworkServlet 'sakai.datemanager'
22-Apr-2022 10:15:32.100 INFO [Thread-20] org.apache.catalina.core.ApplicationContext.log Closing Spring root WebApplicationContext
22-Apr-2022 10:15:32.151 INFO [Thread-20] org.apache.catalina.core.ApplicationContext.log Destroying Spring FrameworkServlet 'sakai.onedrive'
22-Apr-2022 10:15:32.153 INFO [Thread-20] org.apache.catalina.core.ApplicationContext.log Closing Spring root WebApplicationContext
22-Apr-2022 10:15:32.274 INFO [Thread-20] org.apache.catalina.core.ApplicationContext.log Closing Spring root WebApplicationContext
22-Apr-2022 10:15:32.373 INFO [Thread-20] org.apache.catalina.core.ApplicationContext.log Closing Spring root WebApplicationContext
22-Apr-2022 10:15:32.386 INFO [Thread-20] org.apache.catalina.core.ApplicationContext.log Closing Spring root WebApplicationContext
22-Apr-2022 10:15:32.540 INFO [Thread-20] org.apache.catalina.core.ApplicationContext.log Closing Spring root WebApplicationContext
22-Apr-2022 10:15:32.597 INFO [Thread-20] org.apache.catalina.core.ApplicationContext.log Closing Spring root WebApplicationContext
22-Apr-2022 10:15:32.667 INFO [Thread-20] org.apache.catalina.core.ApplicationContext.log Closing Spring root WebApplicationContext
22-Apr-2022 10:15:32.875 INFO [Thread-20] org.apache.catalina.core.ApplicationContext.log Closing Spring root WebApplicationContext
22-Apr-2022 10:15:32.937 INFO [Thread-20] org.apache.catalina.core.ApplicationContext.log Closing Spring root WebApplicationContext
22-Apr-2022 10:15:32.992 INFO [Thread-20] org.apache.catalina.core.ApplicationContext.log Destroying Spring FrameworkServlet 'sakai.message.bundle.manager'
22-Apr-2022 10:15:32.996 INFO [Thread-20] org.apache.catalina.core.ApplicationContext.log Closing Spring root WebApplicationContext
22-Apr-2022 10:15:33.059 INFO [Thread-20] org.apache.catalina.core.ApplicationContext.log Closing Spring root WebApplicationContext
22-Apr-2022 10:15:33.107 INFO [Thread-20] org.apache.catalina.core.ApplicationContext.log Closing Spring root WebApplicationContext
