16-May-2022 07:49:02.857 INFO [Thread-20] org.apache.catalina.core.ApplicationContext.log Closing Spring root WebApplicationContext
16-May-2022 07:49:02.947 INFO [Thread-20] org.apache.catalina.core.ApplicationContext.log Closing Spring root WebApplicationContext
16-May-2022 07:49:03.001 INFO [Thread-20] org.apache.catalina.core.ApplicationContext.log Destroying Spring FrameworkServlet 'spring'
16-May-2022 07:49:03.002 INFO [Thread-20] org.apache.catalina.core.ApplicationContext.log Closing Spring root WebApplicationContext
16-May-2022 07:49:03.030 INFO [Thread-20] org.apache.catalina.core.ApplicationContext.log Closing Spring root WebApplicationContext
16-May-2022 07:49:03.154 INFO [Thread-20] org.apache.catalina.core.ApplicationContext.log Closing Spring root WebApplicationContext
16-May-2022 07:49:03.182 INFO [Thread-20] org.apache.catalina.core.ApplicationContext.log Closing Spring root WebApplicationContext
16-May-2022 07:49:03.226 INFO [Thread-20] org.apache.catalina.core.ApplicationContext.log Closing Spring root WebApplicationContext
16-May-2022 07:49:03.272 INFO [Thread-20] org.apache.catalina.core.ApplicationContext.log Closing Spring root WebApplicationContext
16-May-2022 07:49:03.359 INFO [Thread-20] org.apache.catalina.core.ApplicationContext.log Closing Spring root WebApplicationContext
16-May-2022 07:49:03.380 INFO [Thread-20] org.apache.catalina.core.ApplicationContext.log Closing Spring root WebApplicationContext
16-May-2022 07:49:03.523 INFO [Thread-20] org.apache.catalina.core.ApplicationContext.log Closing Spring root WebApplicationContext
16-May-2022 07:49:03.601 INFO [Thread-20] org.apache.catalina.core.ApplicationContext.log org.tuckey.web.filters.urlrewrite.UrlRewriteFilter INFO: destroy called
16-May-2022 07:49:03.601 INFO [Thread-20] org.apache.catalina.core.ApplicationContext.log Closing Spring root WebApplicationContext
16-May-2022 07:49:03.711 INFO [Thread-20] org.apache.catalina.core.ApplicationContext.log Closing Spring root WebApplicationContext
16-May-2022 07:49:03.733 INFO [Thread-20] org.apache.catalina.core.ApplicationContext.log Closing Spring root WebApplicationContext
16-May-2022 07:49:03.778 INFO [Thread-20] org.apache.catalina.core.ApplicationContext.log Closing Spring root WebApplicationContext
16-May-2022 07:49:03.943 INFO [Thread-20] org.apache.catalina.core.ApplicationContext.log Closing Spring root WebApplicationContext
16-May-2022 07:49:04.058 INFO [Thread-20] org.apache.catalina.core.ApplicationContext.log Destroying Spring FrameworkServlet 'sakai.datemanager'
16-May-2022 07:49:04.061 INFO [Thread-20] org.apache.catalina.core.ApplicationContext.log Closing Spring root WebApplicationContext
16-May-2022 07:49:04.103 INFO [Thread-20] org.apache.catalina.core.ApplicationContext.log Destroying Spring FrameworkServlet 'sakai.onedrive'
16-May-2022 07:49:04.105 INFO [Thread-20] org.apache.catalina.core.ApplicationContext.log Closing Spring root WebApplicationContext
16-May-2022 07:49:04.215 INFO [Thread-20] org.apache.catalina.core.ApplicationContext.log Closing Spring root WebApplicationContext
16-May-2022 07:49:04.303 INFO [Thread-20] org.apache.catalina.core.ApplicationContext.log Closing Spring root WebApplicationContext
16-May-2022 07:49:04.310 INFO [Thread-20] org.apache.catalina.core.ApplicationContext.log Closing Spring root WebApplicationContext
16-May-2022 07:49:04.478 INFO [Thread-20] org.apache.catalina.core.ApplicationContext.log Closing Spring root WebApplicationContext
16-May-2022 07:49:04.524 INFO [Thread-20] org.apache.catalina.core.ApplicationContext.log Closing Spring root WebApplicationContext
16-May-2022 07:49:04.570 INFO [Thread-20] org.apache.catalina.core.ApplicationContext.log Closing Spring root WebApplicationContext
16-May-2022 07:49:04.722 INFO [Thread-20] org.apache.catalina.core.ApplicationContext.log Closing Spring root WebApplicationContext
16-May-2022 07:49:04.788 INFO [Thread-20] org.apache.catalina.core.ApplicationContext.log Closing Spring root WebApplicationContext
16-May-2022 07:49:04.833 INFO [Thread-20] org.apache.catalina.core.ApplicationContext.log Destroying Spring FrameworkServlet 'sakai.message.bundle.manager'
16-May-2022 07:49:04.834 INFO [Thread-20] org.apache.catalina.core.ApplicationContext.log Closing Spring root WebApplicationContext
16-May-2022 07:49:04.888 INFO [Thread-20] org.apache.catalina.core.ApplicationContext.log Closing Spring root WebApplicationContext
16-May-2022 07:49:04.924 INFO [Thread-20] org.apache.catalina.core.ApplicationContext.log Closing Spring root WebApplicationContext
16-May-2022 07:49:05.148 INFO [Thread-20] org.apache.catalina.core.ApplicationContext.log Closing Spring root WebApplicationContext
16-May-2022 07:49:05.172 INFO [Thread-20] org.apache.catalina.core.ApplicationContext.log Closing Spring root WebApplicationContext
16-May-2022 07:49:05.223 INFO [Thread-20] org.apache.catalina.core.ApplicationContext.log Destroying Spring FrameworkServlet 'spring-mvc'
16-May-2022 07:49:05.224 INFO [Thread-20] org.apache.catalina.core.ApplicationContext.log Closing Spring root WebApplicationContext
16-May-2022 07:49:05.284 INFO [Thread-20] org.apache.catalina.core.ApplicationContext.log Closing Spring root WebApplicationContext
16-May-2022 07:49:05.364 INFO [Thread-20] org.apache.catalina.core.ApplicationContext.log Closing Spring root WebApplicationContext
16-May-2022 07:49:05.424 INFO [Thread-20] org.apache.catalina.core.ApplicationContext.log Closing Spring root WebApplicationContext
16-May-2022 07:49:05.592 INFO [Thread-20] org.apache.catalina.core.ApplicationContext.log Closing Spring root WebApplicationContext
