07-Jun-2022 23:55:04.289 INFO [main] org.apache.catalina.core.ApplicationContext.log No Spring WebApplicationInitializer types detected on classpath
07-Jun-2022 23:55:04.365 INFO [main] org.apache.catalina.core.ApplicationContext.log Initializing Spring root WebApplicationContext
07-Jun-2022 23:55:31.010 INFO [main] org.apache.catalina.core.ApplicationContext.log No Spring WebApplicationInitializer types detected on classpath
07-Jun-2022 23:55:31.663 INFO [main] org.apache.catalina.core.ApplicationContext.log No Spring WebApplicationInitializer types detected on classpath
07-Jun-2022 23:55:31.665 INFO [main] org.apache.catalina.core.ApplicationContext.log Initializing Spring root WebApplicationContext
07-Jun-2022 23:55:32.749 INFO [main] org.apache.catalina.core.ApplicationContext.log No Spring WebApplicationInitializer types detected on classpath
07-Jun-2022 23:55:33.264 INFO [main] org.apache.catalina.core.ApplicationContext.log No Spring WebApplicationInitializer types detected on classpath
07-Jun-2022 23:55:33.834 INFO [main] org.apache.catalina.core.ApplicationContext.log No Spring WebApplicationInitializer types detected on classpath
07-Jun-2022 23:55:33.838 INFO [main] org.apache.catalina.core.ApplicationContext.log Initializing Spring root WebApplicationContext
07-Jun-2022 23:55:34.133 INFO [main] org.apache.catalina.core.ApplicationContext.log No Spring WebApplicationInitializer types detected on classpath
07-Jun-2022 23:55:34.311 INFO [main] org.apache.catalina.core.ApplicationContext.log 1 Spring WebApplicationInitializers detected on classpath
07-Jun-2022 23:55:34.336 INFO [main] org.apache.catalina.core.ApplicationContext.log Initializing Spring root WebApplicationContext
07-Jun-2022 23:55:34.968 INFO [main] org.apache.catalina.core.ApplicationContext.log Initializing Spring FrameworkServlet 'sakai.message.bundle.manager'
07-Jun-2022 23:55:35.157 INFO [main] org.apache.catalina.core.ApplicationContext.log No Spring WebApplicationInitializer types detected on classpath
07-Jun-2022 23:55:35.158 INFO [main] org.apache.catalina.core.ApplicationContext.log Initializing Spring root WebApplicationContext
07-Jun-2022 23:55:35.346 INFO [main] org.apache.catalina.core.ApplicationContext.log No Spring WebApplicationInitializer types detected on classpath
07-Jun-2022 23:55:35.350 INFO [main] org.apache.catalina.core.ApplicationContext.log Initializing Spring root WebApplicationContext
07-Jun-2022 23:55:35.653 INFO [main] org.apache.catalina.core.ApplicationContext.log No Spring WebApplicationInitializer types detected on classpath
07-Jun-2022 23:55:35.655 INFO [main] org.apache.catalina.core.ApplicationContext.log Initializing Spring root WebApplicationContext
07-Jun-2022 23:55:36.546 INFO [main] org.apache.catalina.core.ApplicationContext.log No Spring WebApplicationInitializer types detected on classpath
07-Jun-2022 23:55:36.549 INFO [main] org.apache.catalina.core.ApplicationContext.log Initializing Spring root WebApplicationContext
07-Jun-2022 23:55:36.835 INFO [main] org.apache.catalina.core.ApplicationContext.log No Spring WebApplicationInitializer types detected on classpath
07-Jun-2022 23:55:36.839 INFO [main] org.apache.catalina.core.ApplicationContext.log Initializing Spring root WebApplicationContext
07-Jun-2022 23:55:37.600 INFO [main] org.apache.catalina.core.ApplicationContext.log No Spring WebApplicationInitializer types detected on classpath
07-Jun-2022 23:55:37.606 INFO [main] org.apache.catalina.core.ApplicationContext.log Initializing Spring root WebApplicationContext
07-Jun-2022 23:55:37.871 INFO [main] org.apache.catalina.core.ApplicationContext.log No Spring WebApplicationInitializer types detected on classpath
07-Jun-2022 23:55:37.977 INFO [main] org.apache.catalina.core.ApplicationContext.log 1 Spring WebApplicationInitializers detected on classpath
07-Jun-2022 23:55:37.993 INFO [main] org.apache.catalina.core.ApplicationContext.log Initializing Spring root WebApplicationContext
07-Jun-2022 23:55:38.315 INFO [main] org.apache.catalina.core.ApplicationContext.log Initializing Spring FrameworkServlet 'sakai.onedrive'
07-Jun-2022 23:55:38.436 INFO [main] org.apache.catalina.core.ApplicationContext.log No Spring WebApplicationInitializer types detected on classpath
07-Jun-2022 23:55:38.571 INFO [main] org.apache.catalina.core.ApplicationContext.log No Spring WebApplicationInitializer types detected on classpath
07-Jun-2022 23:55:38.571 INFO [main] org.apache.catalina.core.ApplicationContext.log Initializing Spring root WebApplicationContext
07-Jun-2022 23:55:38.732 INFO [main] org.apache.catalina.core.ApplicationContext.log No Spring WebApplicationInitializer types detected on classpath
07-Jun-2022 23:55:38.735 INFO [main] org.apache.catalina.core.ApplicationContext.log Initializing Spring root WebApplicationContext
07-Jun-2022 23:55:38.844 INFO [main] org.apache.catalina.core.ApplicationContext.log No Spring WebApplicationInitializer types detected on classpath
07-Jun-2022 23:55:38.960 INFO [main] org.apache.catalina.core.ApplicationContext.log No Spring WebApplicationInitializer types detected on classpath
07-Jun-2022 23:55:39.203 INFO [main] org.apache.catalina.core.ApplicationContext.log No Spring WebApplicationInitializer types detected on classpath
07-Jun-2022 23:55:39.203 INFO [main] org.apache.catalina.core.ApplicationContext.log Initializing Spring root WebApplicationContext
07-Jun-2022 23:55:39.965 INFO [main] org.apache.catalina.core.ApplicationContext.log No Spring WebApplicationInitializer types detected on classpath
07-Jun-2022 23:55:39.969 INFO [main] org.apache.catalina.core.ApplicationContext.log Initializing Spring root WebApplicationContext
07-Jun-2022 23:55:40.595 INFO [main] org.apache.catalina.core.ApplicationContext.log No Spring WebApplicationInitializer types detected on classpath
07-Jun-2022 23:55:40.598 INFO [main] org.apache.catalina.core.ApplicationContext.log Initializing Spring root WebApplicationContext
07-Jun-2022 23:55:41.665 INFO [main] org.apache.catalina.core.ApplicationContext.log No Spring WebApplicationInitializer types detected on classpath
07-Jun-2022 23:55:42.039 INFO [main] org.apache.catalina.core.ApplicationContext.log No Spring WebApplicationInitializer types detected on classpath
07-Jun-2022 23:55:42.039 INFO [main] org.apache.catalina.core.ApplicationContext.log Initializing Spring root WebApplicationContext
07-Jun-2022 23:55:42.224 INFO [main] org.apache.catalina.core.ApplicationContext.log No Spring WebApplicationInitializer types detected on classpath
07-Jun-2022 23:55:42.487 INFO [main] org.apache.catalina.core.ApplicationContext.log 1 Spring WebApplicationInitializers detected on classpath
07-Jun-2022 23:55:42.504 INFO [main] org.apache.catalina.core.ApplicationContext.log Initializing Spring root WebApplicationContext
07-Jun-2022 23:55:42.826 INFO [main] org.apache.catalina.core.ApplicationContext.log Initializing Spring FrameworkServlet 'sakai.datemanager'
07-Jun-2022 23:55:42.981 INFO [main] org.apache.catalina.core.ApplicationContext.log No Spring WebApplicationInitializer types detected on classpath
07-Jun-2022 23:55:43.236 INFO [main] org.apache.catalina.core.ApplicationContext.log No Spring WebApplicationInitializer types detected on classpath
07-Jun-2022 23:55:43.241 INFO [main] org.apache.catalina.core.ApplicationContext.log Initializing Spring root WebApplicationContext
07-Jun-2022 23:55:44.130 INFO [main] org.apache.catalina.core.ApplicationContext.log No Spring WebApplicationInitializer types detected on classpath
07-Jun-2022 23:55:44.381 INFO [main] org.apache.catalina.core.ApplicationContext.log No Spring WebApplicationInitializer types detected on classpath
07-Jun-2022 23:55:44.670 INFO [main] org.apache.catalina.core.ApplicationContext.log No Spring WebApplicationInitializer types detected on classpath
07-Jun-2022 23:55:44.674 INFO [main] org.apache.catalina.core.ApplicationContext.log Initializing Spring root WebApplicationContext
07-Jun-2022 23:55:45.131 INFO [main] org.apache.catalina.core.ApplicationContext.log No Spring WebApplicationInitializer types detected on classpath
07-Jun-2022 23:55:45.131 INFO [main] org.apache.catalina.core.ApplicationContext.log Initializing Spring root WebApplicationContext
07-Jun-2022 23:55:45.410 INFO [main] org.apache.catalina.core.ApplicationContext.log No Spring WebApplicationInitializer types detected on classpath
07-Jun-2022 23:55:45.414 INFO [main] org.apache.catalina.core.ApplicationContext.log Initializing Spring root WebApplicationContext
07-Jun-2022 23:55:45.625 INFO [main] org.apache.catalina.core.ApplicationContext.log No Spring WebApplicationInitializer types detected on classpath
07-Jun-2022 23:55:46.095 INFO [main] org.apache.catalina.core.ApplicationContext.log No Spring WebApplicationInitializer types detected on classpath
07-Jun-2022 23:55:46.105 INFO [main] org.apache.catalina.core.ApplicationContext.log Initializing Spring root WebApplicationContext
07-Jun-2022 23:55:47.172 INFO [main] org.apache.catalina.core.ApplicationContext.log 1 Spring WebApplicationInitializers detected on classpath
07-Jun-2022 23:55:47.186 INFO [main] org.apache.catalina.core.ApplicationContext.log Initializing Spring root WebApplicationContext
07-Jun-2022 23:55:47.500 INFO [main] org.apache.catalina.core.ApplicationContext.log Initializing Spring FrameworkServlet 'sakai.googledrive'
07-Jun-2022 23:55:47.634 INFO [main] org.apache.catalina.core.ApplicationContext.log No Spring WebApplicationInitializer types detected on classpath
07-Jun-2022 23:55:47.719 INFO [main] org.apache.catalina.core.ApplicationContext.log No Spring WebApplicationInitializer types detected on classpath
07-Jun-2022 23:55:47.720 INFO [main] org.apache.catalina.core.ApplicationContext.log Initializing Spring root WebApplicationContext
07-Jun-2022 23:55:47.732 INFO [main] org.apache.catalina.core.ApplicationContext.log Initializing Spring FrameworkServlet 'spring-mvc'
07-Jun-2022 23:55:47.975 INFO [main] org.apache.catalina.core.ApplicationContext.log No Spring WebApplicationInitializer types detected on classpath
07-Jun-2022 23:55:47.975 INFO [main] org.apache.catalina.core.ApplicationContext.log Initializing Spring root WebApplicationContext
07-Jun-2022 23:55:48.167 INFO [main] org.apache.catalina.core.ApplicationContext.log No Spring WebApplicationInitializer types detected on classpath
07-Jun-2022 23:55:48.170 INFO [main] org.apache.catalina.core.ApplicationContext.log Initializing Spring root WebApplicationContext
07-Jun-2022 23:55:48.632 INFO [main] org.apache.catalina.core.ApplicationContext.log No Spring WebApplicationInitializer types detected on classpath
07-Jun-2022 23:55:48.637 INFO [main] org.apache.catalina.core.ApplicationContext.log Initializing Spring root WebApplicationContext
07-Jun-2022 23:55:49.004 INFO [main] org.apache.catalina.core.ApplicationContext.log No Spring WebApplicationInitializer types detected on classpath
07-Jun-2022 23:55:49.007 INFO [main] org.apache.catalina.core.ApplicationContext.log Initializing Spring root WebApplicationContext
07-Jun-2022 23:55:49.372 INFO [main] org.apache.catalina.core.ApplicationContext.log No Spring WebApplicationInitializer types detected on classpath
07-Jun-2022 23:55:49.372 INFO [main] org.apache.catalina.core.ApplicationContext.log Initializing Spring root WebApplicationContext
07-Jun-2022 23:55:49.965 INFO [main] org.apache.catalina.core.ApplicationContext.log No Spring WebApplicationInitializer types detected on classpath
07-Jun-2022 23:55:50.328 INFO [main] org.apache.catalina.core.ApplicationContext.log No Spring WebApplicationInitializer types detected on classpath
07-Jun-2022 23:55:50.331 INFO [main] org.apache.catalina.core.ApplicationContext.log Initializing Spring root WebApplicationContext
07-Jun-2022 23:55:51.353 INFO [main] org.apache.catalina.core.ApplicationContext.log No Spring WebApplicationInitializer types detected on classpath
07-Jun-2022 23:55:51.353 INFO [main] org.apache.catalina.core.ApplicationContext.log Initializing Spring root WebApplicationContext
07-Jun-2022 23:55:51.383 INFO [main] org.apache.catalina.core.ApplicationContext.log org.tuckey.web.filters.urlrewrite.UrlRewriteFilter INFO: loaded (conf ok)
07-Jun-2022 23:55:51.557 INFO [main] org.apache.catalina.core.ApplicationContext.log No Spring WebApplicationInitializer types detected on classpath
07-Jun-2022 23:55:51.906 INFO [main] org.apache.catalina.core.ApplicationContext.log No Spring WebApplicationInitializer types detected on classpath
07-Jun-2022 23:55:51.909 INFO [main] org.apache.catalina.core.ApplicationContext.log Initializing Spring root WebApplicationContext
07-Jun-2022 23:55:52.773 INFO [main] org.apache.catalina.core.ApplicationContext.log No Spring WebApplicationInitializer types detected on classpath
07-Jun-2022 23:55:52.776 INFO [main] org.apache.catalina.core.ApplicationContext.log Initializing Spring root WebApplicationContext
07-Jun-2022 23:55:53.376 INFO [main] org.apache.catalina.core.ApplicationContext.log No Spring WebApplicationInitializer types detected on classpath
07-Jun-2022 23:55:54.113 INFO [main] org.apache.catalina.core.ApplicationContext.log No Spring WebApplicationInitializer types detected on classpath
07-Jun-2022 23:55:56.383 INFO [main] org.apache.catalina.core.ApplicationContext.log No Spring WebApplicationInitializer types detected on classpath
07-Jun-2022 23:55:56.531 INFO [main] org.apache.catalina.core.ApplicationContext.log No Spring WebApplicationInitializer types detected on classpath
07-Jun-2022 23:55:56.535 INFO [main] org.apache.catalina.core.ApplicationContext.log Initializing Spring root WebApplicationContext
07-Jun-2022 23:55:57.491 INFO [main] org.apache.catalina.core.ApplicationContext.log No Spring WebApplicationInitializer types detected on classpath
07-Jun-2022 23:55:57.491 INFO [main] org.apache.catalina.core.ApplicationContext.log Initializing Spring root WebApplicationContext
07-Jun-2022 23:55:58.292 INFO [main] org.apache.catalina.core.ApplicationContext.log No Spring WebApplicationInitializer types detected on classpath
07-Jun-2022 23:55:58.478 INFO [main] org.apache.catalina.core.ApplicationContext.log No Spring WebApplicationInitializer types detected on classpath
07-Jun-2022 23:55:58.481 INFO [main] org.apache.catalina.core.ApplicationContext.log Initializing Spring root WebApplicationContext
07-Jun-2022 23:55:59.261 INFO [main] org.apache.catalina.core.ApplicationContext.log No Spring WebApplicationInitializer types detected on classpath
07-Jun-2022 23:55:59.265 INFO [main] org.apache.catalina.core.ApplicationContext.log Initializing Spring root WebApplicationContext
07-Jun-2022 23:55:59.847 INFO [main] org.apache.catalina.core.ApplicationContext.log No Spring WebApplicationInitializer types detected on classpath
07-Jun-2022 23:56:00.259 INFO [main] org.apache.catalina.core.ApplicationContext.log No Spring WebApplicationInitializer types detected on classpath
07-Jun-2022 23:56:00.260 INFO [main] org.apache.catalina.core.ApplicationContext.log Initializing Spring root WebApplicationContext
07-Jun-2022 23:56:02.702 INFO [main] org.apache.catalina.core.ApplicationContext.log No Spring WebApplicationInitializer types detected on classpath
07-Jun-2022 23:56:02.702 INFO [main] org.apache.catalina.core.ApplicationContext.log Initializing Spring root WebApplicationContext
07-Jun-2022 23:56:03.779 INFO [main] org.apache.catalina.core.ApplicationContext.log No Spring WebApplicationInitializer types detected on classpath
07-Jun-2022 23:56:03.780 INFO [main] org.apache.catalina.core.ApplicationContext.log Initializing Spring root WebApplicationContext
07-Jun-2022 23:56:03.973 INFO [main] org.apache.catalina.core.ApplicationContext.log No Spring WebApplicationInitializer types detected on classpath
07-Jun-2022 23:56:03.974 INFO [main] org.apache.catalina.core.ApplicationContext.log Initializing Spring root WebApplicationContext
07-Jun-2022 23:56:04.240 INFO [main] org.apache.catalina.core.ApplicationContext.log No Spring WebApplicationInitializer types detected on classpath
07-Jun-2022 23:56:04.250 INFO [main] org.apache.catalina.core.ApplicationContext.log Initializing Spring root WebApplicationContext
07-Jun-2022 23:56:04.583 INFO [main] org.apache.catalina.core.ApplicationContext.log No Spring WebApplicationInitializer types detected on classpath
07-Jun-2022 23:56:04.807 INFO [main] org.apache.catalina.core.ApplicationContext.log 1 Spring WebApplicationInitializers detected on classpath
07-Jun-2022 23:56:04.828 INFO [main] org.apache.catalina.core.ApplicationContext.log Initializing Spring root WebApplicationContext
07-Jun-2022 23:56:05.352 INFO [main] org.apache.catalina.core.ApplicationContext.log Initializing Spring FrameworkServlet 'sakai-site-group-manager'
07-Jun-2022 23:56:05.574 INFO [main] org.apache.catalina.core.ApplicationContext.log No Spring WebApplicationInitializer types detected on classpath
07-Jun-2022 23:56:05.578 INFO [main] org.apache.catalina.core.ApplicationContext.log Initializing Spring root WebApplicationContext
07-Jun-2022 23:56:05.863 INFO [main] org.apache.catalina.core.ApplicationContext.log No Spring WebApplicationInitializer types detected on classpath
07-Jun-2022 23:56:05.863 INFO [main] org.apache.catalina.core.ApplicationContext.log Initializing Spring root WebApplicationContext
07-Jun-2022 23:56:06.007 INFO [main] org.apache.catalina.core.ApplicationContext.log No Spring WebApplicationInitializer types detected on classpath
07-Jun-2022 23:56:06.151 INFO [main] org.apache.catalina.core.ApplicationContext.log No Spring WebApplicationInitializer types detected on classpath
07-Jun-2022 23:56:06.272 INFO [main] org.apache.catalina.core.ApplicationContext.log No Spring WebApplicationInitializer types detected on classpath
07-Jun-2022 23:56:06.276 INFO [main] org.apache.catalina.core.ApplicationContext.log Initializing Spring root WebApplicationContext
07-Jun-2022 23:56:07.460 INFO [main] org.apache.catalina.core.ApplicationContext.log No Spring WebApplicationInitializer types detected on classpath
07-Jun-2022 23:56:08.588 INFO [main] org.apache.catalina.core.ApplicationContext.log Initializing Spring root WebApplicationContext
07-Jun-2022 23:56:10.323 INFO [main] org.apache.catalina.core.ApplicationContext.log No Spring WebApplicationInitializer types detected on classpath
07-Jun-2022 23:56:10.587 INFO [main] org.apache.catalina.core.ApplicationContext.log No Spring WebApplicationInitializer types detected on classpath
07-Jun-2022 23:56:10.762 INFO [main] org.apache.catalina.core.ApplicationContext.log No Spring WebApplicationInitializer types detected on classpath
07-Jun-2022 23:56:10.765 INFO [main] org.apache.catalina.core.ApplicationContext.log Initializing Spring root WebApplicationContext
07-Jun-2022 23:56:10.808 INFO [main] org.apache.catalina.core.ApplicationContext.log Initializing Spring FrameworkServlet 'spring'
07-Jun-2022 23:56:11.023 INFO [main] org.apache.catalina.core.ApplicationContext.log No Spring WebApplicationInitializer types detected on classpath
07-Jun-2022 23:56:11.027 INFO [main] org.apache.catalina.core.ApplicationContext.log Initializing Spring root WebApplicationContext
07-Jun-2022 23:56:11.280 INFO [main] org.apache.catalina.core.ApplicationContext.log 1 Spring WebApplicationInitializers detected on classpath
07-Jun-2022 23:56:21.862 INFO [main] org.apache.catalina.core.ApplicationContext.log No Spring WebApplicationInitializer types detected on classpath
07-Jun-2022 23:56:22.199 INFO [main] org.apache.catalina.core.ApplicationContext.log No Spring WebApplicationInitializer types detected on classpath
07-Jun-2022 23:56:22.353 INFO [main] org.apache.catalina.core.ApplicationContext.log No Spring WebApplicationInitializer types detected on classpath
07-Jun-2022 23:56:22.548 INFO [main] org.apache.catalina.core.ApplicationContext.log No Spring WebApplicationInitializer types detected on classpath
07-Jun-2022 23:56:22.712 INFO [main] org.apache.catalina.core.ApplicationContext.log No Spring WebApplicationInitializer types detected on classpath
07-Jun-2022 23:56:22.714 INFO [main] org.apache.catalina.core.ApplicationContext.log Initializing Spring root WebApplicationContext
07-Jun-2022 23:56:22.847 INFO [main] org.apache.catalina.core.ApplicationContext.log No Spring WebApplicationInitializer types detected on classpath
07-Jun-2022 23:56:23.108 INFO [main] org.apache.catalina.core.ApplicationContext.log No Spring WebApplicationInitializer types detected on classpath
07-Jun-2022 23:56:23.112 INFO [main] org.apache.catalina.core.ApplicationContext.log Initializing Spring root WebApplicationContext
07-Jun-2022 23:56:24.124 INFO [main] org.apache.catalina.core.ApplicationContext.log No Spring WebApplicationInitializer types detected on classpath
07-Jun-2022 23:56:25.842 INFO [main] org.apache.catalina.core.ApplicationContext.log Initializing Spring root WebApplicationContext
07-Jun-2022 23:56:30.175 INFO [main] org.apache.catalina.core.ApplicationContext.log No Spring WebApplicationInitializer types detected on classpath
07-Jun-2022 23:56:30.179 INFO [main] org.apache.catalina.core.ApplicationContext.log Initializing Spring root WebApplicationContext
07-Jun-2022 23:56:30.869 INFO [main] org.apache.catalina.core.ApplicationContext.log No Spring WebApplicationInitializer types detected on classpath
07-Jun-2022 23:56:30.873 INFO [main] org.apache.catalina.core.ApplicationContext.log Initializing Spring root WebApplicationContext
07-Jun-2022 23:56:31.360 INFO [main] org.apache.catalina.core.ApplicationContext.log No Spring WebApplicationInitializer types detected on classpath
07-Jun-2022 23:56:31.368 INFO [main] org.apache.catalina.core.ApplicationContext.log Initializing Spring root WebApplicationContext
07-Jun-2022 23:56:31.712 INFO [main] org.apache.catalina.core.ApplicationContext.log No Spring WebApplicationInitializer types detected on classpath
07-Jun-2022 23:56:31.865 INFO [main] org.apache.catalina.core.ApplicationContext.log No Spring WebApplicationInitializer types detected on classpath
07-Jun-2022 23:56:31.868 INFO [main] org.apache.catalina.core.ApplicationContext.log Initializing Spring root WebApplicationContext
07-Jun-2022 23:56:32.138 INFO [main] org.apache.catalina.core.ApplicationContext.log No Spring WebApplicationInitializer types detected on classpath
07-Jun-2022 23:56:32.509 INFO [main] org.apache.catalina.core.ApplicationContext.log No Spring WebApplicationInitializer types detected on classpath
07-Jun-2022 23:56:32.511 INFO [main] org.apache.catalina.core.ApplicationContext.log ContextListener: contextInitialized()
07-Jun-2022 23:56:32.511 INFO [main] org.apache.catalina.core.ApplicationContext.log SessionListener: contextInitialized()
07-Jun-2022 23:56:32.512 INFO [main] org.apache.catalina.core.ApplicationContext.log ContextListener: attributeAdded('StockTicker', 'async.Stockticker@9856638')
07-Jun-2022 23:56:32.599 INFO [main] org.apache.catalina.core.ApplicationContext.log No Spring WebApplicationInitializer types detected on classpath
07-Jun-2022 23:57:00.174 INFO [http-nio-8080-exec-4] org.apache.catalina.core.ApplicationContext.log No context init parameter 'javax.faces.PARTIAL_STATE_SAVING_METHOD' found; no partial state saving method defined, assuming default partial state saving method off.
07-Jun-2022 23:57:00.228 INFO [http-nio-8080-exec-4] org.apache.catalina.core.ApplicationContext.log No context init parameter 'javax.faces.PARTIAL_STATE_SAVING_METHOD' found; no partial state saving method defined, assuming default partial state saving method off.
07-Jun-2022 23:57:00.489 INFO [http-nio-8080-exec-4] org.apache.catalina.core.ApplicationContext.log No context init parameter 'javax.faces.PARTIAL_STATE_SAVING_METHOD' found; no partial state saving method defined, assuming default partial state saving method off.
07-Jun-2022 23:57:00.562 INFO [http-nio-8080-exec-4] org.apache.catalina.core.ApplicationContext.log No context init parameter 'javax.faces.PARTIAL_STATE_SAVING_METHOD' found; no partial state saving method defined, assuming default partial state saving method off.
07-Jun-2022 23:57:00.583 INFO [http-nio-8080-exec-4] org.apache.catalina.core.ApplicationContext.log No context init parameter 'javax.faces.PARTIAL_STATE_SAVING_METHOD' found; no partial state saving method defined, assuming default partial state saving method off.
07-Jun-2022 23:57:00.585 INFO [http-nio-8080-exec-4] org.apache.catalina.core.ApplicationContext.log No context init parameter 'javax.faces.PARTIAL_STATE_SAVING_METHOD' found; no partial state saving method defined, assuming default partial state saving method off.
07-Jun-2022 23:57:00.594 INFO [http-nio-8080-exec-4] org.apache.catalina.core.ApplicationContext.log No context init parameter 'javax.faces.PARTIAL_STATE_SAVING_METHOD' found; no partial state saving method defined, assuming default partial state saving method off.
07-Jun-2022 23:57:00.600 INFO [http-nio-8080-exec-4] org.apache.catalina.core.ApplicationContext.log No context init parameter 'javax.faces.PARTIAL_STATE_SAVING_METHOD' found; no partial state saving method defined, assuming default partial state saving method off.
07-Jun-2022 23:57:00.615 INFO [http-nio-8080-exec-4] org.apache.catalina.core.ApplicationContext.log No context init parameter 'javax.faces.PARTIAL_STATE_SAVING_METHOD' found; no partial state saving method defined, assuming default partial state saving method off.
07-Jun-2022 23:57:00.706 INFO [http-nio-8080-exec-4] org.apache.catalina.core.ApplicationContext.log No context init parameter 'javax.faces.PARTIAL_STATE_SAVING_METHOD' found; no partial state saving method defined, assuming default partial state saving method off.
07-Jun-2022 23:57:00.714 INFO [http-nio-8080-exec-4] org.apache.catalina.core.ApplicationContext.log No context init parameter 'javax.faces.PARTIAL_STATE_SAVING_METHOD' found; no partial state saving method defined, assuming default partial state saving method off.
07-Jun-2022 23:57:00.723 INFO [http-nio-8080-exec-4] org.apache.catalina.core.ApplicationContext.log No context init parameter 'javax.faces.PARTIAL_STATE_SAVING_METHOD' found; no partial state saving method defined, assuming default partial state saving method off.
07-Jun-2022 23:57:00.730 INFO [http-nio-8080-exec-4] org.apache.catalina.core.ApplicationContext.log No context init parameter 'javax.faces.PARTIAL_STATE_SAVING_METHOD' found; no partial state saving method defined, assuming default partial state saving method off.
07-Jun-2022 23:57:00.732 INFO [http-nio-8080-exec-4] org.apache.catalina.core.ApplicationContext.log No context init parameter 'javax.faces.PARTIAL_STATE_SAVING_METHOD' found; no partial state saving method defined, assuming default partial state saving method off.
07-Jun-2022 23:57:00.754 INFO [http-nio-8080-exec-4] org.apache.catalina.core.ApplicationContext.log No context init parameter 'javax.faces.PARTIAL_STATE_SAVING_METHOD' found; no partial state saving method defined, assuming default partial state saving method off.
07-Jun-2022 23:57:00.775 INFO [http-nio-8080-exec-4] org.apache.catalina.core.ApplicationContext.log No context init parameter 'javax.faces.PARTIAL_STATE_SAVING_METHOD' found; no partial state saving method defined, assuming default partial state saving method off.
07-Jun-2022 23:57:00.779 INFO [http-nio-8080-exec-4] org.apache.catalina.core.ApplicationContext.log No context init parameter 'javax.faces.PARTIAL_STATE_SAVING_METHOD' found; no partial state saving method defined, assuming default partial state saving method off.
07-Jun-2022 23:57:00.780 INFO [http-nio-8080-exec-4] org.apache.catalina.core.ApplicationContext.log No context init parameter 'javax.faces.PARTIAL_STATE_SAVING_METHOD' found; no partial state saving method defined, assuming default partial state saving method off.
07-Jun-2022 23:57:00.785 INFO [http-nio-8080-exec-4] org.apache.catalina.core.ApplicationContext.log No context init parameter 'javax.faces.PARTIAL_STATE_SAVING_METHOD' found; no partial state saving method defined, assuming default partial state saving method off.
07-Jun-2022 23:57:00.791 INFO [http-nio-8080-exec-4] org.apache.catalina.core.ApplicationContext.log No context init parameter 'javax.faces.PARTIAL_STATE_SAVING_METHOD' found; no partial state saving method defined, assuming default partial state saving method off.
07-Jun-2022 23:57:01.131 INFO [http-nio-8080-exec-4] org.apache.catalina.core.ApplicationContext.log No context init parameter 'javax.faces.PARTIAL_STATE_SAVING_METHOD' found; no partial state saving method defined, assuming default partial state saving method off.
07-Jun-2022 23:57:01.134 INFO [http-nio-8080-exec-4] org.apache.catalina.core.ApplicationContext.log No context init parameter 'javax.faces.PARTIAL_STATE_SAVING_METHOD' found; no partial state saving method defined, assuming default partial state saving method off.
07-Jun-2022 23:57:01.136 INFO [http-nio-8080-exec-4] org.apache.catalina.core.ApplicationContext.log No context init parameter 'javax.faces.PARTIAL_STATE_SAVING_METHOD' found; no partial state saving method defined, assuming default partial state saving method off.
07-Jun-2022 23:57:01.140 INFO [http-nio-8080-exec-4] org.apache.catalina.core.ApplicationContext.log No context init parameter 'javax.faces.PARTIAL_STATE_SAVING_METHOD' found; no partial state saving method defined, assuming default partial state saving method off.
07-Jun-2022 23:57:01.148 INFO [http-nio-8080-exec-4] org.apache.catalina.core.ApplicationContext.log No context init parameter 'javax.faces.PARTIAL_STATE_SAVING_METHOD' found; no partial state saving method defined, assuming default partial state saving method off.
07-Jun-2022 23:57:01.150 INFO [http-nio-8080-exec-4] org.apache.catalina.core.ApplicationContext.log No context init parameter 'javax.faces.PARTIAL_STATE_SAVING_METHOD' found; no partial state saving method defined, assuming default partial state saving method off.
07-Jun-2022 23:57:01.151 INFO [http-nio-8080-exec-4] org.apache.catalina.core.ApplicationContext.log No context init parameter 'javax.faces.PARTIAL_STATE_SAVING_METHOD' found; no partial state saving method defined, assuming default partial state saving method off.
07-Jun-2022 23:57:01.155 INFO [http-nio-8080-exec-4] org.apache.catalina.core.ApplicationContext.log No context init parameter 'javax.faces.PARTIAL_STATE_SAVING_METHOD' found; no partial state saving method defined, assuming default partial state saving method off.
07-Jun-2022 23:57:01.161 INFO [http-nio-8080-exec-4] org.apache.catalina.core.ApplicationContext.log No context init parameter 'javax.faces.PARTIAL_STATE_SAVING_METHOD' found; no partial state saving method defined, assuming default partial state saving method off.
07-Jun-2022 23:57:01.163 INFO [http-nio-8080-exec-4] org.apache.catalina.core.ApplicationContext.log No context init parameter 'javax.faces.PARTIAL_STATE_SAVING_METHOD' found; no partial state saving method defined, assuming default partial state saving method off.
07-Jun-2022 23:57:01.163 INFO [http-nio-8080-exec-4] org.apache.catalina.core.ApplicationContext.log No context init parameter 'javax.faces.PARTIAL_STATE_SAVING_METHOD' found; no partial state saving method defined, assuming default partial state saving method off.
07-Jun-2022 23:57:01.164 INFO [http-nio-8080-exec-4] org.apache.catalina.core.ApplicationContext.log No context init parameter 'javax.faces.PARTIAL_STATE_SAVING_METHOD' found; no partial state saving method defined, assuming default partial state saving method off.
07-Jun-2022 23:57:01.166 INFO [http-nio-8080-exec-4] org.apache.catalina.core.ApplicationContext.log No context init parameter 'javax.faces.PARTIAL_STATE_SAVING_METHOD' found; no partial state saving method defined, assuming default partial state saving method off.
07-Jun-2022 23:57:01.168 INFO [http-nio-8080-exec-4] org.apache.catalina.core.ApplicationContext.log No context init parameter 'javax.faces.PARTIAL_STATE_SAVING_METHOD' found; no partial state saving method defined, assuming default partial state saving method off.
07-Jun-2022 23:57:01.171 INFO [http-nio-8080-exec-4] org.apache.catalina.core.ApplicationContext.log No context init parameter 'javax.faces.PARTIAL_STATE_SAVING_METHOD' found; no partial state saving method defined, assuming default partial state saving method off.
07-Jun-2022 23:57:01.176 INFO [http-nio-8080-exec-4] org.apache.catalina.core.ApplicationContext.log No context init parameter 'javax.faces.PARTIAL_STATE_SAVING_METHOD' found; no partial state saving method defined, assuming default partial state saving method off.
07-Jun-2022 23:57:01.177 INFO [http-nio-8080-exec-4] org.apache.catalina.core.ApplicationContext.log No context init parameter 'javax.faces.PARTIAL_STATE_SAVING_METHOD' found; no partial state saving method defined, assuming default partial state saving method off.
07-Jun-2022 23:57:01.179 INFO [http-nio-8080-exec-4] org.apache.catalina.core.ApplicationContext.log No context init parameter 'javax.faces.PARTIAL_STATE_SAVING_METHOD' found; no partial state saving method defined, assuming default partial state saving method off.
