05-May-2022 10:17:05.769 INFO [main] org.apache.catalina.core.ApplicationContext.log No Spring WebApplicationInitializer types detected on classpath
05-May-2022 10:17:05.843 INFO [main] org.apache.catalina.core.ApplicationContext.log Initializing Spring root WebApplicationContext
05-May-2022 10:17:29.718 INFO [main] org.apache.catalina.core.ApplicationContext.log No Spring WebApplicationInitializer types detected on classpath
05-May-2022 10:17:30.340 INFO [main] org.apache.catalina.core.ApplicationContext.log No Spring WebApplicationInitializer types detected on classpath
05-May-2022 10:17:30.344 INFO [main] org.apache.catalina.core.ApplicationContext.log Initializing Spring root WebApplicationContext
05-May-2022 10:17:31.574 INFO [main] org.apache.catalina.core.ApplicationContext.log No Spring WebApplicationInitializer types detected on classpath
05-May-2022 10:17:32.067 INFO [main] org.apache.catalina.core.ApplicationContext.log No Spring WebApplicationInitializer types detected on classpath
05-May-2022 10:17:32.622 INFO [main] org.apache.catalina.core.ApplicationContext.log No Spring WebApplicationInitializer types detected on classpath
05-May-2022 10:17:32.625 INFO [main] org.apache.catalina.core.ApplicationContext.log Initializing Spring root WebApplicationContext
05-May-2022 10:17:32.912 INFO [main] org.apache.catalina.core.ApplicationContext.log No Spring WebApplicationInitializer types detected on classpath
05-May-2022 10:17:33.097 INFO [main] org.apache.catalina.core.ApplicationContext.log 1 Spring WebApplicationInitializers detected on classpath
05-May-2022 10:17:33.122 INFO [main] org.apache.catalina.core.ApplicationContext.log Initializing Spring root WebApplicationContext
05-May-2022 10:17:33.753 INFO [main] org.apache.catalina.core.ApplicationContext.log Initializing Spring FrameworkServlet 'sakai.message.bundle.manager'
05-May-2022 10:17:33.947 INFO [main] org.apache.catalina.core.ApplicationContext.log No Spring WebApplicationInitializer types detected on classpath
05-May-2022 10:17:33.947 INFO [main] org.apache.catalina.core.ApplicationContext.log Initializing Spring root WebApplicationContext
05-May-2022 10:17:34.130 INFO [main] org.apache.catalina.core.ApplicationContext.log No Spring WebApplicationInitializer types detected on classpath
05-May-2022 10:17:34.135 INFO [main] org.apache.catalina.core.ApplicationContext.log Initializing Spring root WebApplicationContext
05-May-2022 10:17:34.426 INFO [main] org.apache.catalina.core.ApplicationContext.log No Spring WebApplicationInitializer types detected on classpath
05-May-2022 10:17:34.429 INFO [main] org.apache.catalina.core.ApplicationContext.log Initializing Spring root WebApplicationContext
05-May-2022 10:17:35.308 INFO [main] org.apache.catalina.core.ApplicationContext.log No Spring WebApplicationInitializer types detected on classpath
05-May-2022 10:17:35.311 INFO [main] org.apache.catalina.core.ApplicationContext.log Initializing Spring root WebApplicationContext
05-May-2022 10:17:35.535 INFO [main] org.apache.catalina.core.ApplicationContext.log No Spring WebApplicationInitializer types detected on classpath
05-May-2022 10:17:35.539 INFO [main] org.apache.catalina.core.ApplicationContext.log Initializing Spring root WebApplicationContext
05-May-2022 10:17:36.331 INFO [main] org.apache.catalina.core.ApplicationContext.log No Spring WebApplicationInitializer types detected on classpath
05-May-2022 10:17:36.337 INFO [main] org.apache.catalina.core.ApplicationContext.log Initializing Spring root WebApplicationContext
05-May-2022 10:17:36.594 INFO [main] org.apache.catalina.core.ApplicationContext.log No Spring WebApplicationInitializer types detected on classpath
05-May-2022 10:17:36.708 INFO [main] org.apache.catalina.core.ApplicationContext.log 1 Spring WebApplicationInitializers detected on classpath
05-May-2022 10:17:36.722 INFO [main] org.apache.catalina.core.ApplicationContext.log Initializing Spring root WebApplicationContext
05-May-2022 10:17:37.057 INFO [main] org.apache.catalina.core.ApplicationContext.log Initializing Spring FrameworkServlet 'sakai.onedrive'
05-May-2022 10:17:37.190 INFO [main] org.apache.catalina.core.ApplicationContext.log No Spring WebApplicationInitializer types detected on classpath
05-May-2022 10:17:37.346 INFO [main] org.apache.catalina.core.ApplicationContext.log No Spring WebApplicationInitializer types detected on classpath
05-May-2022 10:17:37.346 INFO [main] org.apache.catalina.core.ApplicationContext.log Initializing Spring root WebApplicationContext
05-May-2022 10:17:37.502 INFO [main] org.apache.catalina.core.ApplicationContext.log No Spring WebApplicationInitializer types detected on classpath
05-May-2022 10:17:37.505 INFO [main] org.apache.catalina.core.ApplicationContext.log Initializing Spring root WebApplicationContext
05-May-2022 10:17:37.624 INFO [main] org.apache.catalina.core.ApplicationContext.log No Spring WebApplicationInitializer types detected on classpath
05-May-2022 10:17:37.761 INFO [main] org.apache.catalina.core.ApplicationContext.log No Spring WebApplicationInitializer types detected on classpath
05-May-2022 10:17:38.058 INFO [main] org.apache.catalina.core.ApplicationContext.log No Spring WebApplicationInitializer types detected on classpath
05-May-2022 10:17:38.059 INFO [main] org.apache.catalina.core.ApplicationContext.log Initializing Spring root WebApplicationContext
05-May-2022 10:17:38.689 INFO [main] org.apache.catalina.core.ApplicationContext.log No Spring WebApplicationInitializer types detected on classpath
05-May-2022 10:17:38.692 INFO [main] org.apache.catalina.core.ApplicationContext.log Initializing Spring root WebApplicationContext
05-May-2022 10:17:39.328 INFO [main] org.apache.catalina.core.ApplicationContext.log No Spring WebApplicationInitializer types detected on classpath
05-May-2022 10:17:39.331 INFO [main] org.apache.catalina.core.ApplicationContext.log Initializing Spring root WebApplicationContext
05-May-2022 10:17:40.419 INFO [main] org.apache.catalina.core.ApplicationContext.log No Spring WebApplicationInitializer types detected on classpath
05-May-2022 10:17:40.709 INFO [main] org.apache.catalina.core.ApplicationContext.log No Spring WebApplicationInitializer types detected on classpath
05-May-2022 10:17:40.709 INFO [main] org.apache.catalina.core.ApplicationContext.log Initializing Spring root WebApplicationContext
05-May-2022 10:17:40.957 INFO [main] org.apache.catalina.core.ApplicationContext.log No Spring WebApplicationInitializer types detected on classpath
05-May-2022 10:17:41.222 INFO [main] org.apache.catalina.core.ApplicationContext.log 1 Spring WebApplicationInitializers detected on classpath
05-May-2022 10:17:41.239 INFO [main] org.apache.catalina.core.ApplicationContext.log Initializing Spring root WebApplicationContext
05-May-2022 10:17:41.569 INFO [main] org.apache.catalina.core.ApplicationContext.log Initializing Spring FrameworkServlet 'sakai.datemanager'
05-May-2022 10:17:41.717 INFO [main] org.apache.catalina.core.ApplicationContext.log No Spring WebApplicationInitializer types detected on classpath
05-May-2022 10:17:41.971 INFO [main] org.apache.catalina.core.ApplicationContext.log No Spring WebApplicationInitializer types detected on classpath
05-May-2022 10:17:41.975 INFO [main] org.apache.catalina.core.ApplicationContext.log Initializing Spring root WebApplicationContext
05-May-2022 10:17:42.890 INFO [main] org.apache.catalina.core.ApplicationContext.log No Spring WebApplicationInitializer types detected on classpath
05-May-2022 10:17:43.140 INFO [main] org.apache.catalina.core.ApplicationContext.log No Spring WebApplicationInitializer types detected on classpath
05-May-2022 10:17:43.396 INFO [main] org.apache.catalina.core.ApplicationContext.log No Spring WebApplicationInitializer types detected on classpath
05-May-2022 10:17:43.400 INFO [main] org.apache.catalina.core.ApplicationContext.log Initializing Spring root WebApplicationContext
05-May-2022 10:17:44.018 INFO [main] org.apache.catalina.core.ApplicationContext.log No Spring WebApplicationInitializer types detected on classpath
05-May-2022 10:17:44.018 INFO [main] org.apache.catalina.core.ApplicationContext.log Initializing Spring root WebApplicationContext
05-May-2022 10:17:44.304 INFO [main] org.apache.catalina.core.ApplicationContext.log No Spring WebApplicationInitializer types detected on classpath
05-May-2022 10:17:44.307 INFO [main] org.apache.catalina.core.ApplicationContext.log Initializing Spring root WebApplicationContext
05-May-2022 10:17:44.516 INFO [main] org.apache.catalina.core.ApplicationContext.log No Spring WebApplicationInitializer types detected on classpath
05-May-2022 10:17:44.924 INFO [main] org.apache.catalina.core.ApplicationContext.log No Spring WebApplicationInitializer types detected on classpath
05-May-2022 10:17:44.929 INFO [main] org.apache.catalina.core.ApplicationContext.log Initializing Spring root WebApplicationContext
05-May-2022 10:17:45.936 INFO [main] org.apache.catalina.core.ApplicationContext.log 1 Spring WebApplicationInitializers detected on classpath
05-May-2022 10:17:45.950 INFO [main] org.apache.catalina.core.ApplicationContext.log Initializing Spring root WebApplicationContext
05-May-2022 10:17:46.268 INFO [main] org.apache.catalina.core.ApplicationContext.log Initializing Spring FrameworkServlet 'sakai.googledrive'
05-May-2022 10:17:46.407 INFO [main] org.apache.catalina.core.ApplicationContext.log No Spring WebApplicationInitializer types detected on classpath
05-May-2022 10:17:46.483 INFO [main] org.apache.catalina.core.ApplicationContext.log No Spring WebApplicationInitializer types detected on classpath
05-May-2022 10:17:46.483 INFO [main] org.apache.catalina.core.ApplicationContext.log Initializing Spring root WebApplicationContext
05-May-2022 10:17:46.494 INFO [main] org.apache.catalina.core.ApplicationContext.log Initializing Spring FrameworkServlet 'spring-mvc'
05-May-2022 10:17:46.732 INFO [main] org.apache.catalina.core.ApplicationContext.log No Spring WebApplicationInitializer types detected on classpath
05-May-2022 10:17:46.732 INFO [main] org.apache.catalina.core.ApplicationContext.log Initializing Spring root WebApplicationContext
05-May-2022 10:17:46.974 INFO [main] org.apache.catalina.core.ApplicationContext.log No Spring WebApplicationInitializer types detected on classpath
05-May-2022 10:17:46.977 INFO [main] org.apache.catalina.core.ApplicationContext.log Initializing Spring root WebApplicationContext
05-May-2022 10:17:47.439 INFO [main] org.apache.catalina.core.ApplicationContext.log No Spring WebApplicationInitializer types detected on classpath
05-May-2022 10:17:47.445 INFO [main] org.apache.catalina.core.ApplicationContext.log Initializing Spring root WebApplicationContext
05-May-2022 10:17:47.813 INFO [main] org.apache.catalina.core.ApplicationContext.log No Spring WebApplicationInitializer types detected on classpath
05-May-2022 10:17:47.816 INFO [main] org.apache.catalina.core.ApplicationContext.log Initializing Spring root WebApplicationContext
05-May-2022 10:17:48.191 INFO [main] org.apache.catalina.core.ApplicationContext.log No Spring WebApplicationInitializer types detected on classpath
05-May-2022 10:17:48.191 INFO [main] org.apache.catalina.core.ApplicationContext.log Initializing Spring root WebApplicationContext
05-May-2022 10:17:48.759 INFO [main] org.apache.catalina.core.ApplicationContext.log No Spring WebApplicationInitializer types detected on classpath
05-May-2022 10:17:49.145 INFO [main] org.apache.catalina.core.ApplicationContext.log No Spring WebApplicationInitializer types detected on classpath
05-May-2022 10:17:49.149 INFO [main] org.apache.catalina.core.ApplicationContext.log Initializing Spring root WebApplicationContext
05-May-2022 10:17:50.154 INFO [main] org.apache.catalina.core.ApplicationContext.log No Spring WebApplicationInitializer types detected on classpath
05-May-2022 10:17:50.154 INFO [main] org.apache.catalina.core.ApplicationContext.log Initializing Spring root WebApplicationContext
05-May-2022 10:17:50.183 INFO [main] org.apache.catalina.core.ApplicationContext.log org.tuckey.web.filters.urlrewrite.UrlRewriteFilter INFO: loaded (conf ok)
05-May-2022 10:17:50.350 INFO [main] org.apache.catalina.core.ApplicationContext.log No Spring WebApplicationInitializer types detected on classpath
05-May-2022 10:17:50.702 INFO [main] org.apache.catalina.core.ApplicationContext.log No Spring WebApplicationInitializer types detected on classpath
05-May-2022 10:17:50.707 INFO [main] org.apache.catalina.core.ApplicationContext.log Initializing Spring root WebApplicationContext
05-May-2022 10:17:51.565 INFO [main] org.apache.catalina.core.ApplicationContext.log No Spring WebApplicationInitializer types detected on classpath
05-May-2022 10:17:51.567 INFO [main] org.apache.catalina.core.ApplicationContext.log Initializing Spring root WebApplicationContext
05-May-2022 10:17:52.166 INFO [main] org.apache.catalina.core.ApplicationContext.log No Spring WebApplicationInitializer types detected on classpath
05-May-2022 10:17:52.897 INFO [main] org.apache.catalina.core.ApplicationContext.log No Spring WebApplicationInitializer types detected on classpath
05-May-2022 10:17:55.481 INFO [main] org.apache.catalina.core.ApplicationContext.log No Spring WebApplicationInitializer types detected on classpath
05-May-2022 10:17:55.637 INFO [main] org.apache.catalina.core.ApplicationContext.log No Spring WebApplicationInitializer types detected on classpath
05-May-2022 10:17:55.641 INFO [main] org.apache.catalina.core.ApplicationContext.log Initializing Spring root WebApplicationContext
05-May-2022 10:17:56.585 INFO [main] org.apache.catalina.core.ApplicationContext.log No Spring WebApplicationInitializer types detected on classpath
05-May-2022 10:17:56.586 INFO [main] org.apache.catalina.core.ApplicationContext.log Initializing Spring root WebApplicationContext
05-May-2022 10:17:57.363 INFO [main] org.apache.catalina.core.ApplicationContext.log No Spring WebApplicationInitializer types detected on classpath
05-May-2022 10:17:57.538 INFO [main] org.apache.catalina.core.ApplicationContext.log No Spring WebApplicationInitializer types detected on classpath
05-May-2022 10:17:57.540 INFO [main] org.apache.catalina.core.ApplicationContext.log Initializing Spring root WebApplicationContext
05-May-2022 10:17:58.307 INFO [main] org.apache.catalina.core.ApplicationContext.log No Spring WebApplicationInitializer types detected on classpath
05-May-2022 10:17:58.310 INFO [main] org.apache.catalina.core.ApplicationContext.log Initializing Spring root WebApplicationContext
05-May-2022 10:17:58.854 INFO [main] org.apache.catalina.core.ApplicationContext.log No Spring WebApplicationInitializer types detected on classpath
05-May-2022 10:17:59.129 INFO [main] org.apache.catalina.core.ApplicationContext.log No Spring WebApplicationInitializer types detected on classpath
05-May-2022 10:17:59.130 INFO [main] org.apache.catalina.core.ApplicationContext.log Initializing Spring root WebApplicationContext
05-May-2022 10:18:01.243 INFO [main] org.apache.catalina.core.ApplicationContext.log No Spring WebApplicationInitializer types detected on classpath
05-May-2022 10:18:01.244 INFO [main] org.apache.catalina.core.ApplicationContext.log Initializing Spring root WebApplicationContext
05-May-2022 10:18:01.835 INFO [main] org.apache.catalina.core.ApplicationContext.log No Spring WebApplicationInitializer types detected on classpath
05-May-2022 10:18:01.836 INFO [main] org.apache.catalina.core.ApplicationContext.log Initializing Spring root WebApplicationContext
05-May-2022 10:18:01.948 INFO [main] org.apache.catalina.core.ApplicationContext.log No Spring WebApplicationInitializer types detected on classpath
05-May-2022 10:18:01.949 INFO [main] org.apache.catalina.core.ApplicationContext.log Initializing Spring root WebApplicationContext
05-May-2022 10:18:02.201 INFO [main] org.apache.catalina.core.ApplicationContext.log No Spring WebApplicationInitializer types detected on classpath
05-May-2022 10:18:02.210 INFO [main] org.apache.catalina.core.ApplicationContext.log Initializing Spring root WebApplicationContext
05-May-2022 10:18:02.489 INFO [main] org.apache.catalina.core.ApplicationContext.log No Spring WebApplicationInitializer types detected on classpath
05-May-2022 10:18:02.693 INFO [main] org.apache.catalina.core.ApplicationContext.log 1 Spring WebApplicationInitializers detected on classpath
05-May-2022 10:18:02.711 INFO [main] org.apache.catalina.core.ApplicationContext.log Initializing Spring root WebApplicationContext
05-May-2022 10:18:03.088 INFO [main] org.apache.catalina.core.ApplicationContext.log Initializing Spring FrameworkServlet 'sakai-site-group-manager'
05-May-2022 10:18:03.297 INFO [main] org.apache.catalina.core.ApplicationContext.log No Spring WebApplicationInitializer types detected on classpath
05-May-2022 10:18:03.301 INFO [main] org.apache.catalina.core.ApplicationContext.log Initializing Spring root WebApplicationContext
05-May-2022 10:18:03.575 INFO [main] org.apache.catalina.core.ApplicationContext.log No Spring WebApplicationInitializer types detected on classpath
05-May-2022 10:18:03.575 INFO [main] org.apache.catalina.core.ApplicationContext.log Initializing Spring root WebApplicationContext
05-May-2022 10:18:03.682 INFO [main] org.apache.catalina.core.ApplicationContext.log No Spring WebApplicationInitializer types detected on classpath
05-May-2022 10:18:03.765 INFO [main] org.apache.catalina.core.ApplicationContext.log No Spring WebApplicationInitializer types detected on classpath
05-May-2022 10:18:03.892 INFO [main] org.apache.catalina.core.ApplicationContext.log No Spring WebApplicationInitializer types detected on classpath
05-May-2022 10:18:03.895 INFO [main] org.apache.catalina.core.ApplicationContext.log Initializing Spring root WebApplicationContext
05-May-2022 10:18:04.938 INFO [main] org.apache.catalina.core.ApplicationContext.log No Spring WebApplicationInitializer types detected on classpath
05-May-2022 10:18:05.928 INFO [main] org.apache.catalina.core.ApplicationContext.log Initializing Spring root WebApplicationContext
05-May-2022 10:18:07.289 INFO [main] org.apache.catalina.core.ApplicationContext.log No Spring WebApplicationInitializer types detected on classpath
05-May-2022 10:18:07.509 INFO [main] org.apache.catalina.core.ApplicationContext.log No Spring WebApplicationInitializer types detected on classpath
05-May-2022 10:18:07.693 INFO [main] org.apache.catalina.core.ApplicationContext.log No Spring WebApplicationInitializer types detected on classpath
05-May-2022 10:18:07.696 INFO [main] org.apache.catalina.core.ApplicationContext.log Initializing Spring root WebApplicationContext
05-May-2022 10:18:07.727 INFO [main] org.apache.catalina.core.ApplicationContext.log Initializing Spring FrameworkServlet 'spring'
05-May-2022 10:18:07.935 INFO [main] org.apache.catalina.core.ApplicationContext.log No Spring WebApplicationInitializer types detected on classpath
05-May-2022 10:18:07.938 INFO [main] org.apache.catalina.core.ApplicationContext.log Initializing Spring root WebApplicationContext
05-May-2022 10:18:08.163 INFO [main] org.apache.catalina.core.ApplicationContext.log 1 Spring WebApplicationInitializers detected on classpath
05-May-2022 10:18:17.301 INFO [main] org.apache.catalina.core.ApplicationContext.log No Spring WebApplicationInitializer types detected on classpath
05-May-2022 10:18:17.550 INFO [main] org.apache.catalina.core.ApplicationContext.log No Spring WebApplicationInitializer types detected on classpath
05-May-2022 10:18:17.648 INFO [main] org.apache.catalina.core.ApplicationContext.log No Spring WebApplicationInitializer types detected on classpath
05-May-2022 10:18:17.805 INFO [main] org.apache.catalina.core.ApplicationContext.log No Spring WebApplicationInitializer types detected on classpath
05-May-2022 10:18:17.977 INFO [main] org.apache.catalina.core.ApplicationContext.log No Spring WebApplicationInitializer types detected on classpath
05-May-2022 10:18:17.981 INFO [main] org.apache.catalina.core.ApplicationContext.log Initializing Spring root WebApplicationContext
05-May-2022 10:18:18.104 INFO [main] org.apache.catalina.core.ApplicationContext.log No Spring WebApplicationInitializer types detected on classpath
05-May-2022 10:18:18.406 INFO [main] org.apache.catalina.core.ApplicationContext.log No Spring WebApplicationInitializer types detected on classpath
05-May-2022 10:18:18.409 INFO [main] org.apache.catalina.core.ApplicationContext.log Initializing Spring root WebApplicationContext
05-May-2022 10:18:19.485 INFO [main] org.apache.catalina.core.ApplicationContext.log No Spring WebApplicationInitializer types detected on classpath
05-May-2022 10:18:20.785 INFO [main] org.apache.catalina.core.ApplicationContext.log Initializing Spring root WebApplicationContext
05-May-2022 10:18:23.945 INFO [main] org.apache.catalina.core.ApplicationContext.log No Spring WebApplicationInitializer types detected on classpath
05-May-2022 10:18:23.948 INFO [main] org.apache.catalina.core.ApplicationContext.log Initializing Spring root WebApplicationContext
05-May-2022 10:18:24.413 INFO [main] org.apache.catalina.core.ApplicationContext.log No Spring WebApplicationInitializer types detected on classpath
05-May-2022 10:18:24.417 INFO [main] org.apache.catalina.core.ApplicationContext.log Initializing Spring root WebApplicationContext
05-May-2022 10:18:24.816 INFO [main] org.apache.catalina.core.ApplicationContext.log No Spring WebApplicationInitializer types detected on classpath
05-May-2022 10:18:24.821 INFO [main] org.apache.catalina.core.ApplicationContext.log Initializing Spring root WebApplicationContext
05-May-2022 10:18:25.121 INFO [main] org.apache.catalina.core.ApplicationContext.log No Spring WebApplicationInitializer types detected on classpath
05-May-2022 10:18:25.267 INFO [main] org.apache.catalina.core.ApplicationContext.log No Spring WebApplicationInitializer types detected on classpath
05-May-2022 10:18:25.270 INFO [main] org.apache.catalina.core.ApplicationContext.log Initializing Spring root WebApplicationContext
05-May-2022 10:18:25.521 INFO [main] org.apache.catalina.core.ApplicationContext.log No Spring WebApplicationInitializer types detected on classpath
05-May-2022 10:18:25.824 INFO [main] org.apache.catalina.core.ApplicationContext.log No Spring WebApplicationInitializer types detected on classpath
05-May-2022 10:18:25.828 INFO [main] org.apache.catalina.core.ApplicationContext.log ContextListener: contextInitialized()
05-May-2022 10:18:25.828 INFO [main] org.apache.catalina.core.ApplicationContext.log SessionListener: contextInitialized()
05-May-2022 10:18:25.829 INFO [main] org.apache.catalina.core.ApplicationContext.log ContextListener: attributeAdded('StockTicker', 'async.Stockticker@3aa285ee')
05-May-2022 10:18:25.907 INFO [main] org.apache.catalina.core.ApplicationContext.log No Spring WebApplicationInitializer types detected on classpath
05-May-2022 10:22:37.828 INFO [http-nio-8080-exec-8] org.apache.catalina.core.ApplicationContext.log No context init parameter 'javax.faces.PARTIAL_STATE_SAVING_METHOD' found; no partial state saving method defined, assuming default partial state saving method off.
05-May-2022 10:22:37.844 INFO [http-nio-8080-exec-8] org.apache.catalina.core.ApplicationContext.log No context init parameter 'javax.faces.PARTIAL_STATE_SAVING_METHOD' found; no partial state saving method defined, assuming default partial state saving method off.
05-May-2022 10:22:38.055 INFO [http-nio-8080-exec-8] org.apache.catalina.core.ApplicationContext.log No context init parameter 'javax.faces.PARTIAL_STATE_SAVING_METHOD' found; no partial state saving method defined, assuming default partial state saving method off.
05-May-2022 10:22:38.129 INFO [http-nio-8080-exec-8] org.apache.catalina.core.ApplicationContext.log No context init parameter 'javax.faces.PARTIAL_STATE_SAVING_METHOD' found; no partial state saving method defined, assuming default partial state saving method off.
05-May-2022 10:22:38.145 INFO [http-nio-8080-exec-8] org.apache.catalina.core.ApplicationContext.log No context init parameter 'javax.faces.PARTIAL_STATE_SAVING_METHOD' found; no partial state saving method defined, assuming default partial state saving method off.
05-May-2022 10:22:38.148 INFO [http-nio-8080-exec-8] org.apache.catalina.core.ApplicationContext.log No context init parameter 'javax.faces.PARTIAL_STATE_SAVING_METHOD' found; no partial state saving method defined, assuming default partial state saving method off.
05-May-2022 10:22:38.154 INFO [http-nio-8080-exec-8] org.apache.catalina.core.ApplicationContext.log No context init parameter 'javax.faces.PARTIAL_STATE_SAVING_METHOD' found; no partial state saving method defined, assuming default partial state saving method off.
05-May-2022 10:22:38.157 INFO [http-nio-8080-exec-8] org.apache.catalina.core.ApplicationContext.log No context init parameter 'javax.faces.PARTIAL_STATE_SAVING_METHOD' found; no partial state saving method defined, assuming default partial state saving method off.
05-May-2022 10:22:38.171 INFO [http-nio-8080-exec-8] org.apache.catalina.core.ApplicationContext.log No context init parameter 'javax.faces.PARTIAL_STATE_SAVING_METHOD' found; no partial state saving method defined, assuming default partial state saving method off.
05-May-2022 10:22:38.231 INFO [http-nio-8080-exec-8] org.apache.catalina.core.ApplicationContext.log No context init parameter 'javax.faces.PARTIAL_STATE_SAVING_METHOD' found; no partial state saving method defined, assuming default partial state saving method off.
05-May-2022 10:22:38.240 INFO [http-nio-8080-exec-8] org.apache.catalina.core.ApplicationContext.log No context init parameter 'javax.faces.PARTIAL_STATE_SAVING_METHOD' found; no partial state saving method defined, assuming default partial state saving method off.
05-May-2022 10:22:38.251 INFO [http-nio-8080-exec-8] org.apache.catalina.core.ApplicationContext.log No context init parameter 'javax.faces.PARTIAL_STATE_SAVING_METHOD' found; no partial state saving method defined, assuming default partial state saving method off.
05-May-2022 10:22:38.259 INFO [http-nio-8080-exec-8] org.apache.catalina.core.ApplicationContext.log No context init parameter 'javax.faces.PARTIAL_STATE_SAVING_METHOD' found; no partial state saving method defined, assuming default partial state saving method off.
05-May-2022 10:22:38.266 INFO [http-nio-8080-exec-8] org.apache.catalina.core.ApplicationContext.log No context init parameter 'javax.faces.PARTIAL_STATE_SAVING_METHOD' found; no partial state saving method defined, assuming default partial state saving method off.
05-May-2022 10:22:38.280 INFO [http-nio-8080-exec-8] org.apache.catalina.core.ApplicationContext.log No context init parameter 'javax.faces.PARTIAL_STATE_SAVING_METHOD' found; no partial state saving method defined, assuming default partial state saving method off.
05-May-2022 10:22:38.298 INFO [http-nio-8080-exec-8] org.apache.catalina.core.ApplicationContext.log No context init parameter 'javax.faces.PARTIAL_STATE_SAVING_METHOD' found; no partial state saving method defined, assuming default partial state saving method off.
05-May-2022 10:22:38.301 INFO [http-nio-8080-exec-8] org.apache.catalina.core.ApplicationContext.log No context init parameter 'javax.faces.PARTIAL_STATE_SAVING_METHOD' found; no partial state saving method defined, assuming default partial state saving method off.
05-May-2022 10:22:38.302 INFO [http-nio-8080-exec-8] org.apache.catalina.core.ApplicationContext.log No context init parameter 'javax.faces.PARTIAL_STATE_SAVING_METHOD' found; no partial state saving method defined, assuming default partial state saving method off.
05-May-2022 10:22:38.306 INFO [http-nio-8080-exec-8] org.apache.catalina.core.ApplicationContext.log No context init parameter 'javax.faces.PARTIAL_STATE_SAVING_METHOD' found; no partial state saving method defined, assuming default partial state saving method off.
05-May-2022 10:22:38.311 INFO [http-nio-8080-exec-8] org.apache.catalina.core.ApplicationContext.log No context init parameter 'javax.faces.PARTIAL_STATE_SAVING_METHOD' found; no partial state saving method defined, assuming default partial state saving method off.
05-May-2022 10:22:38.618 INFO [http-nio-8080-exec-8] org.apache.catalina.core.ApplicationContext.log No context init parameter 'javax.faces.PARTIAL_STATE_SAVING_METHOD' found; no partial state saving method defined, assuming default partial state saving method off.
05-May-2022 10:22:38.621 INFO [http-nio-8080-exec-8] org.apache.catalina.core.ApplicationContext.log No context init parameter 'javax.faces.PARTIAL_STATE_SAVING_METHOD' found; no partial state saving method defined, assuming default partial state saving method off.
05-May-2022 10:22:38.623 INFO [http-nio-8080-exec-8] org.apache.catalina.core.ApplicationContext.log No context init parameter 'javax.faces.PARTIAL_STATE_SAVING_METHOD' found; no partial state saving method defined, assuming default partial state saving method off.
05-May-2022 10:22:38.628 INFO [http-nio-8080-exec-8] org.apache.catalina.core.ApplicationContext.log No context init parameter 'javax.faces.PARTIAL_STATE_SAVING_METHOD' found; no partial state saving method defined, assuming default partial state saving method off.
05-May-2022 10:22:38.638 INFO [http-nio-8080-exec-8] org.apache.catalina.core.ApplicationContext.log No context init parameter 'javax.faces.PARTIAL_STATE_SAVING_METHOD' found; no partial state saving method defined, assuming default partial state saving method off.
05-May-2022 10:22:38.639 INFO [http-nio-8080-exec-8] org.apache.catalina.core.ApplicationContext.log No context init parameter 'javax.faces.PARTIAL_STATE_SAVING_METHOD' found; no partial state saving method defined, assuming default partial state saving method off.
05-May-2022 10:22:38.640 INFO [http-nio-8080-exec-8] org.apache.catalina.core.ApplicationContext.log No context init parameter 'javax.faces.PARTIAL_STATE_SAVING_METHOD' found; no partial state saving method defined, assuming default partial state saving method off.
05-May-2022 10:22:38.644 INFO [http-nio-8080-exec-8] org.apache.catalina.core.ApplicationContext.log No context init parameter 'javax.faces.PARTIAL_STATE_SAVING_METHOD' found; no partial state saving method defined, assuming default partial state saving method off.
05-May-2022 10:22:38.649 INFO [http-nio-8080-exec-8] org.apache.catalina.core.ApplicationContext.log No context init parameter 'javax.faces.PARTIAL_STATE_SAVING_METHOD' found; no partial state saving method defined, assuming default partial state saving method off.
05-May-2022 10:22:38.651 INFO [http-nio-8080-exec-8] org.apache.catalina.core.ApplicationContext.log No context init parameter 'javax.faces.PARTIAL_STATE_SAVING_METHOD' found; no partial state saving method defined, assuming default partial state saving method off.
05-May-2022 10:22:38.651 INFO [http-nio-8080-exec-8] org.apache.catalina.core.ApplicationContext.log No context init parameter 'javax.faces.PARTIAL_STATE_SAVING_METHOD' found; no partial state saving method defined, assuming default partial state saving method off.
05-May-2022 10:22:38.652 INFO [http-nio-8080-exec-8] org.apache.catalina.core.ApplicationContext.log No context init parameter 'javax.faces.PARTIAL_STATE_SAVING_METHOD' found; no partial state saving method defined, assuming default partial state saving method off.
05-May-2022 10:22:38.654 INFO [http-nio-8080-exec-8] org.apache.catalina.core.ApplicationContext.log No context init parameter 'javax.faces.PARTIAL_STATE_SAVING_METHOD' found; no partial state saving method defined, assuming default partial state saving method off.
05-May-2022 10:22:38.657 INFO [http-nio-8080-exec-8] org.apache.catalina.core.ApplicationContext.log No context init parameter 'javax.faces.PARTIAL_STATE_SAVING_METHOD' found; no partial state saving method defined, assuming default partial state saving method off.
05-May-2022 10:22:38.659 INFO [http-nio-8080-exec-8] org.apache.catalina.core.ApplicationContext.log No context init parameter 'javax.faces.PARTIAL_STATE_SAVING_METHOD' found; no partial state saving method defined, assuming default partial state saving method off.
05-May-2022 10:22:38.665 INFO [http-nio-8080-exec-8] org.apache.catalina.core.ApplicationContext.log No context init parameter 'javax.faces.PARTIAL_STATE_SAVING_METHOD' found; no partial state saving method defined, assuming default partial state saving method off.
05-May-2022 10:22:38.666 INFO [http-nio-8080-exec-8] org.apache.catalina.core.ApplicationContext.log No context init parameter 'javax.faces.PARTIAL_STATE_SAVING_METHOD' found; no partial state saving method defined, assuming default partial state saving method off.
05-May-2022 10:22:38.670 INFO [http-nio-8080-exec-8] org.apache.catalina.core.ApplicationContext.log No context init parameter 'javax.faces.PARTIAL_STATE_SAVING_METHOD' found; no partial state saving method defined, assuming default partial state saving method off.
