25-Apr-2022 12:27:26.042 INFO [Thread-20] org.apache.catalina.core.ApplicationContext.log Closing Spring root WebApplicationContext
25-Apr-2022 12:27:26.086 INFO [Thread-20] org.apache.catalina.core.ApplicationContext.log Closing Spring root WebApplicationContext
25-Apr-2022 12:27:26.116 INFO [Thread-20] org.apache.catalina.core.ApplicationContext.log Destroying Spring FrameworkServlet 'spring'
25-Apr-2022 12:27:26.120 INFO [Thread-20] org.apache.catalina.core.ApplicationContext.log Closing Spring root WebApplicationContext
25-Apr-2022 12:27:26.136 INFO [Thread-20] org.apache.catalina.core.ApplicationContext.log Closing Spring root WebApplicationContext
25-Apr-2022 12:27:26.219 INFO [Thread-20] org.apache.catalina.core.ApplicationContext.log Closing Spring root WebApplicationContext
25-Apr-2022 12:27:26.242 INFO [Thread-20] org.apache.catalina.core.ApplicationContext.log Closing Spring root WebApplicationContext
25-Apr-2022 12:27:26.281 INFO [Thread-20] org.apache.catalina.core.ApplicationContext.log Closing Spring root WebApplicationContext
25-Apr-2022 12:27:26.334 INFO [Thread-20] org.apache.catalina.core.ApplicationContext.log Closing Spring root WebApplicationContext
25-Apr-2022 12:27:26.403 INFO [Thread-20] org.apache.catalina.core.ApplicationContext.log Closing Spring root WebApplicationContext
25-Apr-2022 12:27:26.419 INFO [Thread-20] org.apache.catalina.core.ApplicationContext.log Closing Spring root WebApplicationContext
25-Apr-2022 12:27:26.566 INFO [Thread-20] org.apache.catalina.core.ApplicationContext.log Closing Spring root WebApplicationContext
25-Apr-2022 12:27:26.625 INFO [Thread-20] org.apache.catalina.core.ApplicationContext.log org.tuckey.web.filters.urlrewrite.UrlRewriteFilter INFO: destroy called
25-Apr-2022 12:27:26.626 INFO [Thread-20] org.apache.catalina.core.ApplicationContext.log Closing Spring root WebApplicationContext
25-Apr-2022 12:27:26.739 INFO [Thread-20] org.apache.catalina.core.ApplicationContext.log Closing Spring root WebApplicationContext
25-Apr-2022 12:27:26.759 INFO [Thread-20] org.apache.catalina.core.ApplicationContext.log Closing Spring root WebApplicationContext
25-Apr-2022 12:27:26.793 INFO [Thread-20] org.apache.catalina.core.ApplicationContext.log Closing Spring root WebApplicationContext
25-Apr-2022 12:27:26.891 INFO [Thread-20] org.apache.catalina.core.ApplicationContext.log Closing Spring root WebApplicationContext
25-Apr-2022 12:27:26.974 INFO [Thread-20] org.apache.catalina.core.ApplicationContext.log Destroying Spring FrameworkServlet 'sakai.datemanager'
25-Apr-2022 12:27:26.976 INFO [Thread-20] org.apache.catalina.core.ApplicationContext.log Closing Spring root WebApplicationContext
25-Apr-2022 12:27:27.008 INFO [Thread-20] org.apache.catalina.core.ApplicationContext.log Destroying Spring FrameworkServlet 'sakai.onedrive'
25-Apr-2022 12:27:27.010 INFO [Thread-20] org.apache.catalina.core.ApplicationContext.log Closing Spring root WebApplicationContext
25-Apr-2022 12:27:27.097 INFO [Thread-20] org.apache.catalina.core.ApplicationContext.log Closing Spring root WebApplicationContext
25-Apr-2022 12:27:27.176 INFO [Thread-20] org.apache.catalina.core.ApplicationContext.log Closing Spring root WebApplicationContext
25-Apr-2022 12:27:27.184 INFO [Thread-20] org.apache.catalina.core.ApplicationContext.log Closing Spring root WebApplicationContext
25-Apr-2022 12:27:27.287 INFO [Thread-20] org.apache.catalina.core.ApplicationContext.log Closing Spring root WebApplicationContext
25-Apr-2022 12:27:27.374 INFO [Thread-20] org.apache.catalina.core.ApplicationContext.log Closing Spring root WebApplicationContext
25-Apr-2022 12:27:27.419 INFO [Thread-20] org.apache.catalina.core.ApplicationContext.log Closing Spring root WebApplicationContext
25-Apr-2022 12:27:27.591 INFO [Thread-20] org.apache.catalina.core.ApplicationContext.log Closing Spring root WebApplicationContext
25-Apr-2022 12:27:27.663 INFO [Thread-20] org.apache.catalina.core.ApplicationContext.log Closing Spring root WebApplicationContext
25-Apr-2022 12:27:27.706 INFO [Thread-20] org.apache.catalina.core.ApplicationContext.log Destroying Spring FrameworkServlet 'sakai.message.bundle.manager'
25-Apr-2022 12:27:27.709 INFO [Thread-20] org.apache.catalina.core.ApplicationContext.log Closing Spring root WebApplicationContext
25-Apr-2022 12:27:27.763 INFO [Thread-20] org.apache.catalina.core.ApplicationContext.log Closing Spring root WebApplicationContext
25-Apr-2022 12:27:27.804 INFO [Thread-20] org.apache.catalina.core.ApplicationContext.log Closing Spring root WebApplicationContext
25-Apr-2022 12:27:28.013 INFO [Thread-20] org.apache.catalina.core.ApplicationContext.log Closing Spring root WebApplicationContext
25-Apr-2022 12:27:28.041 INFO [Thread-20] org.apache.catalina.core.ApplicationContext.log Closing Spring root WebApplicationContext
25-Apr-2022 12:27:28.078 INFO [Thread-20] org.apache.catalina.core.ApplicationContext.log Destroying Spring FrameworkServlet 'spring-mvc'
25-Apr-2022 12:27:28.079 INFO [Thread-20] org.apache.catalina.core.ApplicationContext.log Closing Spring root WebApplicationContext
25-Apr-2022 12:27:28.169 INFO [Thread-20] org.apache.catalina.core.ApplicationContext.log Closing Spring root WebApplicationContext
25-Apr-2022 12:27:28.213 INFO [Thread-20] org.apache.catalina.core.ApplicationContext.log Closing Spring root WebApplicationContext
25-Apr-2022 12:27:28.278 INFO [Thread-20] org.apache.catalina.core.ApplicationContext.log Closing Spring root WebApplicationContext
25-Apr-2022 12:27:28.433 INFO [Thread-20] org.apache.catalina.core.ApplicationContext.log Closing Spring root WebApplicationContext
25-Apr-2022 12:27:28.486 INFO [Thread-20] org.apache.catalina.core.ApplicationContext.log Closing Spring root WebApplicationContext
25-Apr-2022 12:27:28.560 INFO [Thread-20] org.apache.catalina.core.ApplicationContext.log Destroying Spring FrameworkServlet 'sakai-site-group-manager'
25-Apr-2022 12:27:28.561 INFO [Thread-20] org.apache.catalina.core.ApplicationContext.log Closing Spring root WebApplicationContext
25-Apr-2022 12:27:28.655 INFO [Thread-20] org.apache.catalina.core.ApplicationContext.log Closing Spring root WebApplicationContext
25-Apr-2022 12:27:28.685 INFO [Thread-20] org.apache.catalina.core.ApplicationContext.log Closing Spring root WebApplicationContext
