11-Jun-2022 15:53:06.350 INFO [Thread-20] org.apache.catalina.core.ApplicationContext.log Closing Spring root WebApplicationContext
11-Jun-2022 15:53:06.432 INFO [Thread-20] org.apache.catalina.core.ApplicationContext.log Closing Spring root WebApplicationContext
11-Jun-2022 15:53:06.493 INFO [Thread-20] org.apache.catalina.core.ApplicationContext.log Destroying Spring FrameworkServlet 'spring'
11-Jun-2022 15:53:06.497 INFO [Thread-20] org.apache.catalina.core.ApplicationContext.log Closing Spring root WebApplicationContext
11-Jun-2022 15:53:06.524 INFO [Thread-20] org.apache.catalina.core.ApplicationContext.log Closing Spring root WebApplicationContext
11-Jun-2022 15:53:06.635 INFO [Thread-20] org.apache.catalina.core.ApplicationContext.log Closing Spring root WebApplicationContext
11-Jun-2022 15:53:06.663 INFO [Thread-20] org.apache.catalina.core.ApplicationContext.log Closing Spring root WebApplicationContext
11-Jun-2022 15:53:06.725 INFO [Thread-20] org.apache.catalina.core.ApplicationContext.log Closing Spring root WebApplicationContext
11-Jun-2022 15:53:06.792 INFO [Thread-20] org.apache.catalina.core.ApplicationContext.log Closing Spring root WebApplicationContext
11-Jun-2022 15:53:06.908 INFO [Thread-20] org.apache.catalina.core.ApplicationContext.log Closing Spring root WebApplicationContext
11-Jun-2022 15:53:06.941 INFO [Thread-20] org.apache.catalina.core.ApplicationContext.log Closing Spring root WebApplicationContext
11-Jun-2022 15:53:07.117 INFO [Thread-20] org.apache.catalina.core.ApplicationContext.log Closing Spring root WebApplicationContext
11-Jun-2022 15:53:07.171 INFO [Thread-20] org.apache.catalina.core.ApplicationContext.log org.tuckey.web.filters.urlrewrite.UrlRewriteFilter INFO: destroy called
11-Jun-2022 15:53:07.171 INFO [Thread-20] org.apache.catalina.core.ApplicationContext.log Closing Spring root WebApplicationContext
11-Jun-2022 15:53:07.301 INFO [Thread-20] org.apache.catalina.core.ApplicationContext.log Closing Spring root WebApplicationContext
11-Jun-2022 15:53:07.321 INFO [Thread-20] org.apache.catalina.core.ApplicationContext.log Closing Spring root WebApplicationContext
11-Jun-2022 15:53:07.368 INFO [Thread-20] org.apache.catalina.core.ApplicationContext.log Closing Spring root WebApplicationContext
11-Jun-2022 15:53:07.550 INFO [Thread-20] org.apache.catalina.core.ApplicationContext.log Closing Spring root WebApplicationContext
11-Jun-2022 15:53:07.658 INFO [Thread-20] org.apache.catalina.core.ApplicationContext.log Destroying Spring FrameworkServlet 'sakai.datemanager'
11-Jun-2022 15:53:07.661 INFO [Thread-20] org.apache.catalina.core.ApplicationContext.log Closing Spring root WebApplicationContext
11-Jun-2022 15:53:07.714 INFO [Thread-20] org.apache.catalina.core.ApplicationContext.log Destroying Spring FrameworkServlet 'sakai.onedrive'
11-Jun-2022 15:53:07.715 INFO [Thread-20] org.apache.catalina.core.ApplicationContext.log Closing Spring root WebApplicationContext
11-Jun-2022 15:53:07.817 INFO [Thread-20] org.apache.catalina.core.ApplicationContext.log Closing Spring root WebApplicationContext
11-Jun-2022 15:53:07.903 INFO [Thread-20] org.apache.catalina.core.ApplicationContext.log Closing Spring root WebApplicationContext
11-Jun-2022 15:53:07.911 INFO [Thread-20] org.apache.catalina.core.ApplicationContext.log Closing Spring root WebApplicationContext
11-Jun-2022 15:53:08.082 INFO [Thread-20] org.apache.catalina.core.ApplicationContext.log Closing Spring root WebApplicationContext
11-Jun-2022 15:53:08.133 INFO [Thread-20] org.apache.catalina.core.ApplicationContext.log Closing Spring root WebApplicationContext
11-Jun-2022 15:53:08.171 INFO [Thread-20] org.apache.catalina.core.ApplicationContext.log Closing Spring root WebApplicationContext
11-Jun-2022 15:53:08.323 INFO [Thread-20] org.apache.catalina.core.ApplicationContext.log Closing Spring root WebApplicationContext
11-Jun-2022 15:53:08.399 INFO [Thread-20] org.apache.catalina.core.ApplicationContext.log Closing Spring root WebApplicationContext
11-Jun-2022 15:53:08.446 INFO [Thread-20] org.apache.catalina.core.ApplicationContext.log Destroying Spring FrameworkServlet 'sakai.message.bundle.manager'
11-Jun-2022 15:53:08.447 INFO [Thread-20] org.apache.catalina.core.ApplicationContext.log Closing Spring root WebApplicationContext
11-Jun-2022 15:53:08.500 INFO [Thread-20] org.apache.catalina.core.ApplicationContext.log Closing Spring root WebApplicationContext
11-Jun-2022 15:53:08.536 INFO [Thread-20] org.apache.catalina.core.ApplicationContext.log Closing Spring root WebApplicationContext
11-Jun-2022 15:53:08.763 INFO [Thread-20] org.apache.catalina.core.ApplicationContext.log Closing Spring root WebApplicationContext
11-Jun-2022 15:53:08.788 INFO [Thread-20] org.apache.catalina.core.ApplicationContext.log Closing Spring root WebApplicationContext
11-Jun-2022 15:53:08.827 INFO [Thread-20] org.apache.catalina.core.ApplicationContext.log Destroying Spring FrameworkServlet 'spring-mvc'
11-Jun-2022 15:53:08.828 INFO [Thread-20] org.apache.catalina.core.ApplicationContext.log Closing Spring root WebApplicationContext
11-Jun-2022 15:53:08.875 INFO [Thread-20] org.apache.catalina.core.ApplicationContext.log Closing Spring root WebApplicationContext
11-Jun-2022 15:53:08.950 INFO [Thread-20] org.apache.catalina.core.ApplicationContext.log Closing Spring root WebApplicationContext
11-Jun-2022 15:53:09.007 INFO [Thread-20] org.apache.catalina.core.ApplicationContext.log Closing Spring root WebApplicationContext
