28-Apr-2022 07:05:47.027 INFO [Thread-20] org.apache.catalina.core.ApplicationContext.log Closing Spring root WebApplicationContext
28-Apr-2022 07:05:47.089 INFO [Thread-20] org.apache.catalina.core.ApplicationContext.log Closing Spring root WebApplicationContext
28-Apr-2022 07:05:47.149 INFO [Thread-20] org.apache.catalina.core.ApplicationContext.log Destroying Spring FrameworkServlet 'spring'
28-Apr-2022 07:05:47.150 INFO [Thread-20] org.apache.catalina.core.ApplicationContext.log Closing Spring root WebApplicationContext
28-Apr-2022 07:05:47.181 INFO [Thread-20] org.apache.catalina.core.ApplicationContext.log Closing Spring root WebApplicationContext
28-Apr-2022 07:05:47.284 INFO [Thread-20] org.apache.catalina.core.ApplicationContext.log Closing Spring root WebApplicationContext
28-Apr-2022 07:05:47.307 INFO [Thread-20] org.apache.catalina.core.ApplicationContext.log Closing Spring root WebApplicationContext
28-Apr-2022 07:05:47.349 INFO [Thread-20] org.apache.catalina.core.ApplicationContext.log Closing Spring root WebApplicationContext
28-Apr-2022 07:05:47.400 INFO [Thread-20] org.apache.catalina.core.ApplicationContext.log Closing Spring root WebApplicationContext
28-Apr-2022 07:05:47.512 INFO [Thread-20] org.apache.catalina.core.ApplicationContext.log Closing Spring root WebApplicationContext
28-Apr-2022 07:05:47.539 INFO [Thread-20] org.apache.catalina.core.ApplicationContext.log Closing Spring root WebApplicationContext
28-Apr-2022 07:05:47.699 INFO [Thread-20] org.apache.catalina.core.ApplicationContext.log Closing Spring root WebApplicationContext
28-Apr-2022 07:05:47.739 INFO [Thread-20] org.apache.catalina.core.ApplicationContext.log org.tuckey.web.filters.urlrewrite.UrlRewriteFilter INFO: destroy called
28-Apr-2022 07:05:47.740 INFO [Thread-20] org.apache.catalina.core.ApplicationContext.log Closing Spring root WebApplicationContext
28-Apr-2022 07:05:47.840 INFO [Thread-20] org.apache.catalina.core.ApplicationContext.log Closing Spring root WebApplicationContext
28-Apr-2022 07:05:47.862 INFO [Thread-20] org.apache.catalina.core.ApplicationContext.log Closing Spring root WebApplicationContext
28-Apr-2022 07:05:47.908 INFO [Thread-20] org.apache.catalina.core.ApplicationContext.log Closing Spring root WebApplicationContext
28-Apr-2022 07:05:48.034 INFO [Thread-20] org.apache.catalina.core.ApplicationContext.log Closing Spring root WebApplicationContext
28-Apr-2022 07:05:48.114 INFO [Thread-20] org.apache.catalina.core.ApplicationContext.log Destroying Spring FrameworkServlet 'sakai.datemanager'
28-Apr-2022 07:05:48.115 INFO [Thread-20] org.apache.catalina.core.ApplicationContext.log Closing Spring root WebApplicationContext
28-Apr-2022 07:05:48.153 INFO [Thread-20] org.apache.catalina.core.ApplicationContext.log Destroying Spring FrameworkServlet 'sakai.onedrive'
28-Apr-2022 07:05:48.155 INFO [Thread-20] org.apache.catalina.core.ApplicationContext.log Closing Spring root WebApplicationContext
28-Apr-2022 07:05:48.243 INFO [Thread-20] org.apache.catalina.core.ApplicationContext.log Closing Spring root WebApplicationContext
28-Apr-2022 07:05:48.313 INFO [Thread-20] org.apache.catalina.core.ApplicationContext.log Closing Spring root WebApplicationContext
28-Apr-2022 07:05:48.320 INFO [Thread-20] org.apache.catalina.core.ApplicationContext.log Closing Spring root WebApplicationContext
28-Apr-2022 07:05:48.439 INFO [Thread-20] org.apache.catalina.core.ApplicationContext.log Closing Spring root WebApplicationContext
28-Apr-2022 07:05:48.481 INFO [Thread-20] org.apache.catalina.core.ApplicationContext.log Closing Spring root WebApplicationContext
28-Apr-2022 07:05:48.523 INFO [Thread-20] org.apache.catalina.core.ApplicationContext.log Closing Spring root WebApplicationContext
28-Apr-2022 07:05:48.662 INFO [Thread-20] org.apache.catalina.core.ApplicationContext.log Closing Spring root WebApplicationContext
28-Apr-2022 07:05:48.725 INFO [Thread-20] org.apache.catalina.core.ApplicationContext.log Closing Spring root WebApplicationContext
28-Apr-2022 07:05:48.762 INFO [Thread-20] org.apache.catalina.core.ApplicationContext.log Destroying Spring FrameworkServlet 'sakai.message.bundle.manager'
28-Apr-2022 07:05:48.763 INFO [Thread-20] org.apache.catalina.core.ApplicationContext.log Closing Spring root WebApplicationContext
28-Apr-2022 07:05:48.814 INFO [Thread-20] org.apache.catalina.core.ApplicationContext.log Closing Spring root WebApplicationContext
28-Apr-2022 07:05:48.850 INFO [Thread-20] org.apache.catalina.core.ApplicationContext.log Closing Spring root WebApplicationContext
28-Apr-2022 07:05:49.054 INFO [Thread-20] org.apache.catalina.core.ApplicationContext.log Closing Spring root WebApplicationContext
28-Apr-2022 07:05:49.075 INFO [Thread-20] org.apache.catalina.core.ApplicationContext.log Closing Spring root WebApplicationContext
28-Apr-2022 07:05:49.115 INFO [Thread-20] org.apache.catalina.core.ApplicationContext.log Destroying Spring FrameworkServlet 'spring-mvc'
28-Apr-2022 07:05:49.115 INFO [Thread-20] org.apache.catalina.core.ApplicationContext.log Closing Spring root WebApplicationContext
28-Apr-2022 07:05:49.209 INFO [Thread-20] org.apache.catalina.core.ApplicationContext.log Closing Spring root WebApplicationContext
28-Apr-2022 07:05:49.235 INFO [Thread-20] org.apache.catalina.core.ApplicationContext.log Closing Spring root WebApplicationContext
28-Apr-2022 07:05:49.285 INFO [Thread-20] org.apache.catalina.core.ApplicationContext.log Closing Spring root WebApplicationContext
28-Apr-2022 07:05:49.432 INFO [Thread-20] org.apache.catalina.core.ApplicationContext.log Closing Spring root WebApplicationContext
28-Apr-2022 07:05:49.471 INFO [Thread-20] org.apache.catalina.core.ApplicationContext.log Closing Spring root WebApplicationContext
28-Apr-2022 07:05:49.527 INFO [Thread-20] org.apache.catalina.core.ApplicationContext.log Destroying Spring FrameworkServlet 'sakai-site-group-manager'
28-Apr-2022 07:05:49.529 INFO [Thread-20] org.apache.catalina.core.ApplicationContext.log Closing Spring root WebApplicationContext
28-Apr-2022 07:05:49.623 INFO [Thread-20] org.apache.catalina.core.ApplicationContext.log Closing Spring root WebApplicationContext
28-Apr-2022 07:05:49.656 INFO [Thread-20] org.apache.catalina.core.ApplicationContext.log Closing Spring root WebApplicationContext
28-Apr-2022 07:05:49.839 INFO [Thread-20] org.apache.catalina.core.ApplicationContext.log Closing Spring root WebApplicationContext
28-Apr-2022 07:05:49.844 INFO [Thread-20] org.apache.catalina.core.ApplicationContext.log Closing Spring root WebApplicationContext
28-Apr-2022 07:05:49.859 INFO [Thread-20] org.apache.catalina.core.ApplicationContext.log Closing Spring root WebApplicationContext
28-Apr-2022 07:09:20.901 INFO [main] org.apache.catalina.core.ApplicationContext.log No Spring WebApplicationInitializer types detected on classpath
28-Apr-2022 07:09:21.023 INFO [main] org.apache.catalina.core.ApplicationContext.log Initializing Spring root WebApplicationContext
28-Apr-2022 07:09:53.424 INFO [main] org.apache.catalina.core.ApplicationContext.log No Spring WebApplicationInitializer types detected on classpath
28-Apr-2022 07:09:54.177 INFO [main] org.apache.catalina.core.ApplicationContext.log No Spring WebApplicationInitializer types detected on classpath
28-Apr-2022 07:09:54.181 INFO [main] org.apache.catalina.core.ApplicationContext.log Initializing Spring root WebApplicationContext
28-Apr-2022 07:09:55.590 INFO [main] org.apache.catalina.core.ApplicationContext.log No Spring WebApplicationInitializer types detected on classpath
28-Apr-2022 07:09:56.320 INFO [main] org.apache.catalina.core.ApplicationContext.log No Spring WebApplicationInitializer types detected on classpath
28-Apr-2022 07:09:57.003 INFO [main] org.apache.catalina.core.ApplicationContext.log No Spring WebApplicationInitializer types detected on classpath
28-Apr-2022 07:09:57.010 INFO [main] org.apache.catalina.core.ApplicationContext.log Initializing Spring root WebApplicationContext
28-Apr-2022 07:09:57.416 INFO [main] org.apache.catalina.core.ApplicationContext.log No Spring WebApplicationInitializer types detected on classpath
28-Apr-2022 07:09:57.642 INFO [main] org.apache.catalina.core.ApplicationContext.log 1 Spring WebApplicationInitializers detected on classpath
28-Apr-2022 07:09:57.689 INFO [main] org.apache.catalina.core.ApplicationContext.log Initializing Spring root WebApplicationContext
28-Apr-2022 07:09:58.498 INFO [main] org.apache.catalina.core.ApplicationContext.log Initializing Spring FrameworkServlet 'sakai.message.bundle.manager'
28-Apr-2022 07:09:58.719 INFO [main] org.apache.catalina.core.ApplicationContext.log No Spring WebApplicationInitializer types detected on classpath
28-Apr-2022 07:09:58.720 INFO [main] org.apache.catalina.core.ApplicationContext.log Initializing Spring root WebApplicationContext
28-Apr-2022 07:09:58.960 INFO [main] org.apache.catalina.core.ApplicationContext.log No Spring WebApplicationInitializer types detected on classpath
28-Apr-2022 07:09:58.965 INFO [main] org.apache.catalina.core.ApplicationContext.log Initializing Spring root WebApplicationContext
28-Apr-2022 07:09:59.318 INFO [main] org.apache.catalina.core.ApplicationContext.log No Spring WebApplicationInitializer types detected on classpath
28-Apr-2022 07:09:59.322 INFO [main] org.apache.catalina.core.ApplicationContext.log Initializing Spring root WebApplicationContext
28-Apr-2022 07:10:00.505 INFO [main] org.apache.catalina.core.ApplicationContext.log No Spring WebApplicationInitializer types detected on classpath
28-Apr-2022 07:10:00.509 INFO [main] org.apache.catalina.core.ApplicationContext.log Initializing Spring root WebApplicationContext
28-Apr-2022 07:10:00.813 INFO [main] org.apache.catalina.core.ApplicationContext.log No Spring WebApplicationInitializer types detected on classpath
28-Apr-2022 07:10:00.819 INFO [main] org.apache.catalina.core.ApplicationContext.log Initializing Spring root WebApplicationContext
28-Apr-2022 07:10:01.837 INFO [main] org.apache.catalina.core.ApplicationContext.log No Spring WebApplicationInitializer types detected on classpath
28-Apr-2022 07:10:01.842 INFO [main] org.apache.catalina.core.ApplicationContext.log Initializing Spring root WebApplicationContext
28-Apr-2022 07:10:02.118 INFO [main] org.apache.catalina.core.ApplicationContext.log No Spring WebApplicationInitializer types detected on classpath
28-Apr-2022 07:10:02.250 INFO [main] org.apache.catalina.core.ApplicationContext.log 1 Spring WebApplicationInitializers detected on classpath
28-Apr-2022 07:10:02.270 INFO [main] org.apache.catalina.core.ApplicationContext.log Initializing Spring root WebApplicationContext
28-Apr-2022 07:10:02.699 INFO [main] org.apache.catalina.core.ApplicationContext.log Initializing Spring FrameworkServlet 'sakai.onedrive'
28-Apr-2022 07:10:02.878 INFO [main] org.apache.catalina.core.ApplicationContext.log No Spring WebApplicationInitializer types detected on classpath
28-Apr-2022 07:10:03.029 INFO [main] org.apache.catalina.core.ApplicationContext.log No Spring WebApplicationInitializer types detected on classpath
28-Apr-2022 07:10:03.029 INFO [main] org.apache.catalina.core.ApplicationContext.log Initializing Spring root WebApplicationContext
28-Apr-2022 07:10:03.188 INFO [main] org.apache.catalina.core.ApplicationContext.log No Spring WebApplicationInitializer types detected on classpath
28-Apr-2022 07:10:03.192 INFO [main] org.apache.catalina.core.ApplicationContext.log Initializing Spring root WebApplicationContext
28-Apr-2022 07:10:03.330 INFO [main] org.apache.catalina.core.ApplicationContext.log No Spring WebApplicationInitializer types detected on classpath
28-Apr-2022 07:10:03.470 INFO [main] org.apache.catalina.core.ApplicationContext.log No Spring WebApplicationInitializer types detected on classpath
28-Apr-2022 07:10:03.851 INFO [main] org.apache.catalina.core.ApplicationContext.log No Spring WebApplicationInitializer types detected on classpath
28-Apr-2022 07:10:03.852 INFO [main] org.apache.catalina.core.ApplicationContext.log Initializing Spring root WebApplicationContext
28-Apr-2022 07:10:04.702 INFO [main] org.apache.catalina.core.ApplicationContext.log No Spring WebApplicationInitializer types detected on classpath
28-Apr-2022 07:10:04.707 INFO [main] org.apache.catalina.core.ApplicationContext.log Initializing Spring root WebApplicationContext
28-Apr-2022 07:10:05.510 INFO [main] org.apache.catalina.core.ApplicationContext.log No Spring WebApplicationInitializer types detected on classpath
28-Apr-2022 07:10:05.514 INFO [main] org.apache.catalina.core.ApplicationContext.log Initializing Spring root WebApplicationContext
28-Apr-2022 07:10:06.840 INFO [main] org.apache.catalina.core.ApplicationContext.log No Spring WebApplicationInitializer types detected on classpath
28-Apr-2022 07:10:07.157 INFO [main] org.apache.catalina.core.ApplicationContext.log No Spring WebApplicationInitializer types detected on classpath
28-Apr-2022 07:10:07.157 INFO [main] org.apache.catalina.core.ApplicationContext.log Initializing Spring root WebApplicationContext
28-Apr-2022 07:10:07.376 INFO [main] org.apache.catalina.core.ApplicationContext.log No Spring WebApplicationInitializer types detected on classpath
28-Apr-2022 07:10:07.716 INFO [main] org.apache.catalina.core.ApplicationContext.log 1 Spring WebApplicationInitializers detected on classpath
28-Apr-2022 07:10:07.737 INFO [main] org.apache.catalina.core.ApplicationContext.log Initializing Spring root WebApplicationContext
28-Apr-2022 07:10:08.248 INFO [main] org.apache.catalina.core.ApplicationContext.log Initializing Spring FrameworkServlet 'sakai.datemanager'
28-Apr-2022 07:10:08.419 INFO [main] org.apache.catalina.core.ApplicationContext.log No Spring WebApplicationInitializer types detected on classpath
28-Apr-2022 07:10:08.716 INFO [main] org.apache.catalina.core.ApplicationContext.log No Spring WebApplicationInitializer types detected on classpath
28-Apr-2022 07:10:08.720 INFO [main] org.apache.catalina.core.ApplicationContext.log Initializing Spring root WebApplicationContext
28-Apr-2022 07:10:09.916 INFO [main] org.apache.catalina.core.ApplicationContext.log No Spring WebApplicationInitializer types detected on classpath
28-Apr-2022 07:10:10.242 INFO [main] org.apache.catalina.core.ApplicationContext.log No Spring WebApplicationInitializer types detected on classpath
28-Apr-2022 07:10:10.579 INFO [main] org.apache.catalina.core.ApplicationContext.log No Spring WebApplicationInitializer types detected on classpath
28-Apr-2022 07:10:10.583 INFO [main] org.apache.catalina.core.ApplicationContext.log Initializing Spring root WebApplicationContext
28-Apr-2022 07:10:11.179 INFO [main] org.apache.catalina.core.ApplicationContext.log No Spring WebApplicationInitializer types detected on classpath
28-Apr-2022 07:10:11.180 INFO [main] org.apache.catalina.core.ApplicationContext.log Initializing Spring root WebApplicationContext
28-Apr-2022 07:10:11.518 INFO [main] org.apache.catalina.core.ApplicationContext.log No Spring WebApplicationInitializer types detected on classpath
28-Apr-2022 07:10:11.521 INFO [main] org.apache.catalina.core.ApplicationContext.log Initializing Spring root WebApplicationContext
28-Apr-2022 07:10:11.776 INFO [main] org.apache.catalina.core.ApplicationContext.log No Spring WebApplicationInitializer types detected on classpath
28-Apr-2022 07:10:12.264 INFO [main] org.apache.catalina.core.ApplicationContext.log No Spring WebApplicationInitializer types detected on classpath
28-Apr-2022 07:10:12.269 INFO [main] org.apache.catalina.core.ApplicationContext.log Initializing Spring root WebApplicationContext
28-Apr-2022 07:10:13.596 INFO [main] org.apache.catalina.core.ApplicationContext.log 1 Spring WebApplicationInitializers detected on classpath
28-Apr-2022 07:10:13.617 INFO [main] org.apache.catalina.core.ApplicationContext.log Initializing Spring root WebApplicationContext
28-Apr-2022 07:10:14.111 INFO [main] org.apache.catalina.core.ApplicationContext.log Initializing Spring FrameworkServlet 'sakai.googledrive'
28-Apr-2022 07:10:14.296 INFO [main] org.apache.catalina.core.ApplicationContext.log No Spring WebApplicationInitializer types detected on classpath
28-Apr-2022 07:10:14.388 INFO [main] org.apache.catalina.core.ApplicationContext.log No Spring WebApplicationInitializer types detected on classpath
28-Apr-2022 07:10:14.388 INFO [main] org.apache.catalina.core.ApplicationContext.log Initializing Spring root WebApplicationContext
28-Apr-2022 07:10:14.401 INFO [main] org.apache.catalina.core.ApplicationContext.log Initializing Spring FrameworkServlet 'spring-mvc'
28-Apr-2022 07:10:14.692 INFO [main] org.apache.catalina.core.ApplicationContext.log No Spring WebApplicationInitializer types detected on classpath
28-Apr-2022 07:10:14.692 INFO [main] org.apache.catalina.core.ApplicationContext.log Initializing Spring root WebApplicationContext
28-Apr-2022 07:10:14.903 INFO [main] org.apache.catalina.core.ApplicationContext.log No Spring WebApplicationInitializer types detected on classpath
28-Apr-2022 07:10:14.907 INFO [main] org.apache.catalina.core.ApplicationContext.log Initializing Spring root WebApplicationContext
28-Apr-2022 07:10:15.502 INFO [main] org.apache.catalina.core.ApplicationContext.log No Spring WebApplicationInitializer types detected on classpath
28-Apr-2022 07:10:15.509 INFO [main] org.apache.catalina.core.ApplicationContext.log Initializing Spring root WebApplicationContext
28-Apr-2022 07:10:15.938 INFO [main] org.apache.catalina.core.ApplicationContext.log No Spring WebApplicationInitializer types detected on classpath
28-Apr-2022 07:10:15.941 INFO [main] org.apache.catalina.core.ApplicationContext.log Initializing Spring root WebApplicationContext
28-Apr-2022 07:10:16.445 INFO [main] org.apache.catalina.core.ApplicationContext.log No Spring WebApplicationInitializer types detected on classpath
28-Apr-2022 07:10:16.446 INFO [main] org.apache.catalina.core.ApplicationContext.log Initializing Spring root WebApplicationContext
28-Apr-2022 07:10:17.169 INFO [main] org.apache.catalina.core.ApplicationContext.log No Spring WebApplicationInitializer types detected on classpath
28-Apr-2022 07:10:17.557 INFO [main] org.apache.catalina.core.ApplicationContext.log No Spring WebApplicationInitializer types detected on classpath
28-Apr-2022 07:10:17.562 INFO [main] org.apache.catalina.core.ApplicationContext.log Initializing Spring root WebApplicationContext
28-Apr-2022 07:10:18.922 INFO [main] org.apache.catalina.core.ApplicationContext.log No Spring WebApplicationInitializer types detected on classpath
28-Apr-2022 07:10:18.922 INFO [main] org.apache.catalina.core.ApplicationContext.log Initializing Spring root WebApplicationContext
28-Apr-2022 07:10:18.953 INFO [main] org.apache.catalina.core.ApplicationContext.log org.tuckey.web.filters.urlrewrite.UrlRewriteFilter INFO: loaded (conf ok)
28-Apr-2022 07:10:19.165 INFO [main] org.apache.catalina.core.ApplicationContext.log No Spring WebApplicationInitializer types detected on classpath
28-Apr-2022 07:10:19.607 INFO [main] org.apache.catalina.core.ApplicationContext.log No Spring WebApplicationInitializer types detected on classpath
28-Apr-2022 07:10:19.612 INFO [main] org.apache.catalina.core.ApplicationContext.log Initializing Spring root WebApplicationContext
28-Apr-2022 07:10:20.648 INFO [main] org.apache.catalina.core.ApplicationContext.log No Spring WebApplicationInitializer types detected on classpath
28-Apr-2022 07:10:20.653 INFO [main] org.apache.catalina.core.ApplicationContext.log Initializing Spring root WebApplicationContext
28-Apr-2022 07:10:21.342 INFO [main] org.apache.catalina.core.ApplicationContext.log No Spring WebApplicationInitializer types detected on classpath
28-Apr-2022 07:10:22.253 INFO [main] org.apache.catalina.core.ApplicationContext.log No Spring WebApplicationInitializer types detected on classpath
28-Apr-2022 07:10:25.116 INFO [main] org.apache.catalina.core.ApplicationContext.log No Spring WebApplicationInitializer types detected on classpath
28-Apr-2022 07:10:25.284 INFO [main] org.apache.catalina.core.ApplicationContext.log No Spring WebApplicationInitializer types detected on classpath
28-Apr-2022 07:10:25.288 INFO [main] org.apache.catalina.core.ApplicationContext.log Initializing Spring root WebApplicationContext
28-Apr-2022 07:10:26.423 INFO [main] org.apache.catalina.core.ApplicationContext.log No Spring WebApplicationInitializer types detected on classpath
28-Apr-2022 07:10:26.424 INFO [main] org.apache.catalina.core.ApplicationContext.log Initializing Spring root WebApplicationContext
28-Apr-2022 07:10:27.471 INFO [main] org.apache.catalina.core.ApplicationContext.log No Spring WebApplicationInitializer types detected on classpath
28-Apr-2022 07:10:27.698 INFO [main] org.apache.catalina.core.ApplicationContext.log No Spring WebApplicationInitializer types detected on classpath
28-Apr-2022 07:10:27.700 INFO [main] org.apache.catalina.core.ApplicationContext.log Initializing Spring root WebApplicationContext
28-Apr-2022 07:10:28.466 INFO [main] org.apache.catalina.core.ApplicationContext.log No Spring WebApplicationInitializer types detected on classpath
28-Apr-2022 07:10:28.468 INFO [main] org.apache.catalina.core.ApplicationContext.log Initializing Spring root WebApplicationContext
28-Apr-2022 07:10:29.400 INFO [main] org.apache.catalina.core.ApplicationContext.log No Spring WebApplicationInitializer types detected on classpath
28-Apr-2022 07:10:29.726 INFO [main] org.apache.catalina.core.ApplicationContext.log No Spring WebApplicationInitializer types detected on classpath
28-Apr-2022 07:10:29.726 INFO [main] org.apache.catalina.core.ApplicationContext.log Initializing Spring root WebApplicationContext
28-Apr-2022 07:10:31.974 INFO [main] org.apache.catalina.core.ApplicationContext.log No Spring WebApplicationInitializer types detected on classpath
28-Apr-2022 07:10:31.976 INFO [main] org.apache.catalina.core.ApplicationContext.log Initializing Spring root WebApplicationContext
28-Apr-2022 07:10:32.923 INFO [main] org.apache.catalina.core.ApplicationContext.log No Spring WebApplicationInitializer types detected on classpath
28-Apr-2022 07:10:32.923 INFO [main] org.apache.catalina.core.ApplicationContext.log Initializing Spring root WebApplicationContext
28-Apr-2022 07:10:33.044 INFO [main] org.apache.catalina.core.ApplicationContext.log No Spring WebApplicationInitializer types detected on classpath
28-Apr-2022 07:10:33.044 INFO [main] org.apache.catalina.core.ApplicationContext.log Initializing Spring root WebApplicationContext
28-Apr-2022 07:10:33.333 INFO [main] org.apache.catalina.core.ApplicationContext.log No Spring WebApplicationInitializer types detected on classpath
28-Apr-2022 07:10:33.342 INFO [main] org.apache.catalina.core.ApplicationContext.log Initializing Spring root WebApplicationContext
28-Apr-2022 07:10:33.659 INFO [main] org.apache.catalina.core.ApplicationContext.log No Spring WebApplicationInitializer types detected on classpath
28-Apr-2022 07:10:33.888 INFO [main] org.apache.catalina.core.ApplicationContext.log 1 Spring WebApplicationInitializers detected on classpath
28-Apr-2022 07:10:33.908 INFO [main] org.apache.catalina.core.ApplicationContext.log Initializing Spring root WebApplicationContext
28-Apr-2022 07:10:34.337 INFO [main] org.apache.catalina.core.ApplicationContext.log Initializing Spring FrameworkServlet 'sakai-site-group-manager'
28-Apr-2022 07:10:34.532 INFO [main] org.apache.catalina.core.ApplicationContext.log No Spring WebApplicationInitializer types detected on classpath
28-Apr-2022 07:10:34.536 INFO [main] org.apache.catalina.core.ApplicationContext.log Initializing Spring root WebApplicationContext
28-Apr-2022 07:10:34.854 INFO [main] org.apache.catalina.core.ApplicationContext.log No Spring WebApplicationInitializer types detected on classpath
28-Apr-2022 07:10:34.854 INFO [main] org.apache.catalina.core.ApplicationContext.log Initializing Spring root WebApplicationContext
28-Apr-2022 07:10:34.985 INFO [main] org.apache.catalina.core.ApplicationContext.log No Spring WebApplicationInitializer types detected on classpath
28-Apr-2022 07:10:35.095 INFO [main] org.apache.catalina.core.ApplicationContext.log No Spring WebApplicationInitializer types detected on classpath
28-Apr-2022 07:10:35.232 INFO [main] org.apache.catalina.core.ApplicationContext.log No Spring WebApplicationInitializer types detected on classpath
28-Apr-2022 07:10:35.236 INFO [main] org.apache.catalina.core.ApplicationContext.log Initializing Spring root WebApplicationContext
28-Apr-2022 07:10:36.570 INFO [main] org.apache.catalina.core.ApplicationContext.log No Spring WebApplicationInitializer types detected on classpath
28-Apr-2022 07:10:37.764 INFO [main] org.apache.catalina.core.ApplicationContext.log Initializing Spring root WebApplicationContext
28-Apr-2022 07:10:39.444 INFO [main] org.apache.catalina.core.ApplicationContext.log No Spring WebApplicationInitializer types detected on classpath
28-Apr-2022 07:10:39.773 INFO [main] org.apache.catalina.core.ApplicationContext.log No Spring WebApplicationInitializer types detected on classpath
28-Apr-2022 07:10:39.943 INFO [main] org.apache.catalina.core.ApplicationContext.log No Spring WebApplicationInitializer types detected on classpath
28-Apr-2022 07:10:39.945 INFO [main] org.apache.catalina.core.ApplicationContext.log Initializing Spring root WebApplicationContext
28-Apr-2022 07:10:40.009 INFO [main] org.apache.catalina.core.ApplicationContext.log Initializing Spring FrameworkServlet 'spring'
28-Apr-2022 07:10:40.322 INFO [main] org.apache.catalina.core.ApplicationContext.log No Spring WebApplicationInitializer types detected on classpath
28-Apr-2022 07:10:40.325 INFO [main] org.apache.catalina.core.ApplicationContext.log Initializing Spring root WebApplicationContext
28-Apr-2022 07:10:40.564 INFO [main] org.apache.catalina.core.ApplicationContext.log 1 Spring WebApplicationInitializers detected on classpath
28-Apr-2022 07:10:50.915 INFO [main] org.apache.catalina.core.ApplicationContext.log No Spring WebApplicationInitializer types detected on classpath
28-Apr-2022 07:10:51.190 INFO [main] org.apache.catalina.core.ApplicationContext.log No Spring WebApplicationInitializer types detected on classpath
28-Apr-2022 07:10:51.299 INFO [main] org.apache.catalina.core.ApplicationContext.log No Spring WebApplicationInitializer types detected on classpath
28-Apr-2022 07:10:51.495 INFO [main] org.apache.catalina.core.ApplicationContext.log No Spring WebApplicationInitializer types detected on classpath
28-Apr-2022 07:10:51.669 INFO [main] org.apache.catalina.core.ApplicationContext.log No Spring WebApplicationInitializer types detected on classpath
28-Apr-2022 07:10:51.672 INFO [main] org.apache.catalina.core.ApplicationContext.log Initializing Spring root WebApplicationContext
28-Apr-2022 07:10:51.802 INFO [main] org.apache.catalina.core.ApplicationContext.log No Spring WebApplicationInitializer types detected on classpath
28-Apr-2022 07:10:52.071 INFO [main] org.apache.catalina.core.ApplicationContext.log No Spring WebApplicationInitializer types detected on classpath
28-Apr-2022 07:10:52.074 INFO [main] org.apache.catalina.core.ApplicationContext.log Initializing Spring root WebApplicationContext
28-Apr-2022 07:10:53.092 INFO [main] org.apache.catalina.core.ApplicationContext.log No Spring WebApplicationInitializer types detected on classpath
28-Apr-2022 07:10:54.736 INFO [main] org.apache.catalina.core.ApplicationContext.log Initializing Spring root WebApplicationContext
28-Apr-2022 07:10:58.784 INFO [main] org.apache.catalina.core.ApplicationContext.log No Spring WebApplicationInitializer types detected on classpath
28-Apr-2022 07:10:58.787 INFO [main] org.apache.catalina.core.ApplicationContext.log Initializing Spring root WebApplicationContext
28-Apr-2022 07:10:59.425 INFO [main] org.apache.catalina.core.ApplicationContext.log No Spring WebApplicationInitializer types detected on classpath
28-Apr-2022 07:10:59.428 INFO [main] org.apache.catalina.core.ApplicationContext.log Initializing Spring root WebApplicationContext
28-Apr-2022 07:10:59.972 INFO [main] org.apache.catalina.core.ApplicationContext.log No Spring WebApplicationInitializer types detected on classpath
28-Apr-2022 07:10:59.978 INFO [main] org.apache.catalina.core.ApplicationContext.log Initializing Spring root WebApplicationContext
28-Apr-2022 07:11:00.327 INFO [main] org.apache.catalina.core.ApplicationContext.log No Spring WebApplicationInitializer types detected on classpath
28-Apr-2022 07:11:00.494 INFO [main] org.apache.catalina.core.ApplicationContext.log No Spring WebApplicationInitializer types detected on classpath
28-Apr-2022 07:11:00.497 INFO [main] org.apache.catalina.core.ApplicationContext.log Initializing Spring root WebApplicationContext
28-Apr-2022 07:11:00.786 INFO [main] org.apache.catalina.core.ApplicationContext.log No Spring WebApplicationInitializer types detected on classpath
28-Apr-2022 07:11:01.161 INFO [main] org.apache.catalina.core.ApplicationContext.log No Spring WebApplicationInitializer types detected on classpath
28-Apr-2022 07:11:01.165 INFO [main] org.apache.catalina.core.ApplicationContext.log ContextListener: contextInitialized()
28-Apr-2022 07:11:01.165 INFO [main] org.apache.catalina.core.ApplicationContext.log SessionListener: contextInitialized()
28-Apr-2022 07:11:01.166 INFO [main] org.apache.catalina.core.ApplicationContext.log ContextListener: attributeAdded('StockTicker', 'async.Stockticker@30b76b96')
28-Apr-2022 07:11:01.281 INFO [main] org.apache.catalina.core.ApplicationContext.log No Spring WebApplicationInitializer types detected on classpath
28-Apr-2022 07:37:09.635 INFO [http-nio-8080-exec-7] org.apache.catalina.core.ApplicationContext.log No context init parameter 'javax.faces.PARTIAL_STATE_SAVING_METHOD' found; no partial state saving method defined, assuming default partial state saving method off.
28-Apr-2022 07:37:09.641 INFO [http-nio-8080-exec-7] org.apache.catalina.core.ApplicationContext.log No context init parameter 'javax.faces.PARTIAL_STATE_SAVING_METHOD' found; no partial state saving method defined, assuming default partial state saving method off.
28-Apr-2022 07:37:09.692 INFO [http-nio-8080-exec-7] org.apache.catalina.core.ApplicationContext.log No context init parameter 'javax.faces.PARTIAL_STATE_SAVING_METHOD' found; no partial state saving method defined, assuming default partial state saving method off.
28-Apr-2022 07:37:09.722 INFO [http-nio-8080-exec-7] org.apache.catalina.core.ApplicationContext.log No context init parameter 'javax.faces.PARTIAL_STATE_SAVING_METHOD' found; no partial state saving method defined, assuming default partial state saving method off.
28-Apr-2022 07:37:09.726 INFO [http-nio-8080-exec-7] org.apache.catalina.core.ApplicationContext.log No context init parameter 'javax.faces.PARTIAL_STATE_SAVING_METHOD' found; no partial state saving method defined, assuming default partial state saving method off.
28-Apr-2022 07:37:09.727 INFO [http-nio-8080-exec-7] org.apache.catalina.core.ApplicationContext.log No context init parameter 'javax.faces.PARTIAL_STATE_SAVING_METHOD' found; no partial state saving method defined, assuming default partial state saving method off.
28-Apr-2022 07:37:09.728 INFO [http-nio-8080-exec-7] org.apache.catalina.core.ApplicationContext.log No context init parameter 'javax.faces.PARTIAL_STATE_SAVING_METHOD' found; no partial state saving method defined, assuming default partial state saving method off.
28-Apr-2022 07:37:09.729 INFO [http-nio-8080-exec-7] org.apache.catalina.core.ApplicationContext.log No context init parameter 'javax.faces.PARTIAL_STATE_SAVING_METHOD' found; no partial state saving method defined, assuming default partial state saving method off.
28-Apr-2022 07:37:09.734 INFO [http-nio-8080-exec-7] org.apache.catalina.core.ApplicationContext.log No context init parameter 'javax.faces.PARTIAL_STATE_SAVING_METHOD' found; no partial state saving method defined, assuming default partial state saving method off.
28-Apr-2022 07:37:09.754 INFO [http-nio-8080-exec-7] org.apache.catalina.core.ApplicationContext.log No context init parameter 'javax.faces.PARTIAL_STATE_SAVING_METHOD' found; no partial state saving method defined, assuming default partial state saving method off.
28-Apr-2022 07:37:09.757 INFO [http-nio-8080-exec-7] org.apache.catalina.core.ApplicationContext.log No context init parameter 'javax.faces.PARTIAL_STATE_SAVING_METHOD' found; no partial state saving method defined, assuming default partial state saving method off.
28-Apr-2022 07:37:09.759 INFO [http-nio-8080-exec-7] org.apache.catalina.core.ApplicationContext.log No context init parameter 'javax.faces.PARTIAL_STATE_SAVING_METHOD' found; no partial state saving method defined, assuming default partial state saving method off.
28-Apr-2022 07:37:09.761 INFO [http-nio-8080-exec-7] org.apache.catalina.core.ApplicationContext.log No context init parameter 'javax.faces.PARTIAL_STATE_SAVING_METHOD' found; no partial state saving method defined, assuming default partial state saving method off.
28-Apr-2022 07:37:09.762 INFO [http-nio-8080-exec-7] org.apache.catalina.core.ApplicationContext.log No context init parameter 'javax.faces.PARTIAL_STATE_SAVING_METHOD' found; no partial state saving method defined, assuming default partial state saving method off.
28-Apr-2022 07:37:09.765 INFO [http-nio-8080-exec-7] org.apache.catalina.core.ApplicationContext.log No context init parameter 'javax.faces.PARTIAL_STATE_SAVING_METHOD' found; no partial state saving method defined, assuming default partial state saving method off.
28-Apr-2022 07:37:09.774 INFO [http-nio-8080-exec-7] org.apache.catalina.core.ApplicationContext.log No context init parameter 'javax.faces.PARTIAL_STATE_SAVING_METHOD' found; no partial state saving method defined, assuming default partial state saving method off.
28-Apr-2022 07:37:09.776 INFO [http-nio-8080-exec-7] org.apache.catalina.core.ApplicationContext.log No context init parameter 'javax.faces.PARTIAL_STATE_SAVING_METHOD' found; no partial state saving method defined, assuming default partial state saving method off.
28-Apr-2022 07:37:09.776 INFO [http-nio-8080-exec-7] org.apache.catalina.core.ApplicationContext.log No context init parameter 'javax.faces.PARTIAL_STATE_SAVING_METHOD' found; no partial state saving method defined, assuming default partial state saving method off.
28-Apr-2022 07:37:09.777 INFO [http-nio-8080-exec-7] org.apache.catalina.core.ApplicationContext.log No context init parameter 'javax.faces.PARTIAL_STATE_SAVING_METHOD' found; no partial state saving method defined, assuming default partial state saving method off.
28-Apr-2022 07:37:09.779 INFO [http-nio-8080-exec-7] org.apache.catalina.core.ApplicationContext.log No context init parameter 'javax.faces.PARTIAL_STATE_SAVING_METHOD' found; no partial state saving method defined, assuming default partial state saving method off.
28-Apr-2022 07:37:09.945 INFO [http-nio-8080-exec-7] org.apache.catalina.core.ApplicationContext.log No context init parameter 'javax.faces.PARTIAL_STATE_SAVING_METHOD' found; no partial state saving method defined, assuming default partial state saving method off.
28-Apr-2022 07:37:09.948 INFO [http-nio-8080-exec-7] org.apache.catalina.core.ApplicationContext.log No context init parameter 'javax.faces.PARTIAL_STATE_SAVING_METHOD' found; no partial state saving method defined, assuming default partial state saving method off.
28-Apr-2022 07:37:09.952 INFO [http-nio-8080-exec-7] org.apache.catalina.core.ApplicationContext.log No context init parameter 'javax.faces.PARTIAL_STATE_SAVING_METHOD' found; no partial state saving method defined, assuming default partial state saving method off.
28-Apr-2022 07:37:09.954 INFO [http-nio-8080-exec-7] org.apache.catalina.core.ApplicationContext.log No context init parameter 'javax.faces.PARTIAL_STATE_SAVING_METHOD' found; no partial state saving method defined, assuming default partial state saving method off.
28-Apr-2022 07:37:09.960 INFO [http-nio-8080-exec-7] org.apache.catalina.core.ApplicationContext.log No context init parameter 'javax.faces.PARTIAL_STATE_SAVING_METHOD' found; no partial state saving method defined, assuming default partial state saving method off.
28-Apr-2022 07:37:09.961 INFO [http-nio-8080-exec-7] org.apache.catalina.core.ApplicationContext.log No context init parameter 'javax.faces.PARTIAL_STATE_SAVING_METHOD' found; no partial state saving method defined, assuming default partial state saving method off.
28-Apr-2022 07:37:09.962 INFO [http-nio-8080-exec-7] org.apache.catalina.core.ApplicationContext.log No context init parameter 'javax.faces.PARTIAL_STATE_SAVING_METHOD' found; no partial state saving method defined, assuming default partial state saving method off.
28-Apr-2022 07:37:09.964 INFO [http-nio-8080-exec-7] org.apache.catalina.core.ApplicationContext.log No context init parameter 'javax.faces.PARTIAL_STATE_SAVING_METHOD' found; no partial state saving method defined, assuming default partial state saving method off.
28-Apr-2022 07:37:09.969 INFO [http-nio-8080-exec-7] org.apache.catalina.core.ApplicationContext.log No context init parameter 'javax.faces.PARTIAL_STATE_SAVING_METHOD' found; no partial state saving method defined, assuming default partial state saving method off.
28-Apr-2022 07:37:09.970 INFO [http-nio-8080-exec-7] org.apache.catalina.core.ApplicationContext.log No context init parameter 'javax.faces.PARTIAL_STATE_SAVING_METHOD' found; no partial state saving method defined, assuming default partial state saving method off.
28-Apr-2022 07:37:09.971 INFO [http-nio-8080-exec-7] org.apache.catalina.core.ApplicationContext.log No context init parameter 'javax.faces.PARTIAL_STATE_SAVING_METHOD' found; no partial state saving method defined, assuming default partial state saving method off.
28-Apr-2022 07:37:09.972 INFO [http-nio-8080-exec-7] org.apache.catalina.core.ApplicationContext.log No context init parameter 'javax.faces.PARTIAL_STATE_SAVING_METHOD' found; no partial state saving method defined, assuming default partial state saving method off.
28-Apr-2022 07:37:09.974 INFO [http-nio-8080-exec-7] org.apache.catalina.core.ApplicationContext.log No context init parameter 'javax.faces.PARTIAL_STATE_SAVING_METHOD' found; no partial state saving method defined, assuming default partial state saving method off.
28-Apr-2022 07:37:09.977 INFO [http-nio-8080-exec-7] org.apache.catalina.core.ApplicationContext.log No context init parameter 'javax.faces.PARTIAL_STATE_SAVING_METHOD' found; no partial state saving method defined, assuming default partial state saving method off.
28-Apr-2022 07:37:09.978 INFO [http-nio-8080-exec-7] org.apache.catalina.core.ApplicationContext.log No context init parameter 'javax.faces.PARTIAL_STATE_SAVING_METHOD' found; no partial state saving method defined, assuming default partial state saving method off.
28-Apr-2022 07:37:09.983 INFO [http-nio-8080-exec-7] org.apache.catalina.core.ApplicationContext.log No context init parameter 'javax.faces.PARTIAL_STATE_SAVING_METHOD' found; no partial state saving method defined, assuming default partial state saving method off.
28-Apr-2022 07:37:09.984 INFO [http-nio-8080-exec-7] org.apache.catalina.core.ApplicationContext.log No context init parameter 'javax.faces.PARTIAL_STATE_SAVING_METHOD' found; no partial state saving method defined, assuming default partial state saving method off.
28-Apr-2022 07:37:09.986 INFO [http-nio-8080-exec-7] org.apache.catalina.core.ApplicationContext.log No context init parameter 'javax.faces.PARTIAL_STATE_SAVING_METHOD' found; no partial state saving method defined, assuming default partial state saving method off.
