24-Apr-2022 18:38:34.285 INFO [main] org.apache.catalina.core.ApplicationContext.log No Spring WebApplicationInitializer types detected on classpath
24-Apr-2022 18:38:34.366 INFO [main] org.apache.catalina.core.ApplicationContext.log Initializing Spring root WebApplicationContext
24-Apr-2022 18:38:59.588 INFO [main] org.apache.catalina.core.ApplicationContext.log No Spring WebApplicationInitializer types detected on classpath
24-Apr-2022 18:39:00.214 INFO [main] org.apache.catalina.core.ApplicationContext.log No Spring WebApplicationInitializer types detected on classpath
24-Apr-2022 18:39:00.217 INFO [main] org.apache.catalina.core.ApplicationContext.log Initializing Spring root WebApplicationContext
24-Apr-2022 18:39:01.369 INFO [main] org.apache.catalina.core.ApplicationContext.log No Spring WebApplicationInitializer types detected on classpath
24-Apr-2022 18:39:01.917 INFO [main] org.apache.catalina.core.ApplicationContext.log No Spring WebApplicationInitializer types detected on classpath
24-Apr-2022 18:39:02.491 INFO [main] org.apache.catalina.core.ApplicationContext.log No Spring WebApplicationInitializer types detected on classpath
24-Apr-2022 18:39:02.495 INFO [main] org.apache.catalina.core.ApplicationContext.log Initializing Spring root WebApplicationContext
24-Apr-2022 18:39:02.778 INFO [main] org.apache.catalina.core.ApplicationContext.log No Spring WebApplicationInitializer types detected on classpath
24-Apr-2022 18:39:03.011 INFO [main] org.apache.catalina.core.ApplicationContext.log 1 Spring WebApplicationInitializers detected on classpath
24-Apr-2022 18:39:03.039 INFO [main] org.apache.catalina.core.ApplicationContext.log Initializing Spring root WebApplicationContext
24-Apr-2022 18:39:03.703 INFO [main] org.apache.catalina.core.ApplicationContext.log Initializing Spring FrameworkServlet 'sakai.message.bundle.manager'
24-Apr-2022 18:39:03.955 INFO [main] org.apache.catalina.core.ApplicationContext.log No Spring WebApplicationInitializer types detected on classpath
24-Apr-2022 18:39:03.956 INFO [main] org.apache.catalina.core.ApplicationContext.log Initializing Spring root WebApplicationContext
24-Apr-2022 18:39:04.145 INFO [main] org.apache.catalina.core.ApplicationContext.log No Spring WebApplicationInitializer types detected on classpath
24-Apr-2022 18:39:04.151 INFO [main] org.apache.catalina.core.ApplicationContext.log Initializing Spring root WebApplicationContext
24-Apr-2022 18:39:04.453 INFO [main] org.apache.catalina.core.ApplicationContext.log No Spring WebApplicationInitializer types detected on classpath
24-Apr-2022 18:39:04.457 INFO [main] org.apache.catalina.core.ApplicationContext.log Initializing Spring root WebApplicationContext
24-Apr-2022 18:39:05.338 INFO [main] org.apache.catalina.core.ApplicationContext.log No Spring WebApplicationInitializer types detected on classpath
24-Apr-2022 18:39:05.341 INFO [main] org.apache.catalina.core.ApplicationContext.log Initializing Spring root WebApplicationContext
24-Apr-2022 18:39:05.592 INFO [main] org.apache.catalina.core.ApplicationContext.log No Spring WebApplicationInitializer types detected on classpath
24-Apr-2022 18:39:05.596 INFO [main] org.apache.catalina.core.ApplicationContext.log Initializing Spring root WebApplicationContext
24-Apr-2022 18:39:06.483 INFO [main] org.apache.catalina.core.ApplicationContext.log No Spring WebApplicationInitializer types detected on classpath
24-Apr-2022 18:39:06.488 INFO [main] org.apache.catalina.core.ApplicationContext.log Initializing Spring root WebApplicationContext
24-Apr-2022 18:39:06.798 INFO [main] org.apache.catalina.core.ApplicationContext.log No Spring WebApplicationInitializer types detected on classpath
24-Apr-2022 18:39:06.921 INFO [main] org.apache.catalina.core.ApplicationContext.log 1 Spring WebApplicationInitializers detected on classpath
24-Apr-2022 18:39:06.936 INFO [main] org.apache.catalina.core.ApplicationContext.log Initializing Spring root WebApplicationContext
24-Apr-2022 18:39:07.267 INFO [main] org.apache.catalina.core.ApplicationContext.log Initializing Spring FrameworkServlet 'sakai.onedrive'
24-Apr-2022 18:39:07.390 INFO [main] org.apache.catalina.core.ApplicationContext.log No Spring WebApplicationInitializer types detected on classpath
24-Apr-2022 18:39:07.526 INFO [main] org.apache.catalina.core.ApplicationContext.log No Spring WebApplicationInitializer types detected on classpath
24-Apr-2022 18:39:07.526 INFO [main] org.apache.catalina.core.ApplicationContext.log Initializing Spring root WebApplicationContext
24-Apr-2022 18:39:07.682 INFO [main] org.apache.catalina.core.ApplicationContext.log No Spring WebApplicationInitializer types detected on classpath
24-Apr-2022 18:39:07.685 INFO [main] org.apache.catalina.core.ApplicationContext.log Initializing Spring root WebApplicationContext
24-Apr-2022 18:39:07.795 INFO [main] org.apache.catalina.core.ApplicationContext.log No Spring WebApplicationInitializer types detected on classpath
24-Apr-2022 18:39:07.912 INFO [main] org.apache.catalina.core.ApplicationContext.log No Spring WebApplicationInitializer types detected on classpath
24-Apr-2022 18:39:08.152 INFO [main] org.apache.catalina.core.ApplicationContext.log No Spring WebApplicationInitializer types detected on classpath
24-Apr-2022 18:39:08.152 INFO [main] org.apache.catalina.core.ApplicationContext.log Initializing Spring root WebApplicationContext
24-Apr-2022 18:39:08.929 INFO [main] org.apache.catalina.core.ApplicationContext.log No Spring WebApplicationInitializer types detected on classpath
24-Apr-2022 18:39:08.933 INFO [main] org.apache.catalina.core.ApplicationContext.log Initializing Spring root WebApplicationContext
24-Apr-2022 18:39:09.635 INFO [main] org.apache.catalina.core.ApplicationContext.log No Spring WebApplicationInitializer types detected on classpath
24-Apr-2022 18:39:09.639 INFO [main] org.apache.catalina.core.ApplicationContext.log Initializing Spring root WebApplicationContext
24-Apr-2022 18:39:10.737 INFO [main] org.apache.catalina.core.ApplicationContext.log No Spring WebApplicationInitializer types detected on classpath
24-Apr-2022 18:39:11.156 INFO [main] org.apache.catalina.core.ApplicationContext.log No Spring WebApplicationInitializer types detected on classpath
24-Apr-2022 18:39:11.156 INFO [main] org.apache.catalina.core.ApplicationContext.log Initializing Spring root WebApplicationContext
24-Apr-2022 18:39:11.427 INFO [main] org.apache.catalina.core.ApplicationContext.log No Spring WebApplicationInitializer types detected on classpath
24-Apr-2022 18:39:11.680 INFO [main] org.apache.catalina.core.ApplicationContext.log 1 Spring WebApplicationInitializers detected on classpath
24-Apr-2022 18:39:11.698 INFO [main] org.apache.catalina.core.ApplicationContext.log Initializing Spring root WebApplicationContext
24-Apr-2022 18:39:12.020 INFO [main] org.apache.catalina.core.ApplicationContext.log Initializing Spring FrameworkServlet 'sakai.datemanager'
24-Apr-2022 18:39:12.184 INFO [main] org.apache.catalina.core.ApplicationContext.log No Spring WebApplicationInitializer types detected on classpath
24-Apr-2022 18:39:12.426 INFO [main] org.apache.catalina.core.ApplicationContext.log No Spring WebApplicationInitializer types detected on classpath
24-Apr-2022 18:39:12.430 INFO [main] org.apache.catalina.core.ApplicationContext.log Initializing Spring root WebApplicationContext
24-Apr-2022 18:39:13.375 INFO [main] org.apache.catalina.core.ApplicationContext.log No Spring WebApplicationInitializer types detected on classpath
24-Apr-2022 18:39:13.629 INFO [main] org.apache.catalina.core.ApplicationContext.log No Spring WebApplicationInitializer types detected on classpath
24-Apr-2022 18:39:13.884 INFO [main] org.apache.catalina.core.ApplicationContext.log No Spring WebApplicationInitializer types detected on classpath
24-Apr-2022 18:39:13.888 INFO [main] org.apache.catalina.core.ApplicationContext.log Initializing Spring root WebApplicationContext
24-Apr-2022 18:39:14.364 INFO [main] org.apache.catalina.core.ApplicationContext.log No Spring WebApplicationInitializer types detected on classpath
24-Apr-2022 18:39:14.364 INFO [main] org.apache.catalina.core.ApplicationContext.log Initializing Spring root WebApplicationContext
24-Apr-2022 18:39:14.664 INFO [main] org.apache.catalina.core.ApplicationContext.log No Spring WebApplicationInitializer types detected on classpath
24-Apr-2022 18:39:14.667 INFO [main] org.apache.catalina.core.ApplicationContext.log Initializing Spring root WebApplicationContext
24-Apr-2022 18:39:14.879 INFO [main] org.apache.catalina.core.ApplicationContext.log No Spring WebApplicationInitializer types detected on classpath
24-Apr-2022 18:39:15.269 INFO [main] org.apache.catalina.core.ApplicationContext.log No Spring WebApplicationInitializer types detected on classpath
24-Apr-2022 18:39:15.275 INFO [main] org.apache.catalina.core.ApplicationContext.log Initializing Spring root WebApplicationContext
24-Apr-2022 18:39:16.313 INFO [main] org.apache.catalina.core.ApplicationContext.log 1 Spring WebApplicationInitializers detected on classpath
24-Apr-2022 18:39:16.329 INFO [main] org.apache.catalina.core.ApplicationContext.log Initializing Spring root WebApplicationContext
24-Apr-2022 18:39:16.653 INFO [main] org.apache.catalina.core.ApplicationContext.log Initializing Spring FrameworkServlet 'sakai.googledrive'
24-Apr-2022 18:39:16.796 INFO [main] org.apache.catalina.core.ApplicationContext.log No Spring WebApplicationInitializer types detected on classpath
24-Apr-2022 18:39:16.885 INFO [main] org.apache.catalina.core.ApplicationContext.log No Spring WebApplicationInitializer types detected on classpath
24-Apr-2022 18:39:16.885 INFO [main] org.apache.catalina.core.ApplicationContext.log Initializing Spring root WebApplicationContext
24-Apr-2022 18:39:16.899 INFO [main] org.apache.catalina.core.ApplicationContext.log Initializing Spring FrameworkServlet 'spring-mvc'
24-Apr-2022 18:39:17.166 INFO [main] org.apache.catalina.core.ApplicationContext.log No Spring WebApplicationInitializer types detected on classpath
24-Apr-2022 18:39:17.166 INFO [main] org.apache.catalina.core.ApplicationContext.log Initializing Spring root WebApplicationContext
24-Apr-2022 18:39:17.351 INFO [main] org.apache.catalina.core.ApplicationContext.log No Spring WebApplicationInitializer types detected on classpath
24-Apr-2022 18:39:17.355 INFO [main] org.apache.catalina.core.ApplicationContext.log Initializing Spring root WebApplicationContext
24-Apr-2022 18:39:17.838 INFO [main] org.apache.catalina.core.ApplicationContext.log No Spring WebApplicationInitializer types detected on classpath
24-Apr-2022 18:39:17.843 INFO [main] org.apache.catalina.core.ApplicationContext.log Initializing Spring root WebApplicationContext
24-Apr-2022 18:39:18.223 INFO [main] org.apache.catalina.core.ApplicationContext.log No Spring WebApplicationInitializer types detected on classpath
24-Apr-2022 18:39:18.226 INFO [main] org.apache.catalina.core.ApplicationContext.log Initializing Spring root WebApplicationContext
24-Apr-2022 18:39:18.595 INFO [main] org.apache.catalina.core.ApplicationContext.log No Spring WebApplicationInitializer types detected on classpath
24-Apr-2022 18:39:18.595 INFO [main] org.apache.catalina.core.ApplicationContext.log Initializing Spring root WebApplicationContext
24-Apr-2022 18:39:19.499 INFO [main] org.apache.catalina.core.ApplicationContext.log No Spring WebApplicationInitializer types detected on classpath
24-Apr-2022 18:39:20.112 INFO [main] org.apache.catalina.core.ApplicationContext.log No Spring WebApplicationInitializer types detected on classpath
24-Apr-2022 18:39:20.116 INFO [main] org.apache.catalina.core.ApplicationContext.log Initializing Spring root WebApplicationContext
24-Apr-2022 18:39:21.162 INFO [main] org.apache.catalina.core.ApplicationContext.log No Spring WebApplicationInitializer types detected on classpath
24-Apr-2022 18:39:21.162 INFO [main] org.apache.catalina.core.ApplicationContext.log Initializing Spring root WebApplicationContext
24-Apr-2022 18:39:21.193 INFO [main] org.apache.catalina.core.ApplicationContext.log org.tuckey.web.filters.urlrewrite.UrlRewriteFilter INFO: loaded (conf ok)
24-Apr-2022 18:39:21.381 INFO [main] org.apache.catalina.core.ApplicationContext.log No Spring WebApplicationInitializer types detected on classpath
24-Apr-2022 18:39:21.749 INFO [main] org.apache.catalina.core.ApplicationContext.log No Spring WebApplicationInitializer types detected on classpath
24-Apr-2022 18:39:21.752 INFO [main] org.apache.catalina.core.ApplicationContext.log Initializing Spring root WebApplicationContext
24-Apr-2022 18:39:22.596 INFO [main] org.apache.catalina.core.ApplicationContext.log No Spring WebApplicationInitializer types detected on classpath
24-Apr-2022 18:39:22.599 INFO [main] org.apache.catalina.core.ApplicationContext.log Initializing Spring root WebApplicationContext
24-Apr-2022 18:39:23.177 INFO [main] org.apache.catalina.core.ApplicationContext.log No Spring WebApplicationInitializer types detected on classpath
24-Apr-2022 18:39:23.879 INFO [main] org.apache.catalina.core.ApplicationContext.log No Spring WebApplicationInitializer types detected on classpath
24-Apr-2022 18:39:26.326 INFO [main] org.apache.catalina.core.ApplicationContext.log No Spring WebApplicationInitializer types detected on classpath
24-Apr-2022 18:39:26.494 INFO [main] org.apache.catalina.core.ApplicationContext.log No Spring WebApplicationInitializer types detected on classpath
24-Apr-2022 18:39:26.498 INFO [main] org.apache.catalina.core.ApplicationContext.log Initializing Spring root WebApplicationContext
24-Apr-2022 18:39:27.481 INFO [main] org.apache.catalina.core.ApplicationContext.log No Spring WebApplicationInitializer types detected on classpath
24-Apr-2022 18:39:27.481 INFO [main] org.apache.catalina.core.ApplicationContext.log Initializing Spring root WebApplicationContext
24-Apr-2022 18:39:28.247 INFO [main] org.apache.catalina.core.ApplicationContext.log No Spring WebApplicationInitializer types detected on classpath
24-Apr-2022 18:39:28.483 INFO [main] org.apache.catalina.core.ApplicationContext.log No Spring WebApplicationInitializer types detected on classpath
24-Apr-2022 18:39:28.486 INFO [main] org.apache.catalina.core.ApplicationContext.log Initializing Spring root WebApplicationContext
24-Apr-2022 18:39:29.245 INFO [main] org.apache.catalina.core.ApplicationContext.log No Spring WebApplicationInitializer types detected on classpath
24-Apr-2022 18:39:29.248 INFO [main] org.apache.catalina.core.ApplicationContext.log Initializing Spring root WebApplicationContext
24-Apr-2022 18:39:29.786 INFO [main] org.apache.catalina.core.ApplicationContext.log No Spring WebApplicationInitializer types detected on classpath
24-Apr-2022 18:39:30.074 INFO [main] org.apache.catalina.core.ApplicationContext.log No Spring WebApplicationInitializer types detected on classpath
24-Apr-2022 18:39:30.074 INFO [main] org.apache.catalina.core.ApplicationContext.log Initializing Spring root WebApplicationContext
24-Apr-2022 18:39:32.121 INFO [main] org.apache.catalina.core.ApplicationContext.log No Spring WebApplicationInitializer types detected on classpath
24-Apr-2022 18:39:32.121 INFO [main] org.apache.catalina.core.ApplicationContext.log Initializing Spring root WebApplicationContext
24-Apr-2022 18:39:32.732 INFO [main] org.apache.catalina.core.ApplicationContext.log No Spring WebApplicationInitializer types detected on classpath
24-Apr-2022 18:39:32.732 INFO [main] org.apache.catalina.core.ApplicationContext.log Initializing Spring root WebApplicationContext
24-Apr-2022 18:39:32.843 INFO [main] org.apache.catalina.core.ApplicationContext.log No Spring WebApplicationInitializer types detected on classpath
24-Apr-2022 18:39:32.843 INFO [main] org.apache.catalina.core.ApplicationContext.log Initializing Spring root WebApplicationContext
24-Apr-2022 18:39:33.128 INFO [main] org.apache.catalina.core.ApplicationContext.log No Spring WebApplicationInitializer types detected on classpath
24-Apr-2022 18:39:33.138 INFO [main] org.apache.catalina.core.ApplicationContext.log Initializing Spring root WebApplicationContext
24-Apr-2022 18:39:33.403 INFO [main] org.apache.catalina.core.ApplicationContext.log No Spring WebApplicationInitializer types detected on classpath
24-Apr-2022 18:39:33.714 INFO [main] org.apache.catalina.core.ApplicationContext.log 1 Spring WebApplicationInitializers detected on classpath
24-Apr-2022 18:39:33.730 INFO [main] org.apache.catalina.core.ApplicationContext.log Initializing Spring root WebApplicationContext
24-Apr-2022 18:39:34.103 INFO [main] org.apache.catalina.core.ApplicationContext.log Initializing Spring FrameworkServlet 'sakai-site-group-manager'
24-Apr-2022 18:39:34.292 INFO [main] org.apache.catalina.core.ApplicationContext.log No Spring WebApplicationInitializer types detected on classpath
24-Apr-2022 18:39:34.295 INFO [main] org.apache.catalina.core.ApplicationContext.log Initializing Spring root WebApplicationContext
24-Apr-2022 18:39:34.573 INFO [main] org.apache.catalina.core.ApplicationContext.log No Spring WebApplicationInitializer types detected on classpath
24-Apr-2022 18:39:34.573 INFO [main] org.apache.catalina.core.ApplicationContext.log Initializing Spring root WebApplicationContext
24-Apr-2022 18:39:34.682 INFO [main] org.apache.catalina.core.ApplicationContext.log No Spring WebApplicationInitializer types detected on classpath
24-Apr-2022 18:39:34.773 INFO [main] org.apache.catalina.core.ApplicationContext.log No Spring WebApplicationInitializer types detected on classpath
24-Apr-2022 18:39:34.901 INFO [main] org.apache.catalina.core.ApplicationContext.log No Spring WebApplicationInitializer types detected on classpath
24-Apr-2022 18:39:34.905 INFO [main] org.apache.catalina.core.ApplicationContext.log Initializing Spring root WebApplicationContext
24-Apr-2022 18:39:36.079 INFO [main] org.apache.catalina.core.ApplicationContext.log No Spring WebApplicationInitializer types detected on classpath
24-Apr-2022 18:39:37.078 INFO [main] org.apache.catalina.core.ApplicationContext.log Initializing Spring root WebApplicationContext
24-Apr-2022 18:39:38.393 INFO [main] org.apache.catalina.core.ApplicationContext.log No Spring WebApplicationInitializer types detected on classpath
24-Apr-2022 18:39:38.593 INFO [main] org.apache.catalina.core.ApplicationContext.log No Spring WebApplicationInitializer types detected on classpath
24-Apr-2022 18:39:38.755 INFO [main] org.apache.catalina.core.ApplicationContext.log No Spring WebApplicationInitializer types detected on classpath
24-Apr-2022 18:39:38.758 INFO [main] org.apache.catalina.core.ApplicationContext.log Initializing Spring root WebApplicationContext
24-Apr-2022 18:39:38.787 INFO [main] org.apache.catalina.core.ApplicationContext.log Initializing Spring FrameworkServlet 'spring'
24-Apr-2022 18:39:38.984 INFO [main] org.apache.catalina.core.ApplicationContext.log No Spring WebApplicationInitializer types detected on classpath
24-Apr-2022 18:39:38.987 INFO [main] org.apache.catalina.core.ApplicationContext.log Initializing Spring root WebApplicationContext
24-Apr-2022 18:39:39.215 INFO [main] org.apache.catalina.core.ApplicationContext.log 1 Spring WebApplicationInitializers detected on classpath
24-Apr-2022 18:39:47.438 INFO [main] org.apache.catalina.core.ApplicationContext.log No Spring WebApplicationInitializer types detected on classpath
24-Apr-2022 18:39:47.646 INFO [main] org.apache.catalina.core.ApplicationContext.log No Spring WebApplicationInitializer types detected on classpath
24-Apr-2022 18:39:47.775 INFO [main] org.apache.catalina.core.ApplicationContext.log No Spring WebApplicationInitializer types detected on classpath
24-Apr-2022 18:39:47.918 INFO [main] org.apache.catalina.core.ApplicationContext.log No Spring WebApplicationInitializer types detected on classpath
24-Apr-2022 18:39:48.115 INFO [main] org.apache.catalina.core.ApplicationContext.log No Spring WebApplicationInitializer types detected on classpath
24-Apr-2022 18:39:48.119 INFO [main] org.apache.catalina.core.ApplicationContext.log Initializing Spring root WebApplicationContext
24-Apr-2022 18:39:48.237 INFO [main] org.apache.catalina.core.ApplicationContext.log No Spring WebApplicationInitializer types detected on classpath
24-Apr-2022 18:39:48.545 INFO [main] org.apache.catalina.core.ApplicationContext.log No Spring WebApplicationInitializer types detected on classpath
24-Apr-2022 18:39:48.548 INFO [main] org.apache.catalina.core.ApplicationContext.log Initializing Spring root WebApplicationContext
24-Apr-2022 18:39:49.691 INFO [main] org.apache.catalina.core.ApplicationContext.log No Spring WebApplicationInitializer types detected on classpath
24-Apr-2022 18:39:50.981 INFO [main] org.apache.catalina.core.ApplicationContext.log Initializing Spring root WebApplicationContext
24-Apr-2022 18:39:53.881 INFO [main] org.apache.catalina.core.ApplicationContext.log No Spring WebApplicationInitializer types detected on classpath
24-Apr-2022 18:39:53.884 INFO [main] org.apache.catalina.core.ApplicationContext.log Initializing Spring root WebApplicationContext
24-Apr-2022 18:39:54.323 INFO [main] org.apache.catalina.core.ApplicationContext.log No Spring WebApplicationInitializer types detected on classpath
24-Apr-2022 18:39:54.326 INFO [main] org.apache.catalina.core.ApplicationContext.log Initializing Spring root WebApplicationContext
24-Apr-2022 18:39:54.704 INFO [main] org.apache.catalina.core.ApplicationContext.log No Spring WebApplicationInitializer types detected on classpath
24-Apr-2022 18:39:54.710 INFO [main] org.apache.catalina.core.ApplicationContext.log Initializing Spring root WebApplicationContext
24-Apr-2022 18:39:55.022 INFO [main] org.apache.catalina.core.ApplicationContext.log No Spring WebApplicationInitializer types detected on classpath
24-Apr-2022 18:39:55.171 INFO [main] org.apache.catalina.core.ApplicationContext.log No Spring WebApplicationInitializer types detected on classpath
24-Apr-2022 18:39:55.174 INFO [main] org.apache.catalina.core.ApplicationContext.log Initializing Spring root WebApplicationContext
24-Apr-2022 18:39:55.386 INFO [main] org.apache.catalina.core.ApplicationContext.log No Spring WebApplicationInitializer types detected on classpath
24-Apr-2022 18:39:55.755 INFO [main] org.apache.catalina.core.ApplicationContext.log No Spring WebApplicationInitializer types detected on classpath
24-Apr-2022 18:39:55.757 INFO [main] org.apache.catalina.core.ApplicationContext.log ContextListener: contextInitialized()
24-Apr-2022 18:39:55.757 INFO [main] org.apache.catalina.core.ApplicationContext.log SessionListener: contextInitialized()
24-Apr-2022 18:39:55.758 INFO [main] org.apache.catalina.core.ApplicationContext.log ContextListener: attributeAdded('StockTicker', 'async.Stockticker@1ec6513')
24-Apr-2022 18:39:55.836 INFO [main] org.apache.catalina.core.ApplicationContext.log No Spring WebApplicationInitializer types detected on classpath
